[2023-10-27 14:19:50,753] {processor.py:153} INFO - Started process (PID=76) to work on /home/airflow/.local/lib/python3.7/site-packages/airflow/example_dags/example_time_delta_sensor_async.py
[2023-10-27 14:19:50,758] {processor.py:641} INFO - Processing file /home/airflow/.local/lib/python3.7/site-packages/airflow/example_dags/example_time_delta_sensor_async.py for tasks to queue
[2023-10-27 14:19:50,769] {logging_mixin.py:115} INFO - [2023-10-27 14:19:50,767] {dagbag.py:507} INFO - Filling up the DagBag from /home/airflow/.local/lib/python3.7/site-packages/airflow/example_dags/example_time_delta_sensor_async.py
[2023-10-27 14:19:50,948] {processor.py:651} INFO - DAG(s) dict_keys(['example_time_delta_sensor_async']) retrieved from /home/airflow/.local/lib/python3.7/site-packages/airflow/example_dags/example_time_delta_sensor_async.py
[2023-10-27 14:19:52,883] {logging_mixin.py:115} INFO - [2023-10-27 14:19:52,883] {manager.py:508} INFO - Created Permission View: can delete on DAG:example_time_delta_sensor_async
[2023-10-27 14:19:52,950] {logging_mixin.py:115} INFO - [2023-10-27 14:19:52,949] {manager.py:508} INFO - Created Permission View: can edit on DAG:example_time_delta_sensor_async
[2023-10-27 14:19:52,977] {logging_mixin.py:115} INFO - [2023-10-27 14:19:52,977] {manager.py:508} INFO - Created Permission View: can read on DAG:example_time_delta_sensor_async
[2023-10-27 14:19:52,977] {logging_mixin.py:115} INFO - [2023-10-27 14:19:52,977] {dag.py:2371} INFO - Sync 1 DAGs
[2023-10-27 14:19:53,003] {logging_mixin.py:115} INFO - [2023-10-27 14:19:53,003] {dag.py:2390} INFO - Creating ORM DAG for example_time_delta_sensor_async
[2023-10-27 14:19:53,045] {logging_mixin.py:115} INFO - [2023-10-27 14:19:53,045] {dag.py:2919} INFO - Setting next_dagrun for example_time_delta_sensor_async to None, run_after=None
[2023-10-27 14:19:53,088] {processor.py:161} INFO - Processing /home/airflow/.local/lib/python3.7/site-packages/airflow/example_dags/example_time_delta_sensor_async.py took 2.470 seconds
[2023-10-27 14:20:23,140] {processor.py:153} INFO - Started process (PID=128) to work on /home/airflow/.local/lib/python3.7/site-packages/airflow/example_dags/example_time_delta_sensor_async.py
[2023-10-27 14:20:23,141] {processor.py:641} INFO - Processing file /home/airflow/.local/lib/python3.7/site-packages/airflow/example_dags/example_time_delta_sensor_async.py for tasks to queue
[2023-10-27 14:20:23,141] {logging_mixin.py:115} INFO - [2023-10-27 14:20:23,141] {dagbag.py:507} INFO - Filling up the DagBag from /home/airflow/.local/lib/python3.7/site-packages/airflow/example_dags/example_time_delta_sensor_async.py
[2023-10-27 14:20:23,149] {processor.py:651} INFO - DAG(s) dict_keys(['example_time_delta_sensor_async']) retrieved from /home/airflow/.local/lib/python3.7/site-packages/airflow/example_dags/example_time_delta_sensor_async.py
[2023-10-27 14:20:23,190] {logging_mixin.py:115} INFO - [2023-10-27 14:20:23,190] {dag.py:2371} INFO - Sync 1 DAGs
[2023-10-27 14:20:23,348] {logging_mixin.py:115} INFO - [2023-10-27 14:20:23,348] {dag.py:2919} INFO - Setting next_dagrun for example_time_delta_sensor_async to None, run_after=None
[2023-10-27 14:20:23,363] {processor.py:161} INFO - Processing /home/airflow/.local/lib/python3.7/site-packages/airflow/example_dags/example_time_delta_sensor_async.py took 0.226 seconds
[2023-10-27 14:20:53,545] {processor.py:153} INFO - Started process (PID=189) to work on /home/airflow/.local/lib/python3.7/site-packages/airflow/example_dags/example_time_delta_sensor_async.py
[2023-10-27 14:20:53,546] {processor.py:641} INFO - Processing file /home/airflow/.local/lib/python3.7/site-packages/airflow/example_dags/example_time_delta_sensor_async.py for tasks to queue
[2023-10-27 14:20:53,547] {logging_mixin.py:115} INFO - [2023-10-27 14:20:53,547] {dagbag.py:507} INFO - Filling up the DagBag from /home/airflow/.local/lib/python3.7/site-packages/airflow/example_dags/example_time_delta_sensor_async.py
[2023-10-27 14:20:53,554] {processor.py:651} INFO - DAG(s) dict_keys(['example_time_delta_sensor_async']) retrieved from /home/airflow/.local/lib/python3.7/site-packages/airflow/example_dags/example_time_delta_sensor_async.py
[2023-10-27 14:20:53,594] {logging_mixin.py:115} INFO - [2023-10-27 14:20:53,594] {dag.py:2371} INFO - Sync 1 DAGs
[2023-10-27 14:20:53,779] {logging_mixin.py:115} INFO - [2023-10-27 14:20:53,778] {dag.py:2919} INFO - Setting next_dagrun for example_time_delta_sensor_async to None, run_after=None
[2023-10-27 14:20:53,798] {processor.py:161} INFO - Processing /home/airflow/.local/lib/python3.7/site-packages/airflow/example_dags/example_time_delta_sensor_async.py took 0.255 seconds
[2023-10-27 14:21:23,843] {processor.py:153} INFO - Started process (PID=241) to work on /home/airflow/.local/lib/python3.7/site-packages/airflow/example_dags/example_time_delta_sensor_async.py
[2023-10-27 14:21:23,845] {processor.py:641} INFO - Processing file /home/airflow/.local/lib/python3.7/site-packages/airflow/example_dags/example_time_delta_sensor_async.py for tasks to queue
[2023-10-27 14:21:23,845] {logging_mixin.py:115} INFO - [2023-10-27 14:21:23,845] {dagbag.py:507} INFO - Filling up the DagBag from /home/airflow/.local/lib/python3.7/site-packages/airflow/example_dags/example_time_delta_sensor_async.py
[2023-10-27 14:21:23,853] {processor.py:651} INFO - DAG(s) dict_keys(['example_time_delta_sensor_async']) retrieved from /home/airflow/.local/lib/python3.7/site-packages/airflow/example_dags/example_time_delta_sensor_async.py
[2023-10-27 14:21:23,889] {logging_mixin.py:115} INFO - [2023-10-27 14:21:23,889] {dag.py:2371} INFO - Sync 1 DAGs
[2023-10-27 14:21:24,054] {logging_mixin.py:115} INFO - [2023-10-27 14:21:24,054] {dag.py:2919} INFO - Setting next_dagrun for example_time_delta_sensor_async to None, run_after=None
[2023-10-27 14:21:24,078] {processor.py:161} INFO - Processing /home/airflow/.local/lib/python3.7/site-packages/airflow/example_dags/example_time_delta_sensor_async.py took 0.238 seconds
[2023-10-27 14:21:54,466] {processor.py:153} INFO - Started process (PID=301) to work on /home/airflow/.local/lib/python3.7/site-packages/airflow/example_dags/example_time_delta_sensor_async.py
[2023-10-27 14:21:54,467] {processor.py:641} INFO - Processing file /home/airflow/.local/lib/python3.7/site-packages/airflow/example_dags/example_time_delta_sensor_async.py for tasks to queue
[2023-10-27 14:21:54,468] {logging_mixin.py:115} INFO - [2023-10-27 14:21:54,468] {dagbag.py:507} INFO - Filling up the DagBag from /home/airflow/.local/lib/python3.7/site-packages/airflow/example_dags/example_time_delta_sensor_async.py
[2023-10-27 14:21:54,476] {processor.py:651} INFO - DAG(s) dict_keys(['example_time_delta_sensor_async']) retrieved from /home/airflow/.local/lib/python3.7/site-packages/airflow/example_dags/example_time_delta_sensor_async.py
[2023-10-27 14:21:54,533] {logging_mixin.py:115} INFO - [2023-10-27 14:21:54,533] {dag.py:2371} INFO - Sync 1 DAGs
[2023-10-27 14:21:54,901] {logging_mixin.py:115} INFO - [2023-10-27 14:21:54,901] {dag.py:2919} INFO - Setting next_dagrun for example_time_delta_sensor_async to None, run_after=None
[2023-10-27 14:21:54,934] {processor.py:161} INFO - Processing /home/airflow/.local/lib/python3.7/site-packages/airflow/example_dags/example_time_delta_sensor_async.py took 0.472 seconds
[2023-10-27 14:22:25,638] {processor.py:153} INFO - Started process (PID=355) to work on /home/airflow/.local/lib/python3.7/site-packages/airflow/example_dags/example_time_delta_sensor_async.py
[2023-10-27 14:22:25,639] {processor.py:641} INFO - Processing file /home/airflow/.local/lib/python3.7/site-packages/airflow/example_dags/example_time_delta_sensor_async.py for tasks to queue
[2023-10-27 14:22:25,639] {logging_mixin.py:115} INFO - [2023-10-27 14:22:25,639] {dagbag.py:507} INFO - Filling up the DagBag from /home/airflow/.local/lib/python3.7/site-packages/airflow/example_dags/example_time_delta_sensor_async.py
[2023-10-27 14:22:25,652] {processor.py:651} INFO - DAG(s) dict_keys(['example_time_delta_sensor_async']) retrieved from /home/airflow/.local/lib/python3.7/site-packages/airflow/example_dags/example_time_delta_sensor_async.py
[2023-10-27 14:22:25,691] {logging_mixin.py:115} INFO - [2023-10-27 14:22:25,691] {dag.py:2371} INFO - Sync 1 DAGs
[2023-10-27 14:22:25,864] {logging_mixin.py:115} INFO - [2023-10-27 14:22:25,864] {dag.py:2919} INFO - Setting next_dagrun for example_time_delta_sensor_async to None, run_after=None
[2023-10-27 14:22:25,879] {processor.py:161} INFO - Processing /home/airflow/.local/lib/python3.7/site-packages/airflow/example_dags/example_time_delta_sensor_async.py took 0.244 seconds
[2023-10-27 14:22:56,488] {processor.py:153} INFO - Started process (PID=416) to work on /home/airflow/.local/lib/python3.7/site-packages/airflow/example_dags/example_time_delta_sensor_async.py
[2023-10-27 14:22:56,489] {processor.py:641} INFO - Processing file /home/airflow/.local/lib/python3.7/site-packages/airflow/example_dags/example_time_delta_sensor_async.py for tasks to queue
[2023-10-27 14:22:56,489] {logging_mixin.py:115} INFO - [2023-10-27 14:22:56,489] {dagbag.py:507} INFO - Filling up the DagBag from /home/airflow/.local/lib/python3.7/site-packages/airflow/example_dags/example_time_delta_sensor_async.py
[2023-10-27 14:22:56,496] {processor.py:651} INFO - DAG(s) dict_keys(['example_time_delta_sensor_async']) retrieved from /home/airflow/.local/lib/python3.7/site-packages/airflow/example_dags/example_time_delta_sensor_async.py
[2023-10-27 14:22:56,543] {logging_mixin.py:115} INFO - [2023-10-27 14:22:56,543] {dag.py:2371} INFO - Sync 1 DAGs
[2023-10-27 14:22:56,736] {logging_mixin.py:115} INFO - [2023-10-27 14:22:56,736] {dag.py:2919} INFO - Setting next_dagrun for example_time_delta_sensor_async to None, run_after=None
[2023-10-27 14:22:56,747] {processor.py:161} INFO - Processing /home/airflow/.local/lib/python3.7/site-packages/airflow/example_dags/example_time_delta_sensor_async.py took 0.262 seconds
[2023-10-27 14:23:27,059] {processor.py:153} INFO - Started process (PID=469) to work on /home/airflow/.local/lib/python3.7/site-packages/airflow/example_dags/example_time_delta_sensor_async.py
[2023-10-27 14:23:27,060] {processor.py:641} INFO - Processing file /home/airflow/.local/lib/python3.7/site-packages/airflow/example_dags/example_time_delta_sensor_async.py for tasks to queue
[2023-10-27 14:23:27,060] {logging_mixin.py:115} INFO - [2023-10-27 14:23:27,060] {dagbag.py:507} INFO - Filling up the DagBag from /home/airflow/.local/lib/python3.7/site-packages/airflow/example_dags/example_time_delta_sensor_async.py
[2023-10-27 14:23:27,073] {processor.py:651} INFO - DAG(s) dict_keys(['example_time_delta_sensor_async']) retrieved from /home/airflow/.local/lib/python3.7/site-packages/airflow/example_dags/example_time_delta_sensor_async.py
[2023-10-27 14:23:27,197] {logging_mixin.py:115} INFO - [2023-10-27 14:23:27,196] {dag.py:2371} INFO - Sync 1 DAGs
[2023-10-27 14:23:27,571] {logging_mixin.py:115} INFO - [2023-10-27 14:23:27,570] {dag.py:2919} INFO - Setting next_dagrun for example_time_delta_sensor_async to None, run_after=None
[2023-10-27 14:23:27,600] {processor.py:161} INFO - Processing /home/airflow/.local/lib/python3.7/site-packages/airflow/example_dags/example_time_delta_sensor_async.py took 0.544 seconds
[2023-10-27 14:23:57,683] {processor.py:153} INFO - Started process (PID=530) to work on /home/airflow/.local/lib/python3.7/site-packages/airflow/example_dags/example_time_delta_sensor_async.py
[2023-10-27 14:23:57,684] {processor.py:641} INFO - Processing file /home/airflow/.local/lib/python3.7/site-packages/airflow/example_dags/example_time_delta_sensor_async.py for tasks to queue
[2023-10-27 14:23:57,685] {logging_mixin.py:115} INFO - [2023-10-27 14:23:57,684] {dagbag.py:507} INFO - Filling up the DagBag from /home/airflow/.local/lib/python3.7/site-packages/airflow/example_dags/example_time_delta_sensor_async.py
[2023-10-27 14:23:57,693] {processor.py:651} INFO - DAG(s) dict_keys(['example_time_delta_sensor_async']) retrieved from /home/airflow/.local/lib/python3.7/site-packages/airflow/example_dags/example_time_delta_sensor_async.py
[2023-10-27 14:23:57,735] {logging_mixin.py:115} INFO - [2023-10-27 14:23:57,735] {dag.py:2371} INFO - Sync 1 DAGs
[2023-10-27 14:23:57,899] {logging_mixin.py:115} INFO - [2023-10-27 14:23:57,899] {dag.py:2919} INFO - Setting next_dagrun for example_time_delta_sensor_async to None, run_after=None
[2023-10-27 14:23:57,913] {processor.py:161} INFO - Processing /home/airflow/.local/lib/python3.7/site-packages/airflow/example_dags/example_time_delta_sensor_async.py took 0.233 seconds
[2023-10-27 14:24:28,382] {processor.py:153} INFO - Started process (PID=582) to work on /home/airflow/.local/lib/python3.7/site-packages/airflow/example_dags/example_time_delta_sensor_async.py
[2023-10-27 14:24:28,384] {processor.py:641} INFO - Processing file /home/airflow/.local/lib/python3.7/site-packages/airflow/example_dags/example_time_delta_sensor_async.py for tasks to queue
[2023-10-27 14:24:28,386] {logging_mixin.py:115} INFO - [2023-10-27 14:24:28,386] {dagbag.py:507} INFO - Filling up the DagBag from /home/airflow/.local/lib/python3.7/site-packages/airflow/example_dags/example_time_delta_sensor_async.py
[2023-10-27 14:24:28,418] {processor.py:651} INFO - DAG(s) dict_keys(['example_time_delta_sensor_async']) retrieved from /home/airflow/.local/lib/python3.7/site-packages/airflow/example_dags/example_time_delta_sensor_async.py
[2023-10-27 14:24:28,538] {logging_mixin.py:115} INFO - [2023-10-27 14:24:28,537] {dag.py:2371} INFO - Sync 1 DAGs
[2023-10-27 14:24:29,240] {logging_mixin.py:115} INFO - [2023-10-27 14:24:29,240] {dag.py:2919} INFO - Setting next_dagrun for example_time_delta_sensor_async to None, run_after=None
[2023-10-27 14:24:29,272] {processor.py:161} INFO - Processing /home/airflow/.local/lib/python3.7/site-packages/airflow/example_dags/example_time_delta_sensor_async.py took 0.898 seconds
[2023-10-27 14:24:59,335] {processor.py:153} INFO - Started process (PID=643) to work on /home/airflow/.local/lib/python3.7/site-packages/airflow/example_dags/example_time_delta_sensor_async.py
[2023-10-27 14:24:59,337] {processor.py:641} INFO - Processing file /home/airflow/.local/lib/python3.7/site-packages/airflow/example_dags/example_time_delta_sensor_async.py for tasks to queue
[2023-10-27 14:24:59,340] {logging_mixin.py:115} INFO - [2023-10-27 14:24:59,339] {dagbag.py:507} INFO - Filling up the DagBag from /home/airflow/.local/lib/python3.7/site-packages/airflow/example_dags/example_time_delta_sensor_async.py
[2023-10-27 14:24:59,349] {processor.py:651} INFO - DAG(s) dict_keys(['example_time_delta_sensor_async']) retrieved from /home/airflow/.local/lib/python3.7/site-packages/airflow/example_dags/example_time_delta_sensor_async.py
[2023-10-27 14:24:59,401] {logging_mixin.py:115} INFO - [2023-10-27 14:24:59,401] {dag.py:2371} INFO - Sync 1 DAGs
[2023-10-27 14:24:59,601] {logging_mixin.py:115} INFO - [2023-10-27 14:24:59,601] {dag.py:2919} INFO - Setting next_dagrun for example_time_delta_sensor_async to None, run_after=None
[2023-10-27 14:24:59,611] {processor.py:161} INFO - Processing /home/airflow/.local/lib/python3.7/site-packages/airflow/example_dags/example_time_delta_sensor_async.py took 0.280 seconds
[2023-10-27 14:25:29,786] {processor.py:153} INFO - Started process (PID=695) to work on /home/airflow/.local/lib/python3.7/site-packages/airflow/example_dags/example_time_delta_sensor_async.py
[2023-10-27 14:25:29,793] {processor.py:641} INFO - Processing file /home/airflow/.local/lib/python3.7/site-packages/airflow/example_dags/example_time_delta_sensor_async.py for tasks to queue
[2023-10-27 14:25:29,794] {logging_mixin.py:115} INFO - [2023-10-27 14:25:29,794] {dagbag.py:507} INFO - Filling up the DagBag from /home/airflow/.local/lib/python3.7/site-packages/airflow/example_dags/example_time_delta_sensor_async.py
[2023-10-27 14:25:29,817] {processor.py:651} INFO - DAG(s) dict_keys(['example_time_delta_sensor_async']) retrieved from /home/airflow/.local/lib/python3.7/site-packages/airflow/example_dags/example_time_delta_sensor_async.py
[2023-10-27 14:25:29,901] {logging_mixin.py:115} INFO - [2023-10-27 14:25:29,901] {dag.py:2371} INFO - Sync 1 DAGs
[2023-10-27 14:25:30,107] {logging_mixin.py:115} INFO - [2023-10-27 14:25:30,106] {dag.py:2919} INFO - Setting next_dagrun for example_time_delta_sensor_async to None, run_after=None
[2023-10-27 14:25:30,121] {processor.py:161} INFO - Processing /home/airflow/.local/lib/python3.7/site-packages/airflow/example_dags/example_time_delta_sensor_async.py took 0.359 seconds
[2023-10-27 14:26:00,738] {processor.py:153} INFO - Started process (PID=756) to work on /home/airflow/.local/lib/python3.7/site-packages/airflow/example_dags/example_time_delta_sensor_async.py
[2023-10-27 14:26:00,739] {processor.py:641} INFO - Processing file /home/airflow/.local/lib/python3.7/site-packages/airflow/example_dags/example_time_delta_sensor_async.py for tasks to queue
[2023-10-27 14:26:00,740] {logging_mixin.py:115} INFO - [2023-10-27 14:26:00,740] {dagbag.py:507} INFO - Filling up the DagBag from /home/airflow/.local/lib/python3.7/site-packages/airflow/example_dags/example_time_delta_sensor_async.py
[2023-10-27 14:26:00,748] {processor.py:651} INFO - DAG(s) dict_keys(['example_time_delta_sensor_async']) retrieved from /home/airflow/.local/lib/python3.7/site-packages/airflow/example_dags/example_time_delta_sensor_async.py
[2023-10-27 14:26:00,797] {logging_mixin.py:115} INFO - [2023-10-27 14:26:00,797] {dag.py:2371} INFO - Sync 1 DAGs
[2023-10-27 14:26:01,009] {logging_mixin.py:115} INFO - [2023-10-27 14:26:01,009] {dag.py:2919} INFO - Setting next_dagrun for example_time_delta_sensor_async to None, run_after=None
[2023-10-27 14:26:01,022] {processor.py:161} INFO - Processing /home/airflow/.local/lib/python3.7/site-packages/airflow/example_dags/example_time_delta_sensor_async.py took 0.289 seconds
[2023-10-27 14:26:31,521] {processor.py:153} INFO - Started process (PID=808) to work on /home/airflow/.local/lib/python3.7/site-packages/airflow/example_dags/example_time_delta_sensor_async.py
[2023-10-27 14:26:31,521] {processor.py:641} INFO - Processing file /home/airflow/.local/lib/python3.7/site-packages/airflow/example_dags/example_time_delta_sensor_async.py for tasks to queue
[2023-10-27 14:26:31,522] {logging_mixin.py:115} INFO - [2023-10-27 14:26:31,522] {dagbag.py:507} INFO - Filling up the DagBag from /home/airflow/.local/lib/python3.7/site-packages/airflow/example_dags/example_time_delta_sensor_async.py
[2023-10-27 14:26:31,540] {processor.py:651} INFO - DAG(s) dict_keys(['example_time_delta_sensor_async']) retrieved from /home/airflow/.local/lib/python3.7/site-packages/airflow/example_dags/example_time_delta_sensor_async.py
[2023-10-27 14:26:31,678] {logging_mixin.py:115} INFO - [2023-10-27 14:26:31,677] {dag.py:2371} INFO - Sync 1 DAGs
[2023-10-27 14:26:32,239] {logging_mixin.py:115} INFO - [2023-10-27 14:26:32,239] {dag.py:2919} INFO - Setting next_dagrun for example_time_delta_sensor_async to None, run_after=None
[2023-10-27 14:26:32,289] {processor.py:161} INFO - Processing /home/airflow/.local/lib/python3.7/site-packages/airflow/example_dags/example_time_delta_sensor_async.py took 0.771 seconds
[2023-10-27 14:27:02,584] {processor.py:153} INFO - Started process (PID=869) to work on /home/airflow/.local/lib/python3.7/site-packages/airflow/example_dags/example_time_delta_sensor_async.py
[2023-10-27 14:27:02,585] {processor.py:641} INFO - Processing file /home/airflow/.local/lib/python3.7/site-packages/airflow/example_dags/example_time_delta_sensor_async.py for tasks to queue
[2023-10-27 14:27:02,586] {logging_mixin.py:115} INFO - [2023-10-27 14:27:02,586] {dagbag.py:507} INFO - Filling up the DagBag from /home/airflow/.local/lib/python3.7/site-packages/airflow/example_dags/example_time_delta_sensor_async.py
[2023-10-27 14:27:02,593] {processor.py:651} INFO - DAG(s) dict_keys(['example_time_delta_sensor_async']) retrieved from /home/airflow/.local/lib/python3.7/site-packages/airflow/example_dags/example_time_delta_sensor_async.py
[2023-10-27 14:27:02,851] {logging_mixin.py:115} INFO - [2023-10-27 14:27:02,851] {dag.py:2371} INFO - Sync 1 DAGs
[2023-10-27 14:27:03,000] {logging_mixin.py:115} INFO - [2023-10-27 14:27:03,000] {dag.py:2919} INFO - Setting next_dagrun for example_time_delta_sensor_async to None, run_after=None
[2023-10-27 14:27:03,010] {processor.py:161} INFO - Processing /home/airflow/.local/lib/python3.7/site-packages/airflow/example_dags/example_time_delta_sensor_async.py took 0.429 seconds
[2023-10-27 14:27:33,090] {processor.py:153} INFO - Started process (PID=921) to work on /home/airflow/.local/lib/python3.7/site-packages/airflow/example_dags/example_time_delta_sensor_async.py
[2023-10-27 14:27:33,091] {processor.py:641} INFO - Processing file /home/airflow/.local/lib/python3.7/site-packages/airflow/example_dags/example_time_delta_sensor_async.py for tasks to queue
[2023-10-27 14:27:33,092] {logging_mixin.py:115} INFO - [2023-10-27 14:27:33,091] {dagbag.py:507} INFO - Filling up the DagBag from /home/airflow/.local/lib/python3.7/site-packages/airflow/example_dags/example_time_delta_sensor_async.py
[2023-10-27 14:27:33,099] {processor.py:651} INFO - DAG(s) dict_keys(['example_time_delta_sensor_async']) retrieved from /home/airflow/.local/lib/python3.7/site-packages/airflow/example_dags/example_time_delta_sensor_async.py
[2023-10-27 14:27:33,146] {logging_mixin.py:115} INFO - [2023-10-27 14:27:33,146] {dag.py:2371} INFO - Sync 1 DAGs
[2023-10-27 14:27:33,278] {logging_mixin.py:115} INFO - [2023-10-27 14:27:33,278] {dag.py:2919} INFO - Setting next_dagrun for example_time_delta_sensor_async to None, run_after=None
[2023-10-27 14:27:33,289] {processor.py:161} INFO - Processing /home/airflow/.local/lib/python3.7/site-packages/airflow/example_dags/example_time_delta_sensor_async.py took 0.203 seconds
[2023-10-27 14:28:03,318] {processor.py:153} INFO - Started process (PID=982) to work on /home/airflow/.local/lib/python3.7/site-packages/airflow/example_dags/example_time_delta_sensor_async.py
[2023-10-27 14:28:03,320] {processor.py:641} INFO - Processing file /home/airflow/.local/lib/python3.7/site-packages/airflow/example_dags/example_time_delta_sensor_async.py for tasks to queue
[2023-10-27 14:28:03,321] {logging_mixin.py:115} INFO - [2023-10-27 14:28:03,321] {dagbag.py:507} INFO - Filling up the DagBag from /home/airflow/.local/lib/python3.7/site-packages/airflow/example_dags/example_time_delta_sensor_async.py
[2023-10-27 14:28:03,327] {processor.py:651} INFO - DAG(s) dict_keys(['example_time_delta_sensor_async']) retrieved from /home/airflow/.local/lib/python3.7/site-packages/airflow/example_dags/example_time_delta_sensor_async.py
[2023-10-27 14:28:03,368] {logging_mixin.py:115} INFO - [2023-10-27 14:28:03,367] {dag.py:2371} INFO - Sync 1 DAGs
[2023-10-27 14:28:03,525] {logging_mixin.py:115} INFO - [2023-10-27 14:28:03,525] {dag.py:2919} INFO - Setting next_dagrun for example_time_delta_sensor_async to None, run_after=None
[2023-10-27 14:28:03,544] {processor.py:161} INFO - Processing /home/airflow/.local/lib/python3.7/site-packages/airflow/example_dags/example_time_delta_sensor_async.py took 0.229 seconds
[2023-10-27 14:28:33,988] {processor.py:153} INFO - Started process (PID=1034) to work on /home/airflow/.local/lib/python3.7/site-packages/airflow/example_dags/example_time_delta_sensor_async.py
[2023-10-27 14:28:33,990] {processor.py:641} INFO - Processing file /home/airflow/.local/lib/python3.7/site-packages/airflow/example_dags/example_time_delta_sensor_async.py for tasks to queue
[2023-10-27 14:28:33,990] {logging_mixin.py:115} INFO - [2023-10-27 14:28:33,990] {dagbag.py:507} INFO - Filling up the DagBag from /home/airflow/.local/lib/python3.7/site-packages/airflow/example_dags/example_time_delta_sensor_async.py
[2023-10-27 14:28:34,014] {processor.py:651} INFO - DAG(s) dict_keys(['example_time_delta_sensor_async']) retrieved from /home/airflow/.local/lib/python3.7/site-packages/airflow/example_dags/example_time_delta_sensor_async.py
[2023-10-27 14:28:34,152] {logging_mixin.py:115} INFO - [2023-10-27 14:28:34,152] {dag.py:2371} INFO - Sync 1 DAGs
[2023-10-27 14:28:34,583] {logging_mixin.py:115} INFO - [2023-10-27 14:28:34,582] {dag.py:2919} INFO - Setting next_dagrun for example_time_delta_sensor_async to None, run_after=None
[2023-10-27 14:28:34,615] {processor.py:161} INFO - Processing /home/airflow/.local/lib/python3.7/site-packages/airflow/example_dags/example_time_delta_sensor_async.py took 0.633 seconds
[2023-10-27 14:29:04,802] {processor.py:153} INFO - Started process (PID=1096) to work on /home/airflow/.local/lib/python3.7/site-packages/airflow/example_dags/example_time_delta_sensor_async.py
[2023-10-27 14:29:04,803] {processor.py:641} INFO - Processing file /home/airflow/.local/lib/python3.7/site-packages/airflow/example_dags/example_time_delta_sensor_async.py for tasks to queue
[2023-10-27 14:29:04,804] {logging_mixin.py:115} INFO - [2023-10-27 14:29:04,804] {dagbag.py:507} INFO - Filling up the DagBag from /home/airflow/.local/lib/python3.7/site-packages/airflow/example_dags/example_time_delta_sensor_async.py
[2023-10-27 14:29:04,813] {processor.py:651} INFO - DAG(s) dict_keys(['example_time_delta_sensor_async']) retrieved from /home/airflow/.local/lib/python3.7/site-packages/airflow/example_dags/example_time_delta_sensor_async.py
[2023-10-27 14:29:04,989] {logging_mixin.py:115} INFO - [2023-10-27 14:29:04,989] {dag.py:2371} INFO - Sync 1 DAGs
[2023-10-27 14:29:05,130] {logging_mixin.py:115} INFO - [2023-10-27 14:29:05,130] {dag.py:2919} INFO - Setting next_dagrun for example_time_delta_sensor_async to None, run_after=None
[2023-10-27 14:29:05,140] {processor.py:161} INFO - Processing /home/airflow/.local/lib/python3.7/site-packages/airflow/example_dags/example_time_delta_sensor_async.py took 0.341 seconds
[2023-10-27 14:29:35,285] {processor.py:153} INFO - Started process (PID=1148) to work on /home/airflow/.local/lib/python3.7/site-packages/airflow/example_dags/example_time_delta_sensor_async.py
[2023-10-27 14:29:35,286] {processor.py:641} INFO - Processing file /home/airflow/.local/lib/python3.7/site-packages/airflow/example_dags/example_time_delta_sensor_async.py for tasks to queue
[2023-10-27 14:29:35,287] {logging_mixin.py:115} INFO - [2023-10-27 14:29:35,287] {dagbag.py:507} INFO - Filling up the DagBag from /home/airflow/.local/lib/python3.7/site-packages/airflow/example_dags/example_time_delta_sensor_async.py
[2023-10-27 14:29:35,296] {processor.py:651} INFO - DAG(s) dict_keys(['example_time_delta_sensor_async']) retrieved from /home/airflow/.local/lib/python3.7/site-packages/airflow/example_dags/example_time_delta_sensor_async.py
[2023-10-27 14:29:35,450] {logging_mixin.py:115} INFO - [2023-10-27 14:29:35,450] {dag.py:2371} INFO - Sync 1 DAGs
[2023-10-27 14:29:35,610] {logging_mixin.py:115} INFO - [2023-10-27 14:29:35,610] {dag.py:2919} INFO - Setting next_dagrun for example_time_delta_sensor_async to None, run_after=None
[2023-10-27 14:29:35,622] {processor.py:161} INFO - Processing /home/airflow/.local/lib/python3.7/site-packages/airflow/example_dags/example_time_delta_sensor_async.py took 0.340 seconds
[2023-10-27 14:30:06,027] {processor.py:153} INFO - Started process (PID=1210) to work on /home/airflow/.local/lib/python3.7/site-packages/airflow/example_dags/example_time_delta_sensor_async.py
[2023-10-27 14:30:06,029] {processor.py:641} INFO - Processing file /home/airflow/.local/lib/python3.7/site-packages/airflow/example_dags/example_time_delta_sensor_async.py for tasks to queue
[2023-10-27 14:30:06,029] {logging_mixin.py:115} INFO - [2023-10-27 14:30:06,029] {dagbag.py:507} INFO - Filling up the DagBag from /home/airflow/.local/lib/python3.7/site-packages/airflow/example_dags/example_time_delta_sensor_async.py
[2023-10-27 14:30:06,036] {processor.py:651} INFO - DAG(s) dict_keys(['example_time_delta_sensor_async']) retrieved from /home/airflow/.local/lib/python3.7/site-packages/airflow/example_dags/example_time_delta_sensor_async.py
[2023-10-27 14:30:06,078] {logging_mixin.py:115} INFO - [2023-10-27 14:30:06,078] {dag.py:2371} INFO - Sync 1 DAGs
[2023-10-27 14:30:06,099] {logging_mixin.py:115} INFO - [2023-10-27 14:30:06,099] {dag.py:2919} INFO - Setting next_dagrun for example_time_delta_sensor_async to None, run_after=None
[2023-10-27 14:30:06,112] {processor.py:161} INFO - Processing /home/airflow/.local/lib/python3.7/site-packages/airflow/example_dags/example_time_delta_sensor_async.py took 0.087 seconds
[2023-10-27 14:30:36,182] {processor.py:153} INFO - Started process (PID=1271) to work on /home/airflow/.local/lib/python3.7/site-packages/airflow/example_dags/example_time_delta_sensor_async.py
[2023-10-27 14:30:36,183] {processor.py:641} INFO - Processing file /home/airflow/.local/lib/python3.7/site-packages/airflow/example_dags/example_time_delta_sensor_async.py for tasks to queue
[2023-10-27 14:30:36,184] {logging_mixin.py:115} INFO - [2023-10-27 14:30:36,184] {dagbag.py:507} INFO - Filling up the DagBag from /home/airflow/.local/lib/python3.7/site-packages/airflow/example_dags/example_time_delta_sensor_async.py
[2023-10-27 14:30:36,198] {processor.py:651} INFO - DAG(s) dict_keys(['example_time_delta_sensor_async']) retrieved from /home/airflow/.local/lib/python3.7/site-packages/airflow/example_dags/example_time_delta_sensor_async.py
[2023-10-27 14:30:36,320] {logging_mixin.py:115} INFO - [2023-10-27 14:30:36,320] {dag.py:2371} INFO - Sync 1 DAGs
[2023-10-27 14:30:36,348] {logging_mixin.py:115} INFO - [2023-10-27 14:30:36,348] {dag.py:2919} INFO - Setting next_dagrun for example_time_delta_sensor_async to None, run_after=None
[2023-10-27 14:30:36,367] {processor.py:161} INFO - Processing /home/airflow/.local/lib/python3.7/site-packages/airflow/example_dags/example_time_delta_sensor_async.py took 0.188 seconds
[2023-10-27 14:31:07,125] {processor.py:153} INFO - Started process (PID=1323) to work on /home/airflow/.local/lib/python3.7/site-packages/airflow/example_dags/example_time_delta_sensor_async.py
[2023-10-27 14:31:07,126] {processor.py:641} INFO - Processing file /home/airflow/.local/lib/python3.7/site-packages/airflow/example_dags/example_time_delta_sensor_async.py for tasks to queue
[2023-10-27 14:31:07,127] {logging_mixin.py:115} INFO - [2023-10-27 14:31:07,127] {dagbag.py:507} INFO - Filling up the DagBag from /home/airflow/.local/lib/python3.7/site-packages/airflow/example_dags/example_time_delta_sensor_async.py
[2023-10-27 14:31:07,134] {processor.py:651} INFO - DAG(s) dict_keys(['example_time_delta_sensor_async']) retrieved from /home/airflow/.local/lib/python3.7/site-packages/airflow/example_dags/example_time_delta_sensor_async.py
[2023-10-27 14:31:07,181] {logging_mixin.py:115} INFO - [2023-10-27 14:31:07,181] {dag.py:2371} INFO - Sync 1 DAGs
[2023-10-27 14:31:07,200] {logging_mixin.py:115} INFO - [2023-10-27 14:31:07,200] {dag.py:2919} INFO - Setting next_dagrun for example_time_delta_sensor_async to None, run_after=None
[2023-10-27 14:31:07,213] {processor.py:161} INFO - Processing /home/airflow/.local/lib/python3.7/site-packages/airflow/example_dags/example_time_delta_sensor_async.py took 0.095 seconds
[2023-10-27 14:31:37,281] {processor.py:153} INFO - Started process (PID=1384) to work on /home/airflow/.local/lib/python3.7/site-packages/airflow/example_dags/example_time_delta_sensor_async.py
[2023-10-27 14:31:37,282] {processor.py:641} INFO - Processing file /home/airflow/.local/lib/python3.7/site-packages/airflow/example_dags/example_time_delta_sensor_async.py for tasks to queue
[2023-10-27 14:31:37,283] {logging_mixin.py:115} INFO - [2023-10-27 14:31:37,283] {dagbag.py:507} INFO - Filling up the DagBag from /home/airflow/.local/lib/python3.7/site-packages/airflow/example_dags/example_time_delta_sensor_async.py
[2023-10-27 14:31:37,287] {processor.py:651} INFO - DAG(s) dict_keys(['example_time_delta_sensor_async']) retrieved from /home/airflow/.local/lib/python3.7/site-packages/airflow/example_dags/example_time_delta_sensor_async.py
[2023-10-27 14:31:37,324] {logging_mixin.py:115} INFO - [2023-10-27 14:31:37,324] {dag.py:2371} INFO - Sync 1 DAGs
[2023-10-27 14:31:37,347] {logging_mixin.py:115} INFO - [2023-10-27 14:31:37,347] {dag.py:2919} INFO - Setting next_dagrun for example_time_delta_sensor_async to None, run_after=None
[2023-10-27 14:31:37,361] {processor.py:161} INFO - Processing /home/airflow/.local/lib/python3.7/site-packages/airflow/example_dags/example_time_delta_sensor_async.py took 0.086 seconds
