[2023-10-27 14:19:48,568] {processor.py:153} INFO - Started process (PID=72) to work on /home/airflow/.local/lib/python3.7/site-packages/airflow/example_dags/example_branch_operator.py
[2023-10-27 14:19:48,568] {processor.py:641} INFO - Processing file /home/airflow/.local/lib/python3.7/site-packages/airflow/example_dags/example_branch_operator.py for tasks to queue
[2023-10-27 14:19:48,569] {logging_mixin.py:115} INFO - [2023-10-27 14:19:48,569] {dagbag.py:507} INFO - Filling up the DagBag from /home/airflow/.local/lib/python3.7/site-packages/airflow/example_dags/example_branch_operator.py
[2023-10-27 14:19:48,593] {processor.py:651} INFO - DAG(s) dict_keys(['example_branch_operator']) retrieved from /home/airflow/.local/lib/python3.7/site-packages/airflow/example_dags/example_branch_operator.py
[2023-10-27 14:19:50,226] {logging_mixin.py:115} INFO - [2023-10-27 14:19:50,226] {manager.py:508} INFO - Created Permission View: can delete on DAG:example_branch_operator
[2023-10-27 14:19:50,267] {logging_mixin.py:115} INFO - [2023-10-27 14:19:50,267] {manager.py:508} INFO - Created Permission View: can edit on DAG:example_branch_operator
[2023-10-27 14:19:50,283] {logging_mixin.py:115} INFO - [2023-10-27 14:19:50,283] {manager.py:508} INFO - Created Permission View: can read on DAG:example_branch_operator
[2023-10-27 14:19:50,284] {logging_mixin.py:115} INFO - [2023-10-27 14:19:50,284] {dag.py:2371} INFO - Sync 1 DAGs
[2023-10-27 14:19:50,306] {logging_mixin.py:115} INFO - [2023-10-27 14:19:50,306] {dag.py:2390} INFO - Creating ORM DAG for example_branch_operator
[2023-10-27 14:19:50,374] {logging_mixin.py:115} INFO - [2023-10-27 14:19:50,373] {dag.py:2919} INFO - Setting next_dagrun for example_branch_operator to 2023-10-26T00:00:00+00:00, run_after=2023-10-27T00:00:00+00:00
[2023-10-27 14:19:50,474] {processor.py:161} INFO - Processing /home/airflow/.local/lib/python3.7/site-packages/airflow/example_dags/example_branch_operator.py took 1.915 seconds
[2023-10-27 14:20:20,861] {processor.py:153} INFO - Started process (PID=126) to work on /home/airflow/.local/lib/python3.7/site-packages/airflow/example_dags/example_branch_operator.py
[2023-10-27 14:20:20,863] {processor.py:641} INFO - Processing file /home/airflow/.local/lib/python3.7/site-packages/airflow/example_dags/example_branch_operator.py for tasks to queue
[2023-10-27 14:20:20,863] {logging_mixin.py:115} INFO - [2023-10-27 14:20:20,863] {dagbag.py:507} INFO - Filling up the DagBag from /home/airflow/.local/lib/python3.7/site-packages/airflow/example_dags/example_branch_operator.py
[2023-10-27 14:20:20,873] {processor.py:651} INFO - DAG(s) dict_keys(['example_branch_operator']) retrieved from /home/airflow/.local/lib/python3.7/site-packages/airflow/example_dags/example_branch_operator.py
[2023-10-27 14:20:20,905] {logging_mixin.py:115} INFO - [2023-10-27 14:20:20,905] {dag.py:2371} INFO - Sync 1 DAGs
[2023-10-27 14:20:21,072] {logging_mixin.py:115} INFO - [2023-10-27 14:20:21,072] {dag.py:2919} INFO - Setting next_dagrun for example_branch_operator to 2023-10-26T00:00:00+00:00, run_after=2023-10-27T00:00:00+00:00
[2023-10-27 14:20:21,088] {processor.py:161} INFO - Processing /home/airflow/.local/lib/python3.7/site-packages/airflow/example_dags/example_branch_operator.py took 0.229 seconds
[2023-10-27 14:20:51,307] {processor.py:153} INFO - Started process (PID=178) to work on /home/airflow/.local/lib/python3.7/site-packages/airflow/example_dags/example_branch_operator.py
[2023-10-27 14:20:51,308] {processor.py:641} INFO - Processing file /home/airflow/.local/lib/python3.7/site-packages/airflow/example_dags/example_branch_operator.py for tasks to queue
[2023-10-27 14:20:51,308] {logging_mixin.py:115} INFO - [2023-10-27 14:20:51,308] {dagbag.py:507} INFO - Filling up the DagBag from /home/airflow/.local/lib/python3.7/site-packages/airflow/example_dags/example_branch_operator.py
[2023-10-27 14:20:51,317] {processor.py:651} INFO - DAG(s) dict_keys(['example_branch_operator']) retrieved from /home/airflow/.local/lib/python3.7/site-packages/airflow/example_dags/example_branch_operator.py
[2023-10-27 14:20:51,349] {logging_mixin.py:115} INFO - [2023-10-27 14:20:51,349] {dag.py:2371} INFO - Sync 1 DAGs
[2023-10-27 14:20:51,497] {logging_mixin.py:115} INFO - [2023-10-27 14:20:51,497] {dag.py:2919} INFO - Setting next_dagrun for example_branch_operator to 2023-10-26T00:00:00+00:00, run_after=2023-10-27T00:00:00+00:00
[2023-10-27 14:20:51,515] {processor.py:161} INFO - Processing /home/airflow/.local/lib/python3.7/site-packages/airflow/example_dags/example_branch_operator.py took 0.211 seconds
[2023-10-27 14:21:21,601] {processor.py:153} INFO - Started process (PID=239) to work on /home/airflow/.local/lib/python3.7/site-packages/airflow/example_dags/example_branch_operator.py
[2023-10-27 14:21:21,602] {processor.py:641} INFO - Processing file /home/airflow/.local/lib/python3.7/site-packages/airflow/example_dags/example_branch_operator.py for tasks to queue
[2023-10-27 14:21:21,603] {logging_mixin.py:115} INFO - [2023-10-27 14:21:21,603] {dagbag.py:507} INFO - Filling up the DagBag from /home/airflow/.local/lib/python3.7/site-packages/airflow/example_dags/example_branch_operator.py
[2023-10-27 14:21:21,614] {processor.py:651} INFO - DAG(s) dict_keys(['example_branch_operator']) retrieved from /home/airflow/.local/lib/python3.7/site-packages/airflow/example_dags/example_branch_operator.py
[2023-10-27 14:21:21,644] {logging_mixin.py:115} INFO - [2023-10-27 14:21:21,644] {dag.py:2371} INFO - Sync 1 DAGs
[2023-10-27 14:21:21,801] {logging_mixin.py:115} INFO - [2023-10-27 14:21:21,800] {dag.py:2919} INFO - Setting next_dagrun for example_branch_operator to 2023-10-26T00:00:00+00:00, run_after=2023-10-27T00:00:00+00:00
[2023-10-27 14:21:21,814] {processor.py:161} INFO - Processing /home/airflow/.local/lib/python3.7/site-packages/airflow/example_dags/example_branch_operator.py took 0.215 seconds
[2023-10-27 14:21:52,213] {processor.py:153} INFO - Started process (PID=292) to work on /home/airflow/.local/lib/python3.7/site-packages/airflow/example_dags/example_branch_operator.py
[2023-10-27 14:21:52,214] {processor.py:641} INFO - Processing file /home/airflow/.local/lib/python3.7/site-packages/airflow/example_dags/example_branch_operator.py for tasks to queue
[2023-10-27 14:21:52,214] {logging_mixin.py:115} INFO - [2023-10-27 14:21:52,214] {dagbag.py:507} INFO - Filling up the DagBag from /home/airflow/.local/lib/python3.7/site-packages/airflow/example_dags/example_branch_operator.py
[2023-10-27 14:21:52,224] {processor.py:651} INFO - DAG(s) dict_keys(['example_branch_operator']) retrieved from /home/airflow/.local/lib/python3.7/site-packages/airflow/example_dags/example_branch_operator.py
[2023-10-27 14:21:52,257] {logging_mixin.py:115} INFO - [2023-10-27 14:21:52,256] {dag.py:2371} INFO - Sync 1 DAGs
[2023-10-27 14:21:52,410] {logging_mixin.py:115} INFO - [2023-10-27 14:21:52,410] {dag.py:2919} INFO - Setting next_dagrun for example_branch_operator to 2023-10-26T00:00:00+00:00, run_after=2023-10-27T00:00:00+00:00
[2023-10-27 14:21:52,426] {processor.py:161} INFO - Processing /home/airflow/.local/lib/python3.7/site-packages/airflow/example_dags/example_branch_operator.py took 0.216 seconds
[2023-10-27 14:22:22,621] {processor.py:153} INFO - Started process (PID=353) to work on /home/airflow/.local/lib/python3.7/site-packages/airflow/example_dags/example_branch_operator.py
[2023-10-27 14:22:22,622] {processor.py:641} INFO - Processing file /home/airflow/.local/lib/python3.7/site-packages/airflow/example_dags/example_branch_operator.py for tasks to queue
[2023-10-27 14:22:22,622] {logging_mixin.py:115} INFO - [2023-10-27 14:22:22,622] {dagbag.py:507} INFO - Filling up the DagBag from /home/airflow/.local/lib/python3.7/site-packages/airflow/example_dags/example_branch_operator.py
[2023-10-27 14:22:22,636] {processor.py:651} INFO - DAG(s) dict_keys(['example_branch_operator']) retrieved from /home/airflow/.local/lib/python3.7/site-packages/airflow/example_dags/example_branch_operator.py
[2023-10-27 14:22:22,664] {logging_mixin.py:115} INFO - [2023-10-27 14:22:22,664] {dag.py:2371} INFO - Sync 1 DAGs
[2023-10-27 14:22:22,824] {logging_mixin.py:115} INFO - [2023-10-27 14:22:22,824] {dag.py:2919} INFO - Setting next_dagrun for example_branch_operator to 2023-10-26T00:00:00+00:00, run_after=2023-10-27T00:00:00+00:00
[2023-10-27 14:22:22,837] {processor.py:161} INFO - Processing /home/airflow/.local/lib/python3.7/site-packages/airflow/example_dags/example_branch_operator.py took 0.218 seconds
[2023-10-27 14:22:53,204] {processor.py:153} INFO - Started process (PID=412) to work on /home/airflow/.local/lib/python3.7/site-packages/airflow/example_dags/example_branch_operator.py
[2023-10-27 14:22:53,205] {processor.py:641} INFO - Processing file /home/airflow/.local/lib/python3.7/site-packages/airflow/example_dags/example_branch_operator.py for tasks to queue
[2023-10-27 14:22:53,206] {logging_mixin.py:115} INFO - [2023-10-27 14:22:53,206] {dagbag.py:507} INFO - Filling up the DagBag from /home/airflow/.local/lib/python3.7/site-packages/airflow/example_dags/example_branch_operator.py
[2023-10-27 14:22:53,216] {processor.py:651} INFO - DAG(s) dict_keys(['example_branch_operator']) retrieved from /home/airflow/.local/lib/python3.7/site-packages/airflow/example_dags/example_branch_operator.py
[2023-10-27 14:22:53,248] {logging_mixin.py:115} INFO - [2023-10-27 14:22:53,248] {dag.py:2371} INFO - Sync 1 DAGs
[2023-10-27 14:22:53,439] {logging_mixin.py:115} INFO - [2023-10-27 14:22:53,439] {dag.py:2919} INFO - Setting next_dagrun for example_branch_operator to 2023-10-26T00:00:00+00:00, run_after=2023-10-27T00:00:00+00:00
[2023-10-27 14:22:53,455] {processor.py:161} INFO - Processing /home/airflow/.local/lib/python3.7/site-packages/airflow/example_dags/example_branch_operator.py took 0.253 seconds
[2023-10-27 14:23:23,797] {processor.py:153} INFO - Started process (PID=467) to work on /home/airflow/.local/lib/python3.7/site-packages/airflow/example_dags/example_branch_operator.py
[2023-10-27 14:23:23,798] {processor.py:641} INFO - Processing file /home/airflow/.local/lib/python3.7/site-packages/airflow/example_dags/example_branch_operator.py for tasks to queue
[2023-10-27 14:23:23,799] {logging_mixin.py:115} INFO - [2023-10-27 14:23:23,799] {dagbag.py:507} INFO - Filling up the DagBag from /home/airflow/.local/lib/python3.7/site-packages/airflow/example_dags/example_branch_operator.py
[2023-10-27 14:23:23,807] {processor.py:651} INFO - DAG(s) dict_keys(['example_branch_operator']) retrieved from /home/airflow/.local/lib/python3.7/site-packages/airflow/example_dags/example_branch_operator.py
[2023-10-27 14:23:23,834] {logging_mixin.py:115} INFO - [2023-10-27 14:23:23,834] {dag.py:2371} INFO - Sync 1 DAGs
[2023-10-27 14:23:23,993] {logging_mixin.py:115} INFO - [2023-10-27 14:23:23,993] {dag.py:2919} INFO - Setting next_dagrun for example_branch_operator to 2023-10-26T00:00:00+00:00, run_after=2023-10-27T00:00:00+00:00
[2023-10-27 14:23:24,006] {processor.py:161} INFO - Processing /home/airflow/.local/lib/python3.7/site-packages/airflow/example_dags/example_branch_operator.py took 0.212 seconds
[2023-10-27 14:23:54,422] {processor.py:153} INFO - Started process (PID=528) to work on /home/airflow/.local/lib/python3.7/site-packages/airflow/example_dags/example_branch_operator.py
[2023-10-27 14:23:54,423] {processor.py:641} INFO - Processing file /home/airflow/.local/lib/python3.7/site-packages/airflow/example_dags/example_branch_operator.py for tasks to queue
[2023-10-27 14:23:54,423] {logging_mixin.py:115} INFO - [2023-10-27 14:23:54,423] {dagbag.py:507} INFO - Filling up the DagBag from /home/airflow/.local/lib/python3.7/site-packages/airflow/example_dags/example_branch_operator.py
[2023-10-27 14:23:54,432] {processor.py:651} INFO - DAG(s) dict_keys(['example_branch_operator']) retrieved from /home/airflow/.local/lib/python3.7/site-packages/airflow/example_dags/example_branch_operator.py
[2023-10-27 14:23:54,462] {logging_mixin.py:115} INFO - [2023-10-27 14:23:54,462] {dag.py:2371} INFO - Sync 1 DAGs
[2023-10-27 14:23:54,638] {logging_mixin.py:115} INFO - [2023-10-27 14:23:54,638] {dag.py:2919} INFO - Setting next_dagrun for example_branch_operator to 2023-10-26T00:00:00+00:00, run_after=2023-10-27T00:00:00+00:00
[2023-10-27 14:23:54,654] {processor.py:161} INFO - Processing /home/airflow/.local/lib/python3.7/site-packages/airflow/example_dags/example_branch_operator.py took 0.235 seconds
[2023-10-27 14:24:25,326] {processor.py:153} INFO - Started process (PID=580) to work on /home/airflow/.local/lib/python3.7/site-packages/airflow/example_dags/example_branch_operator.py
[2023-10-27 14:24:25,327] {processor.py:641} INFO - Processing file /home/airflow/.local/lib/python3.7/site-packages/airflow/example_dags/example_branch_operator.py for tasks to queue
[2023-10-27 14:24:25,328] {logging_mixin.py:115} INFO - [2023-10-27 14:24:25,328] {dagbag.py:507} INFO - Filling up the DagBag from /home/airflow/.local/lib/python3.7/site-packages/airflow/example_dags/example_branch_operator.py
[2023-10-27 14:24:25,337] {processor.py:651} INFO - DAG(s) dict_keys(['example_branch_operator']) retrieved from /home/airflow/.local/lib/python3.7/site-packages/airflow/example_dags/example_branch_operator.py
[2023-10-27 14:24:25,366] {logging_mixin.py:115} INFO - [2023-10-27 14:24:25,366] {dag.py:2371} INFO - Sync 1 DAGs
[2023-10-27 14:24:25,538] {logging_mixin.py:115} INFO - [2023-10-27 14:24:25,538] {dag.py:2919} INFO - Setting next_dagrun for example_branch_operator to 2023-10-26T00:00:00+00:00, run_after=2023-10-27T00:00:00+00:00
[2023-10-27 14:24:25,560] {processor.py:161} INFO - Processing /home/airflow/.local/lib/python3.7/site-packages/airflow/example_dags/example_branch_operator.py took 0.237 seconds
[2023-10-27 14:24:56,044] {processor.py:153} INFO - Started process (PID=632) to work on /home/airflow/.local/lib/python3.7/site-packages/airflow/example_dags/example_branch_operator.py
[2023-10-27 14:24:56,044] {processor.py:641} INFO - Processing file /home/airflow/.local/lib/python3.7/site-packages/airflow/example_dags/example_branch_operator.py for tasks to queue
[2023-10-27 14:24:56,045] {logging_mixin.py:115} INFO - [2023-10-27 14:24:56,045] {dagbag.py:507} INFO - Filling up the DagBag from /home/airflow/.local/lib/python3.7/site-packages/airflow/example_dags/example_branch_operator.py
[2023-10-27 14:24:56,057] {processor.py:651} INFO - DAG(s) dict_keys(['example_branch_operator']) retrieved from /home/airflow/.local/lib/python3.7/site-packages/airflow/example_dags/example_branch_operator.py
[2023-10-27 14:24:56,085] {logging_mixin.py:115} INFO - [2023-10-27 14:24:56,085] {dag.py:2371} INFO - Sync 1 DAGs
[2023-10-27 14:24:56,251] {logging_mixin.py:115} INFO - [2023-10-27 14:24:56,251] {dag.py:2919} INFO - Setting next_dagrun for example_branch_operator to 2023-10-26T00:00:00+00:00, run_after=2023-10-27T00:00:00+00:00
[2023-10-27 14:24:56,264] {processor.py:161} INFO - Processing /home/airflow/.local/lib/python3.7/site-packages/airflow/example_dags/example_branch_operator.py took 0.227 seconds
[2023-10-27 14:25:26,719] {processor.py:153} INFO - Started process (PID=693) to work on /home/airflow/.local/lib/python3.7/site-packages/airflow/example_dags/example_branch_operator.py
[2023-10-27 14:25:26,720] {processor.py:641} INFO - Processing file /home/airflow/.local/lib/python3.7/site-packages/airflow/example_dags/example_branch_operator.py for tasks to queue
[2023-10-27 14:25:26,720] {logging_mixin.py:115} INFO - [2023-10-27 14:25:26,720] {dagbag.py:507} INFO - Filling up the DagBag from /home/airflow/.local/lib/python3.7/site-packages/airflow/example_dags/example_branch_operator.py
[2023-10-27 14:25:26,733] {processor.py:651} INFO - DAG(s) dict_keys(['example_branch_operator']) retrieved from /home/airflow/.local/lib/python3.7/site-packages/airflow/example_dags/example_branch_operator.py
[2023-10-27 14:25:26,763] {logging_mixin.py:115} INFO - [2023-10-27 14:25:26,763] {dag.py:2371} INFO - Sync 1 DAGs
[2023-10-27 14:25:26,922] {logging_mixin.py:115} INFO - [2023-10-27 14:25:26,922] {dag.py:2919} INFO - Setting next_dagrun for example_branch_operator to 2023-10-26T00:00:00+00:00, run_after=2023-10-27T00:00:00+00:00
[2023-10-27 14:25:26,938] {processor.py:161} INFO - Processing /home/airflow/.local/lib/python3.7/site-packages/airflow/example_dags/example_branch_operator.py took 0.221 seconds
[2023-10-27 14:25:57,460] {processor.py:153} INFO - Started process (PID=745) to work on /home/airflow/.local/lib/python3.7/site-packages/airflow/example_dags/example_branch_operator.py
[2023-10-27 14:25:57,460] {processor.py:641} INFO - Processing file /home/airflow/.local/lib/python3.7/site-packages/airflow/example_dags/example_branch_operator.py for tasks to queue
[2023-10-27 14:25:57,461] {logging_mixin.py:115} INFO - [2023-10-27 14:25:57,461] {dagbag.py:507} INFO - Filling up the DagBag from /home/airflow/.local/lib/python3.7/site-packages/airflow/example_dags/example_branch_operator.py
[2023-10-27 14:25:57,473] {processor.py:651} INFO - DAG(s) dict_keys(['example_branch_operator']) retrieved from /home/airflow/.local/lib/python3.7/site-packages/airflow/example_dags/example_branch_operator.py
[2023-10-27 14:25:57,510] {logging_mixin.py:115} INFO - [2023-10-27 14:25:57,510] {dag.py:2371} INFO - Sync 1 DAGs
[2023-10-27 14:25:57,676] {logging_mixin.py:115} INFO - [2023-10-27 14:25:57,676] {dag.py:2919} INFO - Setting next_dagrun for example_branch_operator to 2023-10-26T00:00:00+00:00, run_after=2023-10-27T00:00:00+00:00
[2023-10-27 14:25:57,690] {processor.py:161} INFO - Processing /home/airflow/.local/lib/python3.7/site-packages/airflow/example_dags/example_branch_operator.py took 0.233 seconds
[2023-10-27 14:26:28,462] {processor.py:153} INFO - Started process (PID=806) to work on /home/airflow/.local/lib/python3.7/site-packages/airflow/example_dags/example_branch_operator.py
[2023-10-27 14:26:28,463] {processor.py:641} INFO - Processing file /home/airflow/.local/lib/python3.7/site-packages/airflow/example_dags/example_branch_operator.py for tasks to queue
[2023-10-27 14:26:28,463] {logging_mixin.py:115} INFO - [2023-10-27 14:26:28,463] {dagbag.py:507} INFO - Filling up the DagBag from /home/airflow/.local/lib/python3.7/site-packages/airflow/example_dags/example_branch_operator.py
[2023-10-27 14:26:28,489] {processor.py:651} INFO - DAG(s) dict_keys(['example_branch_operator']) retrieved from /home/airflow/.local/lib/python3.7/site-packages/airflow/example_dags/example_branch_operator.py
[2023-10-27 14:26:28,701] {logging_mixin.py:115} INFO - [2023-10-27 14:26:28,701] {dag.py:2371} INFO - Sync 1 DAGs
[2023-10-27 14:26:29,422] {logging_mixin.py:115} INFO - [2023-10-27 14:26:29,422] {dag.py:2919} INFO - Setting next_dagrun for example_branch_operator to 2023-10-26T00:00:00+00:00, run_after=2023-10-27T00:00:00+00:00
[2023-10-27 14:26:29,458] {processor.py:161} INFO - Processing /home/airflow/.local/lib/python3.7/site-packages/airflow/example_dags/example_branch_operator.py took 1.000 seconds
[2023-10-27 14:26:59,569] {processor.py:153} INFO - Started process (PID=867) to work on /home/airflow/.local/lib/python3.7/site-packages/airflow/example_dags/example_branch_operator.py
[2023-10-27 14:26:59,570] {processor.py:641} INFO - Processing file /home/airflow/.local/lib/python3.7/site-packages/airflow/example_dags/example_branch_operator.py for tasks to queue
[2023-10-27 14:26:59,571] {logging_mixin.py:115} INFO - [2023-10-27 14:26:59,571] {dagbag.py:507} INFO - Filling up the DagBag from /home/airflow/.local/lib/python3.7/site-packages/airflow/example_dags/example_branch_operator.py
[2023-10-27 14:26:59,585] {processor.py:651} INFO - DAG(s) dict_keys(['example_branch_operator']) retrieved from /home/airflow/.local/lib/python3.7/site-packages/airflow/example_dags/example_branch_operator.py
[2023-10-27 14:26:59,623] {logging_mixin.py:115} INFO - [2023-10-27 14:26:59,623] {dag.py:2371} INFO - Sync 1 DAGs
[2023-10-27 14:26:59,837] {logging_mixin.py:115} INFO - [2023-10-27 14:26:59,837] {dag.py:2919} INFO - Setting next_dagrun for example_branch_operator to 2023-10-26T00:00:00+00:00, run_after=2023-10-27T00:00:00+00:00
[2023-10-27 14:26:59,865] {processor.py:161} INFO - Processing /home/airflow/.local/lib/python3.7/site-packages/airflow/example_dags/example_branch_operator.py took 0.300 seconds
[2023-10-27 14:27:30,631] {processor.py:153} INFO - Started process (PID=919) to work on /home/airflow/.local/lib/python3.7/site-packages/airflow/example_dags/example_branch_operator.py
[2023-10-27 14:27:30,632] {processor.py:641} INFO - Processing file /home/airflow/.local/lib/python3.7/site-packages/airflow/example_dags/example_branch_operator.py for tasks to queue
[2023-10-27 14:27:30,632] {logging_mixin.py:115} INFO - [2023-10-27 14:27:30,632] {dagbag.py:507} INFO - Filling up the DagBag from /home/airflow/.local/lib/python3.7/site-packages/airflow/example_dags/example_branch_operator.py
[2023-10-27 14:27:30,642] {processor.py:651} INFO - DAG(s) dict_keys(['example_branch_operator']) retrieved from /home/airflow/.local/lib/python3.7/site-packages/airflow/example_dags/example_branch_operator.py
[2023-10-27 14:27:30,678] {logging_mixin.py:115} INFO - [2023-10-27 14:27:30,678] {dag.py:2371} INFO - Sync 1 DAGs
[2023-10-27 14:27:30,837] {logging_mixin.py:115} INFO - [2023-10-27 14:27:30,837] {dag.py:2919} INFO - Setting next_dagrun for example_branch_operator to 2023-10-26T00:00:00+00:00, run_after=2023-10-27T00:00:00+00:00
[2023-10-27 14:27:30,849] {processor.py:161} INFO - Processing /home/airflow/.local/lib/python3.7/site-packages/airflow/example_dags/example_branch_operator.py took 0.221 seconds
[2023-10-27 14:28:01,077] {processor.py:153} INFO - Started process (PID=980) to work on /home/airflow/.local/lib/python3.7/site-packages/airflow/example_dags/example_branch_operator.py
[2023-10-27 14:28:01,078] {processor.py:641} INFO - Processing file /home/airflow/.local/lib/python3.7/site-packages/airflow/example_dags/example_branch_operator.py for tasks to queue
[2023-10-27 14:28:01,079] {logging_mixin.py:115} INFO - [2023-10-27 14:28:01,079] {dagbag.py:507} INFO - Filling up the DagBag from /home/airflow/.local/lib/python3.7/site-packages/airflow/example_dags/example_branch_operator.py
[2023-10-27 14:28:01,095] {processor.py:651} INFO - DAG(s) dict_keys(['example_branch_operator']) retrieved from /home/airflow/.local/lib/python3.7/site-packages/airflow/example_dags/example_branch_operator.py
[2023-10-27 14:28:01,130] {logging_mixin.py:115} INFO - [2023-10-27 14:28:01,130] {dag.py:2371} INFO - Sync 1 DAGs
[2023-10-27 14:28:01,304] {logging_mixin.py:115} INFO - [2023-10-27 14:28:01,304] {dag.py:2919} INFO - Setting next_dagrun for example_branch_operator to 2023-10-26T00:00:00+00:00, run_after=2023-10-27T00:00:00+00:00
[2023-10-27 14:28:01,318] {processor.py:161} INFO - Processing /home/airflow/.local/lib/python3.7/site-packages/airflow/example_dags/example_branch_operator.py took 0.244 seconds
[2023-10-27 14:28:31,948] {processor.py:153} INFO - Started process (PID=1032) to work on /home/airflow/.local/lib/python3.7/site-packages/airflow/example_dags/example_branch_operator.py
[2023-10-27 14:28:31,949] {processor.py:641} INFO - Processing file /home/airflow/.local/lib/python3.7/site-packages/airflow/example_dags/example_branch_operator.py for tasks to queue
[2023-10-27 14:28:31,950] {logging_mixin.py:115} INFO - [2023-10-27 14:28:31,950] {dagbag.py:507} INFO - Filling up the DagBag from /home/airflow/.local/lib/python3.7/site-packages/airflow/example_dags/example_branch_operator.py
[2023-10-27 14:28:31,965] {processor.py:651} INFO - DAG(s) dict_keys(['example_branch_operator']) retrieved from /home/airflow/.local/lib/python3.7/site-packages/airflow/example_dags/example_branch_operator.py
[2023-10-27 14:28:32,003] {logging_mixin.py:115} INFO - [2023-10-27 14:28:32,003] {dag.py:2371} INFO - Sync 1 DAGs
[2023-10-27 14:28:32,191] {logging_mixin.py:115} INFO - [2023-10-27 14:28:32,191] {dag.py:2919} INFO - Setting next_dagrun for example_branch_operator to 2023-10-26T00:00:00+00:00, run_after=2023-10-27T00:00:00+00:00
[2023-10-27 14:28:32,203] {processor.py:161} INFO - Processing /home/airflow/.local/lib/python3.7/site-packages/airflow/example_dags/example_branch_operator.py took 0.258 seconds
[2023-10-27 14:29:02,532] {processor.py:153} INFO - Started process (PID=1094) to work on /home/airflow/.local/lib/python3.7/site-packages/airflow/example_dags/example_branch_operator.py
[2023-10-27 14:29:02,533] {processor.py:641} INFO - Processing file /home/airflow/.local/lib/python3.7/site-packages/airflow/example_dags/example_branch_operator.py for tasks to queue
[2023-10-27 14:29:02,534] {logging_mixin.py:115} INFO - [2023-10-27 14:29:02,534] {dagbag.py:507} INFO - Filling up the DagBag from /home/airflow/.local/lib/python3.7/site-packages/airflow/example_dags/example_branch_operator.py
[2023-10-27 14:29:02,554] {processor.py:651} INFO - DAG(s) dict_keys(['example_branch_operator']) retrieved from /home/airflow/.local/lib/python3.7/site-packages/airflow/example_dags/example_branch_operator.py
[2023-10-27 14:29:02,604] {logging_mixin.py:115} INFO - [2023-10-27 14:29:02,604] {dag.py:2371} INFO - Sync 1 DAGs
[2023-10-27 14:29:02,857] {logging_mixin.py:115} INFO - [2023-10-27 14:29:02,857] {dag.py:2919} INFO - Setting next_dagrun for example_branch_operator to 2023-10-26T00:00:00+00:00, run_after=2023-10-27T00:00:00+00:00
[2023-10-27 14:29:02,871] {processor.py:161} INFO - Processing /home/airflow/.local/lib/python3.7/site-packages/airflow/example_dags/example_branch_operator.py took 0.342 seconds
[2023-10-27 14:29:33,053] {processor.py:153} INFO - Started process (PID=1146) to work on /home/airflow/.local/lib/python3.7/site-packages/airflow/example_dags/example_branch_operator.py
[2023-10-27 14:29:33,055] {processor.py:641} INFO - Processing file /home/airflow/.local/lib/python3.7/site-packages/airflow/example_dags/example_branch_operator.py for tasks to queue
[2023-10-27 14:29:33,055] {logging_mixin.py:115} INFO - [2023-10-27 14:29:33,055] {dagbag.py:507} INFO - Filling up the DagBag from /home/airflow/.local/lib/python3.7/site-packages/airflow/example_dags/example_branch_operator.py
[2023-10-27 14:29:33,071] {processor.py:651} INFO - DAG(s) dict_keys(['example_branch_operator']) retrieved from /home/airflow/.local/lib/python3.7/site-packages/airflow/example_dags/example_branch_operator.py
[2023-10-27 14:29:33,103] {logging_mixin.py:115} INFO - [2023-10-27 14:29:33,103] {dag.py:2371} INFO - Sync 1 DAGs
[2023-10-27 14:29:33,278] {logging_mixin.py:115} INFO - [2023-10-27 14:29:33,278] {dag.py:2919} INFO - Setting next_dagrun for example_branch_operator to 2023-10-26T00:00:00+00:00, run_after=2023-10-27T00:00:00+00:00
[2023-10-27 14:29:33,293] {processor.py:161} INFO - Processing /home/airflow/.local/lib/python3.7/site-packages/airflow/example_dags/example_branch_operator.py took 0.243 seconds
[2023-10-27 14:30:03,908] {processor.py:153} INFO - Started process (PID=1208) to work on /home/airflow/.local/lib/python3.7/site-packages/airflow/example_dags/example_branch_operator.py
[2023-10-27 14:30:03,909] {processor.py:641} INFO - Processing file /home/airflow/.local/lib/python3.7/site-packages/airflow/example_dags/example_branch_operator.py for tasks to queue
[2023-10-27 14:30:03,909] {logging_mixin.py:115} INFO - [2023-10-27 14:30:03,909] {dagbag.py:507} INFO - Filling up the DagBag from /home/airflow/.local/lib/python3.7/site-packages/airflow/example_dags/example_branch_operator.py
[2023-10-27 14:30:03,922] {processor.py:651} INFO - DAG(s) dict_keys(['example_branch_operator']) retrieved from /home/airflow/.local/lib/python3.7/site-packages/airflow/example_dags/example_branch_operator.py
[2023-10-27 14:30:03,952] {logging_mixin.py:115} INFO - [2023-10-27 14:30:03,952] {dag.py:2371} INFO - Sync 1 DAGs
[2023-10-27 14:30:03,973] {logging_mixin.py:115} INFO - [2023-10-27 14:30:03,973] {dag.py:2919} INFO - Setting next_dagrun for example_branch_operator to 2023-10-26T00:00:00+00:00, run_after=2023-10-27T00:00:00+00:00
[2023-10-27 14:30:03,993] {processor.py:161} INFO - Processing /home/airflow/.local/lib/python3.7/site-packages/airflow/example_dags/example_branch_operator.py took 0.088 seconds
[2023-10-27 14:30:34,059] {processor.py:153} INFO - Started process (PID=1260) to work on /home/airflow/.local/lib/python3.7/site-packages/airflow/example_dags/example_branch_operator.py
[2023-10-27 14:30:34,060] {processor.py:641} INFO - Processing file /home/airflow/.local/lib/python3.7/site-packages/airflow/example_dags/example_branch_operator.py for tasks to queue
[2023-10-27 14:30:34,060] {logging_mixin.py:115} INFO - [2023-10-27 14:30:34,060] {dagbag.py:507} INFO - Filling up the DagBag from /home/airflow/.local/lib/python3.7/site-packages/airflow/example_dags/example_branch_operator.py
[2023-10-27 14:30:34,073] {processor.py:651} INFO - DAG(s) dict_keys(['example_branch_operator']) retrieved from /home/airflow/.local/lib/python3.7/site-packages/airflow/example_dags/example_branch_operator.py
[2023-10-27 14:30:34,105] {logging_mixin.py:115} INFO - [2023-10-27 14:30:34,105] {dag.py:2371} INFO - Sync 1 DAGs
[2023-10-27 14:30:34,131] {logging_mixin.py:115} INFO - [2023-10-27 14:30:34,131] {dag.py:2919} INFO - Setting next_dagrun for example_branch_operator to 2023-10-26T00:00:00+00:00, run_after=2023-10-27T00:00:00+00:00
[2023-10-27 14:30:34,150] {processor.py:161} INFO - Processing /home/airflow/.local/lib/python3.7/site-packages/airflow/example_dags/example_branch_operator.py took 0.095 seconds
[2023-10-27 14:31:04,963] {processor.py:153} INFO - Started process (PID=1321) to work on /home/airflow/.local/lib/python3.7/site-packages/airflow/example_dags/example_branch_operator.py
[2023-10-27 14:31:04,964] {processor.py:641} INFO - Processing file /home/airflow/.local/lib/python3.7/site-packages/airflow/example_dags/example_branch_operator.py for tasks to queue
[2023-10-27 14:31:04,965] {logging_mixin.py:115} INFO - [2023-10-27 14:31:04,965] {dagbag.py:507} INFO - Filling up the DagBag from /home/airflow/.local/lib/python3.7/site-packages/airflow/example_dags/example_branch_operator.py
[2023-10-27 14:31:04,977] {processor.py:651} INFO - DAG(s) dict_keys(['example_branch_operator']) retrieved from /home/airflow/.local/lib/python3.7/site-packages/airflow/example_dags/example_branch_operator.py
[2023-10-27 14:31:05,003] {logging_mixin.py:115} INFO - [2023-10-27 14:31:05,003] {dag.py:2371} INFO - Sync 1 DAGs
[2023-10-27 14:31:05,028] {logging_mixin.py:115} INFO - [2023-10-27 14:31:05,028] {dag.py:2919} INFO - Setting next_dagrun for example_branch_operator to 2023-10-26T00:00:00+00:00, run_after=2023-10-27T00:00:00+00:00
[2023-10-27 14:31:05,042] {processor.py:161} INFO - Processing /home/airflow/.local/lib/python3.7/site-packages/airflow/example_dags/example_branch_operator.py took 0.082 seconds
[2023-10-27 14:31:35,155] {processor.py:153} INFO - Started process (PID=1382) to work on /home/airflow/.local/lib/python3.7/site-packages/airflow/example_dags/example_branch_operator.py
[2023-10-27 14:31:35,157] {processor.py:641} INFO - Processing file /home/airflow/.local/lib/python3.7/site-packages/airflow/example_dags/example_branch_operator.py for tasks to queue
[2023-10-27 14:31:35,158] {logging_mixin.py:115} INFO - [2023-10-27 14:31:35,157] {dagbag.py:507} INFO - Filling up the DagBag from /home/airflow/.local/lib/python3.7/site-packages/airflow/example_dags/example_branch_operator.py
[2023-10-27 14:31:35,184] {processor.py:651} INFO - DAG(s) dict_keys(['example_branch_operator']) retrieved from /home/airflow/.local/lib/python3.7/site-packages/airflow/example_dags/example_branch_operator.py
[2023-10-27 14:31:35,217] {logging_mixin.py:115} INFO - [2023-10-27 14:31:35,217] {dag.py:2371} INFO - Sync 1 DAGs
[2023-10-27 14:31:35,238] {logging_mixin.py:115} INFO - [2023-10-27 14:31:35,238] {dag.py:2919} INFO - Setting next_dagrun for example_branch_operator to 2023-10-26T00:00:00+00:00, run_after=2023-10-27T00:00:00+00:00
[2023-10-27 14:31:35,251] {processor.py:161} INFO - Processing /home/airflow/.local/lib/python3.7/site-packages/airflow/example_dags/example_branch_operator.py took 0.099 seconds
