[2023-10-27 14:19:53,143] {processor.py:153} INFO - Started process (PID=78) to work on /home/airflow/.local/lib/python3.7/site-packages/airflow/example_dags/example_branch_datetime_operator.py
[2023-10-27 14:19:53,144] {processor.py:641} INFO - Processing file /home/airflow/.local/lib/python3.7/site-packages/airflow/example_dags/example_branch_datetime_operator.py for tasks to queue
[2023-10-27 14:19:53,146] {logging_mixin.py:115} INFO - [2023-10-27 14:19:53,145] {dagbag.py:507} INFO - Filling up the DagBag from /home/airflow/.local/lib/python3.7/site-packages/airflow/example_dags/example_branch_datetime_operator.py
[2023-10-27 14:19:53,171] {processor.py:651} INFO - DAG(s) dict_keys(['example_branch_datetime_operator_2']) retrieved from /home/airflow/.local/lib/python3.7/site-packages/airflow/example_dags/example_branch_datetime_operator.py
[2023-10-27 14:19:53,871] {logging_mixin.py:115} INFO - [2023-10-27 14:19:53,871] {manager.py:508} INFO - Created Permission View: can delete on DAG:example_branch_datetime_operator_2
[2023-10-27 14:19:53,913] {logging_mixin.py:115} INFO - [2023-10-27 14:19:53,913] {manager.py:508} INFO - Created Permission View: can edit on DAG:example_branch_datetime_operator_2
[2023-10-27 14:19:53,932] {logging_mixin.py:115} INFO - [2023-10-27 14:19:53,931] {manager.py:508} INFO - Created Permission View: can read on DAG:example_branch_datetime_operator_2
[2023-10-27 14:19:53,932] {logging_mixin.py:115} INFO - [2023-10-27 14:19:53,932] {dag.py:2371} INFO - Sync 1 DAGs
[2023-10-27 14:19:53,951] {logging_mixin.py:115} INFO - [2023-10-27 14:19:53,951] {dag.py:2390} INFO - Creating ORM DAG for example_branch_datetime_operator_2
[2023-10-27 14:19:53,979] {logging_mixin.py:115} INFO - [2023-10-27 14:19:53,978] {dag.py:2919} INFO - Setting next_dagrun for example_branch_datetime_operator_2 to 2023-10-26T00:00:00+00:00, run_after=2023-10-27T00:00:00+00:00
[2023-10-27 14:19:54,017] {processor.py:161} INFO - Processing /home/airflow/.local/lib/python3.7/site-packages/airflow/example_dags/example_branch_datetime_operator.py took 0.879 seconds
[2023-10-27 14:20:24,375] {processor.py:153} INFO - Started process (PID=130) to work on /home/airflow/.local/lib/python3.7/site-packages/airflow/example_dags/example_branch_datetime_operator.py
[2023-10-27 14:20:24,376] {processor.py:641} INFO - Processing file /home/airflow/.local/lib/python3.7/site-packages/airflow/example_dags/example_branch_datetime_operator.py for tasks to queue
[2023-10-27 14:20:24,377] {logging_mixin.py:115} INFO - [2023-10-27 14:20:24,377] {dagbag.py:507} INFO - Filling up the DagBag from /home/airflow/.local/lib/python3.7/site-packages/airflow/example_dags/example_branch_datetime_operator.py
[2023-10-27 14:20:24,389] {processor.py:651} INFO - DAG(s) dict_keys(['example_branch_datetime_operator_2']) retrieved from /home/airflow/.local/lib/python3.7/site-packages/airflow/example_dags/example_branch_datetime_operator.py
[2023-10-27 14:20:24,422] {logging_mixin.py:115} INFO - [2023-10-27 14:20:24,422] {dag.py:2371} INFO - Sync 1 DAGs
[2023-10-27 14:20:24,585] {logging_mixin.py:115} INFO - [2023-10-27 14:20:24,585] {dag.py:2919} INFO - Setting next_dagrun for example_branch_datetime_operator_2 to 2023-10-26T00:00:00+00:00, run_after=2023-10-27T00:00:00+00:00
[2023-10-27 14:20:24,598] {processor.py:161} INFO - Processing /home/airflow/.local/lib/python3.7/site-packages/airflow/example_dags/example_branch_datetime_operator.py took 0.226 seconds
[2023-10-27 14:20:54,827] {processor.py:153} INFO - Started process (PID=191) to work on /home/airflow/.local/lib/python3.7/site-packages/airflow/example_dags/example_branch_datetime_operator.py
[2023-10-27 14:20:54,828] {processor.py:641} INFO - Processing file /home/airflow/.local/lib/python3.7/site-packages/airflow/example_dags/example_branch_datetime_operator.py for tasks to queue
[2023-10-27 14:20:54,828] {logging_mixin.py:115} INFO - [2023-10-27 14:20:54,828] {dagbag.py:507} INFO - Filling up the DagBag from /home/airflow/.local/lib/python3.7/site-packages/airflow/example_dags/example_branch_datetime_operator.py
[2023-10-27 14:20:54,843] {processor.py:651} INFO - DAG(s) dict_keys(['example_branch_datetime_operator_2']) retrieved from /home/airflow/.local/lib/python3.7/site-packages/airflow/example_dags/example_branch_datetime_operator.py
[2023-10-27 14:20:54,868] {logging_mixin.py:115} INFO - [2023-10-27 14:20:54,868] {dag.py:2371} INFO - Sync 1 DAGs
[2023-10-27 14:20:55,079] {logging_mixin.py:115} INFO - [2023-10-27 14:20:55,078] {dag.py:2919} INFO - Setting next_dagrun for example_branch_datetime_operator_2 to 2023-10-26T00:00:00+00:00, run_after=2023-10-27T00:00:00+00:00
[2023-10-27 14:20:55,101] {processor.py:161} INFO - Processing /home/airflow/.local/lib/python3.7/site-packages/airflow/example_dags/example_branch_datetime_operator.py took 0.277 seconds
[2023-10-27 14:21:26,113] {processor.py:153} INFO - Started process (PID=243) to work on /home/airflow/.local/lib/python3.7/site-packages/airflow/example_dags/example_branch_datetime_operator.py
[2023-10-27 14:21:26,114] {processor.py:641} INFO - Processing file /home/airflow/.local/lib/python3.7/site-packages/airflow/example_dags/example_branch_datetime_operator.py for tasks to queue
[2023-10-27 14:21:26,115] {logging_mixin.py:115} INFO - [2023-10-27 14:21:26,114] {dagbag.py:507} INFO - Filling up the DagBag from /home/airflow/.local/lib/python3.7/site-packages/airflow/example_dags/example_branch_datetime_operator.py
[2023-10-27 14:21:26,121] {processor.py:651} INFO - DAG(s) dict_keys(['example_branch_datetime_operator_2']) retrieved from /home/airflow/.local/lib/python3.7/site-packages/airflow/example_dags/example_branch_datetime_operator.py
[2023-10-27 14:21:26,184] {logging_mixin.py:115} INFO - [2023-10-27 14:21:26,184] {dag.py:2371} INFO - Sync 1 DAGs
[2023-10-27 14:21:26,524] {logging_mixin.py:115} INFO - [2023-10-27 14:21:26,524] {dag.py:2919} INFO - Setting next_dagrun for example_branch_datetime_operator_2 to 2023-10-26T00:00:00+00:00, run_after=2023-10-27T00:00:00+00:00
[2023-10-27 14:21:26,540] {processor.py:161} INFO - Processing /home/airflow/.local/lib/python3.7/site-packages/airflow/example_dags/example_branch_datetime_operator.py took 0.433 seconds
[2023-10-27 14:21:56,939] {processor.py:153} INFO - Started process (PID=305) to work on /home/airflow/.local/lib/python3.7/site-packages/airflow/example_dags/example_branch_datetime_operator.py
[2023-10-27 14:21:56,943] {processor.py:641} INFO - Processing file /home/airflow/.local/lib/python3.7/site-packages/airflow/example_dags/example_branch_datetime_operator.py for tasks to queue
[2023-10-27 14:21:56,944] {logging_mixin.py:115} INFO - [2023-10-27 14:21:56,944] {dagbag.py:507} INFO - Filling up the DagBag from /home/airflow/.local/lib/python3.7/site-packages/airflow/example_dags/example_branch_datetime_operator.py
[2023-10-27 14:21:56,957] {processor.py:651} INFO - DAG(s) dict_keys(['example_branch_datetime_operator_2']) retrieved from /home/airflow/.local/lib/python3.7/site-packages/airflow/example_dags/example_branch_datetime_operator.py
[2023-10-27 14:21:57,012] {logging_mixin.py:115} INFO - [2023-10-27 14:21:57,012] {dag.py:2371} INFO - Sync 1 DAGs
[2023-10-27 14:21:57,396] {logging_mixin.py:115} INFO - [2023-10-27 14:21:57,396] {dag.py:2919} INFO - Setting next_dagrun for example_branch_datetime_operator_2 to 2023-10-26T00:00:00+00:00, run_after=2023-10-27T00:00:00+00:00
[2023-10-27 14:21:57,553] {processor.py:161} INFO - Processing /home/airflow/.local/lib/python3.7/site-packages/airflow/example_dags/example_branch_datetime_operator.py took 0.620 seconds
[2023-10-27 14:22:27,886] {processor.py:153} INFO - Started process (PID=357) to work on /home/airflow/.local/lib/python3.7/site-packages/airflow/example_dags/example_branch_datetime_operator.py
[2023-10-27 14:22:27,887] {processor.py:641} INFO - Processing file /home/airflow/.local/lib/python3.7/site-packages/airflow/example_dags/example_branch_datetime_operator.py for tasks to queue
[2023-10-27 14:22:27,888] {logging_mixin.py:115} INFO - [2023-10-27 14:22:27,888] {dagbag.py:507} INFO - Filling up the DagBag from /home/airflow/.local/lib/python3.7/site-packages/airflow/example_dags/example_branch_datetime_operator.py
[2023-10-27 14:22:27,902] {processor.py:651} INFO - DAG(s) dict_keys(['example_branch_datetime_operator_2']) retrieved from /home/airflow/.local/lib/python3.7/site-packages/airflow/example_dags/example_branch_datetime_operator.py
[2023-10-27 14:22:27,930] {logging_mixin.py:115} INFO - [2023-10-27 14:22:27,930] {dag.py:2371} INFO - Sync 1 DAGs
[2023-10-27 14:22:28,087] {logging_mixin.py:115} INFO - [2023-10-27 14:22:28,087] {dag.py:2919} INFO - Setting next_dagrun for example_branch_datetime_operator_2 to 2023-10-26T00:00:00+00:00, run_after=2023-10-27T00:00:00+00:00
[2023-10-27 14:22:28,106] {processor.py:161} INFO - Processing /home/airflow/.local/lib/python3.7/site-packages/airflow/example_dags/example_branch_datetime_operator.py took 0.222 seconds
[2023-10-27 14:22:58,766] {processor.py:153} INFO - Started process (PID=418) to work on /home/airflow/.local/lib/python3.7/site-packages/airflow/example_dags/example_branch_datetime_operator.py
[2023-10-27 14:22:58,766] {processor.py:641} INFO - Processing file /home/airflow/.local/lib/python3.7/site-packages/airflow/example_dags/example_branch_datetime_operator.py for tasks to queue
[2023-10-27 14:22:58,767] {logging_mixin.py:115} INFO - [2023-10-27 14:22:58,767] {dagbag.py:507} INFO - Filling up the DagBag from /home/airflow/.local/lib/python3.7/site-packages/airflow/example_dags/example_branch_datetime_operator.py
[2023-10-27 14:22:58,775] {processor.py:651} INFO - DAG(s) dict_keys(['example_branch_datetime_operator_2']) retrieved from /home/airflow/.local/lib/python3.7/site-packages/airflow/example_dags/example_branch_datetime_operator.py
[2023-10-27 14:22:58,801] {logging_mixin.py:115} INFO - [2023-10-27 14:22:58,800] {dag.py:2371} INFO - Sync 1 DAGs
[2023-10-27 14:22:58,968] {logging_mixin.py:115} INFO - [2023-10-27 14:22:58,968] {dag.py:2919} INFO - Setting next_dagrun for example_branch_datetime_operator_2 to 2023-10-26T00:00:00+00:00, run_after=2023-10-27T00:00:00+00:00
[2023-10-27 14:22:58,979] {processor.py:161} INFO - Processing /home/airflow/.local/lib/python3.7/site-packages/airflow/example_dags/example_branch_datetime_operator.py took 0.216 seconds
[2023-10-27 14:23:29,115] {processor.py:153} INFO - Started process (PID=480) to work on /home/airflow/.local/lib/python3.7/site-packages/airflow/example_dags/example_branch_datetime_operator.py
[2023-10-27 14:23:29,117] {processor.py:641} INFO - Processing file /home/airflow/.local/lib/python3.7/site-packages/airflow/example_dags/example_branch_datetime_operator.py for tasks to queue
[2023-10-27 14:23:29,117] {logging_mixin.py:115} INFO - [2023-10-27 14:23:29,117] {dagbag.py:507} INFO - Filling up the DagBag from /home/airflow/.local/lib/python3.7/site-packages/airflow/example_dags/example_branch_datetime_operator.py
[2023-10-27 14:23:29,142] {processor.py:651} INFO - DAG(s) dict_keys(['example_branch_datetime_operator_2']) retrieved from /home/airflow/.local/lib/python3.7/site-packages/airflow/example_dags/example_branch_datetime_operator.py
[2023-10-27 14:23:29,232] {logging_mixin.py:115} INFO - [2023-10-27 14:23:29,232] {dag.py:2371} INFO - Sync 1 DAGs
[2023-10-27 14:23:29,565] {logging_mixin.py:115} INFO - [2023-10-27 14:23:29,565] {dag.py:2919} INFO - Setting next_dagrun for example_branch_datetime_operator_2 to 2023-10-26T00:00:00+00:00, run_after=2023-10-27T00:00:00+00:00
[2023-10-27 14:23:29,595] {processor.py:161} INFO - Processing /home/airflow/.local/lib/python3.7/site-packages/airflow/example_dags/example_branch_datetime_operator.py took 0.492 seconds
[2023-10-27 14:23:59,949] {processor.py:153} INFO - Started process (PID=532) to work on /home/airflow/.local/lib/python3.7/site-packages/airflow/example_dags/example_branch_datetime_operator.py
[2023-10-27 14:23:59,950] {processor.py:641} INFO - Processing file /home/airflow/.local/lib/python3.7/site-packages/airflow/example_dags/example_branch_datetime_operator.py for tasks to queue
[2023-10-27 14:23:59,951] {logging_mixin.py:115} INFO - [2023-10-27 14:23:59,951] {dagbag.py:507} INFO - Filling up the DagBag from /home/airflow/.local/lib/python3.7/site-packages/airflow/example_dags/example_branch_datetime_operator.py
[2023-10-27 14:23:59,959] {processor.py:651} INFO - DAG(s) dict_keys(['example_branch_datetime_operator_2']) retrieved from /home/airflow/.local/lib/python3.7/site-packages/airflow/example_dags/example_branch_datetime_operator.py
[2023-10-27 14:23:59,990] {logging_mixin.py:115} INFO - [2023-10-27 14:23:59,989] {dag.py:2371} INFO - Sync 1 DAGs
[2023-10-27 14:24:00,187] {logging_mixin.py:115} INFO - [2023-10-27 14:24:00,187] {dag.py:2919} INFO - Setting next_dagrun for example_branch_datetime_operator_2 to 2023-10-26T00:00:00+00:00, run_after=2023-10-27T00:00:00+00:00
[2023-10-27 14:24:00,199] {processor.py:161} INFO - Processing /home/airflow/.local/lib/python3.7/site-packages/airflow/example_dags/example_branch_datetime_operator.py took 0.253 seconds
[2023-10-27 14:24:30,349] {processor.py:153} INFO - Started process (PID=591) to work on /home/airflow/.local/lib/python3.7/site-packages/airflow/example_dags/example_branch_datetime_operator.py
[2023-10-27 14:24:30,350] {processor.py:641} INFO - Processing file /home/airflow/.local/lib/python3.7/site-packages/airflow/example_dags/example_branch_datetime_operator.py for tasks to queue
[2023-10-27 14:24:30,351] {logging_mixin.py:115} INFO - [2023-10-27 14:24:30,351] {dagbag.py:507} INFO - Filling up the DagBag from /home/airflow/.local/lib/python3.7/site-packages/airflow/example_dags/example_branch_datetime_operator.py
[2023-10-27 14:24:30,391] {processor.py:651} INFO - DAG(s) dict_keys(['example_branch_datetime_operator_2']) retrieved from /home/airflow/.local/lib/python3.7/site-packages/airflow/example_dags/example_branch_datetime_operator.py
[2023-10-27 14:24:30,512] {logging_mixin.py:115} INFO - [2023-10-27 14:24:30,512] {dag.py:2371} INFO - Sync 1 DAGs
[2023-10-27 14:24:31,051] {logging_mixin.py:115} INFO - [2023-10-27 14:24:31,051] {dag.py:2919} INFO - Setting next_dagrun for example_branch_datetime_operator_2 to 2023-10-26T00:00:00+00:00, run_after=2023-10-27T00:00:00+00:00
[2023-10-27 14:24:31,077] {processor.py:161} INFO - Processing /home/airflow/.local/lib/python3.7/site-packages/airflow/example_dags/example_branch_datetime_operator.py took 0.739 seconds
[2023-10-27 14:25:01,344] {processor.py:153} INFO - Started process (PID=645) to work on /home/airflow/.local/lib/python3.7/site-packages/airflow/example_dags/example_branch_datetime_operator.py
[2023-10-27 14:25:01,345] {processor.py:641} INFO - Processing file /home/airflow/.local/lib/python3.7/site-packages/airflow/example_dags/example_branch_datetime_operator.py for tasks to queue
[2023-10-27 14:25:01,346] {logging_mixin.py:115} INFO - [2023-10-27 14:25:01,345] {dagbag.py:507} INFO - Filling up the DagBag from /home/airflow/.local/lib/python3.7/site-packages/airflow/example_dags/example_branch_datetime_operator.py
[2023-10-27 14:25:01,354] {processor.py:651} INFO - DAG(s) dict_keys(['example_branch_datetime_operator_2']) retrieved from /home/airflow/.local/lib/python3.7/site-packages/airflow/example_dags/example_branch_datetime_operator.py
[2023-10-27 14:25:01,388] {logging_mixin.py:115} INFO - [2023-10-27 14:25:01,388] {dag.py:2371} INFO - Sync 1 DAGs
[2023-10-27 14:25:01,566] {logging_mixin.py:115} INFO - [2023-10-27 14:25:01,566] {dag.py:2919} INFO - Setting next_dagrun for example_branch_datetime_operator_2 to 2023-10-26T00:00:00+00:00, run_after=2023-10-27T00:00:00+00:00
[2023-10-27 14:25:01,589] {processor.py:161} INFO - Processing /home/airflow/.local/lib/python3.7/site-packages/airflow/example_dags/example_branch_datetime_operator.py took 0.248 seconds
[2023-10-27 14:25:32,160] {processor.py:153} INFO - Started process (PID=697) to work on /home/airflow/.local/lib/python3.7/site-packages/airflow/example_dags/example_branch_datetime_operator.py
[2023-10-27 14:25:32,162] {processor.py:641} INFO - Processing file /home/airflow/.local/lib/python3.7/site-packages/airflow/example_dags/example_branch_datetime_operator.py for tasks to queue
[2023-10-27 14:25:32,163] {logging_mixin.py:115} INFO - [2023-10-27 14:25:32,162] {dagbag.py:507} INFO - Filling up the DagBag from /home/airflow/.local/lib/python3.7/site-packages/airflow/example_dags/example_branch_datetime_operator.py
[2023-10-27 14:25:32,171] {processor.py:651} INFO - DAG(s) dict_keys(['example_branch_datetime_operator_2']) retrieved from /home/airflow/.local/lib/python3.7/site-packages/airflow/example_dags/example_branch_datetime_operator.py
[2023-10-27 14:25:32,225] {logging_mixin.py:115} INFO - [2023-10-27 14:25:32,225] {dag.py:2371} INFO - Sync 1 DAGs
[2023-10-27 14:25:32,681] {logging_mixin.py:115} INFO - [2023-10-27 14:25:32,680] {dag.py:2919} INFO - Setting next_dagrun for example_branch_datetime_operator_2 to 2023-10-26T00:00:00+00:00, run_after=2023-10-27T00:00:00+00:00
[2023-10-27 14:25:32,728] {processor.py:161} INFO - Processing /home/airflow/.local/lib/python3.7/site-packages/airflow/example_dags/example_branch_datetime_operator.py took 0.574 seconds
[2023-10-27 14:26:03,040] {processor.py:153} INFO - Started process (PID=758) to work on /home/airflow/.local/lib/python3.7/site-packages/airflow/example_dags/example_branch_datetime_operator.py
[2023-10-27 14:26:03,041] {processor.py:641} INFO - Processing file /home/airflow/.local/lib/python3.7/site-packages/airflow/example_dags/example_branch_datetime_operator.py for tasks to queue
[2023-10-27 14:26:03,041] {logging_mixin.py:115} INFO - [2023-10-27 14:26:03,041] {dagbag.py:507} INFO - Filling up the DagBag from /home/airflow/.local/lib/python3.7/site-packages/airflow/example_dags/example_branch_datetime_operator.py
[2023-10-27 14:26:03,053] {processor.py:651} INFO - DAG(s) dict_keys(['example_branch_datetime_operator_2']) retrieved from /home/airflow/.local/lib/python3.7/site-packages/airflow/example_dags/example_branch_datetime_operator.py
[2023-10-27 14:26:03,084] {logging_mixin.py:115} INFO - [2023-10-27 14:26:03,084] {dag.py:2371} INFO - Sync 1 DAGs
[2023-10-27 14:26:03,249] {logging_mixin.py:115} INFO - [2023-10-27 14:26:03,249] {dag.py:2919} INFO - Setting next_dagrun for example_branch_datetime_operator_2 to 2023-10-26T00:00:00+00:00, run_after=2023-10-27T00:00:00+00:00
[2023-10-27 14:26:03,278] {processor.py:161} INFO - Processing /home/airflow/.local/lib/python3.7/site-packages/airflow/example_dags/example_branch_datetime_operator.py took 0.242 seconds
[2023-10-27 14:26:33,373] {processor.py:153} INFO - Started process (PID=817) to work on /home/airflow/.local/lib/python3.7/site-packages/airflow/example_dags/example_branch_datetime_operator.py
[2023-10-27 14:26:33,375] {processor.py:641} INFO - Processing file /home/airflow/.local/lib/python3.7/site-packages/airflow/example_dags/example_branch_datetime_operator.py for tasks to queue
[2023-10-27 14:26:33,376] {logging_mixin.py:115} INFO - [2023-10-27 14:26:33,376] {dagbag.py:507} INFO - Filling up the DagBag from /home/airflow/.local/lib/python3.7/site-packages/airflow/example_dags/example_branch_datetime_operator.py
[2023-10-27 14:26:33,419] {processor.py:651} INFO - DAG(s) dict_keys(['example_branch_datetime_operator_2']) retrieved from /home/airflow/.local/lib/python3.7/site-packages/airflow/example_dags/example_branch_datetime_operator.py
[2023-10-27 14:26:33,552] {logging_mixin.py:115} INFO - [2023-10-27 14:26:33,551] {dag.py:2371} INFO - Sync 1 DAGs
[2023-10-27 14:26:34,255] {logging_mixin.py:115} INFO - [2023-10-27 14:26:34,255] {dag.py:2919} INFO - Setting next_dagrun for example_branch_datetime_operator_2 to 2023-10-26T00:00:00+00:00, run_after=2023-10-27T00:00:00+00:00
[2023-10-27 14:26:34,316] {processor.py:161} INFO - Processing /home/airflow/.local/lib/python3.7/site-packages/airflow/example_dags/example_branch_datetime_operator.py took 0.955 seconds
[2023-10-27 14:27:04,863] {processor.py:153} INFO - Started process (PID=871) to work on /home/airflow/.local/lib/python3.7/site-packages/airflow/example_dags/example_branch_datetime_operator.py
[2023-10-27 14:27:04,865] {processor.py:641} INFO - Processing file /home/airflow/.local/lib/python3.7/site-packages/airflow/example_dags/example_branch_datetime_operator.py for tasks to queue
[2023-10-27 14:27:04,866] {logging_mixin.py:115} INFO - [2023-10-27 14:27:04,866] {dagbag.py:507} INFO - Filling up the DagBag from /home/airflow/.local/lib/python3.7/site-packages/airflow/example_dags/example_branch_datetime_operator.py
[2023-10-27 14:27:04,881] {processor.py:651} INFO - DAG(s) dict_keys(['example_branch_datetime_operator_2']) retrieved from /home/airflow/.local/lib/python3.7/site-packages/airflow/example_dags/example_branch_datetime_operator.py
[2023-10-27 14:27:04,911] {logging_mixin.py:115} INFO - [2023-10-27 14:27:04,911] {dag.py:2371} INFO - Sync 1 DAGs
[2023-10-27 14:27:05,159] {logging_mixin.py:115} INFO - [2023-10-27 14:27:05,159] {dag.py:2919} INFO - Setting next_dagrun for example_branch_datetime_operator_2 to 2023-10-26T00:00:00+00:00, run_after=2023-10-27T00:00:00+00:00
[2023-10-27 14:27:05,179] {processor.py:161} INFO - Processing /home/airflow/.local/lib/python3.7/site-packages/airflow/example_dags/example_branch_datetime_operator.py took 0.320 seconds
[2023-10-27 14:27:35,328] {processor.py:153} INFO - Started process (PID=932) to work on /home/airflow/.local/lib/python3.7/site-packages/airflow/example_dags/example_branch_datetime_operator.py
[2023-10-27 14:27:35,332] {processor.py:641} INFO - Processing file /home/airflow/.local/lib/python3.7/site-packages/airflow/example_dags/example_branch_datetime_operator.py for tasks to queue
[2023-10-27 14:27:35,333] {logging_mixin.py:115} INFO - [2023-10-27 14:27:35,333] {dagbag.py:507} INFO - Filling up the DagBag from /home/airflow/.local/lib/python3.7/site-packages/airflow/example_dags/example_branch_datetime_operator.py
[2023-10-27 14:27:35,345] {processor.py:651} INFO - DAG(s) dict_keys(['example_branch_datetime_operator_2']) retrieved from /home/airflow/.local/lib/python3.7/site-packages/airflow/example_dags/example_branch_datetime_operator.py
[2023-10-27 14:27:35,381] {logging_mixin.py:115} INFO - [2023-10-27 14:27:35,381] {dag.py:2371} INFO - Sync 1 DAGs
[2023-10-27 14:27:35,736] {logging_mixin.py:115} INFO - [2023-10-27 14:27:35,736] {dag.py:2919} INFO - Setting next_dagrun for example_branch_datetime_operator_2 to 2023-10-26T00:00:00+00:00, run_after=2023-10-27T00:00:00+00:00
[2023-10-27 14:27:35,756] {processor.py:161} INFO - Processing /home/airflow/.local/lib/python3.7/site-packages/airflow/example_dags/example_branch_datetime_operator.py took 0.434 seconds
[2023-10-27 14:28:06,574] {processor.py:153} INFO - Started process (PID=984) to work on /home/airflow/.local/lib/python3.7/site-packages/airflow/example_dags/example_branch_datetime_operator.py
[2023-10-27 14:28:06,575] {processor.py:641} INFO - Processing file /home/airflow/.local/lib/python3.7/site-packages/airflow/example_dags/example_branch_datetime_operator.py for tasks to queue
[2023-10-27 14:28:06,576] {logging_mixin.py:115} INFO - [2023-10-27 14:28:06,576] {dagbag.py:507} INFO - Filling up the DagBag from /home/airflow/.local/lib/python3.7/site-packages/airflow/example_dags/example_branch_datetime_operator.py
[2023-10-27 14:28:06,587] {processor.py:651} INFO - DAG(s) dict_keys(['example_branch_datetime_operator_2']) retrieved from /home/airflow/.local/lib/python3.7/site-packages/airflow/example_dags/example_branch_datetime_operator.py
[2023-10-27 14:28:06,620] {logging_mixin.py:115} INFO - [2023-10-27 14:28:06,620] {dag.py:2371} INFO - Sync 1 DAGs
[2023-10-27 14:28:06,838] {logging_mixin.py:115} INFO - [2023-10-27 14:28:06,837] {dag.py:2919} INFO - Setting next_dagrun for example_branch_datetime_operator_2 to 2023-10-26T00:00:00+00:00, run_after=2023-10-27T00:00:00+00:00
[2023-10-27 14:28:06,858] {processor.py:161} INFO - Processing /home/airflow/.local/lib/python3.7/site-packages/airflow/example_dags/example_branch_datetime_operator.py took 0.291 seconds
[2023-10-27 14:28:37,624] {processor.py:153} INFO - Started process (PID=1046) to work on /home/airflow/.local/lib/python3.7/site-packages/airflow/example_dags/example_branch_datetime_operator.py
[2023-10-27 14:28:37,626] {processor.py:641} INFO - Processing file /home/airflow/.local/lib/python3.7/site-packages/airflow/example_dags/example_branch_datetime_operator.py for tasks to queue
[2023-10-27 14:28:37,626] {logging_mixin.py:115} INFO - [2023-10-27 14:28:37,626] {dagbag.py:507} INFO - Filling up the DagBag from /home/airflow/.local/lib/python3.7/site-packages/airflow/example_dags/example_branch_datetime_operator.py
[2023-10-27 14:28:37,637] {processor.py:651} INFO - DAG(s) dict_keys(['example_branch_datetime_operator_2']) retrieved from /home/airflow/.local/lib/python3.7/site-packages/airflow/example_dags/example_branch_datetime_operator.py
[2023-10-27 14:28:37,694] {logging_mixin.py:115} INFO - [2023-10-27 14:28:37,694] {dag.py:2371} INFO - Sync 1 DAGs
[2023-10-27 14:28:38,226] {logging_mixin.py:115} INFO - [2023-10-27 14:28:38,225] {dag.py:2919} INFO - Setting next_dagrun for example_branch_datetime_operator_2 to 2023-10-26T00:00:00+00:00, run_after=2023-10-27T00:00:00+00:00
[2023-10-27 14:28:38,270] {processor.py:161} INFO - Processing /home/airflow/.local/lib/python3.7/site-packages/airflow/example_dags/example_branch_datetime_operator.py took 0.653 seconds
[2023-10-27 14:29:09,046] {processor.py:153} INFO - Started process (PID=1098) to work on /home/airflow/.local/lib/python3.7/site-packages/airflow/example_dags/example_branch_datetime_operator.py
[2023-10-27 14:29:09,047] {processor.py:641} INFO - Processing file /home/airflow/.local/lib/python3.7/site-packages/airflow/example_dags/example_branch_datetime_operator.py for tasks to queue
[2023-10-27 14:29:09,047] {logging_mixin.py:115} INFO - [2023-10-27 14:29:09,047] {dagbag.py:507} INFO - Filling up the DagBag from /home/airflow/.local/lib/python3.7/site-packages/airflow/example_dags/example_branch_datetime_operator.py
[2023-10-27 14:29:09,056] {processor.py:651} INFO - DAG(s) dict_keys(['example_branch_datetime_operator_2']) retrieved from /home/airflow/.local/lib/python3.7/site-packages/airflow/example_dags/example_branch_datetime_operator.py
[2023-10-27 14:29:09,086] {logging_mixin.py:115} INFO - [2023-10-27 14:29:09,086] {dag.py:2371} INFO - Sync 1 DAGs
[2023-10-27 14:29:09,262] {logging_mixin.py:115} INFO - [2023-10-27 14:29:09,262] {dag.py:2919} INFO - Setting next_dagrun for example_branch_datetime_operator_2 to 2023-10-26T00:00:00+00:00, run_after=2023-10-27T00:00:00+00:00
[2023-10-27 14:29:09,281] {processor.py:161} INFO - Processing /home/airflow/.local/lib/python3.7/site-packages/airflow/example_dags/example_branch_datetime_operator.py took 0.239 seconds
[2023-10-27 14:29:39,545] {processor.py:153} INFO - Started process (PID=1160) to work on /home/airflow/.local/lib/python3.7/site-packages/airflow/example_dags/example_branch_datetime_operator.py
[2023-10-27 14:29:39,546] {processor.py:641} INFO - Processing file /home/airflow/.local/lib/python3.7/site-packages/airflow/example_dags/example_branch_datetime_operator.py for tasks to queue
[2023-10-27 14:29:39,547] {logging_mixin.py:115} INFO - [2023-10-27 14:29:39,547] {dagbag.py:507} INFO - Filling up the DagBag from /home/airflow/.local/lib/python3.7/site-packages/airflow/example_dags/example_branch_datetime_operator.py
[2023-10-27 14:29:39,555] {processor.py:651} INFO - DAG(s) dict_keys(['example_branch_datetime_operator_2']) retrieved from /home/airflow/.local/lib/python3.7/site-packages/airflow/example_dags/example_branch_datetime_operator.py
[2023-10-27 14:29:39,587] {logging_mixin.py:115} INFO - [2023-10-27 14:29:39,587] {dag.py:2371} INFO - Sync 1 DAGs
[2023-10-27 14:29:39,761] {logging_mixin.py:115} INFO - [2023-10-27 14:29:39,761] {dag.py:2919} INFO - Setting next_dagrun for example_branch_datetime_operator_2 to 2023-10-26T00:00:00+00:00, run_after=2023-10-27T00:00:00+00:00
[2023-10-27 14:29:39,780] {processor.py:161} INFO - Processing /home/airflow/.local/lib/python3.7/site-packages/airflow/example_dags/example_branch_datetime_operator.py took 0.237 seconds
[2023-10-27 14:30:10,135] {processor.py:153} INFO - Started process (PID=1212) to work on /home/airflow/.local/lib/python3.7/site-packages/airflow/example_dags/example_branch_datetime_operator.py
[2023-10-27 14:30:10,136] {processor.py:641} INFO - Processing file /home/airflow/.local/lib/python3.7/site-packages/airflow/example_dags/example_branch_datetime_operator.py for tasks to queue
[2023-10-27 14:30:10,136] {logging_mixin.py:115} INFO - [2023-10-27 14:30:10,136] {dagbag.py:507} INFO - Filling up the DagBag from /home/airflow/.local/lib/python3.7/site-packages/airflow/example_dags/example_branch_datetime_operator.py
[2023-10-27 14:30:10,143] {processor.py:651} INFO - DAG(s) dict_keys(['example_branch_datetime_operator_2']) retrieved from /home/airflow/.local/lib/python3.7/site-packages/airflow/example_dags/example_branch_datetime_operator.py
[2023-10-27 14:30:10,177] {logging_mixin.py:115} INFO - [2023-10-27 14:30:10,177] {dag.py:2371} INFO - Sync 1 DAGs
[2023-10-27 14:30:10,197] {logging_mixin.py:115} INFO - [2023-10-27 14:30:10,197] {dag.py:2919} INFO - Setting next_dagrun for example_branch_datetime_operator_2 to 2023-10-26T00:00:00+00:00, run_after=2023-10-27T00:00:00+00:00
[2023-10-27 14:30:10,211] {processor.py:161} INFO - Processing /home/airflow/.local/lib/python3.7/site-packages/airflow/example_dags/example_branch_datetime_operator.py took 0.079 seconds
[2023-10-27 14:30:40,327] {processor.py:153} INFO - Started process (PID=1273) to work on /home/airflow/.local/lib/python3.7/site-packages/airflow/example_dags/example_branch_datetime_operator.py
[2023-10-27 14:30:40,328] {processor.py:641} INFO - Processing file /home/airflow/.local/lib/python3.7/site-packages/airflow/example_dags/example_branch_datetime_operator.py for tasks to queue
[2023-10-27 14:30:40,328] {logging_mixin.py:115} INFO - [2023-10-27 14:30:40,328] {dagbag.py:507} INFO - Filling up the DagBag from /home/airflow/.local/lib/python3.7/site-packages/airflow/example_dags/example_branch_datetime_operator.py
[2023-10-27 14:30:40,338] {processor.py:651} INFO - DAG(s) dict_keys(['example_branch_datetime_operator_2']) retrieved from /home/airflow/.local/lib/python3.7/site-packages/airflow/example_dags/example_branch_datetime_operator.py
[2023-10-27 14:30:40,368] {logging_mixin.py:115} INFO - [2023-10-27 14:30:40,368] {dag.py:2371} INFO - Sync 1 DAGs
[2023-10-27 14:30:40,391] {logging_mixin.py:115} INFO - [2023-10-27 14:30:40,391] {dag.py:2919} INFO - Setting next_dagrun for example_branch_datetime_operator_2 to 2023-10-26T00:00:00+00:00, run_after=2023-10-27T00:00:00+00:00
[2023-10-27 14:30:40,408] {processor.py:161} INFO - Processing /home/airflow/.local/lib/python3.7/site-packages/airflow/example_dags/example_branch_datetime_operator.py took 0.084 seconds
[2023-10-27 14:31:11,241] {processor.py:153} INFO - Started process (PID=1334) to work on /home/airflow/.local/lib/python3.7/site-packages/airflow/example_dags/example_branch_datetime_operator.py
[2023-10-27 14:31:11,242] {processor.py:641} INFO - Processing file /home/airflow/.local/lib/python3.7/site-packages/airflow/example_dags/example_branch_datetime_operator.py for tasks to queue
[2023-10-27 14:31:11,243] {logging_mixin.py:115} INFO - [2023-10-27 14:31:11,243] {dagbag.py:507} INFO - Filling up the DagBag from /home/airflow/.local/lib/python3.7/site-packages/airflow/example_dags/example_branch_datetime_operator.py
[2023-10-27 14:31:11,256] {processor.py:651} INFO - DAG(s) dict_keys(['example_branch_datetime_operator_2']) retrieved from /home/airflow/.local/lib/python3.7/site-packages/airflow/example_dags/example_branch_datetime_operator.py
[2023-10-27 14:31:11,287] {logging_mixin.py:115} INFO - [2023-10-27 14:31:11,287] {dag.py:2371} INFO - Sync 1 DAGs
[2023-10-27 14:31:11,316] {logging_mixin.py:115} INFO - [2023-10-27 14:31:11,316] {dag.py:2919} INFO - Setting next_dagrun for example_branch_datetime_operator_2 to 2023-10-26T00:00:00+00:00, run_after=2023-10-27T00:00:00+00:00
[2023-10-27 14:31:11,332] {processor.py:161} INFO - Processing /home/airflow/.local/lib/python3.7/site-packages/airflow/example_dags/example_branch_datetime_operator.py took 0.093 seconds
[2023-10-27 14:31:41,390] {processor.py:153} INFO - Started process (PID=1386) to work on /home/airflow/.local/lib/python3.7/site-packages/airflow/example_dags/example_branch_datetime_operator.py
[2023-10-27 14:31:41,393] {processor.py:641} INFO - Processing file /home/airflow/.local/lib/python3.7/site-packages/airflow/example_dags/example_branch_datetime_operator.py for tasks to queue
[2023-10-27 14:31:41,394] {logging_mixin.py:115} INFO - [2023-10-27 14:31:41,394] {dagbag.py:507} INFO - Filling up the DagBag from /home/airflow/.local/lib/python3.7/site-packages/airflow/example_dags/example_branch_datetime_operator.py
[2023-10-27 14:31:41,403] {processor.py:651} INFO - DAG(s) dict_keys(['example_branch_datetime_operator_2']) retrieved from /home/airflow/.local/lib/python3.7/site-packages/airflow/example_dags/example_branch_datetime_operator.py
[2023-10-27 14:31:41,431] {logging_mixin.py:115} INFO - [2023-10-27 14:31:41,431] {dag.py:2371} INFO - Sync 1 DAGs
[2023-10-27 14:31:41,457] {logging_mixin.py:115} INFO - [2023-10-27 14:31:41,457] {dag.py:2919} INFO - Setting next_dagrun for example_branch_datetime_operator_2 to 2023-10-26T00:00:00+00:00, run_after=2023-10-27T00:00:00+00:00
[2023-10-27 14:31:41,472] {processor.py:161} INFO - Processing /home/airflow/.local/lib/python3.7/site-packages/airflow/example_dags/example_branch_datetime_operator.py took 0.086 seconds
