[2023-10-27 14:19:40,207] {processor.py:153} INFO - Started process (PID=49) to work on /home/airflow/.local/lib/python3.7/site-packages/airflow/example_dags/example_xcom.py
[2023-10-27 14:19:40,207] {processor.py:641} INFO - Processing file /home/airflow/.local/lib/python3.7/site-packages/airflow/example_dags/example_xcom.py for tasks to queue
[2023-10-27 14:19:40,208] {logging_mixin.py:115} INFO - [2023-10-27 14:19:40,208] {dagbag.py:507} INFO - Filling up the DagBag from /home/airflow/.local/lib/python3.7/site-packages/airflow/example_dags/example_xcom.py
[2023-10-27 14:19:40,275] {processor.py:651} INFO - DAG(s) dict_keys(['example_xcom']) retrieved from /home/airflow/.local/lib/python3.7/site-packages/airflow/example_dags/example_xcom.py
[2023-10-27 14:19:40,748] {logging_mixin.py:115} INFO - [2023-10-27 14:19:40,748] {manager.py:508} INFO - Created Permission View: can delete on DAG:example_xcom
[2023-10-27 14:19:40,781] {logging_mixin.py:115} INFO - [2023-10-27 14:19:40,781] {manager.py:508} INFO - Created Permission View: can edit on DAG:example_xcom
[2023-10-27 14:19:40,797] {logging_mixin.py:115} INFO - [2023-10-27 14:19:40,797] {manager.py:508} INFO - Created Permission View: can read on DAG:example_xcom
[2023-10-27 14:19:40,797] {logging_mixin.py:115} INFO - [2023-10-27 14:19:40,797] {dag.py:2371} INFO - Sync 1 DAGs
[2023-10-27 14:19:40,808] {logging_mixin.py:115} INFO - [2023-10-27 14:19:40,807] {dag.py:2390} INFO - Creating ORM DAG for example_xcom
[2023-10-27 14:19:40,835] {logging_mixin.py:115} INFO - [2023-10-27 14:19:40,835] {dag.py:2919} INFO - Setting next_dagrun for example_xcom to 2021-01-01T00:00:00+00:00, run_after=2021-01-01T00:00:00+00:00
[2023-10-27 14:19:40,857] {processor.py:161} INFO - Processing /home/airflow/.local/lib/python3.7/site-packages/airflow/example_dags/example_xcom.py took 0.655 seconds
[2023-10-27 14:20:11,736] {processor.py:153} INFO - Started process (PID=101) to work on /home/airflow/.local/lib/python3.7/site-packages/airflow/example_dags/example_xcom.py
[2023-10-27 14:20:11,739] {processor.py:641} INFO - Processing file /home/airflow/.local/lib/python3.7/site-packages/airflow/example_dags/example_xcom.py for tasks to queue
[2023-10-27 14:20:11,739] {logging_mixin.py:115} INFO - [2023-10-27 14:20:11,739] {dagbag.py:507} INFO - Filling up the DagBag from /home/airflow/.local/lib/python3.7/site-packages/airflow/example_dags/example_xcom.py
[2023-10-27 14:20:11,763] {processor.py:651} INFO - DAG(s) dict_keys(['example_xcom']) retrieved from /home/airflow/.local/lib/python3.7/site-packages/airflow/example_dags/example_xcom.py
[2023-10-27 14:20:11,996] {logging_mixin.py:115} INFO - [2023-10-27 14:20:11,996] {dag.py:2371} INFO - Sync 1 DAGs
[2023-10-27 14:20:12,016] {logging_mixin.py:115} INFO - [2023-10-27 14:20:12,016] {dag.py:2919} INFO - Setting next_dagrun for example_xcom to 2021-01-01T00:00:00+00:00, run_after=2021-01-01T00:00:00+00:00
[2023-10-27 14:20:12,031] {processor.py:161} INFO - Processing /home/airflow/.local/lib/python3.7/site-packages/airflow/example_dags/example_xcom.py took 0.299 seconds
[2023-10-27 14:20:42,290] {processor.py:153} INFO - Started process (PID=162) to work on /home/airflow/.local/lib/python3.7/site-packages/airflow/example_dags/example_xcom.py
[2023-10-27 14:20:42,291] {processor.py:641} INFO - Processing file /home/airflow/.local/lib/python3.7/site-packages/airflow/example_dags/example_xcom.py for tasks to queue
[2023-10-27 14:20:42,291] {logging_mixin.py:115} INFO - [2023-10-27 14:20:42,291] {dagbag.py:507} INFO - Filling up the DagBag from /home/airflow/.local/lib/python3.7/site-packages/airflow/example_dags/example_xcom.py
[2023-10-27 14:20:42,316] {processor.py:651} INFO - DAG(s) dict_keys(['example_xcom']) retrieved from /home/airflow/.local/lib/python3.7/site-packages/airflow/example_dags/example_xcom.py
[2023-10-27 14:20:42,540] {logging_mixin.py:115} INFO - [2023-10-27 14:20:42,539] {dag.py:2371} INFO - Sync 1 DAGs
[2023-10-27 14:20:42,558] {logging_mixin.py:115} INFO - [2023-10-27 14:20:42,558] {dag.py:2919} INFO - Setting next_dagrun for example_xcom to 2021-01-01T00:00:00+00:00, run_after=2021-01-01T00:00:00+00:00
[2023-10-27 14:20:42,576] {processor.py:161} INFO - Processing /home/airflow/.local/lib/python3.7/site-packages/airflow/example_dags/example_xcom.py took 0.290 seconds
[2023-10-27 14:21:12,794] {processor.py:153} INFO - Started process (PID=215) to work on /home/airflow/.local/lib/python3.7/site-packages/airflow/example_dags/example_xcom.py
[2023-10-27 14:21:12,795] {processor.py:641} INFO - Processing file /home/airflow/.local/lib/python3.7/site-packages/airflow/example_dags/example_xcom.py for tasks to queue
[2023-10-27 14:21:12,796] {logging_mixin.py:115} INFO - [2023-10-27 14:21:12,796] {dagbag.py:507} INFO - Filling up the DagBag from /home/airflow/.local/lib/python3.7/site-packages/airflow/example_dags/example_xcom.py
[2023-10-27 14:21:12,814] {processor.py:651} INFO - DAG(s) dict_keys(['example_xcom']) retrieved from /home/airflow/.local/lib/python3.7/site-packages/airflow/example_dags/example_xcom.py
[2023-10-27 14:21:12,985] {logging_mixin.py:115} INFO - [2023-10-27 14:21:12,984] {dag.py:2371} INFO - Sync 1 DAGs
[2023-10-27 14:21:12,999] {logging_mixin.py:115} INFO - [2023-10-27 14:21:12,999] {dag.py:2919} INFO - Setting next_dagrun for example_xcom to 2021-01-01T00:00:00+00:00, run_after=2021-01-01T00:00:00+00:00
[2023-10-27 14:21:13,017] {processor.py:161} INFO - Processing /home/airflow/.local/lib/python3.7/site-packages/airflow/example_dags/example_xcom.py took 0.225 seconds
[2023-10-27 14:21:43,320] {processor.py:153} INFO - Started process (PID=276) to work on /home/airflow/.local/lib/python3.7/site-packages/airflow/example_dags/example_xcom.py
[2023-10-27 14:21:43,323] {processor.py:641} INFO - Processing file /home/airflow/.local/lib/python3.7/site-packages/airflow/example_dags/example_xcom.py for tasks to queue
[2023-10-27 14:21:43,324] {logging_mixin.py:115} INFO - [2023-10-27 14:21:43,323] {dagbag.py:507} INFO - Filling up the DagBag from /home/airflow/.local/lib/python3.7/site-packages/airflow/example_dags/example_xcom.py
[2023-10-27 14:21:43,401] {processor.py:651} INFO - DAG(s) dict_keys(['example_xcom']) retrieved from /home/airflow/.local/lib/python3.7/site-packages/airflow/example_dags/example_xcom.py
[2023-10-27 14:21:43,801] {logging_mixin.py:115} INFO - [2023-10-27 14:21:43,801] {dag.py:2371} INFO - Sync 1 DAGs
[2023-10-27 14:21:43,830] {logging_mixin.py:115} INFO - [2023-10-27 14:21:43,830] {dag.py:2919} INFO - Setting next_dagrun for example_xcom to 2021-01-01T00:00:00+00:00, run_after=2021-01-01T00:00:00+00:00
[2023-10-27 14:21:43,863] {processor.py:161} INFO - Processing /home/airflow/.local/lib/python3.7/site-packages/airflow/example_dags/example_xcom.py took 0.547 seconds
[2023-10-27 14:22:13,918] {processor.py:153} INFO - Started process (PID=328) to work on /home/airflow/.local/lib/python3.7/site-packages/airflow/example_dags/example_xcom.py
[2023-10-27 14:22:13,919] {processor.py:641} INFO - Processing file /home/airflow/.local/lib/python3.7/site-packages/airflow/example_dags/example_xcom.py for tasks to queue
[2023-10-27 14:22:13,919] {logging_mixin.py:115} INFO - [2023-10-27 14:22:13,919] {dagbag.py:507} INFO - Filling up the DagBag from /home/airflow/.local/lib/python3.7/site-packages/airflow/example_dags/example_xcom.py
[2023-10-27 14:22:13,939] {processor.py:651} INFO - DAG(s) dict_keys(['example_xcom']) retrieved from /home/airflow/.local/lib/python3.7/site-packages/airflow/example_dags/example_xcom.py
[2023-10-27 14:22:14,148] {logging_mixin.py:115} INFO - [2023-10-27 14:22:14,148] {dag.py:2371} INFO - Sync 1 DAGs
[2023-10-27 14:22:14,164] {logging_mixin.py:115} INFO - [2023-10-27 14:22:14,164] {dag.py:2919} INFO - Setting next_dagrun for example_xcom to 2021-01-01T00:00:00+00:00, run_after=2021-01-01T00:00:00+00:00
[2023-10-27 14:22:14,178] {processor.py:161} INFO - Processing /home/airflow/.local/lib/python3.7/site-packages/airflow/example_dags/example_xcom.py took 0.263 seconds
[2023-10-27 14:22:44,708] {processor.py:153} INFO - Started process (PID=389) to work on /home/airflow/.local/lib/python3.7/site-packages/airflow/example_dags/example_xcom.py
[2023-10-27 14:22:44,710] {processor.py:641} INFO - Processing file /home/airflow/.local/lib/python3.7/site-packages/airflow/example_dags/example_xcom.py for tasks to queue
[2023-10-27 14:22:44,711] {logging_mixin.py:115} INFO - [2023-10-27 14:22:44,710] {dagbag.py:507} INFO - Filling up the DagBag from /home/airflow/.local/lib/python3.7/site-packages/airflow/example_dags/example_xcom.py
[2023-10-27 14:22:44,731] {processor.py:651} INFO - DAG(s) dict_keys(['example_xcom']) retrieved from /home/airflow/.local/lib/python3.7/site-packages/airflow/example_dags/example_xcom.py
[2023-10-27 14:22:44,945] {logging_mixin.py:115} INFO - [2023-10-27 14:22:44,945] {dag.py:2371} INFO - Sync 1 DAGs
[2023-10-27 14:22:44,965] {logging_mixin.py:115} INFO - [2023-10-27 14:22:44,965] {dag.py:2919} INFO - Setting next_dagrun for example_xcom to 2021-01-01T00:00:00+00:00, run_after=2021-01-01T00:00:00+00:00
[2023-10-27 14:22:44,980] {processor.py:161} INFO - Processing /home/airflow/.local/lib/python3.7/site-packages/airflow/example_dags/example_xcom.py took 0.274 seconds
[2023-10-27 14:23:15,256] {processor.py:153} INFO - Started process (PID=441) to work on /home/airflow/.local/lib/python3.7/site-packages/airflow/example_dags/example_xcom.py
[2023-10-27 14:23:15,258] {processor.py:641} INFO - Processing file /home/airflow/.local/lib/python3.7/site-packages/airflow/example_dags/example_xcom.py for tasks to queue
[2023-10-27 14:23:15,259] {logging_mixin.py:115} INFO - [2023-10-27 14:23:15,259] {dagbag.py:507} INFO - Filling up the DagBag from /home/airflow/.local/lib/python3.7/site-packages/airflow/example_dags/example_xcom.py
[2023-10-27 14:23:15,281] {processor.py:651} INFO - DAG(s) dict_keys(['example_xcom']) retrieved from /home/airflow/.local/lib/python3.7/site-packages/airflow/example_dags/example_xcom.py
[2023-10-27 14:23:15,475] {logging_mixin.py:115} INFO - [2023-10-27 14:23:15,475] {dag.py:2371} INFO - Sync 1 DAGs
[2023-10-27 14:23:15,491] {logging_mixin.py:115} INFO - [2023-10-27 14:23:15,491] {dag.py:2919} INFO - Setting next_dagrun for example_xcom to 2021-01-01T00:00:00+00:00, run_after=2021-01-01T00:00:00+00:00
[2023-10-27 14:23:15,509] {processor.py:161} INFO - Processing /home/airflow/.local/lib/python3.7/site-packages/airflow/example_dags/example_xcom.py took 0.256 seconds
[2023-10-27 14:23:45,763] {processor.py:153} INFO - Started process (PID=503) to work on /home/airflow/.local/lib/python3.7/site-packages/airflow/example_dags/example_xcom.py
[2023-10-27 14:23:45,764] {processor.py:641} INFO - Processing file /home/airflow/.local/lib/python3.7/site-packages/airflow/example_dags/example_xcom.py for tasks to queue
[2023-10-27 14:23:45,764] {logging_mixin.py:115} INFO - [2023-10-27 14:23:45,764] {dagbag.py:507} INFO - Filling up the DagBag from /home/airflow/.local/lib/python3.7/site-packages/airflow/example_dags/example_xcom.py
[2023-10-27 14:23:45,791] {processor.py:651} INFO - DAG(s) dict_keys(['example_xcom']) retrieved from /home/airflow/.local/lib/python3.7/site-packages/airflow/example_dags/example_xcom.py
[2023-10-27 14:23:46,092] {logging_mixin.py:115} INFO - [2023-10-27 14:23:46,092] {dag.py:2371} INFO - Sync 1 DAGs
[2023-10-27 14:23:46,109] {logging_mixin.py:115} INFO - [2023-10-27 14:23:46,109] {dag.py:2919} INFO - Setting next_dagrun for example_xcom to 2021-01-01T00:00:00+00:00, run_after=2021-01-01T00:00:00+00:00
[2023-10-27 14:23:46,126] {processor.py:161} INFO - Processing /home/airflow/.local/lib/python3.7/site-packages/airflow/example_dags/example_xcom.py took 0.366 seconds
[2023-10-27 14:24:16,522] {processor.py:153} INFO - Started process (PID=562) to work on /home/airflow/.local/lib/python3.7/site-packages/airflow/example_dags/example_xcom.py
[2023-10-27 14:24:16,523] {processor.py:641} INFO - Processing file /home/airflow/.local/lib/python3.7/site-packages/airflow/example_dags/example_xcom.py for tasks to queue
[2023-10-27 14:24:16,525] {logging_mixin.py:115} INFO - [2023-10-27 14:24:16,525] {dagbag.py:507} INFO - Filling up the DagBag from /home/airflow/.local/lib/python3.7/site-packages/airflow/example_dags/example_xcom.py
[2023-10-27 14:24:16,549] {processor.py:651} INFO - DAG(s) dict_keys(['example_xcom']) retrieved from /home/airflow/.local/lib/python3.7/site-packages/airflow/example_dags/example_xcom.py
[2023-10-27 14:24:17,044] {logging_mixin.py:115} INFO - [2023-10-27 14:24:17,044] {dag.py:2371} INFO - Sync 1 DAGs
[2023-10-27 14:24:17,074] {logging_mixin.py:115} INFO - [2023-10-27 14:24:17,073] {dag.py:2919} INFO - Setting next_dagrun for example_xcom to 2021-01-01T00:00:00+00:00, run_after=2021-01-01T00:00:00+00:00
[2023-10-27 14:24:17,108] {processor.py:161} INFO - Processing /home/airflow/.local/lib/python3.7/site-packages/airflow/example_dags/example_xcom.py took 0.590 seconds
[2023-10-27 14:24:47,619] {processor.py:153} INFO - Started process (PID=616) to work on /home/airflow/.local/lib/python3.7/site-packages/airflow/example_dags/example_xcom.py
[2023-10-27 14:24:47,620] {processor.py:641} INFO - Processing file /home/airflow/.local/lib/python3.7/site-packages/airflow/example_dags/example_xcom.py for tasks to queue
[2023-10-27 14:24:47,620] {logging_mixin.py:115} INFO - [2023-10-27 14:24:47,620] {dagbag.py:507} INFO - Filling up the DagBag from /home/airflow/.local/lib/python3.7/site-packages/airflow/example_dags/example_xcom.py
[2023-10-27 14:24:47,649] {processor.py:651} INFO - DAG(s) dict_keys(['example_xcom']) retrieved from /home/airflow/.local/lib/python3.7/site-packages/airflow/example_dags/example_xcom.py
[2023-10-27 14:24:47,887] {logging_mixin.py:115} INFO - [2023-10-27 14:24:47,887] {dag.py:2371} INFO - Sync 1 DAGs
[2023-10-27 14:24:47,910] {logging_mixin.py:115} INFO - [2023-10-27 14:24:47,910] {dag.py:2919} INFO - Setting next_dagrun for example_xcom to 2021-01-01T00:00:00+00:00, run_after=2021-01-01T00:00:00+00:00
[2023-10-27 14:24:47,931] {processor.py:161} INFO - Processing /home/airflow/.local/lib/python3.7/site-packages/airflow/example_dags/example_xcom.py took 0.319 seconds
[2023-10-27 14:25:18,282] {processor.py:153} INFO - Started process (PID=669) to work on /home/airflow/.local/lib/python3.7/site-packages/airflow/example_dags/example_xcom.py
[2023-10-27 14:25:18,283] {processor.py:641} INFO - Processing file /home/airflow/.local/lib/python3.7/site-packages/airflow/example_dags/example_xcom.py for tasks to queue
[2023-10-27 14:25:18,284] {logging_mixin.py:115} INFO - [2023-10-27 14:25:18,283] {dagbag.py:507} INFO - Filling up the DagBag from /home/airflow/.local/lib/python3.7/site-packages/airflow/example_dags/example_xcom.py
[2023-10-27 14:25:18,313] {processor.py:651} INFO - DAG(s) dict_keys(['example_xcom']) retrieved from /home/airflow/.local/lib/python3.7/site-packages/airflow/example_dags/example_xcom.py
[2023-10-27 14:25:18,493] {logging_mixin.py:115} INFO - [2023-10-27 14:25:18,493] {dag.py:2371} INFO - Sync 1 DAGs
[2023-10-27 14:25:18,513] {logging_mixin.py:115} INFO - [2023-10-27 14:25:18,513] {dag.py:2919} INFO - Setting next_dagrun for example_xcom to 2021-01-01T00:00:00+00:00, run_after=2021-01-01T00:00:00+00:00
[2023-10-27 14:25:18,531] {processor.py:161} INFO - Processing /home/airflow/.local/lib/python3.7/site-packages/airflow/example_dags/example_xcom.py took 0.252 seconds
[2023-10-27 14:25:48,696] {processor.py:153} INFO - Started process (PID=730) to work on /home/airflow/.local/lib/python3.7/site-packages/airflow/example_dags/example_xcom.py
[2023-10-27 14:25:48,697] {processor.py:641} INFO - Processing file /home/airflow/.local/lib/python3.7/site-packages/airflow/example_dags/example_xcom.py for tasks to queue
[2023-10-27 14:25:48,699] {logging_mixin.py:115} INFO - [2023-10-27 14:25:48,698] {dagbag.py:507} INFO - Filling up the DagBag from /home/airflow/.local/lib/python3.7/site-packages/airflow/example_dags/example_xcom.py
[2023-10-27 14:25:48,729] {processor.py:651} INFO - DAG(s) dict_keys(['example_xcom']) retrieved from /home/airflow/.local/lib/python3.7/site-packages/airflow/example_dags/example_xcom.py
[2023-10-27 14:25:48,909] {logging_mixin.py:115} INFO - [2023-10-27 14:25:48,909] {dag.py:2371} INFO - Sync 1 DAGs
[2023-10-27 14:25:48,928] {logging_mixin.py:115} INFO - [2023-10-27 14:25:48,928] {dag.py:2919} INFO - Setting next_dagrun for example_xcom to 2021-01-01T00:00:00+00:00, run_after=2021-01-01T00:00:00+00:00
[2023-10-27 14:25:48,939] {processor.py:161} INFO - Processing /home/airflow/.local/lib/python3.7/site-packages/airflow/example_dags/example_xcom.py took 0.248 seconds
[2023-10-27 14:26:19,143] {processor.py:153} INFO - Started process (PID=782) to work on /home/airflow/.local/lib/python3.7/site-packages/airflow/example_dags/example_xcom.py
[2023-10-27 14:26:19,144] {processor.py:641} INFO - Processing file /home/airflow/.local/lib/python3.7/site-packages/airflow/example_dags/example_xcom.py for tasks to queue
[2023-10-27 14:26:19,145] {logging_mixin.py:115} INFO - [2023-10-27 14:26:19,145] {dagbag.py:507} INFO - Filling up the DagBag from /home/airflow/.local/lib/python3.7/site-packages/airflow/example_dags/example_xcom.py
[2023-10-27 14:26:19,170] {processor.py:651} INFO - DAG(s) dict_keys(['example_xcom']) retrieved from /home/airflow/.local/lib/python3.7/site-packages/airflow/example_dags/example_xcom.py
[2023-10-27 14:26:19,366] {logging_mixin.py:115} INFO - [2023-10-27 14:26:19,365] {dag.py:2371} INFO - Sync 1 DAGs
[2023-10-27 14:26:19,382] {logging_mixin.py:115} INFO - [2023-10-27 14:26:19,382] {dag.py:2919} INFO - Setting next_dagrun for example_xcom to 2021-01-01T00:00:00+00:00, run_after=2021-01-01T00:00:00+00:00
[2023-10-27 14:26:19,401] {processor.py:161} INFO - Processing /home/airflow/.local/lib/python3.7/site-packages/airflow/example_dags/example_xcom.py took 0.262 seconds
[2023-10-27 14:26:49,511] {processor.py:153} INFO - Started process (PID=843) to work on /home/airflow/.local/lib/python3.7/site-packages/airflow/example_dags/example_xcom.py
[2023-10-27 14:26:49,512] {processor.py:641} INFO - Processing file /home/airflow/.local/lib/python3.7/site-packages/airflow/example_dags/example_xcom.py for tasks to queue
[2023-10-27 14:26:49,512] {logging_mixin.py:115} INFO - [2023-10-27 14:26:49,512] {dagbag.py:507} INFO - Filling up the DagBag from /home/airflow/.local/lib/python3.7/site-packages/airflow/example_dags/example_xcom.py
[2023-10-27 14:26:49,532] {processor.py:651} INFO - DAG(s) dict_keys(['example_xcom']) retrieved from /home/airflow/.local/lib/python3.7/site-packages/airflow/example_dags/example_xcom.py
[2023-10-27 14:26:49,718] {logging_mixin.py:115} INFO - [2023-10-27 14:26:49,718] {dag.py:2371} INFO - Sync 1 DAGs
[2023-10-27 14:26:49,737] {logging_mixin.py:115} INFO - [2023-10-27 14:26:49,737] {dag.py:2919} INFO - Setting next_dagrun for example_xcom to 2021-01-01T00:00:00+00:00, run_after=2021-01-01T00:00:00+00:00
[2023-10-27 14:26:49,758] {processor.py:161} INFO - Processing /home/airflow/.local/lib/python3.7/site-packages/airflow/example_dags/example_xcom.py took 0.251 seconds
[2023-10-27 14:27:19,789] {processor.py:153} INFO - Started process (PID=895) to work on /home/airflow/.local/lib/python3.7/site-packages/airflow/example_dags/example_xcom.py
[2023-10-27 14:27:19,790] {processor.py:641} INFO - Processing file /home/airflow/.local/lib/python3.7/site-packages/airflow/example_dags/example_xcom.py for tasks to queue
[2023-10-27 14:27:19,791] {logging_mixin.py:115} INFO - [2023-10-27 14:27:19,791] {dagbag.py:507} INFO - Filling up the DagBag from /home/airflow/.local/lib/python3.7/site-packages/airflow/example_dags/example_xcom.py
[2023-10-27 14:27:19,817] {processor.py:651} INFO - DAG(s) dict_keys(['example_xcom']) retrieved from /home/airflow/.local/lib/python3.7/site-packages/airflow/example_dags/example_xcom.py
[2023-10-27 14:27:19,984] {logging_mixin.py:115} INFO - [2023-10-27 14:27:19,984] {dag.py:2371} INFO - Sync 1 DAGs
[2023-10-27 14:27:20,000] {logging_mixin.py:115} INFO - [2023-10-27 14:27:20,000] {dag.py:2919} INFO - Setting next_dagrun for example_xcom to 2021-01-01T00:00:00+00:00, run_after=2021-01-01T00:00:00+00:00
[2023-10-27 14:27:20,016] {processor.py:161} INFO - Processing /home/airflow/.local/lib/python3.7/site-packages/airflow/example_dags/example_xcom.py took 0.229 seconds
[2023-10-27 14:27:50,416] {processor.py:153} INFO - Started process (PID=955) to work on /home/airflow/.local/lib/python3.7/site-packages/airflow/example_dags/example_xcom.py
[2023-10-27 14:27:50,417] {processor.py:641} INFO - Processing file /home/airflow/.local/lib/python3.7/site-packages/airflow/example_dags/example_xcom.py for tasks to queue
[2023-10-27 14:27:50,418] {logging_mixin.py:115} INFO - [2023-10-27 14:27:50,418] {dagbag.py:507} INFO - Filling up the DagBag from /home/airflow/.local/lib/python3.7/site-packages/airflow/example_dags/example_xcom.py
[2023-10-27 14:27:50,446] {processor.py:651} INFO - DAG(s) dict_keys(['example_xcom']) retrieved from /home/airflow/.local/lib/python3.7/site-packages/airflow/example_dags/example_xcom.py
[2023-10-27 14:27:50,631] {logging_mixin.py:115} INFO - [2023-10-27 14:27:50,631] {dag.py:2371} INFO - Sync 1 DAGs
[2023-10-27 14:27:50,655] {logging_mixin.py:115} INFO - [2023-10-27 14:27:50,655] {dag.py:2919} INFO - Setting next_dagrun for example_xcom to 2021-01-01T00:00:00+00:00, run_after=2021-01-01T00:00:00+00:00
[2023-10-27 14:27:50,669] {processor.py:161} INFO - Processing /home/airflow/.local/lib/python3.7/site-packages/airflow/example_dags/example_xcom.py took 0.256 seconds
[2023-10-27 14:28:20,905] {processor.py:153} INFO - Started process (PID=1007) to work on /home/airflow/.local/lib/python3.7/site-packages/airflow/example_dags/example_xcom.py
[2023-10-27 14:28:20,906] {processor.py:641} INFO - Processing file /home/airflow/.local/lib/python3.7/site-packages/airflow/example_dags/example_xcom.py for tasks to queue
[2023-10-27 14:28:20,907] {logging_mixin.py:115} INFO - [2023-10-27 14:28:20,907] {dagbag.py:507} INFO - Filling up the DagBag from /home/airflow/.local/lib/python3.7/site-packages/airflow/example_dags/example_xcom.py
[2023-10-27 14:28:20,937] {processor.py:651} INFO - DAG(s) dict_keys(['example_xcom']) retrieved from /home/airflow/.local/lib/python3.7/site-packages/airflow/example_dags/example_xcom.py
[2023-10-27 14:28:21,125] {logging_mixin.py:115} INFO - [2023-10-27 14:28:21,125] {dag.py:2371} INFO - Sync 1 DAGs
[2023-10-27 14:28:21,142] {logging_mixin.py:115} INFO - [2023-10-27 14:28:21,141] {dag.py:2919} INFO - Setting next_dagrun for example_xcom to 2021-01-01T00:00:00+00:00, run_after=2021-01-01T00:00:00+00:00
[2023-10-27 14:28:21,158] {processor.py:161} INFO - Processing /home/airflow/.local/lib/python3.7/site-packages/airflow/example_dags/example_xcom.py took 0.257 seconds
[2023-10-27 14:28:51,607] {processor.py:153} INFO - Started process (PID=1069) to work on /home/airflow/.local/lib/python3.7/site-packages/airflow/example_dags/example_xcom.py
[2023-10-27 14:28:51,608] {processor.py:641} INFO - Processing file /home/airflow/.local/lib/python3.7/site-packages/airflow/example_dags/example_xcom.py for tasks to queue
[2023-10-27 14:28:51,609] {logging_mixin.py:115} INFO - [2023-10-27 14:28:51,609] {dagbag.py:507} INFO - Filling up the DagBag from /home/airflow/.local/lib/python3.7/site-packages/airflow/example_dags/example_xcom.py
[2023-10-27 14:28:51,630] {processor.py:651} INFO - DAG(s) dict_keys(['example_xcom']) retrieved from /home/airflow/.local/lib/python3.7/site-packages/airflow/example_dags/example_xcom.py
[2023-10-27 14:28:51,817] {logging_mixin.py:115} INFO - [2023-10-27 14:28:51,817] {dag.py:2371} INFO - Sync 1 DAGs
[2023-10-27 14:28:51,834] {logging_mixin.py:115} INFO - [2023-10-27 14:28:51,834] {dag.py:2919} INFO - Setting next_dagrun for example_xcom to 2021-01-01T00:00:00+00:00, run_after=2021-01-01T00:00:00+00:00
[2023-10-27 14:28:51,851] {processor.py:161} INFO - Processing /home/airflow/.local/lib/python3.7/site-packages/airflow/example_dags/example_xcom.py took 0.247 seconds
[2023-10-27 14:29:22,015] {processor.py:153} INFO - Started process (PID=1121) to work on /home/airflow/.local/lib/python3.7/site-packages/airflow/example_dags/example_xcom.py
[2023-10-27 14:29:22,017] {processor.py:641} INFO - Processing file /home/airflow/.local/lib/python3.7/site-packages/airflow/example_dags/example_xcom.py for tasks to queue
[2023-10-27 14:29:22,017] {logging_mixin.py:115} INFO - [2023-10-27 14:29:22,017] {dagbag.py:507} INFO - Filling up the DagBag from /home/airflow/.local/lib/python3.7/site-packages/airflow/example_dags/example_xcom.py
[2023-10-27 14:29:22,041] {processor.py:651} INFO - DAG(s) dict_keys(['example_xcom']) retrieved from /home/airflow/.local/lib/python3.7/site-packages/airflow/example_dags/example_xcom.py
[2023-10-27 14:29:22,225] {logging_mixin.py:115} INFO - [2023-10-27 14:29:22,225] {dag.py:2371} INFO - Sync 1 DAGs
[2023-10-27 14:29:22,243] {logging_mixin.py:115} INFO - [2023-10-27 14:29:22,243] {dag.py:2919} INFO - Setting next_dagrun for example_xcom to 2021-01-01T00:00:00+00:00, run_after=2021-01-01T00:00:00+00:00
[2023-10-27 14:29:22,255] {processor.py:161} INFO - Processing /home/airflow/.local/lib/python3.7/site-packages/airflow/example_dags/example_xcom.py took 0.242 seconds
[2023-10-27 14:29:52,813] {processor.py:153} INFO - Started process (PID=1183) to work on /home/airflow/.local/lib/python3.7/site-packages/airflow/example_dags/example_xcom.py
[2023-10-27 14:29:52,814] {processor.py:641} INFO - Processing file /home/airflow/.local/lib/python3.7/site-packages/airflow/example_dags/example_xcom.py for tasks to queue
[2023-10-27 14:29:52,815] {logging_mixin.py:115} INFO - [2023-10-27 14:29:52,815] {dagbag.py:507} INFO - Filling up the DagBag from /home/airflow/.local/lib/python3.7/site-packages/airflow/example_dags/example_xcom.py
[2023-10-27 14:29:52,834] {processor.py:651} INFO - DAG(s) dict_keys(['example_xcom']) retrieved from /home/airflow/.local/lib/python3.7/site-packages/airflow/example_dags/example_xcom.py
[2023-10-27 14:29:52,900] {logging_mixin.py:115} INFO - [2023-10-27 14:29:52,900] {dag.py:2371} INFO - Sync 1 DAGs
[2023-10-27 14:29:52,918] {logging_mixin.py:115} INFO - [2023-10-27 14:29:52,918] {dag.py:2919} INFO - Setting next_dagrun for example_xcom to 2021-01-01T00:00:00+00:00, run_after=2021-01-01T00:00:00+00:00
[2023-10-27 14:29:52,938] {processor.py:161} INFO - Processing /home/airflow/.local/lib/python3.7/site-packages/airflow/example_dags/example_xcom.py took 0.127 seconds
[2023-10-27 14:30:23,187] {processor.py:153} INFO - Started process (PID=1235) to work on /home/airflow/.local/lib/python3.7/site-packages/airflow/example_dags/example_xcom.py
[2023-10-27 14:30:23,188] {processor.py:641} INFO - Processing file /home/airflow/.local/lib/python3.7/site-packages/airflow/example_dags/example_xcom.py for tasks to queue
[2023-10-27 14:30:23,189] {logging_mixin.py:115} INFO - [2023-10-27 14:30:23,188] {dagbag.py:507} INFO - Filling up the DagBag from /home/airflow/.local/lib/python3.7/site-packages/airflow/example_dags/example_xcom.py
[2023-10-27 14:30:23,208] {processor.py:651} INFO - DAG(s) dict_keys(['example_xcom']) retrieved from /home/airflow/.local/lib/python3.7/site-packages/airflow/example_dags/example_xcom.py
[2023-10-27 14:30:23,276] {logging_mixin.py:115} INFO - [2023-10-27 14:30:23,276] {dag.py:2371} INFO - Sync 1 DAGs
[2023-10-27 14:30:23,296] {logging_mixin.py:115} INFO - [2023-10-27 14:30:23,296] {dag.py:2919} INFO - Setting next_dagrun for example_xcom to 2021-01-01T00:00:00+00:00, run_after=2021-01-01T00:00:00+00:00
[2023-10-27 14:30:23,314] {processor.py:161} INFO - Processing /home/airflow/.local/lib/python3.7/site-packages/airflow/example_dags/example_xcom.py took 0.129 seconds
[2023-10-27 14:30:54,191] {processor.py:153} INFO - Started process (PID=1296) to work on /home/airflow/.local/lib/python3.7/site-packages/airflow/example_dags/example_xcom.py
[2023-10-27 14:30:54,192] {processor.py:641} INFO - Processing file /home/airflow/.local/lib/python3.7/site-packages/airflow/example_dags/example_xcom.py for tasks to queue
[2023-10-27 14:30:54,193] {logging_mixin.py:115} INFO - [2023-10-27 14:30:54,193] {dagbag.py:507} INFO - Filling up the DagBag from /home/airflow/.local/lib/python3.7/site-packages/airflow/example_dags/example_xcom.py
[2023-10-27 14:30:54,218] {processor.py:651} INFO - DAG(s) dict_keys(['example_xcom']) retrieved from /home/airflow/.local/lib/python3.7/site-packages/airflow/example_dags/example_xcom.py
[2023-10-27 14:30:54,279] {logging_mixin.py:115} INFO - [2023-10-27 14:30:54,279] {dag.py:2371} INFO - Sync 1 DAGs
[2023-10-27 14:30:54,298] {logging_mixin.py:115} INFO - [2023-10-27 14:30:54,297] {dag.py:2919} INFO - Setting next_dagrun for example_xcom to 2021-01-01T00:00:00+00:00, run_after=2021-01-01T00:00:00+00:00
[2023-10-27 14:30:54,315] {processor.py:161} INFO - Processing /home/airflow/.local/lib/python3.7/site-packages/airflow/example_dags/example_xcom.py took 0.127 seconds
[2023-10-27 14:31:25,153] {processor.py:153} INFO - Started process (PID=1357) to work on /home/airflow/.local/lib/python3.7/site-packages/airflow/example_dags/example_xcom.py
[2023-10-27 14:31:25,154] {processor.py:641} INFO - Processing file /home/airflow/.local/lib/python3.7/site-packages/airflow/example_dags/example_xcom.py for tasks to queue
[2023-10-27 14:31:25,155] {logging_mixin.py:115} INFO - [2023-10-27 14:31:25,154] {dagbag.py:507} INFO - Filling up the DagBag from /home/airflow/.local/lib/python3.7/site-packages/airflow/example_dags/example_xcom.py
[2023-10-27 14:31:25,173] {processor.py:651} INFO - DAG(s) dict_keys(['example_xcom']) retrieved from /home/airflow/.local/lib/python3.7/site-packages/airflow/example_dags/example_xcom.py
[2023-10-27 14:31:25,238] {logging_mixin.py:115} INFO - [2023-10-27 14:31:25,237] {dag.py:2371} INFO - Sync 1 DAGs
[2023-10-27 14:31:25,259] {logging_mixin.py:115} INFO - [2023-10-27 14:31:25,259] {dag.py:2919} INFO - Setting next_dagrun for example_xcom to 2021-01-01T00:00:00+00:00, run_after=2021-01-01T00:00:00+00:00
[2023-10-27 14:31:25,275] {processor.py:161} INFO - Processing /home/airflow/.local/lib/python3.7/site-packages/airflow/example_dags/example_xcom.py took 0.125 seconds
