[2023-10-27 14:19:54,064] {processor.py:153} INFO - Started process (PID=79) to work on /home/airflow/.local/lib/python3.7/site-packages/airflow/example_dags/example_task_group_decorator.py
[2023-10-27 14:19:54,065] {processor.py:641} INFO - Processing file /home/airflow/.local/lib/python3.7/site-packages/airflow/example_dags/example_task_group_decorator.py for tasks to queue
[2023-10-27 14:19:54,066] {logging_mixin.py:115} INFO - [2023-10-27 14:19:54,066] {dagbag.py:507} INFO - Filling up the DagBag from /home/airflow/.local/lib/python3.7/site-packages/airflow/example_dags/example_task_group_decorator.py
[2023-10-27 14:19:54,168] {processor.py:651} INFO - DAG(s) dict_keys(['example_task_group_decorator']) retrieved from /home/airflow/.local/lib/python3.7/site-packages/airflow/example_dags/example_task_group_decorator.py
[2023-10-27 14:19:54,751] {logging_mixin.py:115} INFO - [2023-10-27 14:19:54,750] {manager.py:508} INFO - Created Permission View: can delete on DAG:example_task_group_decorator
[2023-10-27 14:19:54,765] {logging_mixin.py:115} INFO - [2023-10-27 14:19:54,765] {manager.py:508} INFO - Created Permission View: can edit on DAG:example_task_group_decorator
[2023-10-27 14:19:54,780] {logging_mixin.py:115} INFO - [2023-10-27 14:19:54,780] {manager.py:508} INFO - Created Permission View: can read on DAG:example_task_group_decorator
[2023-10-27 14:19:54,780] {logging_mixin.py:115} INFO - [2023-10-27 14:19:54,780] {dag.py:2371} INFO - Sync 1 DAGs
[2023-10-27 14:19:54,794] {logging_mixin.py:115} INFO - [2023-10-27 14:19:54,793] {dag.py:2390} INFO - Creating ORM DAG for example_task_group_decorator
[2023-10-27 14:19:54,828] {logging_mixin.py:115} INFO - [2023-10-27 14:19:54,828] {dag.py:2919} INFO - Setting next_dagrun for example_task_group_decorator to 2023-10-26T14:19:54.828161+00:00, run_after=2023-10-27T14:19:54.828161+00:00
[2023-10-27 14:19:54,856] {processor.py:161} INFO - Processing /home/airflow/.local/lib/python3.7/site-packages/airflow/example_dags/example_task_group_decorator.py took 0.797 seconds
[2023-10-27 14:20:25,620] {processor.py:153} INFO - Started process (PID=131) to work on /home/airflow/.local/lib/python3.7/site-packages/airflow/example_dags/example_task_group_decorator.py
[2023-10-27 14:20:25,623] {processor.py:641} INFO - Processing file /home/airflow/.local/lib/python3.7/site-packages/airflow/example_dags/example_task_group_decorator.py for tasks to queue
[2023-10-27 14:20:25,623] {logging_mixin.py:115} INFO - [2023-10-27 14:20:25,623] {dagbag.py:507} INFO - Filling up the DagBag from /home/airflow/.local/lib/python3.7/site-packages/airflow/example_dags/example_task_group_decorator.py
[2023-10-27 14:20:25,651] {processor.py:651} INFO - DAG(s) dict_keys(['example_task_group_decorator']) retrieved from /home/airflow/.local/lib/python3.7/site-packages/airflow/example_dags/example_task_group_decorator.py
[2023-10-27 14:20:25,855] {logging_mixin.py:115} INFO - [2023-10-27 14:20:25,855] {dag.py:2371} INFO - Sync 1 DAGs
[2023-10-27 14:20:25,873] {logging_mixin.py:115} INFO - [2023-10-27 14:20:25,872] {dag.py:2919} INFO - Setting next_dagrun for example_task_group_decorator to 2023-10-26T14:20:25.872770+00:00, run_after=2023-10-27T14:20:25.872770+00:00
[2023-10-27 14:20:25,893] {processor.py:161} INFO - Processing /home/airflow/.local/lib/python3.7/site-packages/airflow/example_dags/example_task_group_decorator.py took 0.275 seconds
[2023-10-27 14:20:56,128] {processor.py:153} INFO - Started process (PID=192) to work on /home/airflow/.local/lib/python3.7/site-packages/airflow/example_dags/example_task_group_decorator.py
[2023-10-27 14:20:56,129] {processor.py:641} INFO - Processing file /home/airflow/.local/lib/python3.7/site-packages/airflow/example_dags/example_task_group_decorator.py for tasks to queue
[2023-10-27 14:20:56,130] {logging_mixin.py:115} INFO - [2023-10-27 14:20:56,129] {dagbag.py:507} INFO - Filling up the DagBag from /home/airflow/.local/lib/python3.7/site-packages/airflow/example_dags/example_task_group_decorator.py
[2023-10-27 14:20:56,162] {processor.py:651} INFO - DAG(s) dict_keys(['example_task_group_decorator']) retrieved from /home/airflow/.local/lib/python3.7/site-packages/airflow/example_dags/example_task_group_decorator.py
[2023-10-27 14:20:56,395] {logging_mixin.py:115} INFO - [2023-10-27 14:20:56,395] {dag.py:2371} INFO - Sync 1 DAGs
[2023-10-27 14:20:56,411] {logging_mixin.py:115} INFO - [2023-10-27 14:20:56,410] {dag.py:2919} INFO - Setting next_dagrun for example_task_group_decorator to 2023-10-26T14:20:56.410824+00:00, run_after=2023-10-27T14:20:56.410824+00:00
[2023-10-27 14:20:56,428] {processor.py:161} INFO - Processing /home/airflow/.local/lib/python3.7/site-packages/airflow/example_dags/example_task_group_decorator.py took 0.303 seconds
[2023-10-27 14:21:26,570] {processor.py:153} INFO - Started process (PID=251) to work on /home/airflow/.local/lib/python3.7/site-packages/airflow/example_dags/example_task_group_decorator.py
[2023-10-27 14:21:26,571] {processor.py:641} INFO - Processing file /home/airflow/.local/lib/python3.7/site-packages/airflow/example_dags/example_task_group_decorator.py for tasks to queue
[2023-10-27 14:21:26,571] {logging_mixin.py:115} INFO - [2023-10-27 14:21:26,571] {dagbag.py:507} INFO - Filling up the DagBag from /home/airflow/.local/lib/python3.7/site-packages/airflow/example_dags/example_task_group_decorator.py
[2023-10-27 14:21:26,618] {processor.py:651} INFO - DAG(s) dict_keys(['example_task_group_decorator']) retrieved from /home/airflow/.local/lib/python3.7/site-packages/airflow/example_dags/example_task_group_decorator.py
[2023-10-27 14:21:26,905] {logging_mixin.py:115} INFO - [2023-10-27 14:21:26,905] {dag.py:2371} INFO - Sync 1 DAGs
[2023-10-27 14:21:26,947] {logging_mixin.py:115} INFO - [2023-10-27 14:21:26,947] {dag.py:2919} INFO - Setting next_dagrun for example_task_group_decorator to 2023-10-26T14:21:26.946922+00:00, run_after=2023-10-27T14:21:26.946922+00:00
[2023-10-27 14:21:26,985] {processor.py:161} INFO - Processing /home/airflow/.local/lib/python3.7/site-packages/airflow/example_dags/example_task_group_decorator.py took 0.419 seconds
[2023-10-27 14:21:57,984] {processor.py:153} INFO - Started process (PID=307) to work on /home/airflow/.local/lib/python3.7/site-packages/airflow/example_dags/example_task_group_decorator.py
[2023-10-27 14:21:57,985] {processor.py:641} INFO - Processing file /home/airflow/.local/lib/python3.7/site-packages/airflow/example_dags/example_task_group_decorator.py for tasks to queue
[2023-10-27 14:21:57,986] {logging_mixin.py:115} INFO - [2023-10-27 14:21:57,986] {dagbag.py:507} INFO - Filling up the DagBag from /home/airflow/.local/lib/python3.7/site-packages/airflow/example_dags/example_task_group_decorator.py
[2023-10-27 14:21:58,031] {processor.py:651} INFO - DAG(s) dict_keys(['example_task_group_decorator']) retrieved from /home/airflow/.local/lib/python3.7/site-packages/airflow/example_dags/example_task_group_decorator.py
[2023-10-27 14:21:58,305] {logging_mixin.py:115} INFO - [2023-10-27 14:21:58,305] {dag.py:2371} INFO - Sync 1 DAGs
[2023-10-27 14:21:58,325] {logging_mixin.py:115} INFO - [2023-10-27 14:21:58,325] {dag.py:2919} INFO - Setting next_dagrun for example_task_group_decorator to 2023-10-26T14:21:58.325447+00:00, run_after=2023-10-27T14:21:58.325447+00:00
[2023-10-27 14:21:58,339] {processor.py:161} INFO - Processing /home/airflow/.local/lib/python3.7/site-packages/airflow/example_dags/example_task_group_decorator.py took 0.361 seconds
[2023-10-27 14:22:29,133] {processor.py:153} INFO - Started process (PID=359) to work on /home/airflow/.local/lib/python3.7/site-packages/airflow/example_dags/example_task_group_decorator.py
[2023-10-27 14:22:29,134] {processor.py:641} INFO - Processing file /home/airflow/.local/lib/python3.7/site-packages/airflow/example_dags/example_task_group_decorator.py for tasks to queue
[2023-10-27 14:22:29,135] {logging_mixin.py:115} INFO - [2023-10-27 14:22:29,135] {dagbag.py:507} INFO - Filling up the DagBag from /home/airflow/.local/lib/python3.7/site-packages/airflow/example_dags/example_task_group_decorator.py
[2023-10-27 14:22:29,171] {processor.py:651} INFO - DAG(s) dict_keys(['example_task_group_decorator']) retrieved from /home/airflow/.local/lib/python3.7/site-packages/airflow/example_dags/example_task_group_decorator.py
[2023-10-27 14:22:29,413] {logging_mixin.py:115} INFO - [2023-10-27 14:22:29,412] {dag.py:2371} INFO - Sync 1 DAGs
[2023-10-27 14:22:29,430] {logging_mixin.py:115} INFO - [2023-10-27 14:22:29,430] {dag.py:2919} INFO - Setting next_dagrun for example_task_group_decorator to 2023-10-26T14:22:29.429819+00:00, run_after=2023-10-27T14:22:29.429819+00:00
[2023-10-27 14:22:29,445] {processor.py:161} INFO - Processing /home/airflow/.local/lib/python3.7/site-packages/airflow/example_dags/example_task_group_decorator.py took 0.314 seconds
[2023-10-27 14:23:00,006] {processor.py:153} INFO - Started process (PID=420) to work on /home/airflow/.local/lib/python3.7/site-packages/airflow/example_dags/example_task_group_decorator.py
[2023-10-27 14:23:00,008] {processor.py:641} INFO - Processing file /home/airflow/.local/lib/python3.7/site-packages/airflow/example_dags/example_task_group_decorator.py for tasks to queue
[2023-10-27 14:23:00,008] {logging_mixin.py:115} INFO - [2023-10-27 14:23:00,008] {dagbag.py:507} INFO - Filling up the DagBag from /home/airflow/.local/lib/python3.7/site-packages/airflow/example_dags/example_task_group_decorator.py
[2023-10-27 14:23:00,043] {processor.py:651} INFO - DAG(s) dict_keys(['example_task_group_decorator']) retrieved from /home/airflow/.local/lib/python3.7/site-packages/airflow/example_dags/example_task_group_decorator.py
[2023-10-27 14:23:00,243] {logging_mixin.py:115} INFO - [2023-10-27 14:23:00,243] {dag.py:2371} INFO - Sync 1 DAGs
[2023-10-27 14:23:00,260] {logging_mixin.py:115} INFO - [2023-10-27 14:23:00,260] {dag.py:2919} INFO - Setting next_dagrun for example_task_group_decorator to 2023-10-26T14:23:00.259697+00:00, run_after=2023-10-27T14:23:00.259697+00:00
[2023-10-27 14:23:00,279] {processor.py:161} INFO - Processing /home/airflow/.local/lib/python3.7/site-packages/airflow/example_dags/example_task_group_decorator.py took 0.276 seconds
[2023-10-27 14:23:30,640] {processor.py:153} INFO - Started process (PID=483) to work on /home/airflow/.local/lib/python3.7/site-packages/airflow/example_dags/example_task_group_decorator.py
[2023-10-27 14:23:30,641] {processor.py:641} INFO - Processing file /home/airflow/.local/lib/python3.7/site-packages/airflow/example_dags/example_task_group_decorator.py for tasks to queue
[2023-10-27 14:23:30,642] {logging_mixin.py:115} INFO - [2023-10-27 14:23:30,642] {dagbag.py:507} INFO - Filling up the DagBag from /home/airflow/.local/lib/python3.7/site-packages/airflow/example_dags/example_task_group_decorator.py
[2023-10-27 14:23:30,696] {processor.py:651} INFO - DAG(s) dict_keys(['example_task_group_decorator']) retrieved from /home/airflow/.local/lib/python3.7/site-packages/airflow/example_dags/example_task_group_decorator.py
[2023-10-27 14:23:30,968] {logging_mixin.py:115} INFO - [2023-10-27 14:23:30,968] {dag.py:2371} INFO - Sync 1 DAGs
[2023-10-27 14:23:30,989] {logging_mixin.py:115} INFO - [2023-10-27 14:23:30,988] {dag.py:2919} INFO - Setting next_dagrun for example_task_group_decorator to 2023-10-26T14:23:30.988517+00:00, run_after=2023-10-27T14:23:30.988517+00:00
[2023-10-27 14:23:31,002] {processor.py:161} INFO - Processing /home/airflow/.local/lib/python3.7/site-packages/airflow/example_dags/example_task_group_decorator.py took 0.365 seconds
[2023-10-27 14:24:01,205] {processor.py:153} INFO - Started process (PID=533) to work on /home/airflow/.local/lib/python3.7/site-packages/airflow/example_dags/example_task_group_decorator.py
[2023-10-27 14:24:01,206] {processor.py:641} INFO - Processing file /home/airflow/.local/lib/python3.7/site-packages/airflow/example_dags/example_task_group_decorator.py for tasks to queue
[2023-10-27 14:24:01,207] {logging_mixin.py:115} INFO - [2023-10-27 14:24:01,207] {dagbag.py:507} INFO - Filling up the DagBag from /home/airflow/.local/lib/python3.7/site-packages/airflow/example_dags/example_task_group_decorator.py
[2023-10-27 14:24:01,236] {processor.py:651} INFO - DAG(s) dict_keys(['example_task_group_decorator']) retrieved from /home/airflow/.local/lib/python3.7/site-packages/airflow/example_dags/example_task_group_decorator.py
[2023-10-27 14:24:01,448] {logging_mixin.py:115} INFO - [2023-10-27 14:24:01,447] {dag.py:2371} INFO - Sync 1 DAGs
[2023-10-27 14:24:01,466] {logging_mixin.py:115} INFO - [2023-10-27 14:24:01,465] {dag.py:2919} INFO - Setting next_dagrun for example_task_group_decorator to 2023-10-26T14:24:01.465807+00:00, run_after=2023-10-27T14:24:01.465807+00:00
[2023-10-27 14:24:01,480] {processor.py:161} INFO - Processing /home/airflow/.local/lib/python3.7/site-packages/airflow/example_dags/example_task_group_decorator.py took 0.281 seconds
[2023-10-27 14:24:32,114] {processor.py:153} INFO - Started process (PID=594) to work on /home/airflow/.local/lib/python3.7/site-packages/airflow/example_dags/example_task_group_decorator.py
[2023-10-27 14:24:32,115] {processor.py:641} INFO - Processing file /home/airflow/.local/lib/python3.7/site-packages/airflow/example_dags/example_task_group_decorator.py for tasks to queue
[2023-10-27 14:24:32,116] {logging_mixin.py:115} INFO - [2023-10-27 14:24:32,115] {dagbag.py:507} INFO - Filling up the DagBag from /home/airflow/.local/lib/python3.7/site-packages/airflow/example_dags/example_task_group_decorator.py
[2023-10-27 14:24:32,142] {processor.py:651} INFO - DAG(s) dict_keys(['example_task_group_decorator']) retrieved from /home/airflow/.local/lib/python3.7/site-packages/airflow/example_dags/example_task_group_decorator.py
[2023-10-27 14:24:32,471] {logging_mixin.py:115} INFO - [2023-10-27 14:24:32,470] {dag.py:2371} INFO - Sync 1 DAGs
[2023-10-27 14:24:32,497] {logging_mixin.py:115} INFO - [2023-10-27 14:24:32,497] {dag.py:2919} INFO - Setting next_dagrun for example_task_group_decorator to 2023-10-26T14:24:32.497336+00:00, run_after=2023-10-27T14:24:32.497336+00:00
[2023-10-27 14:24:32,527] {processor.py:161} INFO - Processing /home/airflow/.local/lib/python3.7/site-packages/airflow/example_dags/example_task_group_decorator.py took 0.416 seconds
[2023-10-27 14:25:02,609] {processor.py:153} INFO - Started process (PID=646) to work on /home/airflow/.local/lib/python3.7/site-packages/airflow/example_dags/example_task_group_decorator.py
[2023-10-27 14:25:02,612] {processor.py:641} INFO - Processing file /home/airflow/.local/lib/python3.7/site-packages/airflow/example_dags/example_task_group_decorator.py for tasks to queue
[2023-10-27 14:25:02,612] {logging_mixin.py:115} INFO - [2023-10-27 14:25:02,612] {dagbag.py:507} INFO - Filling up the DagBag from /home/airflow/.local/lib/python3.7/site-packages/airflow/example_dags/example_task_group_decorator.py
[2023-10-27 14:25:02,650] {processor.py:651} INFO - DAG(s) dict_keys(['example_task_group_decorator']) retrieved from /home/airflow/.local/lib/python3.7/site-packages/airflow/example_dags/example_task_group_decorator.py
[2023-10-27 14:25:02,894] {logging_mixin.py:115} INFO - [2023-10-27 14:25:02,894] {dag.py:2371} INFO - Sync 1 DAGs
[2023-10-27 14:25:02,912] {logging_mixin.py:115} INFO - [2023-10-27 14:25:02,911] {dag.py:2919} INFO - Setting next_dagrun for example_task_group_decorator to 2023-10-26T14:25:02.911741+00:00, run_after=2023-10-27T14:25:02.911741+00:00
[2023-10-27 14:25:02,932] {processor.py:161} INFO - Processing /home/airflow/.local/lib/python3.7/site-packages/airflow/example_dags/example_task_group_decorator.py took 0.325 seconds
[2023-10-27 14:25:33,767] {processor.py:153} INFO - Started process (PID=707) to work on /home/airflow/.local/lib/python3.7/site-packages/airflow/example_dags/example_task_group_decorator.py
[2023-10-27 14:25:33,768] {processor.py:641} INFO - Processing file /home/airflow/.local/lib/python3.7/site-packages/airflow/example_dags/example_task_group_decorator.py for tasks to queue
[2023-10-27 14:25:33,768] {logging_mixin.py:115} INFO - [2023-10-27 14:25:33,768] {dagbag.py:507} INFO - Filling up the DagBag from /home/airflow/.local/lib/python3.7/site-packages/airflow/example_dags/example_task_group_decorator.py
[2023-10-27 14:25:33,804] {processor.py:651} INFO - DAG(s) dict_keys(['example_task_group_decorator']) retrieved from /home/airflow/.local/lib/python3.7/site-packages/airflow/example_dags/example_task_group_decorator.py
[2023-10-27 14:25:34,068] {logging_mixin.py:115} INFO - [2023-10-27 14:25:34,068] {dag.py:2371} INFO - Sync 1 DAGs
[2023-10-27 14:25:34,093] {logging_mixin.py:115} INFO - [2023-10-27 14:25:34,093] {dag.py:2919} INFO - Setting next_dagrun for example_task_group_decorator to 2023-10-26T14:25:34.092995+00:00, run_after=2023-10-27T14:25:34.092995+00:00
[2023-10-27 14:25:34,110] {processor.py:161} INFO - Processing /home/airflow/.local/lib/python3.7/site-packages/airflow/example_dags/example_task_group_decorator.py took 0.346 seconds
[2023-10-27 14:26:04,315] {processor.py:153} INFO - Started process (PID=759) to work on /home/airflow/.local/lib/python3.7/site-packages/airflow/example_dags/example_task_group_decorator.py
[2023-10-27 14:26:04,316] {processor.py:641} INFO - Processing file /home/airflow/.local/lib/python3.7/site-packages/airflow/example_dags/example_task_group_decorator.py for tasks to queue
[2023-10-27 14:26:04,317] {logging_mixin.py:115} INFO - [2023-10-27 14:26:04,317] {dagbag.py:507} INFO - Filling up the DagBag from /home/airflow/.local/lib/python3.7/site-packages/airflow/example_dags/example_task_group_decorator.py
[2023-10-27 14:26:04,355] {processor.py:651} INFO - DAG(s) dict_keys(['example_task_group_decorator']) retrieved from /home/airflow/.local/lib/python3.7/site-packages/airflow/example_dags/example_task_group_decorator.py
[2023-10-27 14:26:04,884] {logging_mixin.py:115} INFO - [2023-10-27 14:26:04,884] {dag.py:2371} INFO - Sync 1 DAGs
[2023-10-27 14:26:04,943] {logging_mixin.py:115} INFO - [2023-10-27 14:26:04,943] {dag.py:2919} INFO - Setting next_dagrun for example_task_group_decorator to 2023-10-26T14:26:04.943093+00:00, run_after=2023-10-27T14:26:04.943093+00:00
[2023-10-27 14:26:04,990] {processor.py:161} INFO - Processing /home/airflow/.local/lib/python3.7/site-packages/airflow/example_dags/example_task_group_decorator.py took 0.681 seconds
[2023-10-27 14:26:35,362] {processor.py:153} INFO - Started process (PID=820) to work on /home/airflow/.local/lib/python3.7/site-packages/airflow/example_dags/example_task_group_decorator.py
[2023-10-27 14:26:35,363] {processor.py:641} INFO - Processing file /home/airflow/.local/lib/python3.7/site-packages/airflow/example_dags/example_task_group_decorator.py for tasks to queue
[2023-10-27 14:26:35,363] {logging_mixin.py:115} INFO - [2023-10-27 14:26:35,363] {dagbag.py:507} INFO - Filling up the DagBag from /home/airflow/.local/lib/python3.7/site-packages/airflow/example_dags/example_task_group_decorator.py
[2023-10-27 14:26:35,410] {processor.py:651} INFO - DAG(s) dict_keys(['example_task_group_decorator']) retrieved from /home/airflow/.local/lib/python3.7/site-packages/airflow/example_dags/example_task_group_decorator.py
[2023-10-27 14:26:35,877] {logging_mixin.py:115} INFO - [2023-10-27 14:26:35,877] {dag.py:2371} INFO - Sync 1 DAGs
[2023-10-27 14:26:35,973] {logging_mixin.py:115} INFO - [2023-10-27 14:26:35,973] {dag.py:2919} INFO - Setting next_dagrun for example_task_group_decorator to 2023-10-26T14:26:35.973280+00:00, run_after=2023-10-27T14:26:35.973280+00:00
[2023-10-27 14:26:36,031] {processor.py:161} INFO - Processing /home/airflow/.local/lib/python3.7/site-packages/airflow/example_dags/example_task_group_decorator.py took 0.674 seconds
[2023-10-27 14:27:06,099] {processor.py:153} INFO - Started process (PID=872) to work on /home/airflow/.local/lib/python3.7/site-packages/airflow/example_dags/example_task_group_decorator.py
[2023-10-27 14:27:06,100] {processor.py:641} INFO - Processing file /home/airflow/.local/lib/python3.7/site-packages/airflow/example_dags/example_task_group_decorator.py for tasks to queue
[2023-10-27 14:27:06,101] {logging_mixin.py:115} INFO - [2023-10-27 14:27:06,101] {dagbag.py:507} INFO - Filling up the DagBag from /home/airflow/.local/lib/python3.7/site-packages/airflow/example_dags/example_task_group_decorator.py
[2023-10-27 14:27:06,138] {processor.py:651} INFO - DAG(s) dict_keys(['example_task_group_decorator']) retrieved from /home/airflow/.local/lib/python3.7/site-packages/airflow/example_dags/example_task_group_decorator.py
[2023-10-27 14:27:06,369] {logging_mixin.py:115} INFO - [2023-10-27 14:27:06,369] {dag.py:2371} INFO - Sync 1 DAGs
[2023-10-27 14:27:06,384] {logging_mixin.py:115} INFO - [2023-10-27 14:27:06,384] {dag.py:2919} INFO - Setting next_dagrun for example_task_group_decorator to 2023-10-26T14:27:06.384132+00:00, run_after=2023-10-27T14:27:06.384132+00:00
[2023-10-27 14:27:06,403] {processor.py:161} INFO - Processing /home/airflow/.local/lib/python3.7/site-packages/airflow/example_dags/example_task_group_decorator.py took 0.308 seconds
[2023-10-27 14:27:36,796] {processor.py:153} INFO - Started process (PID=933) to work on /home/airflow/.local/lib/python3.7/site-packages/airflow/example_dags/example_task_group_decorator.py
[2023-10-27 14:27:36,797] {processor.py:641} INFO - Processing file /home/airflow/.local/lib/python3.7/site-packages/airflow/example_dags/example_task_group_decorator.py for tasks to queue
[2023-10-27 14:27:36,797] {logging_mixin.py:115} INFO - [2023-10-27 14:27:36,797] {dagbag.py:507} INFO - Filling up the DagBag from /home/airflow/.local/lib/python3.7/site-packages/airflow/example_dags/example_task_group_decorator.py
[2023-10-27 14:27:36,845] {processor.py:651} INFO - DAG(s) dict_keys(['example_task_group_decorator']) retrieved from /home/airflow/.local/lib/python3.7/site-packages/airflow/example_dags/example_task_group_decorator.py
[2023-10-27 14:27:37,112] {logging_mixin.py:115} INFO - [2023-10-27 14:27:37,112] {dag.py:2371} INFO - Sync 1 DAGs
[2023-10-27 14:27:37,135] {logging_mixin.py:115} INFO - [2023-10-27 14:27:37,134] {dag.py:2919} INFO - Setting next_dagrun for example_task_group_decorator to 2023-10-26T14:27:37.134718+00:00, run_after=2023-10-27T14:27:37.134718+00:00
[2023-10-27 14:27:37,152] {processor.py:161} INFO - Processing /home/airflow/.local/lib/python3.7/site-packages/airflow/example_dags/example_task_group_decorator.py took 0.359 seconds
[2023-10-27 14:28:07,586] {processor.py:153} INFO - Started process (PID=985) to work on /home/airflow/.local/lib/python3.7/site-packages/airflow/example_dags/example_task_group_decorator.py
[2023-10-27 14:28:07,587] {processor.py:641} INFO - Processing file /home/airflow/.local/lib/python3.7/site-packages/airflow/example_dags/example_task_group_decorator.py for tasks to queue
[2023-10-27 14:28:07,588] {logging_mixin.py:115} INFO - [2023-10-27 14:28:07,588] {dagbag.py:507} INFO - Filling up the DagBag from /home/airflow/.local/lib/python3.7/site-packages/airflow/example_dags/example_task_group_decorator.py
[2023-10-27 14:28:07,629] {processor.py:651} INFO - DAG(s) dict_keys(['example_task_group_decorator']) retrieved from /home/airflow/.local/lib/python3.7/site-packages/airflow/example_dags/example_task_group_decorator.py
[2023-10-27 14:28:07,813] {logging_mixin.py:115} INFO - [2023-10-27 14:28:07,813] {dag.py:2371} INFO - Sync 1 DAGs
[2023-10-27 14:28:07,834] {logging_mixin.py:115} INFO - [2023-10-27 14:28:07,834] {dag.py:2919} INFO - Setting next_dagrun for example_task_group_decorator to 2023-10-26T14:28:07.834410+00:00, run_after=2023-10-27T14:28:07.834410+00:00
[2023-10-27 14:28:07,847] {processor.py:161} INFO - Processing /home/airflow/.local/lib/python3.7/site-packages/airflow/example_dags/example_task_group_decorator.py took 0.265 seconds
[2023-10-27 14:28:38,340] {processor.py:153} INFO - Started process (PID=1047) to work on /home/airflow/.local/lib/python3.7/site-packages/airflow/example_dags/example_task_group_decorator.py
[2023-10-27 14:28:38,346] {processor.py:641} INFO - Processing file /home/airflow/.local/lib/python3.7/site-packages/airflow/example_dags/example_task_group_decorator.py for tasks to queue
[2023-10-27 14:28:38,348] {logging_mixin.py:115} INFO - [2023-10-27 14:28:38,348] {dagbag.py:507} INFO - Filling up the DagBag from /home/airflow/.local/lib/python3.7/site-packages/airflow/example_dags/example_task_group_decorator.py
[2023-10-27 14:28:38,482] {processor.py:651} INFO - DAG(s) dict_keys(['example_task_group_decorator']) retrieved from /home/airflow/.local/lib/python3.7/site-packages/airflow/example_dags/example_task_group_decorator.py
[2023-10-27 14:28:38,771] {logging_mixin.py:115} INFO - [2023-10-27 14:28:38,771] {dag.py:2371} INFO - Sync 1 DAGs
[2023-10-27 14:28:38,798] {logging_mixin.py:115} INFO - [2023-10-27 14:28:38,798] {dag.py:2919} INFO - Setting next_dagrun for example_task_group_decorator to 2023-10-26T14:28:38.798509+00:00, run_after=2023-10-27T14:28:38.798509+00:00
[2023-10-27 14:28:38,823] {processor.py:161} INFO - Processing /home/airflow/.local/lib/python3.7/site-packages/airflow/example_dags/example_task_group_decorator.py took 0.489 seconds
[2023-10-27 14:29:09,308] {processor.py:153} INFO - Started process (PID=1099) to work on /home/airflow/.local/lib/python3.7/site-packages/airflow/example_dags/example_task_group_decorator.py
[2023-10-27 14:29:09,309] {processor.py:641} INFO - Processing file /home/airflow/.local/lib/python3.7/site-packages/airflow/example_dags/example_task_group_decorator.py for tasks to queue
[2023-10-27 14:29:09,310] {logging_mixin.py:115} INFO - [2023-10-27 14:29:09,310] {dagbag.py:507} INFO - Filling up the DagBag from /home/airflow/.local/lib/python3.7/site-packages/airflow/example_dags/example_task_group_decorator.py
[2023-10-27 14:29:09,342] {processor.py:651} INFO - DAG(s) dict_keys(['example_task_group_decorator']) retrieved from /home/airflow/.local/lib/python3.7/site-packages/airflow/example_dags/example_task_group_decorator.py
[2023-10-27 14:29:09,538] {logging_mixin.py:115} INFO - [2023-10-27 14:29:09,538] {dag.py:2371} INFO - Sync 1 DAGs
[2023-10-27 14:29:09,555] {logging_mixin.py:115} INFO - [2023-10-27 14:29:09,555] {dag.py:2919} INFO - Setting next_dagrun for example_task_group_decorator to 2023-10-26T14:29:09.553873+00:00, run_after=2023-10-27T14:29:09.553873+00:00
[2023-10-27 14:29:09,580] {processor.py:161} INFO - Processing /home/airflow/.local/lib/python3.7/site-packages/airflow/example_dags/example_task_group_decorator.py took 0.275 seconds
[2023-10-27 14:29:39,802] {processor.py:153} INFO - Started process (PID=1161) to work on /home/airflow/.local/lib/python3.7/site-packages/airflow/example_dags/example_task_group_decorator.py
[2023-10-27 14:29:39,803] {processor.py:641} INFO - Processing file /home/airflow/.local/lib/python3.7/site-packages/airflow/example_dags/example_task_group_decorator.py for tasks to queue
[2023-10-27 14:29:39,804] {logging_mixin.py:115} INFO - [2023-10-27 14:29:39,804] {dagbag.py:507} INFO - Filling up the DagBag from /home/airflow/.local/lib/python3.7/site-packages/airflow/example_dags/example_task_group_decorator.py
[2023-10-27 14:29:39,831] {processor.py:651} INFO - DAG(s) dict_keys(['example_task_group_decorator']) retrieved from /home/airflow/.local/lib/python3.7/site-packages/airflow/example_dags/example_task_group_decorator.py
[2023-10-27 14:29:40,021] {logging_mixin.py:115} INFO - [2023-10-27 14:29:40,021] {dag.py:2371} INFO - Sync 1 DAGs
[2023-10-27 14:29:40,036] {logging_mixin.py:115} INFO - [2023-10-27 14:29:40,036] {dag.py:2919} INFO - Setting next_dagrun for example_task_group_decorator to 2023-10-26T14:29:40.034463+00:00, run_after=2023-10-27T14:29:40.034463+00:00
[2023-10-27 14:29:40,055] {processor.py:161} INFO - Processing /home/airflow/.local/lib/python3.7/site-packages/airflow/example_dags/example_task_group_decorator.py took 0.256 seconds
[2023-10-27 14:30:10,229] {processor.py:153} INFO - Started process (PID=1213) to work on /home/airflow/.local/lib/python3.7/site-packages/airflow/example_dags/example_task_group_decorator.py
[2023-10-27 14:30:10,231] {processor.py:641} INFO - Processing file /home/airflow/.local/lib/python3.7/site-packages/airflow/example_dags/example_task_group_decorator.py for tasks to queue
[2023-10-27 14:30:10,231] {logging_mixin.py:115} INFO - [2023-10-27 14:30:10,231] {dagbag.py:507} INFO - Filling up the DagBag from /home/airflow/.local/lib/python3.7/site-packages/airflow/example_dags/example_task_group_decorator.py
[2023-10-27 14:30:10,253] {processor.py:651} INFO - DAG(s) dict_keys(['example_task_group_decorator']) retrieved from /home/airflow/.local/lib/python3.7/site-packages/airflow/example_dags/example_task_group_decorator.py
[2023-10-27 14:30:10,314] {logging_mixin.py:115} INFO - [2023-10-27 14:30:10,314] {dag.py:2371} INFO - Sync 1 DAGs
[2023-10-27 14:30:10,335] {logging_mixin.py:115} INFO - [2023-10-27 14:30:10,335] {dag.py:2919} INFO - Setting next_dagrun for example_task_group_decorator to 2023-10-26T14:30:10.335199+00:00, run_after=2023-10-27T14:30:10.335199+00:00
[2023-10-27 14:30:10,458] {processor.py:161} INFO - Processing /home/airflow/.local/lib/python3.7/site-packages/airflow/example_dags/example_task_group_decorator.py took 0.232 seconds
[2023-10-27 14:30:41,396] {processor.py:153} INFO - Started process (PID=1274) to work on /home/airflow/.local/lib/python3.7/site-packages/airflow/example_dags/example_task_group_decorator.py
[2023-10-27 14:30:41,397] {processor.py:641} INFO - Processing file /home/airflow/.local/lib/python3.7/site-packages/airflow/example_dags/example_task_group_decorator.py for tasks to queue
[2023-10-27 14:30:41,397] {logging_mixin.py:115} INFO - [2023-10-27 14:30:41,397] {dagbag.py:507} INFO - Filling up the DagBag from /home/airflow/.local/lib/python3.7/site-packages/airflow/example_dags/example_task_group_decorator.py
[2023-10-27 14:30:41,429] {processor.py:651} INFO - DAG(s) dict_keys(['example_task_group_decorator']) retrieved from /home/airflow/.local/lib/python3.7/site-packages/airflow/example_dags/example_task_group_decorator.py
[2023-10-27 14:30:41,500] {logging_mixin.py:115} INFO - [2023-10-27 14:30:41,500] {dag.py:2371} INFO - Sync 1 DAGs
[2023-10-27 14:30:41,518] {logging_mixin.py:115} INFO - [2023-10-27 14:30:41,518] {dag.py:2919} INFO - Setting next_dagrun for example_task_group_decorator to 2023-10-26T14:30:41.518090+00:00, run_after=2023-10-27T14:30:41.518090+00:00
[2023-10-27 14:30:41,687] {processor.py:161} INFO - Processing /home/airflow/.local/lib/python3.7/site-packages/airflow/example_dags/example_task_group_decorator.py took 0.294 seconds
[2023-10-27 14:31:12,357] {processor.py:153} INFO - Started process (PID=1335) to work on /home/airflow/.local/lib/python3.7/site-packages/airflow/example_dags/example_task_group_decorator.py
[2023-10-27 14:31:12,359] {processor.py:641} INFO - Processing file /home/airflow/.local/lib/python3.7/site-packages/airflow/example_dags/example_task_group_decorator.py for tasks to queue
[2023-10-27 14:31:12,360] {logging_mixin.py:115} INFO - [2023-10-27 14:31:12,359] {dagbag.py:507} INFO - Filling up the DagBag from /home/airflow/.local/lib/python3.7/site-packages/airflow/example_dags/example_task_group_decorator.py
[2023-10-27 14:31:12,389] {processor.py:651} INFO - DAG(s) dict_keys(['example_task_group_decorator']) retrieved from /home/airflow/.local/lib/python3.7/site-packages/airflow/example_dags/example_task_group_decorator.py
[2023-10-27 14:31:12,457] {logging_mixin.py:115} INFO - [2023-10-27 14:31:12,457] {dag.py:2371} INFO - Sync 1 DAGs
[2023-10-27 14:31:12,478] {logging_mixin.py:115} INFO - [2023-10-27 14:31:12,478] {dag.py:2919} INFO - Setting next_dagrun for example_task_group_decorator to 2023-10-26T14:31:12.478110+00:00, run_after=2023-10-27T14:31:12.478110+00:00
[2023-10-27 14:31:12,653] {processor.py:161} INFO - Processing /home/airflow/.local/lib/python3.7/site-packages/airflow/example_dags/example_task_group_decorator.py took 0.299 seconds
[2023-10-27 14:31:42,708] {processor.py:153} INFO - Started process (PID=1389) to work on /home/airflow/.local/lib/python3.7/site-packages/airflow/example_dags/example_task_group_decorator.py
[2023-10-27 14:31:42,709] {processor.py:641} INFO - Processing file /home/airflow/.local/lib/python3.7/site-packages/airflow/example_dags/example_task_group_decorator.py for tasks to queue
[2023-10-27 14:31:42,709] {logging_mixin.py:115} INFO - [2023-10-27 14:31:42,709] {dagbag.py:507} INFO - Filling up the DagBag from /home/airflow/.local/lib/python3.7/site-packages/airflow/example_dags/example_task_group_decorator.py
[2023-10-27 14:31:42,740] {processor.py:651} INFO - DAG(s) dict_keys(['example_task_group_decorator']) retrieved from /home/airflow/.local/lib/python3.7/site-packages/airflow/example_dags/example_task_group_decorator.py
[2023-10-27 14:31:42,818] {logging_mixin.py:115} INFO - [2023-10-27 14:31:42,817] {dag.py:2371} INFO - Sync 1 DAGs
[2023-10-27 14:31:42,839] {logging_mixin.py:115} INFO - [2023-10-27 14:31:42,839] {dag.py:2919} INFO - Setting next_dagrun for example_task_group_decorator to 2023-10-26T14:31:42.838956+00:00, run_after=2023-10-27T14:31:42.838956+00:00
[2023-10-27 14:31:42,853] {processor.py:161} INFO - Processing /home/airflow/.local/lib/python3.7/site-packages/airflow/example_dags/example_task_group_decorator.py took 0.149 seconds
