[2023-10-27 14:19:50,765] {processor.py:153} INFO - Started process (PID=75) to work on /home/airflow/.local/lib/python3.7/site-packages/airflow/example_dags/example_nested_branch_dag.py
[2023-10-27 14:19:50,766] {processor.py:641} INFO - Processing file /home/airflow/.local/lib/python3.7/site-packages/airflow/example_dags/example_nested_branch_dag.py for tasks to queue
[2023-10-27 14:19:50,769] {logging_mixin.py:115} INFO - [2023-10-27 14:19:50,767] {dagbag.py:507} INFO - Filling up the DagBag from /home/airflow/.local/lib/python3.7/site-packages/airflow/example_dags/example_nested_branch_dag.py
[2023-10-27 14:19:50,948] {processor.py:651} INFO - DAG(s) dict_keys(['example_nested_branch_dag']) retrieved from /home/airflow/.local/lib/python3.7/site-packages/airflow/example_dags/example_nested_branch_dag.py
[2023-10-27 14:19:52,843] {logging_mixin.py:115} INFO - [2023-10-27 14:19:52,843] {manager.py:508} INFO - Created Permission View: can delete on DAG:example_nested_branch_dag
[2023-10-27 14:19:52,861] {logging_mixin.py:115} INFO - [2023-10-27 14:19:52,861] {manager.py:508} INFO - Created Permission View: can edit on DAG:example_nested_branch_dag
[2023-10-27 14:19:52,876] {logging_mixin.py:115} INFO - [2023-10-27 14:19:52,875] {manager.py:508} INFO - Created Permission View: can read on DAG:example_nested_branch_dag
[2023-10-27 14:19:52,876] {logging_mixin.py:115} INFO - [2023-10-27 14:19:52,876] {dag.py:2371} INFO - Sync 1 DAGs
[2023-10-27 14:19:52,908] {logging_mixin.py:115} INFO - [2023-10-27 14:19:52,908] {dag.py:2390} INFO - Creating ORM DAG for example_nested_branch_dag
[2023-10-27 14:19:52,948] {logging_mixin.py:115} INFO - [2023-10-27 14:19:52,948] {dag.py:2919} INFO - Setting next_dagrun for example_nested_branch_dag to 2023-10-26T00:00:00+00:00, run_after=2023-10-27T00:00:00+00:00
[2023-10-27 14:19:53,007] {processor.py:161} INFO - Processing /home/airflow/.local/lib/python3.7/site-packages/airflow/example_dags/example_nested_branch_dag.py took 2.383 seconds
[2023-10-27 14:20:23,114] {processor.py:153} INFO - Started process (PID=127) to work on /home/airflow/.local/lib/python3.7/site-packages/airflow/example_dags/example_nested_branch_dag.py
[2023-10-27 14:20:23,116] {processor.py:641} INFO - Processing file /home/airflow/.local/lib/python3.7/site-packages/airflow/example_dags/example_nested_branch_dag.py for tasks to queue
[2023-10-27 14:20:23,117] {logging_mixin.py:115} INFO - [2023-10-27 14:20:23,117] {dagbag.py:507} INFO - Filling up the DagBag from /home/airflow/.local/lib/python3.7/site-packages/airflow/example_dags/example_nested_branch_dag.py
[2023-10-27 14:20:23,127] {processor.py:651} INFO - DAG(s) dict_keys(['example_nested_branch_dag']) retrieved from /home/airflow/.local/lib/python3.7/site-packages/airflow/example_dags/example_nested_branch_dag.py
[2023-10-27 14:20:23,156] {logging_mixin.py:115} INFO - [2023-10-27 14:20:23,156] {dag.py:2371} INFO - Sync 1 DAGs
[2023-10-27 14:20:23,322] {logging_mixin.py:115} INFO - [2023-10-27 14:20:23,322] {dag.py:2919} INFO - Setting next_dagrun for example_nested_branch_dag to 2023-10-26T00:00:00+00:00, run_after=2023-10-27T00:00:00+00:00
[2023-10-27 14:20:23,336] {processor.py:161} INFO - Processing /home/airflow/.local/lib/python3.7/site-packages/airflow/example_dags/example_nested_branch_dag.py took 0.225 seconds
[2023-10-27 14:20:53,541] {processor.py:153} INFO - Started process (PID=188) to work on /home/airflow/.local/lib/python3.7/site-packages/airflow/example_dags/example_nested_branch_dag.py
[2023-10-27 14:20:53,544] {processor.py:641} INFO - Processing file /home/airflow/.local/lib/python3.7/site-packages/airflow/example_dags/example_nested_branch_dag.py for tasks to queue
[2023-10-27 14:20:53,544] {logging_mixin.py:115} INFO - [2023-10-27 14:20:53,544] {dagbag.py:507} INFO - Filling up the DagBag from /home/airflow/.local/lib/python3.7/site-packages/airflow/example_dags/example_nested_branch_dag.py
[2023-10-27 14:20:53,555] {processor.py:651} INFO - DAG(s) dict_keys(['example_nested_branch_dag']) retrieved from /home/airflow/.local/lib/python3.7/site-packages/airflow/example_dags/example_nested_branch_dag.py
[2023-10-27 14:20:53,604] {logging_mixin.py:115} INFO - [2023-10-27 14:20:53,604] {dag.py:2371} INFO - Sync 1 DAGs
[2023-10-27 14:20:53,789] {logging_mixin.py:115} INFO - [2023-10-27 14:20:53,789] {dag.py:2919} INFO - Setting next_dagrun for example_nested_branch_dag to 2023-10-26T00:00:00+00:00, run_after=2023-10-27T00:00:00+00:00
[2023-10-27 14:20:53,806] {processor.py:161} INFO - Processing /home/airflow/.local/lib/python3.7/site-packages/airflow/example_dags/example_nested_branch_dag.py took 0.268 seconds
[2023-10-27 14:21:23,840] {processor.py:153} INFO - Started process (PID=240) to work on /home/airflow/.local/lib/python3.7/site-packages/airflow/example_dags/example_nested_branch_dag.py
[2023-10-27 14:21:23,842] {processor.py:641} INFO - Processing file /home/airflow/.local/lib/python3.7/site-packages/airflow/example_dags/example_nested_branch_dag.py for tasks to queue
[2023-10-27 14:21:23,843] {logging_mixin.py:115} INFO - [2023-10-27 14:21:23,843] {dagbag.py:507} INFO - Filling up the DagBag from /home/airflow/.local/lib/python3.7/site-packages/airflow/example_dags/example_nested_branch_dag.py
[2023-10-27 14:21:23,854] {processor.py:651} INFO - DAG(s) dict_keys(['example_nested_branch_dag']) retrieved from /home/airflow/.local/lib/python3.7/site-packages/airflow/example_dags/example_nested_branch_dag.py
[2023-10-27 14:21:23,880] {logging_mixin.py:115} INFO - [2023-10-27 14:21:23,880] {dag.py:2371} INFO - Sync 1 DAGs
[2023-10-27 14:21:24,064] {logging_mixin.py:115} INFO - [2023-10-27 14:21:24,064] {dag.py:2919} INFO - Setting next_dagrun for example_nested_branch_dag to 2023-10-26T00:00:00+00:00, run_after=2023-10-27T00:00:00+00:00
[2023-10-27 14:21:24,080] {processor.py:161} INFO - Processing /home/airflow/.local/lib/python3.7/site-packages/airflow/example_dags/example_nested_branch_dag.py took 0.243 seconds
[2023-10-27 14:21:54,455] {processor.py:153} INFO - Started process (PID=300) to work on /home/airflow/.local/lib/python3.7/site-packages/airflow/example_dags/example_nested_branch_dag.py
[2023-10-27 14:21:54,458] {processor.py:641} INFO - Processing file /home/airflow/.local/lib/python3.7/site-packages/airflow/example_dags/example_nested_branch_dag.py for tasks to queue
[2023-10-27 14:21:54,461] {logging_mixin.py:115} INFO - [2023-10-27 14:21:54,460] {dagbag.py:507} INFO - Filling up the DagBag from /home/airflow/.local/lib/python3.7/site-packages/airflow/example_dags/example_nested_branch_dag.py
[2023-10-27 14:21:54,477] {processor.py:651} INFO - DAG(s) dict_keys(['example_nested_branch_dag']) retrieved from /home/airflow/.local/lib/python3.7/site-packages/airflow/example_dags/example_nested_branch_dag.py
[2023-10-27 14:21:54,516] {logging_mixin.py:115} INFO - [2023-10-27 14:21:54,516] {dag.py:2371} INFO - Sync 1 DAGs
[2023-10-27 14:21:54,839] {logging_mixin.py:115} INFO - [2023-10-27 14:21:54,839] {dag.py:2919} INFO - Setting next_dagrun for example_nested_branch_dag to 2023-10-26T00:00:00+00:00, run_after=2023-10-27T00:00:00+00:00
[2023-10-27 14:21:54,868] {processor.py:161} INFO - Processing /home/airflow/.local/lib/python3.7/site-packages/airflow/example_dags/example_nested_branch_dag.py took 0.417 seconds
[2023-10-27 14:22:25,637] {processor.py:153} INFO - Started process (PID=354) to work on /home/airflow/.local/lib/python3.7/site-packages/airflow/example_dags/example_nested_branch_dag.py
[2023-10-27 14:22:25,638] {processor.py:641} INFO - Processing file /home/airflow/.local/lib/python3.7/site-packages/airflow/example_dags/example_nested_branch_dag.py for tasks to queue
[2023-10-27 14:22:25,638] {logging_mixin.py:115} INFO - [2023-10-27 14:22:25,638] {dagbag.py:507} INFO - Filling up the DagBag from /home/airflow/.local/lib/python3.7/site-packages/airflow/example_dags/example_nested_branch_dag.py
[2023-10-27 14:22:25,651] {processor.py:651} INFO - DAG(s) dict_keys(['example_nested_branch_dag']) retrieved from /home/airflow/.local/lib/python3.7/site-packages/airflow/example_dags/example_nested_branch_dag.py
[2023-10-27 14:22:25,680] {logging_mixin.py:115} INFO - [2023-10-27 14:22:25,680] {dag.py:2371} INFO - Sync 1 DAGs
[2023-10-27 14:22:25,837] {logging_mixin.py:115} INFO - [2023-10-27 14:22:25,837] {dag.py:2919} INFO - Setting next_dagrun for example_nested_branch_dag to 2023-10-26T00:00:00+00:00, run_after=2023-10-27T00:00:00+00:00
[2023-10-27 14:22:25,857] {processor.py:161} INFO - Processing /home/airflow/.local/lib/python3.7/site-packages/airflow/example_dags/example_nested_branch_dag.py took 0.224 seconds
[2023-10-27 14:22:56,483] {processor.py:153} INFO - Started process (PID=415) to work on /home/airflow/.local/lib/python3.7/site-packages/airflow/example_dags/example_nested_branch_dag.py
[2023-10-27 14:22:56,485] {processor.py:641} INFO - Processing file /home/airflow/.local/lib/python3.7/site-packages/airflow/example_dags/example_nested_branch_dag.py for tasks to queue
[2023-10-27 14:22:56,486] {logging_mixin.py:115} INFO - [2023-10-27 14:22:56,486] {dagbag.py:507} INFO - Filling up the DagBag from /home/airflow/.local/lib/python3.7/site-packages/airflow/example_dags/example_nested_branch_dag.py
[2023-10-27 14:22:56,495] {processor.py:651} INFO - DAG(s) dict_keys(['example_nested_branch_dag']) retrieved from /home/airflow/.local/lib/python3.7/site-packages/airflow/example_dags/example_nested_branch_dag.py
[2023-10-27 14:22:56,524] {logging_mixin.py:115} INFO - [2023-10-27 14:22:56,524] {dag.py:2371} INFO - Sync 1 DAGs
[2023-10-27 14:22:56,708] {logging_mixin.py:115} INFO - [2023-10-27 14:22:56,708] {dag.py:2919} INFO - Setting next_dagrun for example_nested_branch_dag to 2023-10-26T00:00:00+00:00, run_after=2023-10-27T00:00:00+00:00
[2023-10-27 14:22:56,726] {processor.py:161} INFO - Processing /home/airflow/.local/lib/python3.7/site-packages/airflow/example_dags/example_nested_branch_dag.py took 0.246 seconds
[2023-10-27 14:23:27,058] {processor.py:153} INFO - Started process (PID=468) to work on /home/airflow/.local/lib/python3.7/site-packages/airflow/example_dags/example_nested_branch_dag.py
[2023-10-27 14:23:27,059] {processor.py:641} INFO - Processing file /home/airflow/.local/lib/python3.7/site-packages/airflow/example_dags/example_nested_branch_dag.py for tasks to queue
[2023-10-27 14:23:27,060] {logging_mixin.py:115} INFO - [2023-10-27 14:23:27,060] {dagbag.py:507} INFO - Filling up the DagBag from /home/airflow/.local/lib/python3.7/site-packages/airflow/example_dags/example_nested_branch_dag.py
[2023-10-27 14:23:27,083] {processor.py:651} INFO - DAG(s) dict_keys(['example_nested_branch_dag']) retrieved from /home/airflow/.local/lib/python3.7/site-packages/airflow/example_dags/example_nested_branch_dag.py
[2023-10-27 14:23:27,186] {logging_mixin.py:115} INFO - [2023-10-27 14:23:27,185] {dag.py:2371} INFO - Sync 1 DAGs
[2023-10-27 14:23:27,569] {logging_mixin.py:115} INFO - [2023-10-27 14:23:27,569] {dag.py:2919} INFO - Setting next_dagrun for example_nested_branch_dag to 2023-10-26T00:00:00+00:00, run_after=2023-10-27T00:00:00+00:00
[2023-10-27 14:23:27,595] {processor.py:161} INFO - Processing /home/airflow/.local/lib/python3.7/site-packages/airflow/example_dags/example_nested_branch_dag.py took 0.540 seconds
[2023-10-27 14:23:57,679] {processor.py:153} INFO - Started process (PID=529) to work on /home/airflow/.local/lib/python3.7/site-packages/airflow/example_dags/example_nested_branch_dag.py
[2023-10-27 14:23:57,682] {processor.py:641} INFO - Processing file /home/airflow/.local/lib/python3.7/site-packages/airflow/example_dags/example_nested_branch_dag.py for tasks to queue
[2023-10-27 14:23:57,682] {logging_mixin.py:115} INFO - [2023-10-27 14:23:57,682] {dagbag.py:507} INFO - Filling up the DagBag from /home/airflow/.local/lib/python3.7/site-packages/airflow/example_dags/example_nested_branch_dag.py
[2023-10-27 14:23:57,692] {processor.py:651} INFO - DAG(s) dict_keys(['example_nested_branch_dag']) retrieved from /home/airflow/.local/lib/python3.7/site-packages/airflow/example_dags/example_nested_branch_dag.py
[2023-10-27 14:23:57,723] {logging_mixin.py:115} INFO - [2023-10-27 14:23:57,723] {dag.py:2371} INFO - Sync 1 DAGs
[2023-10-27 14:23:57,889] {logging_mixin.py:115} INFO - [2023-10-27 14:23:57,888] {dag.py:2919} INFO - Setting next_dagrun for example_nested_branch_dag to 2023-10-26T00:00:00+00:00, run_after=2023-10-27T00:00:00+00:00
[2023-10-27 14:23:57,906] {processor.py:161} INFO - Processing /home/airflow/.local/lib/python3.7/site-packages/airflow/example_dags/example_nested_branch_dag.py took 0.230 seconds
[2023-10-27 14:24:28,371] {processor.py:153} INFO - Started process (PID=581) to work on /home/airflow/.local/lib/python3.7/site-packages/airflow/example_dags/example_nested_branch_dag.py
[2023-10-27 14:24:28,373] {processor.py:641} INFO - Processing file /home/airflow/.local/lib/python3.7/site-packages/airflow/example_dags/example_nested_branch_dag.py for tasks to queue
[2023-10-27 14:24:28,374] {logging_mixin.py:115} INFO - [2023-10-27 14:24:28,374] {dagbag.py:507} INFO - Filling up the DagBag from /home/airflow/.local/lib/python3.7/site-packages/airflow/example_dags/example_nested_branch_dag.py
[2023-10-27 14:24:28,417] {processor.py:651} INFO - DAG(s) dict_keys(['example_nested_branch_dag']) retrieved from /home/airflow/.local/lib/python3.7/site-packages/airflow/example_dags/example_nested_branch_dag.py
[2023-10-27 14:24:28,487] {logging_mixin.py:115} INFO - [2023-10-27 14:24:28,487] {dag.py:2371} INFO - Sync 1 DAGs
[2023-10-27 14:24:29,222] {logging_mixin.py:115} INFO - [2023-10-27 14:24:29,222] {dag.py:2919} INFO - Setting next_dagrun for example_nested_branch_dag to 2023-10-26T00:00:00+00:00, run_after=2023-10-27T00:00:00+00:00
[2023-10-27 14:24:29,255] {processor.py:161} INFO - Processing /home/airflow/.local/lib/python3.7/site-packages/airflow/example_dags/example_nested_branch_dag.py took 0.894 seconds
[2023-10-27 14:24:59,313] {processor.py:153} INFO - Started process (PID=642) to work on /home/airflow/.local/lib/python3.7/site-packages/airflow/example_dags/example_nested_branch_dag.py
[2023-10-27 14:24:59,316] {processor.py:641} INFO - Processing file /home/airflow/.local/lib/python3.7/site-packages/airflow/example_dags/example_nested_branch_dag.py for tasks to queue
[2023-10-27 14:24:59,317] {logging_mixin.py:115} INFO - [2023-10-27 14:24:59,317] {dagbag.py:507} INFO - Filling up the DagBag from /home/airflow/.local/lib/python3.7/site-packages/airflow/example_dags/example_nested_branch_dag.py
[2023-10-27 14:24:59,336] {processor.py:651} INFO - DAG(s) dict_keys(['example_nested_branch_dag']) retrieved from /home/airflow/.local/lib/python3.7/site-packages/airflow/example_dags/example_nested_branch_dag.py
[2023-10-27 14:24:59,373] {logging_mixin.py:115} INFO - [2023-10-27 14:24:59,373] {dag.py:2371} INFO - Sync 1 DAGs
[2023-10-27 14:24:59,589] {logging_mixin.py:115} INFO - [2023-10-27 14:24:59,589] {dag.py:2919} INFO - Setting next_dagrun for example_nested_branch_dag to 2023-10-26T00:00:00+00:00, run_after=2023-10-27T00:00:00+00:00
[2023-10-27 14:24:59,603] {processor.py:161} INFO - Processing /home/airflow/.local/lib/python3.7/site-packages/airflow/example_dags/example_nested_branch_dag.py took 0.296 seconds
[2023-10-27 14:25:29,757] {processor.py:153} INFO - Started process (PID=694) to work on /home/airflow/.local/lib/python3.7/site-packages/airflow/example_dags/example_nested_branch_dag.py
[2023-10-27 14:25:29,761] {processor.py:641} INFO - Processing file /home/airflow/.local/lib/python3.7/site-packages/airflow/example_dags/example_nested_branch_dag.py for tasks to queue
[2023-10-27 14:25:29,762] {logging_mixin.py:115} INFO - [2023-10-27 14:25:29,762] {dagbag.py:507} INFO - Filling up the DagBag from /home/airflow/.local/lib/python3.7/site-packages/airflow/example_dags/example_nested_branch_dag.py
[2023-10-27 14:25:29,802] {processor.py:651} INFO - DAG(s) dict_keys(['example_nested_branch_dag']) retrieved from /home/airflow/.local/lib/python3.7/site-packages/airflow/example_dags/example_nested_branch_dag.py
[2023-10-27 14:25:29,864] {logging_mixin.py:115} INFO - [2023-10-27 14:25:29,863] {dag.py:2371} INFO - Sync 1 DAGs
[2023-10-27 14:25:30,085] {logging_mixin.py:115} INFO - [2023-10-27 14:25:30,085] {dag.py:2919} INFO - Setting next_dagrun for example_nested_branch_dag to 2023-10-26T00:00:00+00:00, run_after=2023-10-27T00:00:00+00:00
[2023-10-27 14:25:30,104] {processor.py:161} INFO - Processing /home/airflow/.local/lib/python3.7/site-packages/airflow/example_dags/example_nested_branch_dag.py took 0.352 seconds
[2023-10-27 14:26:00,731] {processor.py:153} INFO - Started process (PID=755) to work on /home/airflow/.local/lib/python3.7/site-packages/airflow/example_dags/example_nested_branch_dag.py
[2023-10-27 14:26:00,732] {processor.py:641} INFO - Processing file /home/airflow/.local/lib/python3.7/site-packages/airflow/example_dags/example_nested_branch_dag.py for tasks to queue
[2023-10-27 14:26:00,734] {logging_mixin.py:115} INFO - [2023-10-27 14:26:00,734] {dagbag.py:507} INFO - Filling up the DagBag from /home/airflow/.local/lib/python3.7/site-packages/airflow/example_dags/example_nested_branch_dag.py
[2023-10-27 14:26:00,746] {processor.py:651} INFO - DAG(s) dict_keys(['example_nested_branch_dag']) retrieved from /home/airflow/.local/lib/python3.7/site-packages/airflow/example_dags/example_nested_branch_dag.py
[2023-10-27 14:26:00,783] {logging_mixin.py:115} INFO - [2023-10-27 14:26:00,783] {dag.py:2371} INFO - Sync 1 DAGs
[2023-10-27 14:26:00,994] {logging_mixin.py:115} INFO - [2023-10-27 14:26:00,994] {dag.py:2919} INFO - Setting next_dagrun for example_nested_branch_dag to 2023-10-26T00:00:00+00:00, run_after=2023-10-27T00:00:00+00:00
[2023-10-27 14:26:01,011] {processor.py:161} INFO - Processing /home/airflow/.local/lib/python3.7/site-packages/airflow/example_dags/example_nested_branch_dag.py took 0.284 seconds
[2023-10-27 14:26:31,515] {processor.py:153} INFO - Started process (PID=807) to work on /home/airflow/.local/lib/python3.7/site-packages/airflow/example_dags/example_nested_branch_dag.py
[2023-10-27 14:26:31,519] {processor.py:641} INFO - Processing file /home/airflow/.local/lib/python3.7/site-packages/airflow/example_dags/example_nested_branch_dag.py for tasks to queue
[2023-10-27 14:26:31,520] {logging_mixin.py:115} INFO - [2023-10-27 14:26:31,519] {dagbag.py:507} INFO - Filling up the DagBag from /home/airflow/.local/lib/python3.7/site-packages/airflow/example_dags/example_nested_branch_dag.py
[2023-10-27 14:26:31,546] {processor.py:651} INFO - DAG(s) dict_keys(['example_nested_branch_dag']) retrieved from /home/airflow/.local/lib/python3.7/site-packages/airflow/example_dags/example_nested_branch_dag.py
[2023-10-27 14:26:31,654] {logging_mixin.py:115} INFO - [2023-10-27 14:26:31,644] {dag.py:2371} INFO - Sync 1 DAGs
[2023-10-27 14:26:32,237] {logging_mixin.py:115} INFO - [2023-10-27 14:26:32,237] {dag.py:2919} INFO - Setting next_dagrun for example_nested_branch_dag to 2023-10-26T00:00:00+00:00, run_after=2023-10-27T00:00:00+00:00
[2023-10-27 14:26:32,281] {processor.py:161} INFO - Processing /home/airflow/.local/lib/python3.7/site-packages/airflow/example_dags/example_nested_branch_dag.py took 0.776 seconds
[2023-10-27 14:27:02,579] {processor.py:153} INFO - Started process (PID=868) to work on /home/airflow/.local/lib/python3.7/site-packages/airflow/example_dags/example_nested_branch_dag.py
[2023-10-27 14:27:02,580] {processor.py:641} INFO - Processing file /home/airflow/.local/lib/python3.7/site-packages/airflow/example_dags/example_nested_branch_dag.py for tasks to queue
[2023-10-27 14:27:02,581] {logging_mixin.py:115} INFO - [2023-10-27 14:27:02,581] {dagbag.py:507} INFO - Filling up the DagBag from /home/airflow/.local/lib/python3.7/site-packages/airflow/example_dags/example_nested_branch_dag.py
[2023-10-27 14:27:02,593] {processor.py:651} INFO - DAG(s) dict_keys(['example_nested_branch_dag']) retrieved from /home/airflow/.local/lib/python3.7/site-packages/airflow/example_dags/example_nested_branch_dag.py
[2023-10-27 14:27:02,641] {logging_mixin.py:115} INFO - [2023-10-27 14:27:02,640] {dag.py:2371} INFO - Sync 1 DAGs
[2023-10-27 14:27:02,816] {logging_mixin.py:115} INFO - [2023-10-27 14:27:02,816] {dag.py:2919} INFO - Setting next_dagrun for example_nested_branch_dag to 2023-10-26T00:00:00+00:00, run_after=2023-10-27T00:00:00+00:00
[2023-10-27 14:27:02,829] {processor.py:161} INFO - Processing /home/airflow/.local/lib/python3.7/site-packages/airflow/example_dags/example_nested_branch_dag.py took 0.252 seconds
[2023-10-27 14:27:32,871] {processor.py:153} INFO - Started process (PID=920) to work on /home/airflow/.local/lib/python3.7/site-packages/airflow/example_dags/example_nested_branch_dag.py
[2023-10-27 14:27:32,873] {processor.py:641} INFO - Processing file /home/airflow/.local/lib/python3.7/site-packages/airflow/example_dags/example_nested_branch_dag.py for tasks to queue
[2023-10-27 14:27:32,874] {logging_mixin.py:115} INFO - [2023-10-27 14:27:32,874] {dagbag.py:507} INFO - Filling up the DagBag from /home/airflow/.local/lib/python3.7/site-packages/airflow/example_dags/example_nested_branch_dag.py
[2023-10-27 14:27:32,886] {processor.py:651} INFO - DAG(s) dict_keys(['example_nested_branch_dag']) retrieved from /home/airflow/.local/lib/python3.7/site-packages/airflow/example_dags/example_nested_branch_dag.py
[2023-10-27 14:27:32,916] {logging_mixin.py:115} INFO - [2023-10-27 14:27:32,916] {dag.py:2371} INFO - Sync 1 DAGs
[2023-10-27 14:27:33,055] {logging_mixin.py:115} INFO - [2023-10-27 14:27:33,054] {dag.py:2919} INFO - Setting next_dagrun for example_nested_branch_dag to 2023-10-26T00:00:00+00:00, run_after=2023-10-27T00:00:00+00:00
[2023-10-27 14:27:33,071] {processor.py:161} INFO - Processing /home/airflow/.local/lib/python3.7/site-packages/airflow/example_dags/example_nested_branch_dag.py took 0.203 seconds
[2023-10-27 14:28:03,316] {processor.py:153} INFO - Started process (PID=981) to work on /home/airflow/.local/lib/python3.7/site-packages/airflow/example_dags/example_nested_branch_dag.py
[2023-10-27 14:28:03,317] {processor.py:641} INFO - Processing file /home/airflow/.local/lib/python3.7/site-packages/airflow/example_dags/example_nested_branch_dag.py for tasks to queue
[2023-10-27 14:28:03,318] {logging_mixin.py:115} INFO - [2023-10-27 14:28:03,318] {dagbag.py:507} INFO - Filling up the DagBag from /home/airflow/.local/lib/python3.7/site-packages/airflow/example_dags/example_nested_branch_dag.py
[2023-10-27 14:28:03,327] {processor.py:651} INFO - DAG(s) dict_keys(['example_nested_branch_dag']) retrieved from /home/airflow/.local/lib/python3.7/site-packages/airflow/example_dags/example_nested_branch_dag.py
[2023-10-27 14:28:03,356] {logging_mixin.py:115} INFO - [2023-10-27 14:28:03,356] {dag.py:2371} INFO - Sync 1 DAGs
[2023-10-27 14:28:03,514] {logging_mixin.py:115} INFO - [2023-10-27 14:28:03,514] {dag.py:2919} INFO - Setting next_dagrun for example_nested_branch_dag to 2023-10-26T00:00:00+00:00, run_after=2023-10-27T00:00:00+00:00
[2023-10-27 14:28:03,530] {processor.py:161} INFO - Processing /home/airflow/.local/lib/python3.7/site-packages/airflow/example_dags/example_nested_branch_dag.py took 0.217 seconds
[2023-10-27 14:28:33,969] {processor.py:153} INFO - Started process (PID=1033) to work on /home/airflow/.local/lib/python3.7/site-packages/airflow/example_dags/example_nested_branch_dag.py
[2023-10-27 14:28:33,978] {processor.py:641} INFO - Processing file /home/airflow/.local/lib/python3.7/site-packages/airflow/example_dags/example_nested_branch_dag.py for tasks to queue
[2023-10-27 14:28:33,981] {logging_mixin.py:115} INFO - [2023-10-27 14:28:33,981] {dagbag.py:507} INFO - Filling up the DagBag from /home/airflow/.local/lib/python3.7/site-packages/airflow/example_dags/example_nested_branch_dag.py
[2023-10-27 14:28:34,004] {processor.py:651} INFO - DAG(s) dict_keys(['example_nested_branch_dag']) retrieved from /home/airflow/.local/lib/python3.7/site-packages/airflow/example_dags/example_nested_branch_dag.py
[2023-10-27 14:28:34,102] {logging_mixin.py:115} INFO - [2023-10-27 14:28:34,102] {dag.py:2371} INFO - Sync 1 DAGs
[2023-10-27 14:28:34,500] {logging_mixin.py:115} INFO - [2023-10-27 14:28:34,498] {dag.py:2919} INFO - Setting next_dagrun for example_nested_branch_dag to 2023-10-26T00:00:00+00:00, run_after=2023-10-27T00:00:00+00:00
[2023-10-27 14:28:34,543] {processor.py:161} INFO - Processing /home/airflow/.local/lib/python3.7/site-packages/airflow/example_dags/example_nested_branch_dag.py took 0.580 seconds
[2023-10-27 14:29:04,801] {processor.py:153} INFO - Started process (PID=1095) to work on /home/airflow/.local/lib/python3.7/site-packages/airflow/example_dags/example_nested_branch_dag.py
[2023-10-27 14:29:04,803] {processor.py:641} INFO - Processing file /home/airflow/.local/lib/python3.7/site-packages/airflow/example_dags/example_nested_branch_dag.py for tasks to queue
[2023-10-27 14:29:04,803] {logging_mixin.py:115} INFO - [2023-10-27 14:29:04,803] {dagbag.py:507} INFO - Filling up the DagBag from /home/airflow/.local/lib/python3.7/site-packages/airflow/example_dags/example_nested_branch_dag.py
[2023-10-27 14:29:04,820] {processor.py:651} INFO - DAG(s) dict_keys(['example_nested_branch_dag']) retrieved from /home/airflow/.local/lib/python3.7/site-packages/airflow/example_dags/example_nested_branch_dag.py
[2023-10-27 14:29:04,854] {logging_mixin.py:115} INFO - [2023-10-27 14:29:04,854] {dag.py:2371} INFO - Sync 1 DAGs
[2023-10-27 14:29:04,999] {logging_mixin.py:115} INFO - [2023-10-27 14:29:04,999] {dag.py:2919} INFO - Setting next_dagrun for example_nested_branch_dag to 2023-10-26T00:00:00+00:00, run_after=2023-10-27T00:00:00+00:00
[2023-10-27 14:29:05,010] {processor.py:161} INFO - Processing /home/airflow/.local/lib/python3.7/site-packages/airflow/example_dags/example_nested_branch_dag.py took 0.213 seconds
[2023-10-27 14:29:35,281] {processor.py:153} INFO - Started process (PID=1147) to work on /home/airflow/.local/lib/python3.7/site-packages/airflow/example_dags/example_nested_branch_dag.py
[2023-10-27 14:29:35,282] {processor.py:641} INFO - Processing file /home/airflow/.local/lib/python3.7/site-packages/airflow/example_dags/example_nested_branch_dag.py for tasks to queue
[2023-10-27 14:29:35,283] {logging_mixin.py:115} INFO - [2023-10-27 14:29:35,283] {dagbag.py:507} INFO - Filling up the DagBag from /home/airflow/.local/lib/python3.7/site-packages/airflow/example_dags/example_nested_branch_dag.py
[2023-10-27 14:29:35,296] {processor.py:651} INFO - DAG(s) dict_keys(['example_nested_branch_dag']) retrieved from /home/airflow/.local/lib/python3.7/site-packages/airflow/example_dags/example_nested_branch_dag.py
[2023-10-27 14:29:35,329] {logging_mixin.py:115} INFO - [2023-10-27 14:29:35,329] {dag.py:2371} INFO - Sync 1 DAGs
[2023-10-27 14:29:35,485] {logging_mixin.py:115} INFO - [2023-10-27 14:29:35,485] {dag.py:2919} INFO - Setting next_dagrun for example_nested_branch_dag to 2023-10-26T00:00:00+00:00, run_after=2023-10-27T00:00:00+00:00
[2023-10-27 14:29:35,502] {processor.py:161} INFO - Processing /home/airflow/.local/lib/python3.7/site-packages/airflow/example_dags/example_nested_branch_dag.py took 0.224 seconds
[2023-10-27 14:30:06,021] {processor.py:153} INFO - Started process (PID=1209) to work on /home/airflow/.local/lib/python3.7/site-packages/airflow/example_dags/example_nested_branch_dag.py
[2023-10-27 14:30:06,025] {processor.py:641} INFO - Processing file /home/airflow/.local/lib/python3.7/site-packages/airflow/example_dags/example_nested_branch_dag.py for tasks to queue
[2023-10-27 14:30:06,025] {logging_mixin.py:115} INFO - [2023-10-27 14:30:06,025] {dagbag.py:507} INFO - Filling up the DagBag from /home/airflow/.local/lib/python3.7/site-packages/airflow/example_dags/example_nested_branch_dag.py
[2023-10-27 14:30:06,037] {processor.py:651} INFO - DAG(s) dict_keys(['example_nested_branch_dag']) retrieved from /home/airflow/.local/lib/python3.7/site-packages/airflow/example_dags/example_nested_branch_dag.py
[2023-10-27 14:30:06,062] {logging_mixin.py:115} INFO - [2023-10-27 14:30:06,062] {dag.py:2371} INFO - Sync 1 DAGs
[2023-10-27 14:30:06,088] {logging_mixin.py:115} INFO - [2023-10-27 14:30:06,088] {dag.py:2919} INFO - Setting next_dagrun for example_nested_branch_dag to 2023-10-26T00:00:00+00:00, run_after=2023-10-27T00:00:00+00:00
[2023-10-27 14:30:06,101] {processor.py:161} INFO - Processing /home/airflow/.local/lib/python3.7/site-packages/airflow/example_dags/example_nested_branch_dag.py took 0.086 seconds
[2023-10-27 14:30:36,174] {processor.py:153} INFO - Started process (PID=1270) to work on /home/airflow/.local/lib/python3.7/site-packages/airflow/example_dags/example_nested_branch_dag.py
[2023-10-27 14:30:36,175] {processor.py:641} INFO - Processing file /home/airflow/.local/lib/python3.7/site-packages/airflow/example_dags/example_nested_branch_dag.py for tasks to queue
[2023-10-27 14:30:36,176] {logging_mixin.py:115} INFO - [2023-10-27 14:30:36,176] {dagbag.py:507} INFO - Filling up the DagBag from /home/airflow/.local/lib/python3.7/site-packages/airflow/example_dags/example_nested_branch_dag.py
[2023-10-27 14:30:36,194] {processor.py:651} INFO - DAG(s) dict_keys(['example_nested_branch_dag']) retrieved from /home/airflow/.local/lib/python3.7/site-packages/airflow/example_dags/example_nested_branch_dag.py
[2023-10-27 14:30:36,235] {logging_mixin.py:115} INFO - [2023-10-27 14:30:36,235] {dag.py:2371} INFO - Sync 1 DAGs
[2023-10-27 14:30:36,271] {logging_mixin.py:115} INFO - [2023-10-27 14:30:36,271] {dag.py:2919} INFO - Setting next_dagrun for example_nested_branch_dag to 2023-10-26T00:00:00+00:00, run_after=2023-10-27T00:00:00+00:00
[2023-10-27 14:30:36,290] {processor.py:161} INFO - Processing /home/airflow/.local/lib/python3.7/site-packages/airflow/example_dags/example_nested_branch_dag.py took 0.120 seconds
[2023-10-27 14:31:07,117] {processor.py:153} INFO - Started process (PID=1322) to work on /home/airflow/.local/lib/python3.7/site-packages/airflow/example_dags/example_nested_branch_dag.py
[2023-10-27 14:31:07,118] {processor.py:641} INFO - Processing file /home/airflow/.local/lib/python3.7/site-packages/airflow/example_dags/example_nested_branch_dag.py for tasks to queue
[2023-10-27 14:31:07,119] {logging_mixin.py:115} INFO - [2023-10-27 14:31:07,119] {dagbag.py:507} INFO - Filling up the DagBag from /home/airflow/.local/lib/python3.7/site-packages/airflow/example_dags/example_nested_branch_dag.py
[2023-10-27 14:31:07,138] {processor.py:651} INFO - DAG(s) dict_keys(['example_nested_branch_dag']) retrieved from /home/airflow/.local/lib/python3.7/site-packages/airflow/example_dags/example_nested_branch_dag.py
[2023-10-27 14:31:07,164] {logging_mixin.py:115} INFO - [2023-10-27 14:31:07,164] {dag.py:2371} INFO - Sync 1 DAGs
[2023-10-27 14:31:07,194] {logging_mixin.py:115} INFO - [2023-10-27 14:31:07,193] {dag.py:2919} INFO - Setting next_dagrun for example_nested_branch_dag to 2023-10-26T00:00:00+00:00, run_after=2023-10-27T00:00:00+00:00
[2023-10-27 14:31:07,208] {processor.py:161} INFO - Processing /home/airflow/.local/lib/python3.7/site-packages/airflow/example_dags/example_nested_branch_dag.py took 0.096 seconds
[2023-10-27 14:31:37,274] {processor.py:153} INFO - Started process (PID=1383) to work on /home/airflow/.local/lib/python3.7/site-packages/airflow/example_dags/example_nested_branch_dag.py
[2023-10-27 14:31:37,275] {processor.py:641} INFO - Processing file /home/airflow/.local/lib/python3.7/site-packages/airflow/example_dags/example_nested_branch_dag.py for tasks to queue
[2023-10-27 14:31:37,275] {logging_mixin.py:115} INFO - [2023-10-27 14:31:37,275] {dagbag.py:507} INFO - Filling up the DagBag from /home/airflow/.local/lib/python3.7/site-packages/airflow/example_dags/example_nested_branch_dag.py
[2023-10-27 14:31:37,291] {processor.py:651} INFO - DAG(s) dict_keys(['example_nested_branch_dag']) retrieved from /home/airflow/.local/lib/python3.7/site-packages/airflow/example_dags/example_nested_branch_dag.py
[2023-10-27 14:31:37,316] {logging_mixin.py:115} INFO - [2023-10-27 14:31:37,316] {dag.py:2371} INFO - Sync 1 DAGs
[2023-10-27 14:31:37,341] {logging_mixin.py:115} INFO - [2023-10-27 14:31:37,341] {dag.py:2919} INFO - Setting next_dagrun for example_nested_branch_dag to 2023-10-26T00:00:00+00:00, run_after=2023-10-27T00:00:00+00:00
[2023-10-27 14:31:37,355] {processor.py:161} INFO - Processing /home/airflow/.local/lib/python3.7/site-packages/airflow/example_dags/example_nested_branch_dag.py took 0.085 seconds
