[2023-10-27 14:19:56,308] {processor.py:153} INFO - Started process (PID=87) to work on /home/airflow/.local/lib/python3.7/site-packages/airflow/example_dags/example_xcomargs.py
[2023-10-27 14:19:56,309] {processor.py:641} INFO - Processing file /home/airflow/.local/lib/python3.7/site-packages/airflow/example_dags/example_xcomargs.py for tasks to queue
[2023-10-27 14:19:56,309] {logging_mixin.py:115} INFO - [2023-10-27 14:19:56,309] {dagbag.py:507} INFO - Filling up the DagBag from /home/airflow/.local/lib/python3.7/site-packages/airflow/example_dags/example_xcomargs.py
[2023-10-27 14:19:56,328] {processor.py:651} INFO - DAG(s) dict_keys(['example_xcom_args', 'example_xcom_args_with_operators']) retrieved from /home/airflow/.local/lib/python3.7/site-packages/airflow/example_dags/example_xcomargs.py
[2023-10-27 14:19:56,554] {logging_mixin.py:115} INFO - [2023-10-27 14:19:56,554] {manager.py:508} INFO - Created Permission View: can delete on DAG:example_xcom_args
[2023-10-27 14:19:56,564] {logging_mixin.py:115} INFO - [2023-10-27 14:19:56,564] {manager.py:508} INFO - Created Permission View: can edit on DAG:example_xcom_args
[2023-10-27 14:19:56,579] {logging_mixin.py:115} INFO - [2023-10-27 14:19:56,579] {manager.py:508} INFO - Created Permission View: can read on DAG:example_xcom_args
[2023-10-27 14:19:56,601] {logging_mixin.py:115} INFO - [2023-10-27 14:19:56,601] {manager.py:508} INFO - Created Permission View: can delete on DAG:example_xcom_args_with_operators
[2023-10-27 14:19:56,610] {logging_mixin.py:115} INFO - [2023-10-27 14:19:56,609] {manager.py:508} INFO - Created Permission View: can edit on DAG:example_xcom_args_with_operators
[2023-10-27 14:19:56,620] {logging_mixin.py:115} INFO - [2023-10-27 14:19:56,619] {manager.py:508} INFO - Created Permission View: can read on DAG:example_xcom_args_with_operators
[2023-10-27 14:19:56,620] {logging_mixin.py:115} INFO - [2023-10-27 14:19:56,620] {dag.py:2371} INFO - Sync 2 DAGs
[2023-10-27 14:19:56,631] {logging_mixin.py:115} INFO - [2023-10-27 14:19:56,631] {dag.py:2390} INFO - Creating ORM DAG for example_xcom_args
[2023-10-27 14:19:56,632] {logging_mixin.py:115} INFO - [2023-10-27 14:19:56,632] {dag.py:2390} INFO - Creating ORM DAG for example_xcom_args_with_operators
[2023-10-27 14:19:56,642] {logging_mixin.py:115} INFO - [2023-10-27 14:19:56,642] {dag.py:2919} INFO - Setting next_dagrun for example_xcom_args to None, run_after=None
[2023-10-27 14:19:56,643] {logging_mixin.py:115} INFO - [2023-10-27 14:19:56,643] {dag.py:2919} INFO - Setting next_dagrun for example_xcom_args_with_operators to None, run_after=None
[2023-10-27 14:19:56,663] {processor.py:161} INFO - Processing /home/airflow/.local/lib/python3.7/site-packages/airflow/example_dags/example_xcomargs.py took 0.358 seconds
[2023-10-27 14:20:26,882] {processor.py:153} INFO - Started process (PID=141) to work on /home/airflow/.local/lib/python3.7/site-packages/airflow/example_dags/example_xcomargs.py
[2023-10-27 14:20:26,883] {processor.py:641} INFO - Processing file /home/airflow/.local/lib/python3.7/site-packages/airflow/example_dags/example_xcomargs.py for tasks to queue
[2023-10-27 14:20:26,883] {logging_mixin.py:115} INFO - [2023-10-27 14:20:26,883] {dagbag.py:507} INFO - Filling up the DagBag from /home/airflow/.local/lib/python3.7/site-packages/airflow/example_dags/example_xcomargs.py
[2023-10-27 14:20:26,900] {processor.py:651} INFO - DAG(s) dict_keys(['example_xcom_args', 'example_xcom_args_with_operators']) retrieved from /home/airflow/.local/lib/python3.7/site-packages/airflow/example_dags/example_xcomargs.py
[2023-10-27 14:20:27,087] {logging_mixin.py:115} INFO - [2023-10-27 14:20:27,087] {dag.py:2371} INFO - Sync 2 DAGs
[2023-10-27 14:20:27,104] {logging_mixin.py:115} INFO - [2023-10-27 14:20:27,104] {dag.py:2919} INFO - Setting next_dagrun for example_xcom_args to None, run_after=None
[2023-10-27 14:20:27,105] {logging_mixin.py:115} INFO - [2023-10-27 14:20:27,105] {dag.py:2919} INFO - Setting next_dagrun for example_xcom_args_with_operators to None, run_after=None
[2023-10-27 14:20:27,125] {processor.py:161} INFO - Processing /home/airflow/.local/lib/python3.7/site-packages/airflow/example_dags/example_xcomargs.py took 0.250 seconds
[2023-10-27 14:20:57,218] {processor.py:153} INFO - Started process (PID=201) to work on /home/airflow/.local/lib/python3.7/site-packages/airflow/example_dags/example_xcomargs.py
[2023-10-27 14:20:57,219] {processor.py:641} INFO - Processing file /home/airflow/.local/lib/python3.7/site-packages/airflow/example_dags/example_xcomargs.py for tasks to queue
[2023-10-27 14:20:57,220] {logging_mixin.py:115} INFO - [2023-10-27 14:20:57,220] {dagbag.py:507} INFO - Filling up the DagBag from /home/airflow/.local/lib/python3.7/site-packages/airflow/example_dags/example_xcomargs.py
[2023-10-27 14:20:57,237] {processor.py:651} INFO - DAG(s) dict_keys(['example_xcom_args', 'example_xcom_args_with_operators']) retrieved from /home/airflow/.local/lib/python3.7/site-packages/airflow/example_dags/example_xcomargs.py
[2023-10-27 14:20:57,427] {logging_mixin.py:115} INFO - [2023-10-27 14:20:57,426] {dag.py:2371} INFO - Sync 2 DAGs
[2023-10-27 14:20:57,441] {logging_mixin.py:115} INFO - [2023-10-27 14:20:57,441] {dag.py:2919} INFO - Setting next_dagrun for example_xcom_args to None, run_after=None
[2023-10-27 14:20:57,441] {logging_mixin.py:115} INFO - [2023-10-27 14:20:57,441] {dag.py:2919} INFO - Setting next_dagrun for example_xcom_args_with_operators to None, run_after=None
[2023-10-27 14:20:57,458] {processor.py:161} INFO - Processing /home/airflow/.local/lib/python3.7/site-packages/airflow/example_dags/example_xcomargs.py took 0.243 seconds
[2023-10-27 14:21:29,743] {processor.py:153} INFO - Started process (PID=261) to work on /home/airflow/.local/lib/python3.7/site-packages/airflow/example_dags/example_xcomargs.py
[2023-10-27 14:21:29,746] {processor.py:641} INFO - Processing file /home/airflow/.local/lib/python3.7/site-packages/airflow/example_dags/example_xcomargs.py for tasks to queue
[2023-10-27 14:21:29,748] {logging_mixin.py:115} INFO - [2023-10-27 14:21:29,748] {dagbag.py:507} INFO - Filling up the DagBag from /home/airflow/.local/lib/python3.7/site-packages/airflow/example_dags/example_xcomargs.py
[2023-10-27 14:21:29,803] {processor.py:651} INFO - DAG(s) dict_keys(['example_xcom_args', 'example_xcom_args_with_operators']) retrieved from /home/airflow/.local/lib/python3.7/site-packages/airflow/example_dags/example_xcomargs.py
[2023-10-27 14:21:30,704] {logging_mixin.py:115} INFO - [2023-10-27 14:21:30,703] {dag.py:2371} INFO - Sync 2 DAGs
[2023-10-27 14:21:30,752] {logging_mixin.py:115} INFO - [2023-10-27 14:21:30,752] {dag.py:2919} INFO - Setting next_dagrun for example_xcom_args to None, run_after=None
[2023-10-27 14:21:30,752] {logging_mixin.py:115} INFO - [2023-10-27 14:21:30,752] {dag.py:2919} INFO - Setting next_dagrun for example_xcom_args_with_operators to None, run_after=None
[2023-10-27 14:21:30,816] {processor.py:161} INFO - Processing /home/airflow/.local/lib/python3.7/site-packages/airflow/example_dags/example_xcomargs.py took 1.081 seconds
[2023-10-27 14:22:01,438] {processor.py:153} INFO - Started process (PID=316) to work on /home/airflow/.local/lib/python3.7/site-packages/airflow/example_dags/example_xcomargs.py
[2023-10-27 14:22:01,439] {processor.py:641} INFO - Processing file /home/airflow/.local/lib/python3.7/site-packages/airflow/example_dags/example_xcomargs.py for tasks to queue
[2023-10-27 14:22:01,440] {logging_mixin.py:115} INFO - [2023-10-27 14:22:01,440] {dagbag.py:507} INFO - Filling up the DagBag from /home/airflow/.local/lib/python3.7/site-packages/airflow/example_dags/example_xcomargs.py
[2023-10-27 14:22:01,524] {processor.py:651} INFO - DAG(s) dict_keys(['example_xcom_args', 'example_xcom_args_with_operators']) retrieved from /home/airflow/.local/lib/python3.7/site-packages/airflow/example_dags/example_xcomargs.py
[2023-10-27 14:22:01,800] {logging_mixin.py:115} INFO - [2023-10-27 14:22:01,800] {dag.py:2371} INFO - Sync 2 DAGs
[2023-10-27 14:22:01,857] {logging_mixin.py:115} INFO - [2023-10-27 14:22:01,856] {dag.py:2919} INFO - Setting next_dagrun for example_xcom_args to None, run_after=None
[2023-10-27 14:22:01,857] {logging_mixin.py:115} INFO - [2023-10-27 14:22:01,857] {dag.py:2919} INFO - Setting next_dagrun for example_xcom_args_with_operators to None, run_after=None
[2023-10-27 14:22:01,923] {processor.py:161} INFO - Processing /home/airflow/.local/lib/python3.7/site-packages/airflow/example_dags/example_xcomargs.py took 0.491 seconds
[2023-10-27 14:22:32,145] {processor.py:153} INFO - Started process (PID=377) to work on /home/airflow/.local/lib/python3.7/site-packages/airflow/example_dags/example_xcomargs.py
[2023-10-27 14:22:32,145] {processor.py:641} INFO - Processing file /home/airflow/.local/lib/python3.7/site-packages/airflow/example_dags/example_xcomargs.py for tasks to queue
[2023-10-27 14:22:32,146] {logging_mixin.py:115} INFO - [2023-10-27 14:22:32,146] {dagbag.py:507} INFO - Filling up the DagBag from /home/airflow/.local/lib/python3.7/site-packages/airflow/example_dags/example_xcomargs.py
[2023-10-27 14:22:32,169] {processor.py:651} INFO - DAG(s) dict_keys(['example_xcom_args', 'example_xcom_args_with_operators']) retrieved from /home/airflow/.local/lib/python3.7/site-packages/airflow/example_dags/example_xcomargs.py
[2023-10-27 14:22:32,371] {logging_mixin.py:115} INFO - [2023-10-27 14:22:32,370] {dag.py:2371} INFO - Sync 2 DAGs
[2023-10-27 14:22:32,387] {logging_mixin.py:115} INFO - [2023-10-27 14:22:32,387] {dag.py:2919} INFO - Setting next_dagrun for example_xcom_args to None, run_after=None
[2023-10-27 14:22:32,387] {logging_mixin.py:115} INFO - [2023-10-27 14:22:32,387] {dag.py:2919} INFO - Setting next_dagrun for example_xcom_args_with_operators to None, run_after=None
[2023-10-27 14:22:32,405] {processor.py:161} INFO - Processing /home/airflow/.local/lib/python3.7/site-packages/airflow/example_dags/example_xcomargs.py took 0.263 seconds
[2023-10-27 14:23:02,899] {processor.py:153} INFO - Started process (PID=429) to work on /home/airflow/.local/lib/python3.7/site-packages/airflow/example_dags/example_xcomargs.py
[2023-10-27 14:23:02,901] {processor.py:641} INFO - Processing file /home/airflow/.local/lib/python3.7/site-packages/airflow/example_dags/example_xcomargs.py for tasks to queue
[2023-10-27 14:23:02,902] {logging_mixin.py:115} INFO - [2023-10-27 14:23:02,902] {dagbag.py:507} INFO - Filling up the DagBag from /home/airflow/.local/lib/python3.7/site-packages/airflow/example_dags/example_xcomargs.py
[2023-10-27 14:23:02,916] {processor.py:651} INFO - DAG(s) dict_keys(['example_xcom_args', 'example_xcom_args_with_operators']) retrieved from /home/airflow/.local/lib/python3.7/site-packages/airflow/example_dags/example_xcomargs.py
[2023-10-27 14:23:03,091] {logging_mixin.py:115} INFO - [2023-10-27 14:23:03,091] {dag.py:2371} INFO - Sync 2 DAGs
[2023-10-27 14:23:03,108] {logging_mixin.py:115} INFO - [2023-10-27 14:23:03,108] {dag.py:2919} INFO - Setting next_dagrun for example_xcom_args to None, run_after=None
[2023-10-27 14:23:03,108] {logging_mixin.py:115} INFO - [2023-10-27 14:23:03,108] {dag.py:2919} INFO - Setting next_dagrun for example_xcom_args_with_operators to None, run_after=None
[2023-10-27 14:23:03,130] {processor.py:161} INFO - Processing /home/airflow/.local/lib/python3.7/site-packages/airflow/example_dags/example_xcomargs.py took 0.233 seconds
[2023-10-27 14:23:33,418] {processor.py:153} INFO - Started process (PID=491) to work on /home/airflow/.local/lib/python3.7/site-packages/airflow/example_dags/example_xcomargs.py
[2023-10-27 14:23:33,420] {processor.py:641} INFO - Processing file /home/airflow/.local/lib/python3.7/site-packages/airflow/example_dags/example_xcomargs.py for tasks to queue
[2023-10-27 14:23:33,421] {logging_mixin.py:115} INFO - [2023-10-27 14:23:33,420] {dagbag.py:507} INFO - Filling up the DagBag from /home/airflow/.local/lib/python3.7/site-packages/airflow/example_dags/example_xcomargs.py
[2023-10-27 14:23:33,463] {processor.py:651} INFO - DAG(s) dict_keys(['example_xcom_args', 'example_xcom_args_with_operators']) retrieved from /home/airflow/.local/lib/python3.7/site-packages/airflow/example_dags/example_xcomargs.py
[2023-10-27 14:23:33,681] {logging_mixin.py:115} INFO - [2023-10-27 14:23:33,681] {dag.py:2371} INFO - Sync 2 DAGs
[2023-10-27 14:23:33,695] {logging_mixin.py:115} INFO - [2023-10-27 14:23:33,695] {dag.py:2919} INFO - Setting next_dagrun for example_xcom_args to None, run_after=None
[2023-10-27 14:23:33,695] {logging_mixin.py:115} INFO - [2023-10-27 14:23:33,695] {dag.py:2919} INFO - Setting next_dagrun for example_xcom_args_with_operators to None, run_after=None
[2023-10-27 14:23:33,708] {processor.py:161} INFO - Processing /home/airflow/.local/lib/python3.7/site-packages/airflow/example_dags/example_xcomargs.py took 0.292 seconds
[2023-10-27 14:24:04,098] {processor.py:153} INFO - Started process (PID=543) to work on /home/airflow/.local/lib/python3.7/site-packages/airflow/example_dags/example_xcomargs.py
[2023-10-27 14:24:04,102] {processor.py:641} INFO - Processing file /home/airflow/.local/lib/python3.7/site-packages/airflow/example_dags/example_xcomargs.py for tasks to queue
[2023-10-27 14:24:04,103] {logging_mixin.py:115} INFO - [2023-10-27 14:24:04,103] {dagbag.py:507} INFO - Filling up the DagBag from /home/airflow/.local/lib/python3.7/site-packages/airflow/example_dags/example_xcomargs.py
[2023-10-27 14:24:04,125] {processor.py:651} INFO - DAG(s) dict_keys(['example_xcom_args', 'example_xcom_args_with_operators']) retrieved from /home/airflow/.local/lib/python3.7/site-packages/airflow/example_dags/example_xcomargs.py
[2023-10-27 14:24:04,363] {logging_mixin.py:115} INFO - [2023-10-27 14:24:04,363] {dag.py:2371} INFO - Sync 2 DAGs
[2023-10-27 14:24:04,438] {logging_mixin.py:115} INFO - [2023-10-27 14:24:04,438] {dag.py:2919} INFO - Setting next_dagrun for example_xcom_args to None, run_after=None
[2023-10-27 14:24:04,439] {logging_mixin.py:115} INFO - [2023-10-27 14:24:04,439] {dag.py:2919} INFO - Setting next_dagrun for example_xcom_args_with_operators to None, run_after=None
[2023-10-27 14:24:04,533] {processor.py:161} INFO - Processing /home/airflow/.local/lib/python3.7/site-packages/airflow/example_dags/example_xcomargs.py took 0.439 seconds
[2023-10-27 14:24:34,616] {processor.py:153} INFO - Started process (PID=604) to work on /home/airflow/.local/lib/python3.7/site-packages/airflow/example_dags/example_xcomargs.py
[2023-10-27 14:24:34,617] {processor.py:641} INFO - Processing file /home/airflow/.local/lib/python3.7/site-packages/airflow/example_dags/example_xcomargs.py for tasks to queue
[2023-10-27 14:24:34,617] {logging_mixin.py:115} INFO - [2023-10-27 14:24:34,617] {dagbag.py:507} INFO - Filling up the DagBag from /home/airflow/.local/lib/python3.7/site-packages/airflow/example_dags/example_xcomargs.py
[2023-10-27 14:24:34,643] {processor.py:651} INFO - DAG(s) dict_keys(['example_xcom_args', 'example_xcom_args_with_operators']) retrieved from /home/airflow/.local/lib/python3.7/site-packages/airflow/example_dags/example_xcomargs.py
[2023-10-27 14:24:34,825] {logging_mixin.py:115} INFO - [2023-10-27 14:24:34,825] {dag.py:2371} INFO - Sync 2 DAGs
[2023-10-27 14:24:34,844] {logging_mixin.py:115} INFO - [2023-10-27 14:24:34,844] {dag.py:2919} INFO - Setting next_dagrun for example_xcom_args to None, run_after=None
[2023-10-27 14:24:34,844] {logging_mixin.py:115} INFO - [2023-10-27 14:24:34,844] {dag.py:2919} INFO - Setting next_dagrun for example_xcom_args_with_operators to None, run_after=None
[2023-10-27 14:24:34,861] {processor.py:161} INFO - Processing /home/airflow/.local/lib/python3.7/site-packages/airflow/example_dags/example_xcomargs.py took 0.248 seconds
[2023-10-27 14:25:05,148] {processor.py:153} INFO - Started process (PID=656) to work on /home/airflow/.local/lib/python3.7/site-packages/airflow/example_dags/example_xcomargs.py
[2023-10-27 14:25:05,150] {processor.py:641} INFO - Processing file /home/airflow/.local/lib/python3.7/site-packages/airflow/example_dags/example_xcomargs.py for tasks to queue
[2023-10-27 14:25:05,150] {logging_mixin.py:115} INFO - [2023-10-27 14:25:05,150] {dagbag.py:507} INFO - Filling up the DagBag from /home/airflow/.local/lib/python3.7/site-packages/airflow/example_dags/example_xcomargs.py
[2023-10-27 14:25:05,174] {processor.py:651} INFO - DAG(s) dict_keys(['example_xcom_args', 'example_xcom_args_with_operators']) retrieved from /home/airflow/.local/lib/python3.7/site-packages/airflow/example_dags/example_xcomargs.py
[2023-10-27 14:25:05,350] {logging_mixin.py:115} INFO - [2023-10-27 14:25:05,350] {dag.py:2371} INFO - Sync 2 DAGs
[2023-10-27 14:25:05,368] {logging_mixin.py:115} INFO - [2023-10-27 14:25:05,367] {dag.py:2919} INFO - Setting next_dagrun for example_xcom_args to None, run_after=None
[2023-10-27 14:25:05,368] {logging_mixin.py:115} INFO - [2023-10-27 14:25:05,368] {dag.py:2919} INFO - Setting next_dagrun for example_xcom_args_with_operators to None, run_after=None
[2023-10-27 14:25:05,382] {processor.py:161} INFO - Processing /home/airflow/.local/lib/python3.7/site-packages/airflow/example_dags/example_xcomargs.py took 0.237 seconds
[2023-10-27 14:25:35,884] {processor.py:153} INFO - Started process (PID=717) to work on /home/airflow/.local/lib/python3.7/site-packages/airflow/example_dags/example_xcomargs.py
[2023-10-27 14:25:35,890] {processor.py:641} INFO - Processing file /home/airflow/.local/lib/python3.7/site-packages/airflow/example_dags/example_xcomargs.py for tasks to queue
[2023-10-27 14:25:35,891] {logging_mixin.py:115} INFO - [2023-10-27 14:25:35,891] {dagbag.py:507} INFO - Filling up the DagBag from /home/airflow/.local/lib/python3.7/site-packages/airflow/example_dags/example_xcomargs.py
[2023-10-27 14:25:35,954] {processor.py:651} INFO - DAG(s) dict_keys(['example_xcom_args', 'example_xcom_args_with_operators']) retrieved from /home/airflow/.local/lib/python3.7/site-packages/airflow/example_dags/example_xcomargs.py
[2023-10-27 14:25:36,194] {logging_mixin.py:115} INFO - [2023-10-27 14:25:36,194] {dag.py:2371} INFO - Sync 2 DAGs
[2023-10-27 14:25:36,210] {logging_mixin.py:115} INFO - [2023-10-27 14:25:36,210] {dag.py:2919} INFO - Setting next_dagrun for example_xcom_args to None, run_after=None
[2023-10-27 14:25:36,210] {logging_mixin.py:115} INFO - [2023-10-27 14:25:36,210] {dag.py:2919} INFO - Setting next_dagrun for example_xcom_args_with_operators to None, run_after=None
[2023-10-27 14:25:36,227] {processor.py:161} INFO - Processing /home/airflow/.local/lib/python3.7/site-packages/airflow/example_dags/example_xcomargs.py took 0.346 seconds
[2023-10-27 14:26:06,293] {processor.py:153} INFO - Started process (PID=768) to work on /home/airflow/.local/lib/python3.7/site-packages/airflow/example_dags/example_xcomargs.py
[2023-10-27 14:26:06,294] {processor.py:641} INFO - Processing file /home/airflow/.local/lib/python3.7/site-packages/airflow/example_dags/example_xcomargs.py for tasks to queue
[2023-10-27 14:26:06,295] {logging_mixin.py:115} INFO - [2023-10-27 14:26:06,295] {dagbag.py:507} INFO - Filling up the DagBag from /home/airflow/.local/lib/python3.7/site-packages/airflow/example_dags/example_xcomargs.py
[2023-10-27 14:26:06,333] {processor.py:651} INFO - DAG(s) dict_keys(['example_xcom_args', 'example_xcom_args_with_operators']) retrieved from /home/airflow/.local/lib/python3.7/site-packages/airflow/example_dags/example_xcomargs.py
[2023-10-27 14:26:06,546] {logging_mixin.py:115} INFO - [2023-10-27 14:26:06,546] {dag.py:2371} INFO - Sync 2 DAGs
[2023-10-27 14:26:06,569] {logging_mixin.py:115} INFO - [2023-10-27 14:26:06,569] {dag.py:2919} INFO - Setting next_dagrun for example_xcom_args to None, run_after=None
[2023-10-27 14:26:06,569] {logging_mixin.py:115} INFO - [2023-10-27 14:26:06,569] {dag.py:2919} INFO - Setting next_dagrun for example_xcom_args_with_operators to None, run_after=None
[2023-10-27 14:26:06,581] {processor.py:161} INFO - Processing /home/airflow/.local/lib/python3.7/site-packages/airflow/example_dags/example_xcomargs.py took 0.291 seconds
[2023-10-27 14:26:37,752] {processor.py:153} INFO - Started process (PID=829) to work on /home/airflow/.local/lib/python3.7/site-packages/airflow/example_dags/example_xcomargs.py
[2023-10-27 14:26:37,755] {processor.py:641} INFO - Processing file /home/airflow/.local/lib/python3.7/site-packages/airflow/example_dags/example_xcomargs.py for tasks to queue
[2023-10-27 14:26:37,758] {logging_mixin.py:115} INFO - [2023-10-27 14:26:37,758] {dagbag.py:507} INFO - Filling up the DagBag from /home/airflow/.local/lib/python3.7/site-packages/airflow/example_dags/example_xcomargs.py
[2023-10-27 14:26:37,818] {processor.py:651} INFO - DAG(s) dict_keys(['example_xcom_args', 'example_xcom_args_with_operators']) retrieved from /home/airflow/.local/lib/python3.7/site-packages/airflow/example_dags/example_xcomargs.py
[2023-10-27 14:26:38,154] {logging_mixin.py:115} INFO - [2023-10-27 14:26:38,154] {dag.py:2371} INFO - Sync 2 DAGs
[2023-10-27 14:26:38,176] {logging_mixin.py:115} INFO - [2023-10-27 14:26:38,176] {dag.py:2919} INFO - Setting next_dagrun for example_xcom_args to None, run_after=None
[2023-10-27 14:26:38,177] {logging_mixin.py:115} INFO - [2023-10-27 14:26:38,176] {dag.py:2919} INFO - Setting next_dagrun for example_xcom_args_with_operators to None, run_after=None
[2023-10-27 14:26:38,193] {processor.py:161} INFO - Processing /home/airflow/.local/lib/python3.7/site-packages/airflow/example_dags/example_xcomargs.py took 0.452 seconds
[2023-10-27 14:27:08,504] {processor.py:153} INFO - Started process (PID=882) to work on /home/airflow/.local/lib/python3.7/site-packages/airflow/example_dags/example_xcomargs.py
[2023-10-27 14:27:08,505] {processor.py:641} INFO - Processing file /home/airflow/.local/lib/python3.7/site-packages/airflow/example_dags/example_xcomargs.py for tasks to queue
[2023-10-27 14:27:08,506] {logging_mixin.py:115} INFO - [2023-10-27 14:27:08,505] {dagbag.py:507} INFO - Filling up the DagBag from /home/airflow/.local/lib/python3.7/site-packages/airflow/example_dags/example_xcomargs.py
[2023-10-27 14:27:08,533] {processor.py:651} INFO - DAG(s) dict_keys(['example_xcom_args', 'example_xcom_args_with_operators']) retrieved from /home/airflow/.local/lib/python3.7/site-packages/airflow/example_dags/example_xcomargs.py
[2023-10-27 14:27:08,737] {logging_mixin.py:115} INFO - [2023-10-27 14:27:08,737] {dag.py:2371} INFO - Sync 2 DAGs
[2023-10-27 14:27:08,756] {logging_mixin.py:115} INFO - [2023-10-27 14:27:08,756] {dag.py:2919} INFO - Setting next_dagrun for example_xcom_args to None, run_after=None
[2023-10-27 14:27:08,756] {logging_mixin.py:115} INFO - [2023-10-27 14:27:08,756] {dag.py:2919} INFO - Setting next_dagrun for example_xcom_args_with_operators to None, run_after=None
[2023-10-27 14:27:08,771] {processor.py:161} INFO - Processing /home/airflow/.local/lib/python3.7/site-packages/airflow/example_dags/example_xcomargs.py took 0.269 seconds
[2023-10-27 14:27:39,073] {processor.py:153} INFO - Started process (PID=943) to work on /home/airflow/.local/lib/python3.7/site-packages/airflow/example_dags/example_xcomargs.py
[2023-10-27 14:27:39,075] {processor.py:641} INFO - Processing file /home/airflow/.local/lib/python3.7/site-packages/airflow/example_dags/example_xcomargs.py for tasks to queue
[2023-10-27 14:27:39,075] {logging_mixin.py:115} INFO - [2023-10-27 14:27:39,075] {dagbag.py:507} INFO - Filling up the DagBag from /home/airflow/.local/lib/python3.7/site-packages/airflow/example_dags/example_xcomargs.py
[2023-10-27 14:27:39,108] {processor.py:651} INFO - DAG(s) dict_keys(['example_xcom_args', 'example_xcom_args_with_operators']) retrieved from /home/airflow/.local/lib/python3.7/site-packages/airflow/example_dags/example_xcomargs.py
[2023-10-27 14:27:39,299] {logging_mixin.py:115} INFO - [2023-10-27 14:27:39,299] {dag.py:2371} INFO - Sync 2 DAGs
[2023-10-27 14:27:39,319] {logging_mixin.py:115} INFO - [2023-10-27 14:27:39,319] {dag.py:2919} INFO - Setting next_dagrun for example_xcom_args to None, run_after=None
[2023-10-27 14:27:39,319] {logging_mixin.py:115} INFO - [2023-10-27 14:27:39,319] {dag.py:2919} INFO - Setting next_dagrun for example_xcom_args_with_operators to None, run_after=None
[2023-10-27 14:27:39,332] {processor.py:161} INFO - Processing /home/airflow/.local/lib/python3.7/site-packages/airflow/example_dags/example_xcomargs.py took 0.262 seconds
[2023-10-27 14:28:09,605] {processor.py:153} INFO - Started process (PID=995) to work on /home/airflow/.local/lib/python3.7/site-packages/airflow/example_dags/example_xcomargs.py
[2023-10-27 14:28:09,607] {processor.py:641} INFO - Processing file /home/airflow/.local/lib/python3.7/site-packages/airflow/example_dags/example_xcomargs.py for tasks to queue
[2023-10-27 14:28:09,607] {logging_mixin.py:115} INFO - [2023-10-27 14:28:09,607] {dagbag.py:507} INFO - Filling up the DagBag from /home/airflow/.local/lib/python3.7/site-packages/airflow/example_dags/example_xcomargs.py
[2023-10-27 14:28:09,629] {processor.py:651} INFO - DAG(s) dict_keys(['example_xcom_args', 'example_xcom_args_with_operators']) retrieved from /home/airflow/.local/lib/python3.7/site-packages/airflow/example_dags/example_xcomargs.py
[2023-10-27 14:28:09,812] {logging_mixin.py:115} INFO - [2023-10-27 14:28:09,812] {dag.py:2371} INFO - Sync 2 DAGs
[2023-10-27 14:28:09,826] {logging_mixin.py:115} INFO - [2023-10-27 14:28:09,826] {dag.py:2919} INFO - Setting next_dagrun for example_xcom_args to None, run_after=None
[2023-10-27 14:28:09,826] {logging_mixin.py:115} INFO - [2023-10-27 14:28:09,826] {dag.py:2919} INFO - Setting next_dagrun for example_xcom_args_with_operators to None, run_after=None
[2023-10-27 14:28:09,845] {processor.py:161} INFO - Processing /home/airflow/.local/lib/python3.7/site-packages/airflow/example_dags/example_xcomargs.py took 0.243 seconds
[2023-10-27 14:28:40,994] {processor.py:153} INFO - Started process (PID=1056) to work on /home/airflow/.local/lib/python3.7/site-packages/airflow/example_dags/example_xcomargs.py
[2023-10-27 14:28:40,996] {processor.py:641} INFO - Processing file /home/airflow/.local/lib/python3.7/site-packages/airflow/example_dags/example_xcomargs.py for tasks to queue
[2023-10-27 14:28:40,997] {logging_mixin.py:115} INFO - [2023-10-27 14:28:40,997] {dagbag.py:507} INFO - Filling up the DagBag from /home/airflow/.local/lib/python3.7/site-packages/airflow/example_dags/example_xcomargs.py
[2023-10-27 14:28:41,016] {processor.py:651} INFO - DAG(s) dict_keys(['example_xcom_args', 'example_xcom_args_with_operators']) retrieved from /home/airflow/.local/lib/python3.7/site-packages/airflow/example_dags/example_xcomargs.py
[2023-10-27 14:28:41,244] {logging_mixin.py:115} INFO - [2023-10-27 14:28:41,244] {dag.py:2371} INFO - Sync 2 DAGs
[2023-10-27 14:28:41,262] {logging_mixin.py:115} INFO - [2023-10-27 14:28:41,262] {dag.py:2919} INFO - Setting next_dagrun for example_xcom_args to None, run_after=None
[2023-10-27 14:28:41,262] {logging_mixin.py:115} INFO - [2023-10-27 14:28:41,262] {dag.py:2919} INFO - Setting next_dagrun for example_xcom_args_with_operators to None, run_after=None
[2023-10-27 14:28:41,280] {processor.py:161} INFO - Processing /home/airflow/.local/lib/python3.7/site-packages/airflow/example_dags/example_xcomargs.py took 0.290 seconds
[2023-10-27 14:29:11,649] {processor.py:153} INFO - Started process (PID=1108) to work on /home/airflow/.local/lib/python3.7/site-packages/airflow/example_dags/example_xcomargs.py
[2023-10-27 14:29:11,652] {processor.py:641} INFO - Processing file /home/airflow/.local/lib/python3.7/site-packages/airflow/example_dags/example_xcomargs.py for tasks to queue
[2023-10-27 14:29:11,653] {logging_mixin.py:115} INFO - [2023-10-27 14:29:11,652] {dagbag.py:507} INFO - Filling up the DagBag from /home/airflow/.local/lib/python3.7/site-packages/airflow/example_dags/example_xcomargs.py
[2023-10-27 14:29:11,688] {processor.py:651} INFO - DAG(s) dict_keys(['example_xcom_args', 'example_xcom_args_with_operators']) retrieved from /home/airflow/.local/lib/python3.7/site-packages/airflow/example_dags/example_xcomargs.py
[2023-10-27 14:29:11,892] {logging_mixin.py:115} INFO - [2023-10-27 14:29:11,892] {dag.py:2371} INFO - Sync 2 DAGs
[2023-10-27 14:29:11,907] {logging_mixin.py:115} INFO - [2023-10-27 14:29:11,907] {dag.py:2919} INFO - Setting next_dagrun for example_xcom_args to None, run_after=None
[2023-10-27 14:29:11,907] {logging_mixin.py:115} INFO - [2023-10-27 14:29:11,907] {dag.py:2919} INFO - Setting next_dagrun for example_xcom_args_with_operators to None, run_after=None
[2023-10-27 14:29:11,924] {processor.py:161} INFO - Processing /home/airflow/.local/lib/python3.7/site-packages/airflow/example_dags/example_xcomargs.py took 0.281 seconds
[2023-10-27 14:29:42,628] {processor.py:153} INFO - Started process (PID=1170) to work on /home/airflow/.local/lib/python3.7/site-packages/airflow/example_dags/example_xcomargs.py
[2023-10-27 14:29:42,630] {processor.py:641} INFO - Processing file /home/airflow/.local/lib/python3.7/site-packages/airflow/example_dags/example_xcomargs.py for tasks to queue
[2023-10-27 14:29:42,630] {logging_mixin.py:115} INFO - [2023-10-27 14:29:42,630] {dagbag.py:507} INFO - Filling up the DagBag from /home/airflow/.local/lib/python3.7/site-packages/airflow/example_dags/example_xcomargs.py
[2023-10-27 14:29:42,653] {processor.py:651} INFO - DAG(s) dict_keys(['example_xcom_args', 'example_xcom_args_with_operators']) retrieved from /home/airflow/.local/lib/python3.7/site-packages/airflow/example_dags/example_xcomargs.py
[2023-10-27 14:29:42,716] {logging_mixin.py:115} INFO - [2023-10-27 14:29:42,715] {dag.py:2371} INFO - Sync 2 DAGs
[2023-10-27 14:29:42,735] {logging_mixin.py:115} INFO - [2023-10-27 14:29:42,734] {dag.py:2919} INFO - Setting next_dagrun for example_xcom_args to None, run_after=None
[2023-10-27 14:29:42,735] {logging_mixin.py:115} INFO - [2023-10-27 14:29:42,735] {dag.py:2919} INFO - Setting next_dagrun for example_xcom_args_with_operators to None, run_after=None
[2023-10-27 14:29:42,752] {processor.py:161} INFO - Processing /home/airflow/.local/lib/python3.7/site-packages/airflow/example_dags/example_xcomargs.py took 0.126 seconds
[2023-10-27 14:30:12,956] {processor.py:153} INFO - Started process (PID=1231) to work on /home/airflow/.local/lib/python3.7/site-packages/airflow/example_dags/example_xcomargs.py
[2023-10-27 14:30:12,957] {processor.py:641} INFO - Processing file /home/airflow/.local/lib/python3.7/site-packages/airflow/example_dags/example_xcomargs.py for tasks to queue
[2023-10-27 14:30:12,958] {logging_mixin.py:115} INFO - [2023-10-27 14:30:12,958] {dagbag.py:507} INFO - Filling up the DagBag from /home/airflow/.local/lib/python3.7/site-packages/airflow/example_dags/example_xcomargs.py
[2023-10-27 14:30:12,990] {processor.py:651} INFO - DAG(s) dict_keys(['example_xcom_args', 'example_xcom_args_with_operators']) retrieved from /home/airflow/.local/lib/python3.7/site-packages/airflow/example_dags/example_xcomargs.py
[2023-10-27 14:30:13,082] {logging_mixin.py:115} INFO - [2023-10-27 14:30:13,082] {dag.py:2371} INFO - Sync 2 DAGs
[2023-10-27 14:30:13,106] {logging_mixin.py:115} INFO - [2023-10-27 14:30:13,106] {dag.py:2919} INFO - Setting next_dagrun for example_xcom_args to None, run_after=None
[2023-10-27 14:30:13,107] {logging_mixin.py:115} INFO - [2023-10-27 14:30:13,106] {dag.py:2919} INFO - Setting next_dagrun for example_xcom_args_with_operators to None, run_after=None
[2023-10-27 14:30:13,131] {processor.py:161} INFO - Processing /home/airflow/.local/lib/python3.7/site-packages/airflow/example_dags/example_xcomargs.py took 0.179 seconds
[2023-10-27 14:30:43,987] {processor.py:153} INFO - Started process (PID=1283) to work on /home/airflow/.local/lib/python3.7/site-packages/airflow/example_dags/example_xcomargs.py
[2023-10-27 14:30:43,989] {processor.py:641} INFO - Processing file /home/airflow/.local/lib/python3.7/site-packages/airflow/example_dags/example_xcomargs.py for tasks to queue
[2023-10-27 14:30:43,989] {logging_mixin.py:115} INFO - [2023-10-27 14:30:43,989] {dagbag.py:507} INFO - Filling up the DagBag from /home/airflow/.local/lib/python3.7/site-packages/airflow/example_dags/example_xcomargs.py
[2023-10-27 14:30:44,018] {processor.py:651} INFO - DAG(s) dict_keys(['example_xcom_args', 'example_xcom_args_with_operators']) retrieved from /home/airflow/.local/lib/python3.7/site-packages/airflow/example_dags/example_xcomargs.py
[2023-10-27 14:30:44,048] {logging_mixin.py:115} INFO - [2023-10-27 14:30:44,048] {dag.py:2371} INFO - Sync 2 DAGs
[2023-10-27 14:30:44,076] {logging_mixin.py:115} INFO - [2023-10-27 14:30:44,076] {dag.py:2919} INFO - Setting next_dagrun for example_xcom_args to None, run_after=None
[2023-10-27 14:30:44,076] {logging_mixin.py:115} INFO - [2023-10-27 14:30:44,076] {dag.py:2919} INFO - Setting next_dagrun for example_xcom_args_with_operators to None, run_after=None
[2023-10-27 14:30:44,095] {processor.py:161} INFO - Processing /home/airflow/.local/lib/python3.7/site-packages/airflow/example_dags/example_xcomargs.py took 0.113 seconds
[2023-10-27 14:31:14,944] {processor.py:153} INFO - Started process (PID=1344) to work on /home/airflow/.local/lib/python3.7/site-packages/airflow/example_dags/example_xcomargs.py
[2023-10-27 14:31:14,945] {processor.py:641} INFO - Processing file /home/airflow/.local/lib/python3.7/site-packages/airflow/example_dags/example_xcomargs.py for tasks to queue
[2023-10-27 14:31:14,946] {logging_mixin.py:115} INFO - [2023-10-27 14:31:14,946] {dagbag.py:507} INFO - Filling up the DagBag from /home/airflow/.local/lib/python3.7/site-packages/airflow/example_dags/example_xcomargs.py
[2023-10-27 14:31:14,974] {processor.py:651} INFO - DAG(s) dict_keys(['example_xcom_args', 'example_xcom_args_with_operators']) retrieved from /home/airflow/.local/lib/python3.7/site-packages/airflow/example_dags/example_xcomargs.py
[2023-10-27 14:31:15,034] {logging_mixin.py:115} INFO - [2023-10-27 14:31:15,034] {dag.py:2371} INFO - Sync 2 DAGs
[2023-10-27 14:31:15,052] {logging_mixin.py:115} INFO - [2023-10-27 14:31:15,052] {dag.py:2919} INFO - Setting next_dagrun for example_xcom_args to None, run_after=None
[2023-10-27 14:31:15,052] {logging_mixin.py:115} INFO - [2023-10-27 14:31:15,052] {dag.py:2919} INFO - Setting next_dagrun for example_xcom_args_with_operators to None, run_after=None
[2023-10-27 14:31:15,072] {processor.py:161} INFO - Processing /home/airflow/.local/lib/python3.7/site-packages/airflow/example_dags/example_xcomargs.py took 0.131 seconds
[2023-10-27 14:31:45,303] {processor.py:153} INFO - Started process (PID=1403) to work on /home/airflow/.local/lib/python3.7/site-packages/airflow/example_dags/example_xcomargs.py
[2023-10-27 14:31:45,304] {processor.py:641} INFO - Processing file /home/airflow/.local/lib/python3.7/site-packages/airflow/example_dags/example_xcomargs.py for tasks to queue
[2023-10-27 14:31:45,305] {logging_mixin.py:115} INFO - [2023-10-27 14:31:45,305] {dagbag.py:507} INFO - Filling up the DagBag from /home/airflow/.local/lib/python3.7/site-packages/airflow/example_dags/example_xcomargs.py
[2023-10-27 14:31:45,368] {processor.py:651} INFO - DAG(s) dict_keys(['example_xcom_args', 'example_xcom_args_with_operators']) retrieved from /home/airflow/.local/lib/python3.7/site-packages/airflow/example_dags/example_xcomargs.py
[2023-10-27 14:31:45,462] {logging_mixin.py:115} INFO - [2023-10-27 14:31:45,461] {dag.py:2371} INFO - Sync 2 DAGs
[2023-10-27 14:31:45,516] {logging_mixin.py:115} INFO - [2023-10-27 14:31:45,516] {dag.py:2919} INFO - Setting next_dagrun for example_xcom_args to None, run_after=None
[2023-10-27 14:31:45,516] {logging_mixin.py:115} INFO - [2023-10-27 14:31:45,516] {dag.py:2919} INFO - Setting next_dagrun for example_xcom_args_with_operators to None, run_after=None
[2023-10-27 14:31:45,544] {processor.py:161} INFO - Processing /home/airflow/.local/lib/python3.7/site-packages/airflow/example_dags/example_xcomargs.py took 0.248 seconds
