[2023-10-27 14:19:53,073] {processor.py:153} INFO - Started process (PID=77) to work on /home/airflow/.local/lib/python3.7/site-packages/airflow/example_dags/example_bash_operator.py
[2023-10-27 14:19:53,074] {processor.py:641} INFO - Processing file /home/airflow/.local/lib/python3.7/site-packages/airflow/example_dags/example_bash_operator.py for tasks to queue
[2023-10-27 14:19:53,076] {logging_mixin.py:115} INFO - [2023-10-27 14:19:53,075] {dagbag.py:507} INFO - Filling up the DagBag from /home/airflow/.local/lib/python3.7/site-packages/airflow/example_dags/example_bash_operator.py
[2023-10-27 14:19:53,147] {processor.py:651} INFO - DAG(s) dict_keys(['example_bash_operator']) retrieved from /home/airflow/.local/lib/python3.7/site-packages/airflow/example_dags/example_bash_operator.py
[2023-10-27 14:19:53,762] {logging_mixin.py:115} INFO - [2023-10-27 14:19:53,762] {manager.py:508} INFO - Created Permission View: can delete on DAG:example_bash_operator
[2023-10-27 14:19:53,814] {logging_mixin.py:115} INFO - [2023-10-27 14:19:53,814] {manager.py:508} INFO - Created Permission View: can edit on DAG:example_bash_operator
[2023-10-27 14:19:53,842] {logging_mixin.py:115} INFO - [2023-10-27 14:19:53,842] {manager.py:508} INFO - Created Permission View: can read on DAG:example_bash_operator
[2023-10-27 14:19:53,842] {logging_mixin.py:115} INFO - [2023-10-27 14:19:53,842] {dag.py:2371} INFO - Sync 1 DAGs
[2023-10-27 14:19:53,878] {logging_mixin.py:115} INFO - [2023-10-27 14:19:53,878] {dag.py:2390} INFO - Creating ORM DAG for example_bash_operator
[2023-10-27 14:19:53,937] {logging_mixin.py:115} INFO - [2023-10-27 14:19:53,930] {dag.py:2919} INFO - Setting next_dagrun for example_bash_operator to 2023-10-26T00:00:00+00:00, run_after=2023-10-27T00:00:00+00:00
[2023-10-27 14:19:54,005] {processor.py:161} INFO - Processing /home/airflow/.local/lib/python3.7/site-packages/airflow/example_dags/example_bash_operator.py took 0.948 seconds
[2023-10-27 14:20:24,369] {processor.py:153} INFO - Started process (PID=129) to work on /home/airflow/.local/lib/python3.7/site-packages/airflow/example_dags/example_bash_operator.py
[2023-10-27 14:20:24,371] {processor.py:641} INFO - Processing file /home/airflow/.local/lib/python3.7/site-packages/airflow/example_dags/example_bash_operator.py for tasks to queue
[2023-10-27 14:20:24,372] {logging_mixin.py:115} INFO - [2023-10-27 14:20:24,372] {dagbag.py:507} INFO - Filling up the DagBag from /home/airflow/.local/lib/python3.7/site-packages/airflow/example_dags/example_bash_operator.py
[2023-10-27 14:20:24,388] {processor.py:651} INFO - DAG(s) dict_keys(['example_bash_operator']) retrieved from /home/airflow/.local/lib/python3.7/site-packages/airflow/example_dags/example_bash_operator.py
[2023-10-27 14:20:24,426] {logging_mixin.py:115} INFO - [2023-10-27 14:20:24,425] {dag.py:2371} INFO - Sync 1 DAGs
[2023-10-27 14:20:24,588] {logging_mixin.py:115} INFO - [2023-10-27 14:20:24,587] {dag.py:2919} INFO - Setting next_dagrun for example_bash_operator to 2023-10-26T00:00:00+00:00, run_after=2023-10-27T00:00:00+00:00
[2023-10-27 14:20:24,601] {processor.py:161} INFO - Processing /home/airflow/.local/lib/python3.7/site-packages/airflow/example_dags/example_bash_operator.py took 0.235 seconds
[2023-10-27 14:20:54,823] {processor.py:153} INFO - Started process (PID=190) to work on /home/airflow/.local/lib/python3.7/site-packages/airflow/example_dags/example_bash_operator.py
[2023-10-27 14:20:54,824] {processor.py:641} INFO - Processing file /home/airflow/.local/lib/python3.7/site-packages/airflow/example_dags/example_bash_operator.py for tasks to queue
[2023-10-27 14:20:54,825] {logging_mixin.py:115} INFO - [2023-10-27 14:20:54,825] {dagbag.py:507} INFO - Filling up the DagBag from /home/airflow/.local/lib/python3.7/site-packages/airflow/example_dags/example_bash_operator.py
[2023-10-27 14:20:54,841] {processor.py:651} INFO - DAG(s) dict_keys(['example_bash_operator']) retrieved from /home/airflow/.local/lib/python3.7/site-packages/airflow/example_dags/example_bash_operator.py
[2023-10-27 14:20:54,871] {logging_mixin.py:115} INFO - [2023-10-27 14:20:54,871] {dag.py:2371} INFO - Sync 1 DAGs
[2023-10-27 14:20:55,095] {logging_mixin.py:115} INFO - [2023-10-27 14:20:55,094] {dag.py:2919} INFO - Setting next_dagrun for example_bash_operator to 2023-10-26T00:00:00+00:00, run_after=2023-10-27T00:00:00+00:00
[2023-10-27 14:20:55,108] {processor.py:161} INFO - Processing /home/airflow/.local/lib/python3.7/site-packages/airflow/example_dags/example_bash_operator.py took 0.288 seconds
[2023-10-27 14:21:26,105] {processor.py:153} INFO - Started process (PID=242) to work on /home/airflow/.local/lib/python3.7/site-packages/airflow/example_dags/example_bash_operator.py
[2023-10-27 14:21:26,106] {processor.py:641} INFO - Processing file /home/airflow/.local/lib/python3.7/site-packages/airflow/example_dags/example_bash_operator.py for tasks to queue
[2023-10-27 14:21:26,107] {logging_mixin.py:115} INFO - [2023-10-27 14:21:26,107] {dagbag.py:507} INFO - Filling up the DagBag from /home/airflow/.local/lib/python3.7/site-packages/airflow/example_dags/example_bash_operator.py
[2023-10-27 14:21:26,121] {processor.py:651} INFO - DAG(s) dict_keys(['example_bash_operator']) retrieved from /home/airflow/.local/lib/python3.7/site-packages/airflow/example_dags/example_bash_operator.py
[2023-10-27 14:21:26,187] {logging_mixin.py:115} INFO - [2023-10-27 14:21:26,187] {dag.py:2371} INFO - Sync 1 DAGs
[2023-10-27 14:21:26,518] {logging_mixin.py:115} INFO - [2023-10-27 14:21:26,518] {dag.py:2919} INFO - Setting next_dagrun for example_bash_operator to 2023-10-26T00:00:00+00:00, run_after=2023-10-27T00:00:00+00:00
[2023-10-27 14:21:26,532] {processor.py:161} INFO - Processing /home/airflow/.local/lib/python3.7/site-packages/airflow/example_dags/example_bash_operator.py took 0.430 seconds
[2023-10-27 14:21:56,929] {processor.py:153} INFO - Started process (PID=304) to work on /home/airflow/.local/lib/python3.7/site-packages/airflow/example_dags/example_bash_operator.py
[2023-10-27 14:21:56,930] {processor.py:641} INFO - Processing file /home/airflow/.local/lib/python3.7/site-packages/airflow/example_dags/example_bash_operator.py for tasks to queue
[2023-10-27 14:21:56,931] {logging_mixin.py:115} INFO - [2023-10-27 14:21:56,931] {dagbag.py:507} INFO - Filling up the DagBag from /home/airflow/.local/lib/python3.7/site-packages/airflow/example_dags/example_bash_operator.py
[2023-10-27 14:21:56,956] {processor.py:651} INFO - DAG(s) dict_keys(['example_bash_operator']) retrieved from /home/airflow/.local/lib/python3.7/site-packages/airflow/example_dags/example_bash_operator.py
[2023-10-27 14:21:57,021] {logging_mixin.py:115} INFO - [2023-10-27 14:21:57,020] {dag.py:2371} INFO - Sync 1 DAGs
[2023-10-27 14:21:57,409] {logging_mixin.py:115} INFO - [2023-10-27 14:21:57,407] {dag.py:2919} INFO - Setting next_dagrun for example_bash_operator to 2023-10-26T00:00:00+00:00, run_after=2023-10-27T00:00:00+00:00
[2023-10-27 14:21:57,561] {processor.py:161} INFO - Processing /home/airflow/.local/lib/python3.7/site-packages/airflow/example_dags/example_bash_operator.py took 0.641 seconds
[2023-10-27 14:22:27,881] {processor.py:153} INFO - Started process (PID=356) to work on /home/airflow/.local/lib/python3.7/site-packages/airflow/example_dags/example_bash_operator.py
[2023-10-27 14:22:27,882] {processor.py:641} INFO - Processing file /home/airflow/.local/lib/python3.7/site-packages/airflow/example_dags/example_bash_operator.py for tasks to queue
[2023-10-27 14:22:27,883] {logging_mixin.py:115} INFO - [2023-10-27 14:22:27,883] {dagbag.py:507} INFO - Filling up the DagBag from /home/airflow/.local/lib/python3.7/site-packages/airflow/example_dags/example_bash_operator.py
[2023-10-27 14:22:27,901] {processor.py:651} INFO - DAG(s) dict_keys(['example_bash_operator']) retrieved from /home/airflow/.local/lib/python3.7/site-packages/airflow/example_dags/example_bash_operator.py
[2023-10-27 14:22:27,933] {logging_mixin.py:115} INFO - [2023-10-27 14:22:27,933] {dag.py:2371} INFO - Sync 1 DAGs
[2023-10-27 14:22:28,090] {logging_mixin.py:115} INFO - [2023-10-27 14:22:28,090] {dag.py:2919} INFO - Setting next_dagrun for example_bash_operator to 2023-10-26T00:00:00+00:00, run_after=2023-10-27T00:00:00+00:00
[2023-10-27 14:22:28,107] {processor.py:161} INFO - Processing /home/airflow/.local/lib/python3.7/site-packages/airflow/example_dags/example_bash_operator.py took 0.229 seconds
[2023-10-27 14:22:58,761] {processor.py:153} INFO - Started process (PID=417) to work on /home/airflow/.local/lib/python3.7/site-packages/airflow/example_dags/example_bash_operator.py
[2023-10-27 14:22:58,763] {processor.py:641} INFO - Processing file /home/airflow/.local/lib/python3.7/site-packages/airflow/example_dags/example_bash_operator.py for tasks to queue
[2023-10-27 14:22:58,763] {logging_mixin.py:115} INFO - [2023-10-27 14:22:58,763] {dagbag.py:507} INFO - Filling up the DagBag from /home/airflow/.local/lib/python3.7/site-packages/airflow/example_dags/example_bash_operator.py
[2023-10-27 14:22:58,774] {processor.py:651} INFO - DAG(s) dict_keys(['example_bash_operator']) retrieved from /home/airflow/.local/lib/python3.7/site-packages/airflow/example_dags/example_bash_operator.py
[2023-10-27 14:22:58,807] {logging_mixin.py:115} INFO - [2023-10-27 14:22:58,807] {dag.py:2371} INFO - Sync 1 DAGs
[2023-10-27 14:22:58,966] {logging_mixin.py:115} INFO - [2023-10-27 14:22:58,966] {dag.py:2919} INFO - Setting next_dagrun for example_bash_operator to 2023-10-26T00:00:00+00:00, run_after=2023-10-27T00:00:00+00:00
[2023-10-27 14:22:58,978] {processor.py:161} INFO - Processing /home/airflow/.local/lib/python3.7/site-packages/airflow/example_dags/example_bash_operator.py took 0.220 seconds
[2023-10-27 14:23:29,100] {processor.py:153} INFO - Started process (PID=479) to work on /home/airflow/.local/lib/python3.7/site-packages/airflow/example_dags/example_bash_operator.py
[2023-10-27 14:23:29,102] {processor.py:641} INFO - Processing file /home/airflow/.local/lib/python3.7/site-packages/airflow/example_dags/example_bash_operator.py for tasks to queue
[2023-10-27 14:23:29,102] {logging_mixin.py:115} INFO - [2023-10-27 14:23:29,102] {dagbag.py:507} INFO - Filling up the DagBag from /home/airflow/.local/lib/python3.7/site-packages/airflow/example_dags/example_bash_operator.py
[2023-10-27 14:23:29,136] {processor.py:651} INFO - DAG(s) dict_keys(['example_bash_operator']) retrieved from /home/airflow/.local/lib/python3.7/site-packages/airflow/example_dags/example_bash_operator.py
[2023-10-27 14:23:29,236] {logging_mixin.py:115} INFO - [2023-10-27 14:23:29,236] {dag.py:2371} INFO - Sync 1 DAGs
[2023-10-27 14:23:29,558] {logging_mixin.py:115} INFO - [2023-10-27 14:23:29,556] {dag.py:2919} INFO - Setting next_dagrun for example_bash_operator to 2023-10-26T00:00:00+00:00, run_after=2023-10-27T00:00:00+00:00
[2023-10-27 14:23:29,579] {processor.py:161} INFO - Processing /home/airflow/.local/lib/python3.7/site-packages/airflow/example_dags/example_bash_operator.py took 0.491 seconds
[2023-10-27 14:23:59,945] {processor.py:153} INFO - Started process (PID=531) to work on /home/airflow/.local/lib/python3.7/site-packages/airflow/example_dags/example_bash_operator.py
[2023-10-27 14:23:59,946] {processor.py:641} INFO - Processing file /home/airflow/.local/lib/python3.7/site-packages/airflow/example_dags/example_bash_operator.py for tasks to queue
[2023-10-27 14:23:59,946] {logging_mixin.py:115} INFO - [2023-10-27 14:23:59,946] {dagbag.py:507} INFO - Filling up the DagBag from /home/airflow/.local/lib/python3.7/site-packages/airflow/example_dags/example_bash_operator.py
[2023-10-27 14:23:59,959] {processor.py:651} INFO - DAG(s) dict_keys(['example_bash_operator']) retrieved from /home/airflow/.local/lib/python3.7/site-packages/airflow/example_dags/example_bash_operator.py
[2023-10-27 14:23:59,993] {logging_mixin.py:115} INFO - [2023-10-27 14:23:59,993] {dag.py:2371} INFO - Sync 1 DAGs
[2023-10-27 14:24:00,162] {logging_mixin.py:115} INFO - [2023-10-27 14:24:00,162] {dag.py:2919} INFO - Setting next_dagrun for example_bash_operator to 2023-10-26T00:00:00+00:00, run_after=2023-10-27T00:00:00+00:00
[2023-10-27 14:24:00,179] {processor.py:161} INFO - Processing /home/airflow/.local/lib/python3.7/site-packages/airflow/example_dags/example_bash_operator.py took 0.238 seconds
[2023-10-27 14:24:30,327] {processor.py:153} INFO - Started process (PID=590) to work on /home/airflow/.local/lib/python3.7/site-packages/airflow/example_dags/example_bash_operator.py
[2023-10-27 14:24:30,332] {processor.py:641} INFO - Processing file /home/airflow/.local/lib/python3.7/site-packages/airflow/example_dags/example_bash_operator.py for tasks to queue
[2023-10-27 14:24:30,336] {logging_mixin.py:115} INFO - [2023-10-27 14:24:30,335] {dagbag.py:507} INFO - Filling up the DagBag from /home/airflow/.local/lib/python3.7/site-packages/airflow/example_dags/example_bash_operator.py
[2023-10-27 14:24:30,387] {processor.py:651} INFO - DAG(s) dict_keys(['example_bash_operator']) retrieved from /home/airflow/.local/lib/python3.7/site-packages/airflow/example_dags/example_bash_operator.py
[2023-10-27 14:24:30,512] {logging_mixin.py:115} INFO - [2023-10-27 14:24:30,512] {dag.py:2371} INFO - Sync 1 DAGs
[2023-10-27 14:24:31,050] {logging_mixin.py:115} INFO - [2023-10-27 14:24:31,050] {dag.py:2919} INFO - Setting next_dagrun for example_bash_operator to 2023-10-26T00:00:00+00:00, run_after=2023-10-27T00:00:00+00:00
[2023-10-27 14:24:31,077] {processor.py:161} INFO - Processing /home/airflow/.local/lib/python3.7/site-packages/airflow/example_dags/example_bash_operator.py took 0.765 seconds
[2023-10-27 14:25:01,341] {processor.py:153} INFO - Started process (PID=644) to work on /home/airflow/.local/lib/python3.7/site-packages/airflow/example_dags/example_bash_operator.py
[2023-10-27 14:25:01,342] {processor.py:641} INFO - Processing file /home/airflow/.local/lib/python3.7/site-packages/airflow/example_dags/example_bash_operator.py for tasks to queue
[2023-10-27 14:25:01,343] {logging_mixin.py:115} INFO - [2023-10-27 14:25:01,343] {dagbag.py:507} INFO - Filling up the DagBag from /home/airflow/.local/lib/python3.7/site-packages/airflow/example_dags/example_bash_operator.py
[2023-10-27 14:25:01,355] {processor.py:651} INFO - DAG(s) dict_keys(['example_bash_operator']) retrieved from /home/airflow/.local/lib/python3.7/site-packages/airflow/example_dags/example_bash_operator.py
[2023-10-27 14:25:01,388] {logging_mixin.py:115} INFO - [2023-10-27 14:25:01,388] {dag.py:2371} INFO - Sync 1 DAGs
[2023-10-27 14:25:01,567] {logging_mixin.py:115} INFO - [2023-10-27 14:25:01,567] {dag.py:2919} INFO - Setting next_dagrun for example_bash_operator to 2023-10-26T00:00:00+00:00, run_after=2023-10-27T00:00:00+00:00
[2023-10-27 14:25:01,591] {processor.py:161} INFO - Processing /home/airflow/.local/lib/python3.7/site-packages/airflow/example_dags/example_bash_operator.py took 0.253 seconds
[2023-10-27 14:25:32,152] {processor.py:153} INFO - Started process (PID=696) to work on /home/airflow/.local/lib/python3.7/site-packages/airflow/example_dags/example_bash_operator.py
[2023-10-27 14:25:32,153] {processor.py:641} INFO - Processing file /home/airflow/.local/lib/python3.7/site-packages/airflow/example_dags/example_bash_operator.py for tasks to queue
[2023-10-27 14:25:32,153] {logging_mixin.py:115} INFO - [2023-10-27 14:25:32,153] {dagbag.py:507} INFO - Filling up the DagBag from /home/airflow/.local/lib/python3.7/site-packages/airflow/example_dags/example_bash_operator.py
[2023-10-27 14:25:32,171] {processor.py:651} INFO - DAG(s) dict_keys(['example_bash_operator']) retrieved from /home/airflow/.local/lib/python3.7/site-packages/airflow/example_dags/example_bash_operator.py
[2023-10-27 14:25:32,225] {logging_mixin.py:115} INFO - [2023-10-27 14:25:32,225] {dag.py:2371} INFO - Sync 1 DAGs
[2023-10-27 14:25:32,667] {logging_mixin.py:115} INFO - [2023-10-27 14:25:32,667] {dag.py:2919} INFO - Setting next_dagrun for example_bash_operator to 2023-10-26T00:00:00+00:00, run_after=2023-10-27T00:00:00+00:00
[2023-10-27 14:25:32,703] {processor.py:161} INFO - Processing /home/airflow/.local/lib/python3.7/site-packages/airflow/example_dags/example_bash_operator.py took 0.560 seconds
[2023-10-27 14:26:03,035] {processor.py:153} INFO - Started process (PID=757) to work on /home/airflow/.local/lib/python3.7/site-packages/airflow/example_dags/example_bash_operator.py
[2023-10-27 14:26:03,036] {processor.py:641} INFO - Processing file /home/airflow/.local/lib/python3.7/site-packages/airflow/example_dags/example_bash_operator.py for tasks to queue
[2023-10-27 14:26:03,036] {logging_mixin.py:115} INFO - [2023-10-27 14:26:03,036] {dagbag.py:507} INFO - Filling up the DagBag from /home/airflow/.local/lib/python3.7/site-packages/airflow/example_dags/example_bash_operator.py
[2023-10-27 14:26:03,052] {processor.py:651} INFO - DAG(s) dict_keys(['example_bash_operator']) retrieved from /home/airflow/.local/lib/python3.7/site-packages/airflow/example_dags/example_bash_operator.py
[2023-10-27 14:26:03,084] {logging_mixin.py:115} INFO - [2023-10-27 14:26:03,084] {dag.py:2371} INFO - Sync 1 DAGs
[2023-10-27 14:26:03,264] {logging_mixin.py:115} INFO - [2023-10-27 14:26:03,263] {dag.py:2919} INFO - Setting next_dagrun for example_bash_operator to 2023-10-26T00:00:00+00:00, run_after=2023-10-27T00:00:00+00:00
[2023-10-27 14:26:03,292] {processor.py:161} INFO - Processing /home/airflow/.local/lib/python3.7/site-packages/airflow/example_dags/example_bash_operator.py took 0.260 seconds
[2023-10-27 14:26:33,353] {processor.py:153} INFO - Started process (PID=816) to work on /home/airflow/.local/lib/python3.7/site-packages/airflow/example_dags/example_bash_operator.py
[2023-10-27 14:26:33,359] {processor.py:641} INFO - Processing file /home/airflow/.local/lib/python3.7/site-packages/airflow/example_dags/example_bash_operator.py for tasks to queue
[2023-10-27 14:26:33,360] {logging_mixin.py:115} INFO - [2023-10-27 14:26:33,360] {dagbag.py:507} INFO - Filling up the DagBag from /home/airflow/.local/lib/python3.7/site-packages/airflow/example_dags/example_bash_operator.py
[2023-10-27 14:26:33,418] {processor.py:651} INFO - DAG(s) dict_keys(['example_bash_operator']) retrieved from /home/airflow/.local/lib/python3.7/site-packages/airflow/example_dags/example_bash_operator.py
[2023-10-27 14:26:33,552] {logging_mixin.py:115} INFO - [2023-10-27 14:26:33,551] {dag.py:2371} INFO - Sync 1 DAGs
[2023-10-27 14:26:34,228] {logging_mixin.py:115} INFO - [2023-10-27 14:26:34,228] {dag.py:2919} INFO - Setting next_dagrun for example_bash_operator to 2023-10-26T00:00:00+00:00, run_after=2023-10-27T00:00:00+00:00
[2023-10-27 14:26:34,287] {processor.py:161} INFO - Processing /home/airflow/.local/lib/python3.7/site-packages/airflow/example_dags/example_bash_operator.py took 0.956 seconds
[2023-10-27 14:27:04,858] {processor.py:153} INFO - Started process (PID=870) to work on /home/airflow/.local/lib/python3.7/site-packages/airflow/example_dags/example_bash_operator.py
[2023-10-27 14:27:04,860] {processor.py:641} INFO - Processing file /home/airflow/.local/lib/python3.7/site-packages/airflow/example_dags/example_bash_operator.py for tasks to queue
[2023-10-27 14:27:04,860] {logging_mixin.py:115} INFO - [2023-10-27 14:27:04,860] {dagbag.py:507} INFO - Filling up the DagBag from /home/airflow/.local/lib/python3.7/site-packages/airflow/example_dags/example_bash_operator.py
[2023-10-27 14:27:04,880] {processor.py:651} INFO - DAG(s) dict_keys(['example_bash_operator']) retrieved from /home/airflow/.local/lib/python3.7/site-packages/airflow/example_dags/example_bash_operator.py
[2023-10-27 14:27:04,911] {logging_mixin.py:115} INFO - [2023-10-27 14:27:04,911] {dag.py:2371} INFO - Sync 1 DAGs
[2023-10-27 14:27:05,157] {logging_mixin.py:115} INFO - [2023-10-27 14:27:05,157] {dag.py:2919} INFO - Setting next_dagrun for example_bash_operator to 2023-10-26T00:00:00+00:00, run_after=2023-10-27T00:00:00+00:00
[2023-10-27 14:27:05,179] {processor.py:161} INFO - Processing /home/airflow/.local/lib/python3.7/site-packages/airflow/example_dags/example_bash_operator.py took 0.324 seconds
[2023-10-27 14:27:35,320] {processor.py:153} INFO - Started process (PID=931) to work on /home/airflow/.local/lib/python3.7/site-packages/airflow/example_dags/example_bash_operator.py
[2023-10-27 14:27:35,322] {processor.py:641} INFO - Processing file /home/airflow/.local/lib/python3.7/site-packages/airflow/example_dags/example_bash_operator.py for tasks to queue
[2023-10-27 14:27:35,323] {logging_mixin.py:115} INFO - [2023-10-27 14:27:35,323] {dagbag.py:507} INFO - Filling up the DagBag from /home/airflow/.local/lib/python3.7/site-packages/airflow/example_dags/example_bash_operator.py
[2023-10-27 14:27:35,344] {processor.py:651} INFO - DAG(s) dict_keys(['example_bash_operator']) retrieved from /home/airflow/.local/lib/python3.7/site-packages/airflow/example_dags/example_bash_operator.py
[2023-10-27 14:27:35,381] {logging_mixin.py:115} INFO - [2023-10-27 14:27:35,381] {dag.py:2371} INFO - Sync 1 DAGs
[2023-10-27 14:27:35,728] {logging_mixin.py:115} INFO - [2023-10-27 14:27:35,728] {dag.py:2919} INFO - Setting next_dagrun for example_bash_operator to 2023-10-26T00:00:00+00:00, run_after=2023-10-27T00:00:00+00:00
[2023-10-27 14:27:35,753] {processor.py:161} INFO - Processing /home/airflow/.local/lib/python3.7/site-packages/airflow/example_dags/example_bash_operator.py took 0.438 seconds
[2023-10-27 14:28:06,566] {processor.py:153} INFO - Started process (PID=983) to work on /home/airflow/.local/lib/python3.7/site-packages/airflow/example_dags/example_bash_operator.py
[2023-10-27 14:28:06,567] {processor.py:641} INFO - Processing file /home/airflow/.local/lib/python3.7/site-packages/airflow/example_dags/example_bash_operator.py for tasks to queue
[2023-10-27 14:28:06,568] {logging_mixin.py:115} INFO - [2023-10-27 14:28:06,568] {dagbag.py:507} INFO - Filling up the DagBag from /home/airflow/.local/lib/python3.7/site-packages/airflow/example_dags/example_bash_operator.py
[2023-10-27 14:28:06,585] {processor.py:651} INFO - DAG(s) dict_keys(['example_bash_operator']) retrieved from /home/airflow/.local/lib/python3.7/site-packages/airflow/example_dags/example_bash_operator.py
[2023-10-27 14:28:06,621] {logging_mixin.py:115} INFO - [2023-10-27 14:28:06,621] {dag.py:2371} INFO - Sync 1 DAGs
[2023-10-27 14:28:06,838] {logging_mixin.py:115} INFO - [2023-10-27 14:28:06,837] {dag.py:2919} INFO - Setting next_dagrun for example_bash_operator to 2023-10-26T00:00:00+00:00, run_after=2023-10-27T00:00:00+00:00
[2023-10-27 14:28:06,858] {processor.py:161} INFO - Processing /home/airflow/.local/lib/python3.7/site-packages/airflow/example_dags/example_bash_operator.py took 0.298 seconds
[2023-10-27 14:28:37,616] {processor.py:153} INFO - Started process (PID=1045) to work on /home/airflow/.local/lib/python3.7/site-packages/airflow/example_dags/example_bash_operator.py
[2023-10-27 14:28:37,617] {processor.py:641} INFO - Processing file /home/airflow/.local/lib/python3.7/site-packages/airflow/example_dags/example_bash_operator.py for tasks to queue
[2023-10-27 14:28:37,618] {logging_mixin.py:115} INFO - [2023-10-27 14:28:37,617] {dagbag.py:507} INFO - Filling up the DagBag from /home/airflow/.local/lib/python3.7/site-packages/airflow/example_dags/example_bash_operator.py
[2023-10-27 14:28:37,634] {processor.py:651} INFO - DAG(s) dict_keys(['example_bash_operator']) retrieved from /home/airflow/.local/lib/python3.7/site-packages/airflow/example_dags/example_bash_operator.py
[2023-10-27 14:28:37,693] {logging_mixin.py:115} INFO - [2023-10-27 14:28:37,692] {dag.py:2371} INFO - Sync 1 DAGs
[2023-10-27 14:28:38,194] {logging_mixin.py:115} INFO - [2023-10-27 14:28:38,194] {dag.py:2919} INFO - Setting next_dagrun for example_bash_operator to 2023-10-26T00:00:00+00:00, run_after=2023-10-27T00:00:00+00:00
[2023-10-27 14:28:38,259] {processor.py:161} INFO - Processing /home/airflow/.local/lib/python3.7/site-packages/airflow/example_dags/example_bash_operator.py took 0.648 seconds
[2023-10-27 14:29:09,042] {processor.py:153} INFO - Started process (PID=1097) to work on /home/airflow/.local/lib/python3.7/site-packages/airflow/example_dags/example_bash_operator.py
[2023-10-27 14:29:09,044] {processor.py:641} INFO - Processing file /home/airflow/.local/lib/python3.7/site-packages/airflow/example_dags/example_bash_operator.py for tasks to queue
[2023-10-27 14:29:09,045] {logging_mixin.py:115} INFO - [2023-10-27 14:29:09,045] {dagbag.py:507} INFO - Filling up the DagBag from /home/airflow/.local/lib/python3.7/site-packages/airflow/example_dags/example_bash_operator.py
[2023-10-27 14:29:09,057] {processor.py:651} INFO - DAG(s) dict_keys(['example_bash_operator']) retrieved from /home/airflow/.local/lib/python3.7/site-packages/airflow/example_dags/example_bash_operator.py
[2023-10-27 14:29:09,088] {logging_mixin.py:115} INFO - [2023-10-27 14:29:09,088] {dag.py:2371} INFO - Sync 1 DAGs
[2023-10-27 14:29:09,262] {logging_mixin.py:115} INFO - [2023-10-27 14:29:09,262] {dag.py:2919} INFO - Setting next_dagrun for example_bash_operator to 2023-10-26T00:00:00+00:00, run_after=2023-10-27T00:00:00+00:00
[2023-10-27 14:29:09,280] {processor.py:161} INFO - Processing /home/airflow/.local/lib/python3.7/site-packages/airflow/example_dags/example_bash_operator.py took 0.241 seconds
[2023-10-27 14:29:39,542] {processor.py:153} INFO - Started process (PID=1159) to work on /home/airflow/.local/lib/python3.7/site-packages/airflow/example_dags/example_bash_operator.py
[2023-10-27 14:29:39,544] {processor.py:641} INFO - Processing file /home/airflow/.local/lib/python3.7/site-packages/airflow/example_dags/example_bash_operator.py for tasks to queue
[2023-10-27 14:29:39,545] {logging_mixin.py:115} INFO - [2023-10-27 14:29:39,545] {dagbag.py:507} INFO - Filling up the DagBag from /home/airflow/.local/lib/python3.7/site-packages/airflow/example_dags/example_bash_operator.py
[2023-10-27 14:29:39,556] {processor.py:651} INFO - DAG(s) dict_keys(['example_bash_operator']) retrieved from /home/airflow/.local/lib/python3.7/site-packages/airflow/example_dags/example_bash_operator.py
[2023-10-27 14:29:39,587] {logging_mixin.py:115} INFO - [2023-10-27 14:29:39,587] {dag.py:2371} INFO - Sync 1 DAGs
[2023-10-27 14:29:39,762] {logging_mixin.py:115} INFO - [2023-10-27 14:29:39,762] {dag.py:2919} INFO - Setting next_dagrun for example_bash_operator to 2023-10-26T00:00:00+00:00, run_after=2023-10-27T00:00:00+00:00
[2023-10-27 14:29:39,779] {processor.py:161} INFO - Processing /home/airflow/.local/lib/python3.7/site-packages/airflow/example_dags/example_bash_operator.py took 0.240 seconds
[2023-10-27 14:30:10,131] {processor.py:153} INFO - Started process (PID=1211) to work on /home/airflow/.local/lib/python3.7/site-packages/airflow/example_dags/example_bash_operator.py
[2023-10-27 14:30:10,133] {processor.py:641} INFO - Processing file /home/airflow/.local/lib/python3.7/site-packages/airflow/example_dags/example_bash_operator.py for tasks to queue
[2023-10-27 14:30:10,133] {logging_mixin.py:115} INFO - [2023-10-27 14:30:10,133] {dagbag.py:507} INFO - Filling up the DagBag from /home/airflow/.local/lib/python3.7/site-packages/airflow/example_dags/example_bash_operator.py
[2023-10-27 14:30:10,148] {processor.py:651} INFO - DAG(s) dict_keys(['example_bash_operator']) retrieved from /home/airflow/.local/lib/python3.7/site-packages/airflow/example_dags/example_bash_operator.py
[2023-10-27 14:30:10,178] {logging_mixin.py:115} INFO - [2023-10-27 14:30:10,178] {dag.py:2371} INFO - Sync 1 DAGs
[2023-10-27 14:30:10,197] {logging_mixin.py:115} INFO - [2023-10-27 14:30:10,197] {dag.py:2919} INFO - Setting next_dagrun for example_bash_operator to 2023-10-26T00:00:00+00:00, run_after=2023-10-27T00:00:00+00:00
[2023-10-27 14:30:10,211] {processor.py:161} INFO - Processing /home/airflow/.local/lib/python3.7/site-packages/airflow/example_dags/example_bash_operator.py took 0.083 seconds
[2023-10-27 14:30:40,323] {processor.py:153} INFO - Started process (PID=1272) to work on /home/airflow/.local/lib/python3.7/site-packages/airflow/example_dags/example_bash_operator.py
[2023-10-27 14:30:40,324] {processor.py:641} INFO - Processing file /home/airflow/.local/lib/python3.7/site-packages/airflow/example_dags/example_bash_operator.py for tasks to queue
[2023-10-27 14:30:40,325] {logging_mixin.py:115} INFO - [2023-10-27 14:30:40,324] {dagbag.py:507} INFO - Filling up the DagBag from /home/airflow/.local/lib/python3.7/site-packages/airflow/example_dags/example_bash_operator.py
[2023-10-27 14:30:40,342] {processor.py:651} INFO - DAG(s) dict_keys(['example_bash_operator']) retrieved from /home/airflow/.local/lib/python3.7/site-packages/airflow/example_dags/example_bash_operator.py
[2023-10-27 14:30:40,369] {logging_mixin.py:115} INFO - [2023-10-27 14:30:40,369] {dag.py:2371} INFO - Sync 1 DAGs
[2023-10-27 14:30:40,391] {logging_mixin.py:115} INFO - [2023-10-27 14:30:40,391] {dag.py:2919} INFO - Setting next_dagrun for example_bash_operator to 2023-10-26T00:00:00+00:00, run_after=2023-10-27T00:00:00+00:00
[2023-10-27 14:30:40,409] {processor.py:161} INFO - Processing /home/airflow/.local/lib/python3.7/site-packages/airflow/example_dags/example_bash_operator.py took 0.089 seconds
[2023-10-27 14:31:11,238] {processor.py:153} INFO - Started process (PID=1333) to work on /home/airflow/.local/lib/python3.7/site-packages/airflow/example_dags/example_bash_operator.py
[2023-10-27 14:31:11,240] {processor.py:641} INFO - Processing file /home/airflow/.local/lib/python3.7/site-packages/airflow/example_dags/example_bash_operator.py for tasks to queue
[2023-10-27 14:31:11,240] {logging_mixin.py:115} INFO - [2023-10-27 14:31:11,240] {dagbag.py:507} INFO - Filling up the DagBag from /home/airflow/.local/lib/python3.7/site-packages/airflow/example_dags/example_bash_operator.py
[2023-10-27 14:31:11,260] {processor.py:651} INFO - DAG(s) dict_keys(['example_bash_operator']) retrieved from /home/airflow/.local/lib/python3.7/site-packages/airflow/example_dags/example_bash_operator.py
[2023-10-27 14:31:11,287] {logging_mixin.py:115} INFO - [2023-10-27 14:31:11,287] {dag.py:2371} INFO - Sync 1 DAGs
[2023-10-27 14:31:11,312] {logging_mixin.py:115} INFO - [2023-10-27 14:31:11,312] {dag.py:2919} INFO - Setting next_dagrun for example_bash_operator to 2023-10-26T00:00:00+00:00, run_after=2023-10-27T00:00:00+00:00
[2023-10-27 14:31:11,327] {processor.py:161} INFO - Processing /home/airflow/.local/lib/python3.7/site-packages/airflow/example_dags/example_bash_operator.py took 0.092 seconds
[2023-10-27 14:31:41,385] {processor.py:153} INFO - Started process (PID=1385) to work on /home/airflow/.local/lib/python3.7/site-packages/airflow/example_dags/example_bash_operator.py
[2023-10-27 14:31:41,388] {processor.py:641} INFO - Processing file /home/airflow/.local/lib/python3.7/site-packages/airflow/example_dags/example_bash_operator.py for tasks to queue
[2023-10-27 14:31:41,389] {logging_mixin.py:115} INFO - [2023-10-27 14:31:41,389] {dagbag.py:507} INFO - Filling up the DagBag from /home/airflow/.local/lib/python3.7/site-packages/airflow/example_dags/example_bash_operator.py
[2023-10-27 14:31:41,408] {processor.py:651} INFO - DAG(s) dict_keys(['example_bash_operator']) retrieved from /home/airflow/.local/lib/python3.7/site-packages/airflow/example_dags/example_bash_operator.py
[2023-10-27 14:31:41,431] {logging_mixin.py:115} INFO - [2023-10-27 14:31:41,431] {dag.py:2371} INFO - Sync 1 DAGs
[2023-10-27 14:31:41,457] {logging_mixin.py:115} INFO - [2023-10-27 14:31:41,457] {dag.py:2919} INFO - Setting next_dagrun for example_bash_operator to 2023-10-26T00:00:00+00:00, run_after=2023-10-27T00:00:00+00:00
[2023-10-27 14:31:41,471] {processor.py:161} INFO - Processing /home/airflow/.local/lib/python3.7/site-packages/airflow/example_dags/example_bash_operator.py took 0.089 seconds
