[2023-10-27 14:19:45,975] {processor.py:153} INFO - Started process (PID=60) to work on /home/airflow/.local/lib/python3.7/site-packages/airflow/example_dags/example_branch_day_of_week_operator.py
[2023-10-27 14:19:45,975] {processor.py:641} INFO - Processing file /home/airflow/.local/lib/python3.7/site-packages/airflow/example_dags/example_branch_day_of_week_operator.py for tasks to queue
[2023-10-27 14:19:45,976] {logging_mixin.py:115} INFO - [2023-10-27 14:19:45,976] {dagbag.py:507} INFO - Filling up the DagBag from /home/airflow/.local/lib/python3.7/site-packages/airflow/example_dags/example_branch_day_of_week_operator.py
[2023-10-27 14:19:46,035] {processor.py:651} INFO - DAG(s) dict_keys(['example_weekday_branch_operator']) retrieved from /home/airflow/.local/lib/python3.7/site-packages/airflow/example_dags/example_branch_day_of_week_operator.py
[2023-10-27 14:19:47,149] {logging_mixin.py:115} INFO - [2023-10-27 14:19:47,149] {manager.py:508} INFO - Created Permission View: can delete on DAG:example_weekday_branch_operator
[2023-10-27 14:19:47,175] {logging_mixin.py:115} INFO - [2023-10-27 14:19:47,175] {manager.py:508} INFO - Created Permission View: can edit on DAG:example_weekday_branch_operator
[2023-10-27 14:19:47,186] {logging_mixin.py:115} INFO - [2023-10-27 14:19:47,186] {manager.py:508} INFO - Created Permission View: can read on DAG:example_weekday_branch_operator
[2023-10-27 14:19:47,187] {logging_mixin.py:115} INFO - [2023-10-27 14:19:47,186] {dag.py:2371} INFO - Sync 1 DAGs
[2023-10-27 14:19:47,211] {logging_mixin.py:115} INFO - [2023-10-27 14:19:47,211] {dag.py:2390} INFO - Creating ORM DAG for example_weekday_branch_operator
[2023-10-27 14:19:47,236] {logging_mixin.py:115} INFO - [2023-10-27 14:19:47,236] {dag.py:2919} INFO - Setting next_dagrun for example_weekday_branch_operator to 2023-10-26T00:00:00+00:00, run_after=2023-10-27T00:00:00+00:00
[2023-10-27 14:19:47,262] {processor.py:161} INFO - Processing /home/airflow/.local/lib/python3.7/site-packages/airflow/example_dags/example_branch_day_of_week_operator.py took 1.292 seconds
[2023-10-27 14:20:17,531] {processor.py:153} INFO - Started process (PID=122) to work on /home/airflow/.local/lib/python3.7/site-packages/airflow/example_dags/example_branch_day_of_week_operator.py
[2023-10-27 14:20:17,532] {processor.py:641} INFO - Processing file /home/airflow/.local/lib/python3.7/site-packages/airflow/example_dags/example_branch_day_of_week_operator.py for tasks to queue
[2023-10-27 14:20:17,532] {logging_mixin.py:115} INFO - [2023-10-27 14:20:17,532] {dagbag.py:507} INFO - Filling up the DagBag from /home/airflow/.local/lib/python3.7/site-packages/airflow/example_dags/example_branch_day_of_week_operator.py
[2023-10-27 14:20:17,542] {processor.py:651} INFO - DAG(s) dict_keys(['example_weekday_branch_operator']) retrieved from /home/airflow/.local/lib/python3.7/site-packages/airflow/example_dags/example_branch_day_of_week_operator.py
[2023-10-27 14:20:17,582] {logging_mixin.py:115} INFO - [2023-10-27 14:20:17,582] {dag.py:2371} INFO - Sync 1 DAGs
[2023-10-27 14:20:17,750] {logging_mixin.py:115} INFO - [2023-10-27 14:20:17,749] {dag.py:2919} INFO - Setting next_dagrun for example_weekday_branch_operator to 2023-10-26T00:00:00+00:00, run_after=2023-10-27T00:00:00+00:00
[2023-10-27 14:20:17,764] {processor.py:161} INFO - Processing /home/airflow/.local/lib/python3.7/site-packages/airflow/example_dags/example_branch_day_of_week_operator.py took 0.237 seconds
[2023-10-27 14:20:47,830] {processor.py:153} INFO - Started process (PID=174) to work on /home/airflow/.local/lib/python3.7/site-packages/airflow/example_dags/example_branch_day_of_week_operator.py
[2023-10-27 14:20:47,831] {processor.py:641} INFO - Processing file /home/airflow/.local/lib/python3.7/site-packages/airflow/example_dags/example_branch_day_of_week_operator.py for tasks to queue
[2023-10-27 14:20:47,831] {logging_mixin.py:115} INFO - [2023-10-27 14:20:47,831] {dagbag.py:507} INFO - Filling up the DagBag from /home/airflow/.local/lib/python3.7/site-packages/airflow/example_dags/example_branch_day_of_week_operator.py
[2023-10-27 14:20:47,842] {processor.py:651} INFO - DAG(s) dict_keys(['example_weekday_branch_operator']) retrieved from /home/airflow/.local/lib/python3.7/site-packages/airflow/example_dags/example_branch_day_of_week_operator.py
[2023-10-27 14:20:47,871] {logging_mixin.py:115} INFO - [2023-10-27 14:20:47,870] {dag.py:2371} INFO - Sync 1 DAGs
[2023-10-27 14:20:48,014] {logging_mixin.py:115} INFO - [2023-10-27 14:20:48,014] {dag.py:2919} INFO - Setting next_dagrun for example_weekday_branch_operator to 2023-10-26T00:00:00+00:00, run_after=2023-10-27T00:00:00+00:00
[2023-10-27 14:20:48,027] {processor.py:161} INFO - Processing /home/airflow/.local/lib/python3.7/site-packages/airflow/example_dags/example_branch_day_of_week_operator.py took 0.201 seconds
[2023-10-27 14:21:18,085] {processor.py:153} INFO - Started process (PID=234) to work on /home/airflow/.local/lib/python3.7/site-packages/airflow/example_dags/example_branch_day_of_week_operator.py
[2023-10-27 14:21:18,086] {processor.py:641} INFO - Processing file /home/airflow/.local/lib/python3.7/site-packages/airflow/example_dags/example_branch_day_of_week_operator.py for tasks to queue
[2023-10-27 14:21:18,087] {logging_mixin.py:115} INFO - [2023-10-27 14:21:18,087] {dagbag.py:507} INFO - Filling up the DagBag from /home/airflow/.local/lib/python3.7/site-packages/airflow/example_dags/example_branch_day_of_week_operator.py
[2023-10-27 14:21:18,094] {processor.py:651} INFO - DAG(s) dict_keys(['example_weekday_branch_operator']) retrieved from /home/airflow/.local/lib/python3.7/site-packages/airflow/example_dags/example_branch_day_of_week_operator.py
[2023-10-27 14:21:18,226] {logging_mixin.py:115} INFO - [2023-10-27 14:21:18,226] {dag.py:2371} INFO - Sync 1 DAGs
[2023-10-27 14:21:18,437] {logging_mixin.py:115} INFO - [2023-10-27 14:21:18,436] {dag.py:2919} INFO - Setting next_dagrun for example_weekday_branch_operator to 2023-10-26T00:00:00+00:00, run_after=2023-10-27T00:00:00+00:00
[2023-10-27 14:21:18,454] {processor.py:161} INFO - Processing /home/airflow/.local/lib/python3.7/site-packages/airflow/example_dags/example_branch_day_of_week_operator.py took 0.372 seconds
[2023-10-27 14:21:48,757] {processor.py:153} INFO - Started process (PID=287) to work on /home/airflow/.local/lib/python3.7/site-packages/airflow/example_dags/example_branch_day_of_week_operator.py
[2023-10-27 14:21:48,758] {processor.py:641} INFO - Processing file /home/airflow/.local/lib/python3.7/site-packages/airflow/example_dags/example_branch_day_of_week_operator.py for tasks to queue
[2023-10-27 14:21:48,758] {logging_mixin.py:115} INFO - [2023-10-27 14:21:48,758] {dagbag.py:507} INFO - Filling up the DagBag from /home/airflow/.local/lib/python3.7/site-packages/airflow/example_dags/example_branch_day_of_week_operator.py
[2023-10-27 14:21:48,773] {processor.py:651} INFO - DAG(s) dict_keys(['example_weekday_branch_operator']) retrieved from /home/airflow/.local/lib/python3.7/site-packages/airflow/example_dags/example_branch_day_of_week_operator.py
[2023-10-27 14:21:48,798] {logging_mixin.py:115} INFO - [2023-10-27 14:21:48,798] {dag.py:2371} INFO - Sync 1 DAGs
[2023-10-27 14:21:48,953] {logging_mixin.py:115} INFO - [2023-10-27 14:21:48,953] {dag.py:2919} INFO - Setting next_dagrun for example_weekday_branch_operator to 2023-10-26T00:00:00+00:00, run_after=2023-10-27T00:00:00+00:00
[2023-10-27 14:21:48,970] {processor.py:161} INFO - Processing /home/airflow/.local/lib/python3.7/site-packages/airflow/example_dags/example_branch_day_of_week_operator.py took 0.217 seconds
[2023-10-27 14:22:19,225] {processor.py:153} INFO - Started process (PID=348) to work on /home/airflow/.local/lib/python3.7/site-packages/airflow/example_dags/example_branch_day_of_week_operator.py
[2023-10-27 14:22:19,226] {processor.py:641} INFO - Processing file /home/airflow/.local/lib/python3.7/site-packages/airflow/example_dags/example_branch_day_of_week_operator.py for tasks to queue
[2023-10-27 14:22:19,227] {logging_mixin.py:115} INFO - [2023-10-27 14:22:19,227] {dagbag.py:507} INFO - Filling up the DagBag from /home/airflow/.local/lib/python3.7/site-packages/airflow/example_dags/example_branch_day_of_week_operator.py
[2023-10-27 14:22:19,239] {processor.py:651} INFO - DAG(s) dict_keys(['example_weekday_branch_operator']) retrieved from /home/airflow/.local/lib/python3.7/site-packages/airflow/example_dags/example_branch_day_of_week_operator.py
[2023-10-27 14:22:19,277] {logging_mixin.py:115} INFO - [2023-10-27 14:22:19,277] {dag.py:2371} INFO - Sync 1 DAGs
[2023-10-27 14:22:19,549] {logging_mixin.py:115} INFO - [2023-10-27 14:22:19,549] {dag.py:2919} INFO - Setting next_dagrun for example_weekday_branch_operator to 2023-10-26T00:00:00+00:00, run_after=2023-10-27T00:00:00+00:00
[2023-10-27 14:22:19,570] {processor.py:161} INFO - Processing /home/airflow/.local/lib/python3.7/site-packages/airflow/example_dags/example_branch_day_of_week_operator.py took 0.351 seconds
[2023-10-27 14:22:49,759] {processor.py:153} INFO - Started process (PID=400) to work on /home/airflow/.local/lib/python3.7/site-packages/airflow/example_dags/example_branch_day_of_week_operator.py
[2023-10-27 14:22:49,760] {processor.py:641} INFO - Processing file /home/airflow/.local/lib/python3.7/site-packages/airflow/example_dags/example_branch_day_of_week_operator.py for tasks to queue
[2023-10-27 14:22:49,760] {logging_mixin.py:115} INFO - [2023-10-27 14:22:49,760] {dagbag.py:507} INFO - Filling up the DagBag from /home/airflow/.local/lib/python3.7/site-packages/airflow/example_dags/example_branch_day_of_week_operator.py
[2023-10-27 14:22:49,770] {processor.py:651} INFO - DAG(s) dict_keys(['example_weekday_branch_operator']) retrieved from /home/airflow/.local/lib/python3.7/site-packages/airflow/example_dags/example_branch_day_of_week_operator.py
[2023-10-27 14:22:49,800] {logging_mixin.py:115} INFO - [2023-10-27 14:22:49,800] {dag.py:2371} INFO - Sync 1 DAGs
[2023-10-27 14:22:49,955] {logging_mixin.py:115} INFO - [2023-10-27 14:22:49,955] {dag.py:2919} INFO - Setting next_dagrun for example_weekday_branch_operator to 2023-10-26T00:00:00+00:00, run_after=2023-10-27T00:00:00+00:00
[2023-10-27 14:22:49,971] {processor.py:161} INFO - Processing /home/airflow/.local/lib/python3.7/site-packages/airflow/example_dags/example_branch_day_of_week_operator.py took 0.215 seconds
[2023-10-27 14:23:20,331] {processor.py:153} INFO - Started process (PID=462) to work on /home/airflow/.local/lib/python3.7/site-packages/airflow/example_dags/example_branch_day_of_week_operator.py
[2023-10-27 14:23:20,332] {processor.py:641} INFO - Processing file /home/airflow/.local/lib/python3.7/site-packages/airflow/example_dags/example_branch_day_of_week_operator.py for tasks to queue
[2023-10-27 14:23:20,333] {logging_mixin.py:115} INFO - [2023-10-27 14:23:20,333] {dagbag.py:507} INFO - Filling up the DagBag from /home/airflow/.local/lib/python3.7/site-packages/airflow/example_dags/example_branch_day_of_week_operator.py
[2023-10-27 14:23:20,345] {processor.py:651} INFO - DAG(s) dict_keys(['example_weekday_branch_operator']) retrieved from /home/airflow/.local/lib/python3.7/site-packages/airflow/example_dags/example_branch_day_of_week_operator.py
[2023-10-27 14:23:20,378] {logging_mixin.py:115} INFO - [2023-10-27 14:23:20,378] {dag.py:2371} INFO - Sync 1 DAGs
[2023-10-27 14:23:20,532] {logging_mixin.py:115} INFO - [2023-10-27 14:23:20,531] {dag.py:2919} INFO - Setting next_dagrun for example_weekday_branch_operator to 2023-10-26T00:00:00+00:00, run_after=2023-10-27T00:00:00+00:00
[2023-10-27 14:23:20,543] {processor.py:161} INFO - Processing /home/airflow/.local/lib/python3.7/site-packages/airflow/example_dags/example_branch_day_of_week_operator.py took 0.215 seconds
[2023-10-27 14:23:50,906] {processor.py:153} INFO - Started process (PID=514) to work on /home/airflow/.local/lib/python3.7/site-packages/airflow/example_dags/example_branch_day_of_week_operator.py
[2023-10-27 14:23:50,907] {processor.py:641} INFO - Processing file /home/airflow/.local/lib/python3.7/site-packages/airflow/example_dags/example_branch_day_of_week_operator.py for tasks to queue
[2023-10-27 14:23:50,908] {logging_mixin.py:115} INFO - [2023-10-27 14:23:50,908] {dagbag.py:507} INFO - Filling up the DagBag from /home/airflow/.local/lib/python3.7/site-packages/airflow/example_dags/example_branch_day_of_week_operator.py
[2023-10-27 14:23:50,921] {processor.py:651} INFO - DAG(s) dict_keys(['example_weekday_branch_operator']) retrieved from /home/airflow/.local/lib/python3.7/site-packages/airflow/example_dags/example_branch_day_of_week_operator.py
[2023-10-27 14:23:50,951] {logging_mixin.py:115} INFO - [2023-10-27 14:23:50,951] {dag.py:2371} INFO - Sync 1 DAGs
[2023-10-27 14:23:51,108] {logging_mixin.py:115} INFO - [2023-10-27 14:23:51,108] {dag.py:2919} INFO - Setting next_dagrun for example_weekday_branch_operator to 2023-10-26T00:00:00+00:00, run_after=2023-10-27T00:00:00+00:00
[2023-10-27 14:23:51,120] {processor.py:161} INFO - Processing /home/airflow/.local/lib/python3.7/site-packages/airflow/example_dags/example_branch_day_of_week_operator.py took 0.217 seconds
[2023-10-27 14:24:21,713] {processor.py:153} INFO - Started process (PID=575) to work on /home/airflow/.local/lib/python3.7/site-packages/airflow/example_dags/example_branch_day_of_week_operator.py
[2023-10-27 14:24:21,715] {processor.py:641} INFO - Processing file /home/airflow/.local/lib/python3.7/site-packages/airflow/example_dags/example_branch_day_of_week_operator.py for tasks to queue
[2023-10-27 14:24:21,715] {logging_mixin.py:115} INFO - [2023-10-27 14:24:21,715] {dagbag.py:507} INFO - Filling up the DagBag from /home/airflow/.local/lib/python3.7/site-packages/airflow/example_dags/example_branch_day_of_week_operator.py
[2023-10-27 14:24:21,728] {processor.py:651} INFO - DAG(s) dict_keys(['example_weekday_branch_operator']) retrieved from /home/airflow/.local/lib/python3.7/site-packages/airflow/example_dags/example_branch_day_of_week_operator.py
[2023-10-27 14:24:21,766] {logging_mixin.py:115} INFO - [2023-10-27 14:24:21,766] {dag.py:2371} INFO - Sync 1 DAGs
[2023-10-27 14:24:21,951] {logging_mixin.py:115} INFO - [2023-10-27 14:24:21,951] {dag.py:2919} INFO - Setting next_dagrun for example_weekday_branch_operator to 2023-10-26T00:00:00+00:00, run_after=2023-10-27T00:00:00+00:00
[2023-10-27 14:24:21,964] {processor.py:161} INFO - Processing /home/airflow/.local/lib/python3.7/site-packages/airflow/example_dags/example_branch_day_of_week_operator.py took 0.256 seconds
[2023-10-27 14:24:52,528] {processor.py:153} INFO - Started process (PID=627) to work on /home/airflow/.local/lib/python3.7/site-packages/airflow/example_dags/example_branch_day_of_week_operator.py
[2023-10-27 14:24:52,529] {processor.py:641} INFO - Processing file /home/airflow/.local/lib/python3.7/site-packages/airflow/example_dags/example_branch_day_of_week_operator.py for tasks to queue
[2023-10-27 14:24:52,530] {logging_mixin.py:115} INFO - [2023-10-27 14:24:52,530] {dagbag.py:507} INFO - Filling up the DagBag from /home/airflow/.local/lib/python3.7/site-packages/airflow/example_dags/example_branch_day_of_week_operator.py
[2023-10-27 14:24:52,546] {processor.py:651} INFO - DAG(s) dict_keys(['example_weekday_branch_operator']) retrieved from /home/airflow/.local/lib/python3.7/site-packages/airflow/example_dags/example_branch_day_of_week_operator.py
[2023-10-27 14:24:52,580] {logging_mixin.py:115} INFO - [2023-10-27 14:24:52,580] {dag.py:2371} INFO - Sync 1 DAGs
[2023-10-27 14:24:52,759] {logging_mixin.py:115} INFO - [2023-10-27 14:24:52,759] {dag.py:2919} INFO - Setting next_dagrun for example_weekday_branch_operator to 2023-10-26T00:00:00+00:00, run_after=2023-10-27T00:00:00+00:00
[2023-10-27 14:24:52,769] {processor.py:161} INFO - Processing /home/airflow/.local/lib/python3.7/site-packages/airflow/example_dags/example_branch_day_of_week_operator.py took 0.243 seconds
[2023-10-27 14:25:23,518] {processor.py:153} INFO - Started process (PID=688) to work on /home/airflow/.local/lib/python3.7/site-packages/airflow/example_dags/example_branch_day_of_week_operator.py
[2023-10-27 14:25:23,519] {processor.py:641} INFO - Processing file /home/airflow/.local/lib/python3.7/site-packages/airflow/example_dags/example_branch_day_of_week_operator.py for tasks to queue
[2023-10-27 14:25:23,519] {logging_mixin.py:115} INFO - [2023-10-27 14:25:23,519] {dagbag.py:507} INFO - Filling up the DagBag from /home/airflow/.local/lib/python3.7/site-packages/airflow/example_dags/example_branch_day_of_week_operator.py
[2023-10-27 14:25:23,537] {processor.py:651} INFO - DAG(s) dict_keys(['example_weekday_branch_operator']) retrieved from /home/airflow/.local/lib/python3.7/site-packages/airflow/example_dags/example_branch_day_of_week_operator.py
[2023-10-27 14:25:23,581] {logging_mixin.py:115} INFO - [2023-10-27 14:25:23,581] {dag.py:2371} INFO - Sync 1 DAGs
[2023-10-27 14:25:23,883] {logging_mixin.py:115} INFO - [2023-10-27 14:25:23,883] {dag.py:2919} INFO - Setting next_dagrun for example_weekday_branch_operator to 2023-10-26T00:00:00+00:00, run_after=2023-10-27T00:00:00+00:00
[2023-10-27 14:25:23,897] {processor.py:161} INFO - Processing /home/airflow/.local/lib/python3.7/site-packages/airflow/example_dags/example_branch_day_of_week_operator.py took 0.383 seconds
[2023-10-27 14:25:54,268] {processor.py:153} INFO - Started process (PID=740) to work on /home/airflow/.local/lib/python3.7/site-packages/airflow/example_dags/example_branch_day_of_week_operator.py
[2023-10-27 14:25:54,269] {processor.py:641} INFO - Processing file /home/airflow/.local/lib/python3.7/site-packages/airflow/example_dags/example_branch_day_of_week_operator.py for tasks to queue
[2023-10-27 14:25:54,269] {logging_mixin.py:115} INFO - [2023-10-27 14:25:54,269] {dagbag.py:507} INFO - Filling up the DagBag from /home/airflow/.local/lib/python3.7/site-packages/airflow/example_dags/example_branch_day_of_week_operator.py
[2023-10-27 14:25:54,291] {processor.py:651} INFO - DAG(s) dict_keys(['example_weekday_branch_operator']) retrieved from /home/airflow/.local/lib/python3.7/site-packages/airflow/example_dags/example_branch_day_of_week_operator.py
[2023-10-27 14:25:54,359] {logging_mixin.py:115} INFO - [2023-10-27 14:25:54,358] {dag.py:2371} INFO - Sync 1 DAGs
[2023-10-27 14:25:54,647] {logging_mixin.py:115} INFO - [2023-10-27 14:25:54,647] {dag.py:2919} INFO - Setting next_dagrun for example_weekday_branch_operator to 2023-10-26T00:00:00+00:00, run_after=2023-10-27T00:00:00+00:00
[2023-10-27 14:25:54,662] {processor.py:161} INFO - Processing /home/airflow/.local/lib/python3.7/site-packages/airflow/example_dags/example_branch_day_of_week_operator.py took 0.402 seconds
[2023-10-27 14:26:25,375] {processor.py:153} INFO - Started process (PID=801) to work on /home/airflow/.local/lib/python3.7/site-packages/airflow/example_dags/example_branch_day_of_week_operator.py
[2023-10-27 14:26:25,377] {processor.py:641} INFO - Processing file /home/airflow/.local/lib/python3.7/site-packages/airflow/example_dags/example_branch_day_of_week_operator.py for tasks to queue
[2023-10-27 14:26:25,377] {logging_mixin.py:115} INFO - [2023-10-27 14:26:25,377] {dagbag.py:507} INFO - Filling up the DagBag from /home/airflow/.local/lib/python3.7/site-packages/airflow/example_dags/example_branch_day_of_week_operator.py
[2023-10-27 14:26:25,390] {processor.py:651} INFO - DAG(s) dict_keys(['example_weekday_branch_operator']) retrieved from /home/airflow/.local/lib/python3.7/site-packages/airflow/example_dags/example_branch_day_of_week_operator.py
[2023-10-27 14:26:25,422] {logging_mixin.py:115} INFO - [2023-10-27 14:26:25,422] {dag.py:2371} INFO - Sync 1 DAGs
[2023-10-27 14:26:25,638] {logging_mixin.py:115} INFO - [2023-10-27 14:26:25,638] {dag.py:2919} INFO - Setting next_dagrun for example_weekday_branch_operator to 2023-10-26T00:00:00+00:00, run_after=2023-10-27T00:00:00+00:00
[2023-10-27 14:26:25,689] {processor.py:161} INFO - Processing /home/airflow/.local/lib/python3.7/site-packages/airflow/example_dags/example_branch_day_of_week_operator.py took 0.316 seconds
[2023-10-27 14:26:55,789] {processor.py:153} INFO - Started process (PID=853) to work on /home/airflow/.local/lib/python3.7/site-packages/airflow/example_dags/example_branch_day_of_week_operator.py
[2023-10-27 14:26:55,790] {processor.py:641} INFO - Processing file /home/airflow/.local/lib/python3.7/site-packages/airflow/example_dags/example_branch_day_of_week_operator.py for tasks to queue
[2023-10-27 14:26:55,790] {logging_mixin.py:115} INFO - [2023-10-27 14:26:55,790] {dagbag.py:507} INFO - Filling up the DagBag from /home/airflow/.local/lib/python3.7/site-packages/airflow/example_dags/example_branch_day_of_week_operator.py
[2023-10-27 14:26:55,801] {processor.py:651} INFO - DAG(s) dict_keys(['example_weekday_branch_operator']) retrieved from /home/airflow/.local/lib/python3.7/site-packages/airflow/example_dags/example_branch_day_of_week_operator.py
[2023-10-27 14:26:55,833] {logging_mixin.py:115} INFO - [2023-10-27 14:26:55,833] {dag.py:2371} INFO - Sync 1 DAGs
[2023-10-27 14:26:55,998] {logging_mixin.py:115} INFO - [2023-10-27 14:26:55,998] {dag.py:2919} INFO - Setting next_dagrun for example_weekday_branch_operator to 2023-10-26T00:00:00+00:00, run_after=2023-10-27T00:00:00+00:00
[2023-10-27 14:26:56,014] {processor.py:161} INFO - Processing /home/airflow/.local/lib/python3.7/site-packages/airflow/example_dags/example_branch_day_of_week_operator.py took 0.229 seconds
[2023-10-27 14:27:26,054] {processor.py:153} INFO - Started process (PID=914) to work on /home/airflow/.local/lib/python3.7/site-packages/airflow/example_dags/example_branch_day_of_week_operator.py
[2023-10-27 14:27:26,054] {processor.py:641} INFO - Processing file /home/airflow/.local/lib/python3.7/site-packages/airflow/example_dags/example_branch_day_of_week_operator.py for tasks to queue
[2023-10-27 14:27:26,055] {logging_mixin.py:115} INFO - [2023-10-27 14:27:26,055] {dagbag.py:507} INFO - Filling up the DagBag from /home/airflow/.local/lib/python3.7/site-packages/airflow/example_dags/example_branch_day_of_week_operator.py
[2023-10-27 14:27:26,070] {processor.py:651} INFO - DAG(s) dict_keys(['example_weekday_branch_operator']) retrieved from /home/airflow/.local/lib/python3.7/site-packages/airflow/example_dags/example_branch_day_of_week_operator.py
[2023-10-27 14:27:26,101] {logging_mixin.py:115} INFO - [2023-10-27 14:27:26,101] {dag.py:2371} INFO - Sync 1 DAGs
[2023-10-27 14:27:26,299] {logging_mixin.py:115} INFO - [2023-10-27 14:27:26,299] {dag.py:2919} INFO - Setting next_dagrun for example_weekday_branch_operator to 2023-10-26T00:00:00+00:00, run_after=2023-10-27T00:00:00+00:00
[2023-10-27 14:27:26,310] {processor.py:161} INFO - Processing /home/airflow/.local/lib/python3.7/site-packages/airflow/example_dags/example_branch_day_of_week_operator.py took 0.259 seconds
[2023-10-27 14:27:56,515] {processor.py:153} INFO - Started process (PID=966) to work on /home/airflow/.local/lib/python3.7/site-packages/airflow/example_dags/example_branch_day_of_week_operator.py
[2023-10-27 14:27:56,516] {processor.py:641} INFO - Processing file /home/airflow/.local/lib/python3.7/site-packages/airflow/example_dags/example_branch_day_of_week_operator.py for tasks to queue
[2023-10-27 14:27:56,516] {logging_mixin.py:115} INFO - [2023-10-27 14:27:56,516] {dagbag.py:507} INFO - Filling up the DagBag from /home/airflow/.local/lib/python3.7/site-packages/airflow/example_dags/example_branch_day_of_week_operator.py
[2023-10-27 14:27:56,531] {processor.py:651} INFO - DAG(s) dict_keys(['example_weekday_branch_operator']) retrieved from /home/airflow/.local/lib/python3.7/site-packages/airflow/example_dags/example_branch_day_of_week_operator.py
[2023-10-27 14:27:56,574] {logging_mixin.py:115} INFO - [2023-10-27 14:27:56,574] {dag.py:2371} INFO - Sync 1 DAGs
[2023-10-27 14:27:56,768] {logging_mixin.py:115} INFO - [2023-10-27 14:27:56,768] {dag.py:2919} INFO - Setting next_dagrun for example_weekday_branch_operator to 2023-10-26T00:00:00+00:00, run_after=2023-10-27T00:00:00+00:00
[2023-10-27 14:27:56,781] {processor.py:161} INFO - Processing /home/airflow/.local/lib/python3.7/site-packages/airflow/example_dags/example_branch_day_of_week_operator.py took 0.268 seconds
[2023-10-27 14:28:27,395] {processor.py:153} INFO - Started process (PID=1027) to work on /home/airflow/.local/lib/python3.7/site-packages/airflow/example_dags/example_branch_day_of_week_operator.py
[2023-10-27 14:28:27,396] {processor.py:641} INFO - Processing file /home/airflow/.local/lib/python3.7/site-packages/airflow/example_dags/example_branch_day_of_week_operator.py for tasks to queue
[2023-10-27 14:28:27,397] {logging_mixin.py:115} INFO - [2023-10-27 14:28:27,397] {dagbag.py:507} INFO - Filling up the DagBag from /home/airflow/.local/lib/python3.7/site-packages/airflow/example_dags/example_branch_day_of_week_operator.py
[2023-10-27 14:28:27,408] {processor.py:651} INFO - DAG(s) dict_keys(['example_weekday_branch_operator']) retrieved from /home/airflow/.local/lib/python3.7/site-packages/airflow/example_dags/example_branch_day_of_week_operator.py
[2023-10-27 14:28:27,438] {logging_mixin.py:115} INFO - [2023-10-27 14:28:27,438] {dag.py:2371} INFO - Sync 1 DAGs
[2023-10-27 14:28:27,649] {logging_mixin.py:115} INFO - [2023-10-27 14:28:27,649] {dag.py:2919} INFO - Setting next_dagrun for example_weekday_branch_operator to 2023-10-26T00:00:00+00:00, run_after=2023-10-27T00:00:00+00:00
[2023-10-27 14:28:27,664] {processor.py:161} INFO - Processing /home/airflow/.local/lib/python3.7/site-packages/airflow/example_dags/example_branch_day_of_week_operator.py took 0.272 seconds
[2023-10-27 14:28:57,888] {processor.py:153} INFO - Started process (PID=1080) to work on /home/airflow/.local/lib/python3.7/site-packages/airflow/example_dags/example_branch_day_of_week_operator.py
[2023-10-27 14:28:57,889] {processor.py:641} INFO - Processing file /home/airflow/.local/lib/python3.7/site-packages/airflow/example_dags/example_branch_day_of_week_operator.py for tasks to queue
[2023-10-27 14:28:57,890] {logging_mixin.py:115} INFO - [2023-10-27 14:28:57,889] {dagbag.py:507} INFO - Filling up the DagBag from /home/airflow/.local/lib/python3.7/site-packages/airflow/example_dags/example_branch_day_of_week_operator.py
[2023-10-27 14:28:57,899] {processor.py:651} INFO - DAG(s) dict_keys(['example_weekday_branch_operator']) retrieved from /home/airflow/.local/lib/python3.7/site-packages/airflow/example_dags/example_branch_day_of_week_operator.py
[2023-10-27 14:28:57,943] {logging_mixin.py:115} INFO - [2023-10-27 14:28:57,941] {dag.py:2371} INFO - Sync 1 DAGs
[2023-10-27 14:28:58,207] {logging_mixin.py:115} INFO - [2023-10-27 14:28:58,207] {dag.py:2919} INFO - Setting next_dagrun for example_weekday_branch_operator to 2023-10-26T00:00:00+00:00, run_after=2023-10-27T00:00:00+00:00
[2023-10-27 14:28:58,231] {processor.py:161} INFO - Processing /home/airflow/.local/lib/python3.7/site-packages/airflow/example_dags/example_branch_day_of_week_operator.py took 0.346 seconds
[2023-10-27 14:29:28,470] {processor.py:153} INFO - Started process (PID=1141) to work on /home/airflow/.local/lib/python3.7/site-packages/airflow/example_dags/example_branch_day_of_week_operator.py
[2023-10-27 14:29:28,471] {processor.py:641} INFO - Processing file /home/airflow/.local/lib/python3.7/site-packages/airflow/example_dags/example_branch_day_of_week_operator.py for tasks to queue
[2023-10-27 14:29:28,472] {logging_mixin.py:115} INFO - [2023-10-27 14:29:28,471] {dagbag.py:507} INFO - Filling up the DagBag from /home/airflow/.local/lib/python3.7/site-packages/airflow/example_dags/example_branch_day_of_week_operator.py
[2023-10-27 14:29:28,482] {processor.py:651} INFO - DAG(s) dict_keys(['example_weekday_branch_operator']) retrieved from /home/airflow/.local/lib/python3.7/site-packages/airflow/example_dags/example_branch_day_of_week_operator.py
[2023-10-27 14:29:28,518] {logging_mixin.py:115} INFO - [2023-10-27 14:29:28,517] {dag.py:2371} INFO - Sync 1 DAGs
[2023-10-27 14:29:28,702] {logging_mixin.py:115} INFO - [2023-10-27 14:29:28,702] {dag.py:2919} INFO - Setting next_dagrun for example_weekday_branch_operator to 2023-10-26T00:00:00+00:00, run_after=2023-10-27T00:00:00+00:00
[2023-10-27 14:29:28,713] {processor.py:161} INFO - Processing /home/airflow/.local/lib/python3.7/site-packages/airflow/example_dags/example_branch_day_of_week_operator.py took 0.246 seconds
[2023-10-27 14:29:59,563] {processor.py:153} INFO - Started process (PID=1194) to work on /home/airflow/.local/lib/python3.7/site-packages/airflow/example_dags/example_branch_day_of_week_operator.py
[2023-10-27 14:29:59,564] {processor.py:641} INFO - Processing file /home/airflow/.local/lib/python3.7/site-packages/airflow/example_dags/example_branch_day_of_week_operator.py for tasks to queue
[2023-10-27 14:29:59,564] {logging_mixin.py:115} INFO - [2023-10-27 14:29:59,564] {dagbag.py:507} INFO - Filling up the DagBag from /home/airflow/.local/lib/python3.7/site-packages/airflow/example_dags/example_branch_day_of_week_operator.py
[2023-10-27 14:29:59,574] {processor.py:651} INFO - DAG(s) dict_keys(['example_weekday_branch_operator']) retrieved from /home/airflow/.local/lib/python3.7/site-packages/airflow/example_dags/example_branch_day_of_week_operator.py
[2023-10-27 14:29:59,609] {logging_mixin.py:115} INFO - [2023-10-27 14:29:59,609] {dag.py:2371} INFO - Sync 1 DAGs
[2023-10-27 14:29:59,629] {logging_mixin.py:115} INFO - [2023-10-27 14:29:59,629] {dag.py:2919} INFO - Setting next_dagrun for example_weekday_branch_operator to 2023-10-26T00:00:00+00:00, run_after=2023-10-27T00:00:00+00:00
[2023-10-27 14:29:59,642] {processor.py:161} INFO - Processing /home/airflow/.local/lib/python3.7/site-packages/airflow/example_dags/example_branch_day_of_week_operator.py took 0.082 seconds
[2023-10-27 14:30:29,830] {processor.py:153} INFO - Started process (PID=1255) to work on /home/airflow/.local/lib/python3.7/site-packages/airflow/example_dags/example_branch_day_of_week_operator.py
[2023-10-27 14:30:29,831] {processor.py:641} INFO - Processing file /home/airflow/.local/lib/python3.7/site-packages/airflow/example_dags/example_branch_day_of_week_operator.py for tasks to queue
[2023-10-27 14:30:29,831] {logging_mixin.py:115} INFO - [2023-10-27 14:30:29,831] {dagbag.py:507} INFO - Filling up the DagBag from /home/airflow/.local/lib/python3.7/site-packages/airflow/example_dags/example_branch_day_of_week_operator.py
[2023-10-27 14:30:29,846] {processor.py:651} INFO - DAG(s) dict_keys(['example_weekday_branch_operator']) retrieved from /home/airflow/.local/lib/python3.7/site-packages/airflow/example_dags/example_branch_day_of_week_operator.py
[2023-10-27 14:30:29,877] {logging_mixin.py:115} INFO - [2023-10-27 14:30:29,877] {dag.py:2371} INFO - Sync 1 DAGs
[2023-10-27 14:30:29,899] {logging_mixin.py:115} INFO - [2023-10-27 14:30:29,899] {dag.py:2919} INFO - Setting next_dagrun for example_weekday_branch_operator to 2023-10-26T00:00:00+00:00, run_after=2023-10-27T00:00:00+00:00
[2023-10-27 14:30:29,912] {processor.py:161} INFO - Processing /home/airflow/.local/lib/python3.7/site-packages/airflow/example_dags/example_branch_day_of_week_operator.py took 0.085 seconds
[2023-10-27 14:31:00,740] {processor.py:153} INFO - Started process (PID=1316) to work on /home/airflow/.local/lib/python3.7/site-packages/airflow/example_dags/example_branch_day_of_week_operator.py
[2023-10-27 14:31:00,741] {processor.py:641} INFO - Processing file /home/airflow/.local/lib/python3.7/site-packages/airflow/example_dags/example_branch_day_of_week_operator.py for tasks to queue
[2023-10-27 14:31:00,741] {logging_mixin.py:115} INFO - [2023-10-27 14:31:00,741] {dagbag.py:507} INFO - Filling up the DagBag from /home/airflow/.local/lib/python3.7/site-packages/airflow/example_dags/example_branch_day_of_week_operator.py
[2023-10-27 14:31:00,750] {processor.py:651} INFO - DAG(s) dict_keys(['example_weekday_branch_operator']) retrieved from /home/airflow/.local/lib/python3.7/site-packages/airflow/example_dags/example_branch_day_of_week_operator.py
[2023-10-27 14:31:00,784] {logging_mixin.py:115} INFO - [2023-10-27 14:31:00,784] {dag.py:2371} INFO - Sync 1 DAGs
[2023-10-27 14:31:00,807] {logging_mixin.py:115} INFO - [2023-10-27 14:31:00,807] {dag.py:2919} INFO - Setting next_dagrun for example_weekday_branch_operator to 2023-10-26T00:00:00+00:00, run_after=2023-10-27T00:00:00+00:00
[2023-10-27 14:31:00,821] {processor.py:161} INFO - Processing /home/airflow/.local/lib/python3.7/site-packages/airflow/example_dags/example_branch_day_of_week_operator.py took 0.084 seconds
[2023-10-27 14:31:30,938] {processor.py:153} INFO - Started process (PID=1368) to work on /home/airflow/.local/lib/python3.7/site-packages/airflow/example_dags/example_branch_day_of_week_operator.py
[2023-10-27 14:31:30,939] {processor.py:641} INFO - Processing file /home/airflow/.local/lib/python3.7/site-packages/airflow/example_dags/example_branch_day_of_week_operator.py for tasks to queue
[2023-10-27 14:31:30,939] {logging_mixin.py:115} INFO - [2023-10-27 14:31:30,939] {dagbag.py:507} INFO - Filling up the DagBag from /home/airflow/.local/lib/python3.7/site-packages/airflow/example_dags/example_branch_day_of_week_operator.py
[2023-10-27 14:31:30,952] {processor.py:651} INFO - DAG(s) dict_keys(['example_weekday_branch_operator']) retrieved from /home/airflow/.local/lib/python3.7/site-packages/airflow/example_dags/example_branch_day_of_week_operator.py
[2023-10-27 14:31:30,990] {logging_mixin.py:115} INFO - [2023-10-27 14:31:30,990] {dag.py:2371} INFO - Sync 1 DAGs
[2023-10-27 14:31:31,009] {logging_mixin.py:115} INFO - [2023-10-27 14:31:31,009] {dag.py:2919} INFO - Setting next_dagrun for example_weekday_branch_operator to 2023-10-26T00:00:00+00:00, run_after=2023-10-27T00:00:00+00:00
[2023-10-27 14:31:31,022] {processor.py:161} INFO - Processing /home/airflow/.local/lib/python3.7/site-packages/airflow/example_dags/example_branch_day_of_week_operator.py took 0.087 seconds
