[2023-10-27 14:19:45,535] {processor.py:153} INFO - Started process (PID=59) to work on /home/airflow/.local/lib/python3.7/site-packages/airflow/example_dags/tutorial.py
[2023-10-27 14:19:45,535] {processor.py:641} INFO - Processing file /home/airflow/.local/lib/python3.7/site-packages/airflow/example_dags/tutorial.py for tasks to queue
[2023-10-27 14:19:45,536] {logging_mixin.py:115} INFO - [2023-10-27 14:19:45,536] {dagbag.py:507} INFO - Filling up the DagBag from /home/airflow/.local/lib/python3.7/site-packages/airflow/example_dags/tutorial.py
[2023-10-27 14:19:45,553] {processor.py:651} INFO - DAG(s) dict_keys(['tutorial']) retrieved from /home/airflow/.local/lib/python3.7/site-packages/airflow/example_dags/tutorial.py
[2023-10-27 14:19:46,167] {logging_mixin.py:115} INFO - [2023-10-27 14:19:46,167] {manager.py:508} INFO - Created Permission View: can delete on DAG:tutorial
[2023-10-27 14:19:46,182] {logging_mixin.py:115} INFO - [2023-10-27 14:19:46,182] {manager.py:508} INFO - Created Permission View: can edit on DAG:tutorial
[2023-10-27 14:19:46,198] {logging_mixin.py:115} INFO - [2023-10-27 14:19:46,194] {manager.py:508} INFO - Created Permission View: can read on DAG:tutorial
[2023-10-27 14:19:46,199] {logging_mixin.py:115} INFO - [2023-10-27 14:19:46,199] {dag.py:2371} INFO - Sync 1 DAGs
[2023-10-27 14:19:46,220] {logging_mixin.py:115} INFO - [2023-10-27 14:19:46,220] {dag.py:2390} INFO - Creating ORM DAG for tutorial
[2023-10-27 14:19:46,259] {logging_mixin.py:115} INFO - [2023-10-27 14:19:46,259] {dag.py:2919} INFO - Setting next_dagrun for tutorial to 2023-10-26T14:19:46.259151+00:00, run_after=2023-10-27T14:19:46.259151+00:00
[2023-10-27 14:19:46,534] {processor.py:161} INFO - Processing /home/airflow/.local/lib/python3.7/site-packages/airflow/example_dags/tutorial.py took 1.003 seconds
[2023-10-27 14:20:17,257] {processor.py:153} INFO - Started process (PID=120) to work on /home/airflow/.local/lib/python3.7/site-packages/airflow/example_dags/tutorial.py
[2023-10-27 14:20:17,258] {processor.py:641} INFO - Processing file /home/airflow/.local/lib/python3.7/site-packages/airflow/example_dags/tutorial.py for tasks to queue
[2023-10-27 14:20:17,258] {logging_mixin.py:115} INFO - [2023-10-27 14:20:17,258] {dagbag.py:507} INFO - Filling up the DagBag from /home/airflow/.local/lib/python3.7/site-packages/airflow/example_dags/tutorial.py
[2023-10-27 14:20:17,265] {processor.py:651} INFO - DAG(s) dict_keys(['tutorial']) retrieved from /home/airflow/.local/lib/python3.7/site-packages/airflow/example_dags/tutorial.py
[2023-10-27 14:20:17,294] {logging_mixin.py:115} INFO - [2023-10-27 14:20:17,294] {dag.py:2371} INFO - Sync 1 DAGs
[2023-10-27 14:20:17,486] {logging_mixin.py:115} INFO - [2023-10-27 14:20:17,486] {dag.py:2919} INFO - Setting next_dagrun for tutorial to 2023-10-26T14:20:17.486239+00:00, run_after=2023-10-27T14:20:17.486239+00:00
[2023-10-27 14:20:17,507] {processor.py:161} INFO - Processing /home/airflow/.local/lib/python3.7/site-packages/airflow/example_dags/tutorial.py took 0.256 seconds
[2023-10-27 14:20:47,594] {processor.py:153} INFO - Started process (PID=172) to work on /home/airflow/.local/lib/python3.7/site-packages/airflow/example_dags/tutorial.py
[2023-10-27 14:20:47,595] {processor.py:641} INFO - Processing file /home/airflow/.local/lib/python3.7/site-packages/airflow/example_dags/tutorial.py for tasks to queue
[2023-10-27 14:20:47,596] {logging_mixin.py:115} INFO - [2023-10-27 14:20:47,596] {dagbag.py:507} INFO - Filling up the DagBag from /home/airflow/.local/lib/python3.7/site-packages/airflow/example_dags/tutorial.py
[2023-10-27 14:20:47,601] {processor.py:651} INFO - DAG(s) dict_keys(['tutorial']) retrieved from /home/airflow/.local/lib/python3.7/site-packages/airflow/example_dags/tutorial.py
[2023-10-27 14:20:47,633] {logging_mixin.py:115} INFO - [2023-10-27 14:20:47,633] {dag.py:2371} INFO - Sync 1 DAGs
[2023-10-27 14:20:47,794] {logging_mixin.py:115} INFO - [2023-10-27 14:20:47,794] {dag.py:2919} INFO - Setting next_dagrun for tutorial to 2023-10-26T14:20:47.793874+00:00, run_after=2023-10-27T14:20:47.793874+00:00
[2023-10-27 14:20:47,806] {processor.py:161} INFO - Processing /home/airflow/.local/lib/python3.7/site-packages/airflow/example_dags/tutorial.py took 0.214 seconds
[2023-10-27 14:21:18,080] {processor.py:153} INFO - Started process (PID=233) to work on /home/airflow/.local/lib/python3.7/site-packages/airflow/example_dags/tutorial.py
[2023-10-27 14:21:18,082] {processor.py:641} INFO - Processing file /home/airflow/.local/lib/python3.7/site-packages/airflow/example_dags/tutorial.py for tasks to queue
[2023-10-27 14:21:18,083] {logging_mixin.py:115} INFO - [2023-10-27 14:21:18,083] {dagbag.py:507} INFO - Filling up the DagBag from /home/airflow/.local/lib/python3.7/site-packages/airflow/example_dags/tutorial.py
[2023-10-27 14:21:18,090] {processor.py:651} INFO - DAG(s) dict_keys(['tutorial']) retrieved from /home/airflow/.local/lib/python3.7/site-packages/airflow/example_dags/tutorial.py
[2023-10-27 14:21:18,119] {logging_mixin.py:115} INFO - [2023-10-27 14:21:18,119] {dag.py:2371} INFO - Sync 1 DAGs
[2023-10-27 14:21:18,307] {logging_mixin.py:115} INFO - [2023-10-27 14:21:18,306] {dag.py:2919} INFO - Setting next_dagrun for tutorial to 2023-10-26T14:21:18.306576+00:00, run_after=2023-10-27T14:21:18.306576+00:00
[2023-10-27 14:21:18,327] {processor.py:161} INFO - Processing /home/airflow/.local/lib/python3.7/site-packages/airflow/example_dags/tutorial.py took 0.249 seconds
[2023-10-27 14:21:48,752] {processor.py:153} INFO - Started process (PID=286) to work on /home/airflow/.local/lib/python3.7/site-packages/airflow/example_dags/tutorial.py
[2023-10-27 14:21:48,753] {processor.py:641} INFO - Processing file /home/airflow/.local/lib/python3.7/site-packages/airflow/example_dags/tutorial.py for tasks to queue
[2023-10-27 14:21:48,754] {logging_mixin.py:115} INFO - [2023-10-27 14:21:48,753] {dagbag.py:507} INFO - Filling up the DagBag from /home/airflow/.local/lib/python3.7/site-packages/airflow/example_dags/tutorial.py
[2023-10-27 14:21:48,764] {processor.py:651} INFO - DAG(s) dict_keys(['tutorial']) retrieved from /home/airflow/.local/lib/python3.7/site-packages/airflow/example_dags/tutorial.py
[2023-10-27 14:21:48,791] {logging_mixin.py:115} INFO - [2023-10-27 14:21:48,791] {dag.py:2371} INFO - Sync 1 DAGs
[2023-10-27 14:21:48,948] {logging_mixin.py:115} INFO - [2023-10-27 14:21:48,948] {dag.py:2919} INFO - Setting next_dagrun for tutorial to 2023-10-26T14:21:48.948276+00:00, run_after=2023-10-27T14:21:48.948276+00:00
[2023-10-27 14:21:48,965] {processor.py:161} INFO - Processing /home/airflow/.local/lib/python3.7/site-packages/airflow/example_dags/tutorial.py took 0.216 seconds
[2023-10-27 14:22:19,217] {processor.py:153} INFO - Started process (PID=347) to work on /home/airflow/.local/lib/python3.7/site-packages/airflow/example_dags/tutorial.py
[2023-10-27 14:22:19,220] {processor.py:641} INFO - Processing file /home/airflow/.local/lib/python3.7/site-packages/airflow/example_dags/tutorial.py for tasks to queue
[2023-10-27 14:22:19,221] {logging_mixin.py:115} INFO - [2023-10-27 14:22:19,220] {dagbag.py:507} INFO - Filling up the DagBag from /home/airflow/.local/lib/python3.7/site-packages/airflow/example_dags/tutorial.py
[2023-10-27 14:22:19,234] {processor.py:651} INFO - DAG(s) dict_keys(['tutorial']) retrieved from /home/airflow/.local/lib/python3.7/site-packages/airflow/example_dags/tutorial.py
[2023-10-27 14:22:19,272] {logging_mixin.py:115} INFO - [2023-10-27 14:22:19,272] {dag.py:2371} INFO - Sync 1 DAGs
[2023-10-27 14:22:19,531] {logging_mixin.py:115} INFO - [2023-10-27 14:22:19,531] {dag.py:2919} INFO - Setting next_dagrun for tutorial to 2023-10-26T14:22:19.529843+00:00, run_after=2023-10-27T14:22:19.529843+00:00
[2023-10-27 14:22:19,558] {processor.py:161} INFO - Processing /home/airflow/.local/lib/python3.7/site-packages/airflow/example_dags/tutorial.py took 0.346 seconds
[2023-10-27 14:22:49,754] {processor.py:153} INFO - Started process (PID=399) to work on /home/airflow/.local/lib/python3.7/site-packages/airflow/example_dags/tutorial.py
[2023-10-27 14:22:49,757] {processor.py:641} INFO - Processing file /home/airflow/.local/lib/python3.7/site-packages/airflow/example_dags/tutorial.py for tasks to queue
[2023-10-27 14:22:49,757] {logging_mixin.py:115} INFO - [2023-10-27 14:22:49,757] {dagbag.py:507} INFO - Filling up the DagBag from /home/airflow/.local/lib/python3.7/site-packages/airflow/example_dags/tutorial.py
[2023-10-27 14:22:49,763] {processor.py:651} INFO - DAG(s) dict_keys(['tutorial']) retrieved from /home/airflow/.local/lib/python3.7/site-packages/airflow/example_dags/tutorial.py
[2023-10-27 14:22:49,791] {logging_mixin.py:115} INFO - [2023-10-27 14:22:49,791] {dag.py:2371} INFO - Sync 1 DAGs
[2023-10-27 14:22:49,948] {logging_mixin.py:115} INFO - [2023-10-27 14:22:49,948] {dag.py:2919} INFO - Setting next_dagrun for tutorial to 2023-10-26T14:22:49.948661+00:00, run_after=2023-10-27T14:22:49.948661+00:00
[2023-10-27 14:22:49,966] {processor.py:161} INFO - Processing /home/airflow/.local/lib/python3.7/site-packages/airflow/example_dags/tutorial.py took 0.214 seconds
[2023-10-27 14:23:20,327] {processor.py:153} INFO - Started process (PID=461) to work on /home/airflow/.local/lib/python3.7/site-packages/airflow/example_dags/tutorial.py
[2023-10-27 14:23:20,328] {processor.py:641} INFO - Processing file /home/airflow/.local/lib/python3.7/site-packages/airflow/example_dags/tutorial.py for tasks to queue
[2023-10-27 14:23:20,328] {logging_mixin.py:115} INFO - [2023-10-27 14:23:20,328] {dagbag.py:507} INFO - Filling up the DagBag from /home/airflow/.local/lib/python3.7/site-packages/airflow/example_dags/tutorial.py
[2023-10-27 14:23:20,338] {processor.py:651} INFO - DAG(s) dict_keys(['tutorial']) retrieved from /home/airflow/.local/lib/python3.7/site-packages/airflow/example_dags/tutorial.py
[2023-10-27 14:23:20,366] {logging_mixin.py:115} INFO - [2023-10-27 14:23:20,366] {dag.py:2371} INFO - Sync 1 DAGs
[2023-10-27 14:23:20,527] {logging_mixin.py:115} INFO - [2023-10-27 14:23:20,527] {dag.py:2919} INFO - Setting next_dagrun for tutorial to 2023-10-26T14:23:20.527069+00:00, run_after=2023-10-27T14:23:20.527069+00:00
[2023-10-27 14:23:20,541] {processor.py:161} INFO - Processing /home/airflow/.local/lib/python3.7/site-packages/airflow/example_dags/tutorial.py took 0.216 seconds
[2023-10-27 14:23:50,902] {processor.py:153} INFO - Started process (PID=513) to work on /home/airflow/.local/lib/python3.7/site-packages/airflow/example_dags/tutorial.py
[2023-10-27 14:23:50,903] {processor.py:641} INFO - Processing file /home/airflow/.local/lib/python3.7/site-packages/airflow/example_dags/tutorial.py for tasks to queue
[2023-10-27 14:23:50,903] {logging_mixin.py:115} INFO - [2023-10-27 14:23:50,903] {dagbag.py:507} INFO - Filling up the DagBag from /home/airflow/.local/lib/python3.7/site-packages/airflow/example_dags/tutorial.py
[2023-10-27 14:23:50,913] {processor.py:651} INFO - DAG(s) dict_keys(['tutorial']) retrieved from /home/airflow/.local/lib/python3.7/site-packages/airflow/example_dags/tutorial.py
[2023-10-27 14:23:50,941] {logging_mixin.py:115} INFO - [2023-10-27 14:23:50,941] {dag.py:2371} INFO - Sync 1 DAGs
[2023-10-27 14:23:51,103] {logging_mixin.py:115} INFO - [2023-10-27 14:23:51,103] {dag.py:2919} INFO - Setting next_dagrun for tutorial to 2023-10-26T14:23:51.102785+00:00, run_after=2023-10-27T14:23:51.102785+00:00
[2023-10-27 14:23:51,116] {processor.py:161} INFO - Processing /home/airflow/.local/lib/python3.7/site-packages/airflow/example_dags/tutorial.py took 0.216 seconds
[2023-10-27 14:24:21,705] {processor.py:153} INFO - Started process (PID=574) to work on /home/airflow/.local/lib/python3.7/site-packages/airflow/example_dags/tutorial.py
[2023-10-27 14:24:21,707] {processor.py:641} INFO - Processing file /home/airflow/.local/lib/python3.7/site-packages/airflow/example_dags/tutorial.py for tasks to queue
[2023-10-27 14:24:21,707] {logging_mixin.py:115} INFO - [2023-10-27 14:24:21,707] {dagbag.py:507} INFO - Filling up the DagBag from /home/airflow/.local/lib/python3.7/site-packages/airflow/example_dags/tutorial.py
[2023-10-27 14:24:21,717] {processor.py:651} INFO - DAG(s) dict_keys(['tutorial']) retrieved from /home/airflow/.local/lib/python3.7/site-packages/airflow/example_dags/tutorial.py
[2023-10-27 14:24:21,759] {logging_mixin.py:115} INFO - [2023-10-27 14:24:21,758] {dag.py:2371} INFO - Sync 1 DAGs
[2023-10-27 14:24:21,946] {logging_mixin.py:115} INFO - [2023-10-27 14:24:21,945] {dag.py:2919} INFO - Setting next_dagrun for tutorial to 2023-10-26T14:24:21.945592+00:00, run_after=2023-10-27T14:24:21.945592+00:00
[2023-10-27 14:24:21,959] {processor.py:161} INFO - Processing /home/airflow/.local/lib/python3.7/site-packages/airflow/example_dags/tutorial.py took 0.261 seconds
[2023-10-27 14:24:52,524] {processor.py:153} INFO - Started process (PID=626) to work on /home/airflow/.local/lib/python3.7/site-packages/airflow/example_dags/tutorial.py
[2023-10-27 14:24:52,526] {processor.py:641} INFO - Processing file /home/airflow/.local/lib/python3.7/site-packages/airflow/example_dags/tutorial.py for tasks to queue
[2023-10-27 14:24:52,526] {logging_mixin.py:115} INFO - [2023-10-27 14:24:52,526] {dagbag.py:507} INFO - Filling up the DagBag from /home/airflow/.local/lib/python3.7/site-packages/airflow/example_dags/tutorial.py
[2023-10-27 14:24:52,532] {processor.py:651} INFO - DAG(s) dict_keys(['tutorial']) retrieved from /home/airflow/.local/lib/python3.7/site-packages/airflow/example_dags/tutorial.py
[2023-10-27 14:24:52,569] {logging_mixin.py:115} INFO - [2023-10-27 14:24:52,569] {dag.py:2371} INFO - Sync 1 DAGs
[2023-10-27 14:24:52,749] {logging_mixin.py:115} INFO - [2023-10-27 14:24:52,749] {dag.py:2919} INFO - Setting next_dagrun for tutorial to 2023-10-26T14:24:52.749367+00:00, run_after=2023-10-27T14:24:52.749367+00:00
[2023-10-27 14:24:52,762] {processor.py:161} INFO - Processing /home/airflow/.local/lib/python3.7/site-packages/airflow/example_dags/tutorial.py took 0.241 seconds
[2023-10-27 14:25:23,513] {processor.py:153} INFO - Started process (PID=687) to work on /home/airflow/.local/lib/python3.7/site-packages/airflow/example_dags/tutorial.py
[2023-10-27 14:25:23,515] {processor.py:641} INFO - Processing file /home/airflow/.local/lib/python3.7/site-packages/airflow/example_dags/tutorial.py for tasks to queue
[2023-10-27 14:25:23,515] {logging_mixin.py:115} INFO - [2023-10-27 14:25:23,515] {dagbag.py:507} INFO - Filling up the DagBag from /home/airflow/.local/lib/python3.7/site-packages/airflow/example_dags/tutorial.py
[2023-10-27 14:25:23,524] {processor.py:651} INFO - DAG(s) dict_keys(['tutorial']) retrieved from /home/airflow/.local/lib/python3.7/site-packages/airflow/example_dags/tutorial.py
[2023-10-27 14:25:23,567] {logging_mixin.py:115} INFO - [2023-10-27 14:25:23,566] {dag.py:2371} INFO - Sync 1 DAGs
[2023-10-27 14:25:23,853] {logging_mixin.py:115} INFO - [2023-10-27 14:25:23,853] {dag.py:2919} INFO - Setting next_dagrun for tutorial to 2023-10-26T14:25:23.852869+00:00, run_after=2023-10-27T14:25:23.852869+00:00
[2023-10-27 14:25:23,865] {processor.py:161} INFO - Processing /home/airflow/.local/lib/python3.7/site-packages/airflow/example_dags/tutorial.py took 0.355 seconds
[2023-10-27 14:25:54,251] {processor.py:153} INFO - Started process (PID=739) to work on /home/airflow/.local/lib/python3.7/site-packages/airflow/example_dags/tutorial.py
[2023-10-27 14:25:54,255] {processor.py:641} INFO - Processing file /home/airflow/.local/lib/python3.7/site-packages/airflow/example_dags/tutorial.py for tasks to queue
[2023-10-27 14:25:54,258] {logging_mixin.py:115} INFO - [2023-10-27 14:25:54,257] {dagbag.py:507} INFO - Filling up the DagBag from /home/airflow/.local/lib/python3.7/site-packages/airflow/example_dags/tutorial.py
[2023-10-27 14:25:54,280] {processor.py:651} INFO - DAG(s) dict_keys(['tutorial']) retrieved from /home/airflow/.local/lib/python3.7/site-packages/airflow/example_dags/tutorial.py
[2023-10-27 14:25:54,337] {logging_mixin.py:115} INFO - [2023-10-27 14:25:54,337] {dag.py:2371} INFO - Sync 1 DAGs
[2023-10-27 14:25:54,640] {logging_mixin.py:115} INFO - [2023-10-27 14:25:54,639] {dag.py:2919} INFO - Setting next_dagrun for tutorial to 2023-10-26T14:25:54.639522+00:00, run_after=2023-10-27T14:25:54.639522+00:00
[2023-10-27 14:25:54,656] {processor.py:161} INFO - Processing /home/airflow/.local/lib/python3.7/site-packages/airflow/example_dags/tutorial.py took 0.412 seconds
[2023-10-27 14:26:25,371] {processor.py:153} INFO - Started process (PID=800) to work on /home/airflow/.local/lib/python3.7/site-packages/airflow/example_dags/tutorial.py
[2023-10-27 14:26:25,373] {processor.py:641} INFO - Processing file /home/airflow/.local/lib/python3.7/site-packages/airflow/example_dags/tutorial.py for tasks to queue
[2023-10-27 14:26:25,373] {logging_mixin.py:115} INFO - [2023-10-27 14:26:25,373] {dagbag.py:507} INFO - Filling up the DagBag from /home/airflow/.local/lib/python3.7/site-packages/airflow/example_dags/tutorial.py
[2023-10-27 14:26:25,380] {processor.py:651} INFO - DAG(s) dict_keys(['tutorial']) retrieved from /home/airflow/.local/lib/python3.7/site-packages/airflow/example_dags/tutorial.py
[2023-10-27 14:26:25,417] {logging_mixin.py:115} INFO - [2023-10-27 14:26:25,417] {dag.py:2371} INFO - Sync 1 DAGs
[2023-10-27 14:26:25,624] {logging_mixin.py:115} INFO - [2023-10-27 14:26:25,622] {dag.py:2919} INFO - Setting next_dagrun for tutorial to 2023-10-26T14:26:25.618791+00:00, run_after=2023-10-27T14:26:25.618791+00:00
[2023-10-27 14:26:25,667] {processor.py:161} INFO - Processing /home/airflow/.local/lib/python3.7/site-packages/airflow/example_dags/tutorial.py took 0.299 seconds
[2023-10-27 14:26:55,784] {processor.py:153} INFO - Started process (PID=852) to work on /home/airflow/.local/lib/python3.7/site-packages/airflow/example_dags/tutorial.py
[2023-10-27 14:26:55,786] {processor.py:641} INFO - Processing file /home/airflow/.local/lib/python3.7/site-packages/airflow/example_dags/tutorial.py for tasks to queue
[2023-10-27 14:26:55,787] {logging_mixin.py:115} INFO - [2023-10-27 14:26:55,787] {dagbag.py:507} INFO - Filling up the DagBag from /home/airflow/.local/lib/python3.7/site-packages/airflow/example_dags/tutorial.py
[2023-10-27 14:26:55,793] {processor.py:651} INFO - DAG(s) dict_keys(['tutorial']) retrieved from /home/airflow/.local/lib/python3.7/site-packages/airflow/example_dags/tutorial.py
[2023-10-27 14:26:55,826] {logging_mixin.py:115} INFO - [2023-10-27 14:26:55,826] {dag.py:2371} INFO - Sync 1 DAGs
[2023-10-27 14:26:55,990] {logging_mixin.py:115} INFO - [2023-10-27 14:26:55,990] {dag.py:2919} INFO - Setting next_dagrun for tutorial to 2023-10-26T14:26:55.989985+00:00, run_after=2023-10-27T14:26:55.989985+00:00
[2023-10-27 14:26:56,002] {processor.py:161} INFO - Processing /home/airflow/.local/lib/python3.7/site-packages/airflow/example_dags/tutorial.py took 0.221 seconds
[2023-10-27 14:27:26,051] {processor.py:153} INFO - Started process (PID=913) to work on /home/airflow/.local/lib/python3.7/site-packages/airflow/example_dags/tutorial.py
[2023-10-27 14:27:26,052] {processor.py:641} INFO - Processing file /home/airflow/.local/lib/python3.7/site-packages/airflow/example_dags/tutorial.py for tasks to queue
[2023-10-27 14:27:26,052] {logging_mixin.py:115} INFO - [2023-10-27 14:27:26,052] {dagbag.py:507} INFO - Filling up the DagBag from /home/airflow/.local/lib/python3.7/site-packages/airflow/example_dags/tutorial.py
[2023-10-27 14:27:26,059] {processor.py:651} INFO - DAG(s) dict_keys(['tutorial']) retrieved from /home/airflow/.local/lib/python3.7/site-packages/airflow/example_dags/tutorial.py
[2023-10-27 14:27:26,095] {logging_mixin.py:115} INFO - [2023-10-27 14:27:26,095] {dag.py:2371} INFO - Sync 1 DAGs
[2023-10-27 14:27:26,296] {logging_mixin.py:115} INFO - [2023-10-27 14:27:26,296] {dag.py:2919} INFO - Setting next_dagrun for tutorial to 2023-10-26T14:27:26.296471+00:00, run_after=2023-10-27T14:27:26.296471+00:00
[2023-10-27 14:27:26,310] {processor.py:161} INFO - Processing /home/airflow/.local/lib/python3.7/site-packages/airflow/example_dags/tutorial.py took 0.263 seconds
[2023-10-27 14:27:56,511] {processor.py:153} INFO - Started process (PID=965) to work on /home/airflow/.local/lib/python3.7/site-packages/airflow/example_dags/tutorial.py
[2023-10-27 14:27:56,514] {processor.py:641} INFO - Processing file /home/airflow/.local/lib/python3.7/site-packages/airflow/example_dags/tutorial.py for tasks to queue
[2023-10-27 14:27:56,514] {logging_mixin.py:115} INFO - [2023-10-27 14:27:56,514] {dagbag.py:507} INFO - Filling up the DagBag from /home/airflow/.local/lib/python3.7/site-packages/airflow/example_dags/tutorial.py
[2023-10-27 14:27:56,520] {processor.py:651} INFO - DAG(s) dict_keys(['tutorial']) retrieved from /home/airflow/.local/lib/python3.7/site-packages/airflow/example_dags/tutorial.py
[2023-10-27 14:27:56,556] {logging_mixin.py:115} INFO - [2023-10-27 14:27:56,556] {dag.py:2371} INFO - Sync 1 DAGs
[2023-10-27 14:27:56,738] {logging_mixin.py:115} INFO - [2023-10-27 14:27:56,738] {dag.py:2919} INFO - Setting next_dagrun for tutorial to 2023-10-26T14:27:56.737922+00:00, run_after=2023-10-27T14:27:56.737922+00:00
[2023-10-27 14:27:56,750] {processor.py:161} INFO - Processing /home/airflow/.local/lib/python3.7/site-packages/airflow/example_dags/tutorial.py took 0.241 seconds
[2023-10-27 14:28:27,391] {processor.py:153} INFO - Started process (PID=1026) to work on /home/airflow/.local/lib/python3.7/site-packages/airflow/example_dags/tutorial.py
[2023-10-27 14:28:27,393] {processor.py:641} INFO - Processing file /home/airflow/.local/lib/python3.7/site-packages/airflow/example_dags/tutorial.py for tasks to queue
[2023-10-27 14:28:27,393] {logging_mixin.py:115} INFO - [2023-10-27 14:28:27,393] {dagbag.py:507} INFO - Filling up the DagBag from /home/airflow/.local/lib/python3.7/site-packages/airflow/example_dags/tutorial.py
[2023-10-27 14:28:27,400] {processor.py:651} INFO - DAG(s) dict_keys(['tutorial']) retrieved from /home/airflow/.local/lib/python3.7/site-packages/airflow/example_dags/tutorial.py
[2023-10-27 14:28:27,431] {logging_mixin.py:115} INFO - [2023-10-27 14:28:27,431] {dag.py:2371} INFO - Sync 1 DAGs
[2023-10-27 14:28:27,630] {logging_mixin.py:115} INFO - [2023-10-27 14:28:27,630] {dag.py:2919} INFO - Setting next_dagrun for tutorial to 2023-10-26T14:28:27.630332+00:00, run_after=2023-10-27T14:28:27.630332+00:00
[2023-10-27 14:28:27,653] {processor.py:161} INFO - Processing /home/airflow/.local/lib/python3.7/site-packages/airflow/example_dags/tutorial.py took 0.270 seconds
[2023-10-27 14:28:57,885] {processor.py:153} INFO - Started process (PID=1079) to work on /home/airflow/.local/lib/python3.7/site-packages/airflow/example_dags/tutorial.py
[2023-10-27 14:28:57,886] {processor.py:641} INFO - Processing file /home/airflow/.local/lib/python3.7/site-packages/airflow/example_dags/tutorial.py for tasks to queue
[2023-10-27 14:28:57,887] {logging_mixin.py:115} INFO - [2023-10-27 14:28:57,887] {dagbag.py:507} INFO - Filling up the DagBag from /home/airflow/.local/lib/python3.7/site-packages/airflow/example_dags/tutorial.py
[2023-10-27 14:28:57,893] {processor.py:651} INFO - DAG(s) dict_keys(['tutorial']) retrieved from /home/airflow/.local/lib/python3.7/site-packages/airflow/example_dags/tutorial.py
[2023-10-27 14:28:57,933] {logging_mixin.py:115} INFO - [2023-10-27 14:28:57,933] {dag.py:2371} INFO - Sync 1 DAGs
[2023-10-27 14:28:58,192] {logging_mixin.py:115} INFO - [2023-10-27 14:28:58,192] {dag.py:2919} INFO - Setting next_dagrun for tutorial to 2023-10-26T14:28:58.192464+00:00, run_after=2023-10-27T14:28:58.192464+00:00
[2023-10-27 14:28:58,207] {processor.py:161} INFO - Processing /home/airflow/.local/lib/python3.7/site-packages/airflow/example_dags/tutorial.py took 0.326 seconds
[2023-10-27 14:29:28,466] {processor.py:153} INFO - Started process (PID=1140) to work on /home/airflow/.local/lib/python3.7/site-packages/airflow/example_dags/tutorial.py
[2023-10-27 14:29:28,469] {processor.py:641} INFO - Processing file /home/airflow/.local/lib/python3.7/site-packages/airflow/example_dags/tutorial.py for tasks to queue
[2023-10-27 14:29:28,469] {logging_mixin.py:115} INFO - [2023-10-27 14:29:28,469] {dagbag.py:507} INFO - Filling up the DagBag from /home/airflow/.local/lib/python3.7/site-packages/airflow/example_dags/tutorial.py
[2023-10-27 14:29:28,475] {processor.py:651} INFO - DAG(s) dict_keys(['tutorial']) retrieved from /home/airflow/.local/lib/python3.7/site-packages/airflow/example_dags/tutorial.py
[2023-10-27 14:29:28,512] {logging_mixin.py:115} INFO - [2023-10-27 14:29:28,512] {dag.py:2371} INFO - Sync 1 DAGs
[2023-10-27 14:29:28,698] {logging_mixin.py:115} INFO - [2023-10-27 14:29:28,698] {dag.py:2919} INFO - Setting next_dagrun for tutorial to 2023-10-26T14:29:28.698536+00:00, run_after=2023-10-27T14:29:28.698536+00:00
[2023-10-27 14:29:28,710] {processor.py:161} INFO - Processing /home/airflow/.local/lib/python3.7/site-packages/airflow/example_dags/tutorial.py took 0.249 seconds
[2023-10-27 14:29:59,559] {processor.py:153} INFO - Started process (PID=1193) to work on /home/airflow/.local/lib/python3.7/site-packages/airflow/example_dags/tutorial.py
[2023-10-27 14:29:59,560] {processor.py:641} INFO - Processing file /home/airflow/.local/lib/python3.7/site-packages/airflow/example_dags/tutorial.py for tasks to queue
[2023-10-27 14:29:59,561] {logging_mixin.py:115} INFO - [2023-10-27 14:29:59,561] {dagbag.py:507} INFO - Filling up the DagBag from /home/airflow/.local/lib/python3.7/site-packages/airflow/example_dags/tutorial.py
[2023-10-27 14:29:59,566] {processor.py:651} INFO - DAG(s) dict_keys(['tutorial']) retrieved from /home/airflow/.local/lib/python3.7/site-packages/airflow/example_dags/tutorial.py
[2023-10-27 14:29:59,601] {logging_mixin.py:115} INFO - [2023-10-27 14:29:59,601] {dag.py:2371} INFO - Sync 1 DAGs
[2023-10-27 14:29:59,627] {logging_mixin.py:115} INFO - [2023-10-27 14:29:59,627] {dag.py:2919} INFO - Setting next_dagrun for tutorial to 2023-10-26T14:29:59.627386+00:00, run_after=2023-10-27T14:29:59.627386+00:00
[2023-10-27 14:29:59,641] {processor.py:161} INFO - Processing /home/airflow/.local/lib/python3.7/site-packages/airflow/example_dags/tutorial.py took 0.089 seconds
[2023-10-27 14:30:29,825] {processor.py:153} INFO - Started process (PID=1254) to work on /home/airflow/.local/lib/python3.7/site-packages/airflow/example_dags/tutorial.py
[2023-10-27 14:30:29,828] {processor.py:641} INFO - Processing file /home/airflow/.local/lib/python3.7/site-packages/airflow/example_dags/tutorial.py for tasks to queue
[2023-10-27 14:30:29,828] {logging_mixin.py:115} INFO - [2023-10-27 14:30:29,828] {dagbag.py:507} INFO - Filling up the DagBag from /home/airflow/.local/lib/python3.7/site-packages/airflow/example_dags/tutorial.py
[2023-10-27 14:30:29,834] {processor.py:651} INFO - DAG(s) dict_keys(['tutorial']) retrieved from /home/airflow/.local/lib/python3.7/site-packages/airflow/example_dags/tutorial.py
[2023-10-27 14:30:29,864] {logging_mixin.py:115} INFO - [2023-10-27 14:30:29,864] {dag.py:2371} INFO - Sync 1 DAGs
[2023-10-27 14:30:29,888] {logging_mixin.py:115} INFO - [2023-10-27 14:30:29,888] {dag.py:2919} INFO - Setting next_dagrun for tutorial to 2023-10-26T14:30:29.888369+00:00, run_after=2023-10-27T14:30:29.888369+00:00
[2023-10-27 14:30:29,901] {processor.py:161} INFO - Processing /home/airflow/.local/lib/python3.7/site-packages/airflow/example_dags/tutorial.py took 0.079 seconds
[2023-10-27 14:31:00,736] {processor.py:153} INFO - Started process (PID=1315) to work on /home/airflow/.local/lib/python3.7/site-packages/airflow/example_dags/tutorial.py
[2023-10-27 14:31:00,738] {processor.py:641} INFO - Processing file /home/airflow/.local/lib/python3.7/site-packages/airflow/example_dags/tutorial.py for tasks to queue
[2023-10-27 14:31:00,739] {logging_mixin.py:115} INFO - [2023-10-27 14:31:00,739] {dagbag.py:507} INFO - Filling up the DagBag from /home/airflow/.local/lib/python3.7/site-packages/airflow/example_dags/tutorial.py
[2023-10-27 14:31:00,745] {processor.py:651} INFO - DAG(s) dict_keys(['tutorial']) retrieved from /home/airflow/.local/lib/python3.7/site-packages/airflow/example_dags/tutorial.py
[2023-10-27 14:31:00,778] {logging_mixin.py:115} INFO - [2023-10-27 14:31:00,778] {dag.py:2371} INFO - Sync 1 DAGs
[2023-10-27 14:31:00,798] {logging_mixin.py:115} INFO - [2023-10-27 14:31:00,798] {dag.py:2919} INFO - Setting next_dagrun for tutorial to 2023-10-26T14:31:00.798253+00:00, run_after=2023-10-27T14:31:00.798253+00:00
[2023-10-27 14:31:00,812] {processor.py:161} INFO - Processing /home/airflow/.local/lib/python3.7/site-packages/airflow/example_dags/tutorial.py took 0.079 seconds
[2023-10-27 14:31:30,836] {processor.py:153} INFO - Started process (PID=1367) to work on /home/airflow/.local/lib/python3.7/site-packages/airflow/example_dags/tutorial.py
[2023-10-27 14:31:30,837] {processor.py:641} INFO - Processing file /home/airflow/.local/lib/python3.7/site-packages/airflow/example_dags/tutorial.py for tasks to queue
[2023-10-27 14:31:30,837] {logging_mixin.py:115} INFO - [2023-10-27 14:31:30,837] {dagbag.py:507} INFO - Filling up the DagBag from /home/airflow/.local/lib/python3.7/site-packages/airflow/example_dags/tutorial.py
[2023-10-27 14:31:30,842] {processor.py:651} INFO - DAG(s) dict_keys(['tutorial']) retrieved from /home/airflow/.local/lib/python3.7/site-packages/airflow/example_dags/tutorial.py
[2023-10-27 14:31:30,882] {logging_mixin.py:115} INFO - [2023-10-27 14:31:30,882] {dag.py:2371} INFO - Sync 1 DAGs
[2023-10-27 14:31:30,907] {logging_mixin.py:115} INFO - [2023-10-27 14:31:30,907] {dag.py:2919} INFO - Setting next_dagrun for tutorial to 2023-10-26T14:31:30.906846+00:00, run_after=2023-10-27T14:31:30.906846+00:00
[2023-10-27 14:31:30,921] {processor.py:161} INFO - Processing /home/airflow/.local/lib/python3.7/site-packages/airflow/example_dags/tutorial.py took 0.088 seconds
