[2023-10-27 14:19:54,152] {processor.py:153} INFO - Started process (PID=80) to work on /home/airflow/.local/lib/python3.7/site-packages/airflow/example_dags/example_branch_python_dop_operator_3.py
[2023-10-27 14:19:54,153] {processor.py:641} INFO - Processing file /home/airflow/.local/lib/python3.7/site-packages/airflow/example_dags/example_branch_python_dop_operator_3.py for tasks to queue
[2023-10-27 14:19:54,154] {logging_mixin.py:115} INFO - [2023-10-27 14:19:54,154] {dagbag.py:507} INFO - Filling up the DagBag from /home/airflow/.local/lib/python3.7/site-packages/airflow/example_dags/example_branch_python_dop_operator_3.py
[2023-10-27 14:19:54,189] {processor.py:651} INFO - DAG(s) dict_keys(['example_branch_dop_operator_v3']) retrieved from /home/airflow/.local/lib/python3.7/site-packages/airflow/example_dags/example_branch_python_dop_operator_3.py
[2023-10-27 14:19:54,734] {logging_mixin.py:115} INFO - [2023-10-27 14:19:54,733] {manager.py:508} INFO - Created Permission View: can delete on DAG:example_branch_dop_operator_v3
[2023-10-27 14:19:54,746] {logging_mixin.py:115} INFO - [2023-10-27 14:19:54,746] {manager.py:508} INFO - Created Permission View: can edit on DAG:example_branch_dop_operator_v3
[2023-10-27 14:19:54,759] {logging_mixin.py:115} INFO - [2023-10-27 14:19:54,758] {manager.py:508} INFO - Created Permission View: can read on DAG:example_branch_dop_operator_v3
[2023-10-27 14:19:54,759] {logging_mixin.py:115} INFO - [2023-10-27 14:19:54,759] {dag.py:2371} INFO - Sync 1 DAGs
[2023-10-27 14:19:54,773] {logging_mixin.py:115} INFO - [2023-10-27 14:19:54,773] {dag.py:2390} INFO - Creating ORM DAG for example_branch_dop_operator_v3
[2023-10-27 14:19:54,798] {logging_mixin.py:115} INFO - [2023-10-27 14:19:54,798] {dag.py:2919} INFO - Setting next_dagrun for example_branch_dop_operator_v3 to 2023-10-27T14:18:00+00:00, run_after=2023-10-27T14:19:00+00:00
[2023-10-27 14:19:54,835] {processor.py:161} INFO - Processing /home/airflow/.local/lib/python3.7/site-packages/airflow/example_dags/example_branch_python_dop_operator_3.py took 0.689 seconds
[2023-10-27 14:20:25,625] {processor.py:153} INFO - Started process (PID=132) to work on /home/airflow/.local/lib/python3.7/site-packages/airflow/example_dags/example_branch_python_dop_operator_3.py
[2023-10-27 14:20:25,626] {processor.py:641} INFO - Processing file /home/airflow/.local/lib/python3.7/site-packages/airflow/example_dags/example_branch_python_dop_operator_3.py for tasks to queue
[2023-10-27 14:20:25,626] {logging_mixin.py:115} INFO - [2023-10-27 14:20:25,626] {dagbag.py:507} INFO - Filling up the DagBag from /home/airflow/.local/lib/python3.7/site-packages/airflow/example_dags/example_branch_python_dop_operator_3.py
[2023-10-27 14:20:25,636] {processor.py:651} INFO - DAG(s) dict_keys(['example_branch_dop_operator_v3']) retrieved from /home/airflow/.local/lib/python3.7/site-packages/airflow/example_dags/example_branch_python_dop_operator_3.py
[2023-10-27 14:20:25,666] {logging_mixin.py:115} INFO - [2023-10-27 14:20:25,666] {dag.py:2371} INFO - Sync 1 DAGs
[2023-10-27 14:20:25,834] {logging_mixin.py:115} INFO - [2023-10-27 14:20:25,834] {dag.py:2919} INFO - Setting next_dagrun for example_branch_dop_operator_v3 to 2023-10-27T14:19:00+00:00, run_after=2023-10-27T14:20:00+00:00
[2023-10-27 14:20:25,846] {processor.py:161} INFO - Processing /home/airflow/.local/lib/python3.7/site-packages/airflow/example_dags/example_branch_python_dop_operator_3.py took 0.225 seconds
[2023-10-27 14:20:56,129] {processor.py:153} INFO - Started process (PID=193) to work on /home/airflow/.local/lib/python3.7/site-packages/airflow/example_dags/example_branch_python_dop_operator_3.py
[2023-10-27 14:20:56,130] {processor.py:641} INFO - Processing file /home/airflow/.local/lib/python3.7/site-packages/airflow/example_dags/example_branch_python_dop_operator_3.py for tasks to queue
[2023-10-27 14:20:56,131] {logging_mixin.py:115} INFO - [2023-10-27 14:20:56,130] {dagbag.py:507} INFO - Filling up the DagBag from /home/airflow/.local/lib/python3.7/site-packages/airflow/example_dags/example_branch_python_dop_operator_3.py
[2023-10-27 14:20:56,143] {processor.py:651} INFO - DAG(s) dict_keys(['example_branch_dop_operator_v3']) retrieved from /home/airflow/.local/lib/python3.7/site-packages/airflow/example_dags/example_branch_python_dop_operator_3.py
[2023-10-27 14:20:56,177] {logging_mixin.py:115} INFO - [2023-10-27 14:20:56,177] {dag.py:2371} INFO - Sync 1 DAGs
[2023-10-27 14:20:56,365] {logging_mixin.py:115} INFO - [2023-10-27 14:20:56,365] {dag.py:2919} INFO - Setting next_dagrun for example_branch_dop_operator_v3 to 2023-10-27T14:19:00+00:00, run_after=2023-10-27T14:20:00+00:00
[2023-10-27 14:20:56,377] {processor.py:161} INFO - Processing /home/airflow/.local/lib/python3.7/site-packages/airflow/example_dags/example_branch_python_dop_operator_3.py took 0.250 seconds
[2023-10-27 14:21:26,577] {processor.py:153} INFO - Started process (PID=252) to work on /home/airflow/.local/lib/python3.7/site-packages/airflow/example_dags/example_branch_python_dop_operator_3.py
[2023-10-27 14:21:26,578] {processor.py:641} INFO - Processing file /home/airflow/.local/lib/python3.7/site-packages/airflow/example_dags/example_branch_python_dop_operator_3.py for tasks to queue
[2023-10-27 14:21:26,579] {logging_mixin.py:115} INFO - [2023-10-27 14:21:26,579] {dagbag.py:507} INFO - Filling up the DagBag from /home/airflow/.local/lib/python3.7/site-packages/airflow/example_dags/example_branch_python_dop_operator_3.py
[2023-10-27 14:21:26,605] {processor.py:651} INFO - DAG(s) dict_keys(['example_branch_dop_operator_v3']) retrieved from /home/airflow/.local/lib/python3.7/site-packages/airflow/example_dags/example_branch_python_dop_operator_3.py
[2023-10-27 14:21:26,636] {logging_mixin.py:115} INFO - [2023-10-27 14:21:26,636] {dag.py:2371} INFO - Sync 1 DAGs
[2023-10-27 14:21:26,848] {logging_mixin.py:115} INFO - [2023-10-27 14:21:26,848] {dag.py:2919} INFO - Setting next_dagrun for example_branch_dop_operator_v3 to 2023-10-27T14:20:00+00:00, run_after=2023-10-27T14:21:00+00:00
[2023-10-27 14:21:26,884] {processor.py:161} INFO - Processing /home/airflow/.local/lib/python3.7/site-packages/airflow/example_dags/example_branch_python_dop_operator_3.py took 0.310 seconds
[2023-10-27 14:21:57,613] {processor.py:153} INFO - Started process (PID=306) to work on /home/airflow/.local/lib/python3.7/site-packages/airflow/example_dags/example_branch_python_dop_operator_3.py
[2023-10-27 14:21:57,616] {processor.py:641} INFO - Processing file /home/airflow/.local/lib/python3.7/site-packages/airflow/example_dags/example_branch_python_dop_operator_3.py for tasks to queue
[2023-10-27 14:21:57,618] {logging_mixin.py:115} INFO - [2023-10-27 14:21:57,617] {dagbag.py:507} INFO - Filling up the DagBag from /home/airflow/.local/lib/python3.7/site-packages/airflow/example_dags/example_branch_python_dop_operator_3.py
[2023-10-27 14:21:57,643] {processor.py:651} INFO - DAG(s) dict_keys(['example_branch_dop_operator_v3']) retrieved from /home/airflow/.local/lib/python3.7/site-packages/airflow/example_dags/example_branch_python_dop_operator_3.py
[2023-10-27 14:21:57,706] {logging_mixin.py:115} INFO - [2023-10-27 14:21:57,706] {dag.py:2371} INFO - Sync 1 DAGs
[2023-10-27 14:21:57,986] {logging_mixin.py:115} INFO - [2023-10-27 14:21:57,986] {dag.py:2919} INFO - Setting next_dagrun for example_branch_dop_operator_v3 to 2023-10-27T14:20:00+00:00, run_after=2023-10-27T14:21:00+00:00
[2023-10-27 14:21:58,012] {processor.py:161} INFO - Processing /home/airflow/.local/lib/python3.7/site-packages/airflow/example_dags/example_branch_python_dop_operator_3.py took 0.404 seconds
[2023-10-27 14:22:28,127] {processor.py:153} INFO - Started process (PID=358) to work on /home/airflow/.local/lib/python3.7/site-packages/airflow/example_dags/example_branch_python_dop_operator_3.py
[2023-10-27 14:22:28,128] {processor.py:641} INFO - Processing file /home/airflow/.local/lib/python3.7/site-packages/airflow/example_dags/example_branch_python_dop_operator_3.py for tasks to queue
[2023-10-27 14:22:28,129] {logging_mixin.py:115} INFO - [2023-10-27 14:22:28,129] {dagbag.py:507} INFO - Filling up the DagBag from /home/airflow/.local/lib/python3.7/site-packages/airflow/example_dags/example_branch_python_dop_operator_3.py
[2023-10-27 14:22:28,137] {processor.py:651} INFO - DAG(s) dict_keys(['example_branch_dop_operator_v3']) retrieved from /home/airflow/.local/lib/python3.7/site-packages/airflow/example_dags/example_branch_python_dop_operator_3.py
[2023-10-27 14:22:28,163] {logging_mixin.py:115} INFO - [2023-10-27 14:22:28,163] {dag.py:2371} INFO - Sync 1 DAGs
[2023-10-27 14:22:28,300] {logging_mixin.py:115} INFO - [2023-10-27 14:22:28,300] {dag.py:2919} INFO - Setting next_dagrun for example_branch_dop_operator_v3 to 2023-10-27T14:21:00+00:00, run_after=2023-10-27T14:22:00+00:00
[2023-10-27 14:22:28,314] {processor.py:161} INFO - Processing /home/airflow/.local/lib/python3.7/site-packages/airflow/example_dags/example_branch_python_dop_operator_3.py took 0.190 seconds
[2023-10-27 14:22:58,996] {processor.py:153} INFO - Started process (PID=419) to work on /home/airflow/.local/lib/python3.7/site-packages/airflow/example_dags/example_branch_python_dop_operator_3.py
[2023-10-27 14:22:58,996] {processor.py:641} INFO - Processing file /home/airflow/.local/lib/python3.7/site-packages/airflow/example_dags/example_branch_python_dop_operator_3.py for tasks to queue
[2023-10-27 14:22:58,997] {logging_mixin.py:115} INFO - [2023-10-27 14:22:58,997] {dagbag.py:507} INFO - Filling up the DagBag from /home/airflow/.local/lib/python3.7/site-packages/airflow/example_dags/example_branch_python_dop_operator_3.py
[2023-10-27 14:22:59,007] {processor.py:651} INFO - DAG(s) dict_keys(['example_branch_dop_operator_v3']) retrieved from /home/airflow/.local/lib/python3.7/site-packages/airflow/example_dags/example_branch_python_dop_operator_3.py
[2023-10-27 14:22:59,035] {logging_mixin.py:115} INFO - [2023-10-27 14:22:59,035] {dag.py:2371} INFO - Sync 1 DAGs
[2023-10-27 14:22:59,175] {logging_mixin.py:115} INFO - [2023-10-27 14:22:59,175] {dag.py:2919} INFO - Setting next_dagrun for example_branch_dop_operator_v3 to 2023-10-27T14:21:00+00:00, run_after=2023-10-27T14:22:00+00:00
[2023-10-27 14:22:59,187] {processor.py:161} INFO - Processing /home/airflow/.local/lib/python3.7/site-packages/airflow/example_dags/example_branch_python_dop_operator_3.py took 0.194 seconds
[2023-10-27 14:23:29,625] {processor.py:153} INFO - Started process (PID=481) to work on /home/airflow/.local/lib/python3.7/site-packages/airflow/example_dags/example_branch_python_dop_operator_3.py
[2023-10-27 14:23:29,626] {processor.py:641} INFO - Processing file /home/airflow/.local/lib/python3.7/site-packages/airflow/example_dags/example_branch_python_dop_operator_3.py for tasks to queue
[2023-10-27 14:23:29,626] {logging_mixin.py:115} INFO - [2023-10-27 14:23:29,626] {dagbag.py:507} INFO - Filling up the DagBag from /home/airflow/.local/lib/python3.7/site-packages/airflow/example_dags/example_branch_python_dop_operator_3.py
[2023-10-27 14:23:29,652] {processor.py:651} INFO - DAG(s) dict_keys(['example_branch_dop_operator_v3']) retrieved from /home/airflow/.local/lib/python3.7/site-packages/airflow/example_dags/example_branch_python_dop_operator_3.py
[2023-10-27 14:23:29,710] {logging_mixin.py:115} INFO - [2023-10-27 14:23:29,710] {dag.py:2371} INFO - Sync 1 DAGs
[2023-10-27 14:23:30,241] {logging_mixin.py:115} INFO - [2023-10-27 14:23:30,241] {dag.py:2919} INFO - Setting next_dagrun for example_branch_dop_operator_v3 to 2023-10-27T14:22:00+00:00, run_after=2023-10-27T14:23:00+00:00
[2023-10-27 14:23:30,257] {processor.py:161} INFO - Processing /home/airflow/.local/lib/python3.7/site-packages/airflow/example_dags/example_branch_python_dop_operator_3.py took 0.638 seconds
[2023-10-27 14:24:01,208] {processor.py:153} INFO - Started process (PID=534) to work on /home/airflow/.local/lib/python3.7/site-packages/airflow/example_dags/example_branch_python_dop_operator_3.py
[2023-10-27 14:24:01,209] {processor.py:641} INFO - Processing file /home/airflow/.local/lib/python3.7/site-packages/airflow/example_dags/example_branch_python_dop_operator_3.py for tasks to queue
[2023-10-27 14:24:01,209] {logging_mixin.py:115} INFO - [2023-10-27 14:24:01,209] {dagbag.py:507} INFO - Filling up the DagBag from /home/airflow/.local/lib/python3.7/site-packages/airflow/example_dags/example_branch_python_dop_operator_3.py
[2023-10-27 14:24:01,221] {processor.py:651} INFO - DAG(s) dict_keys(['example_branch_dop_operator_v3']) retrieved from /home/airflow/.local/lib/python3.7/site-packages/airflow/example_dags/example_branch_python_dop_operator_3.py
[2023-10-27 14:24:01,247] {logging_mixin.py:115} INFO - [2023-10-27 14:24:01,247] {dag.py:2371} INFO - Sync 1 DAGs
[2023-10-27 14:24:01,432] {logging_mixin.py:115} INFO - [2023-10-27 14:24:01,432] {dag.py:2919} INFO - Setting next_dagrun for example_branch_dop_operator_v3 to 2023-10-27T14:23:00+00:00, run_after=2023-10-27T14:24:00+00:00
[2023-10-27 14:24:01,449] {processor.py:161} INFO - Processing /home/airflow/.local/lib/python3.7/site-packages/airflow/example_dags/example_branch_python_dop_operator_3.py took 0.244 seconds
[2023-10-27 14:24:32,118] {processor.py:153} INFO - Started process (PID=595) to work on /home/airflow/.local/lib/python3.7/site-packages/airflow/example_dags/example_branch_python_dop_operator_3.py
[2023-10-27 14:24:32,119] {processor.py:641} INFO - Processing file /home/airflow/.local/lib/python3.7/site-packages/airflow/example_dags/example_branch_python_dop_operator_3.py for tasks to queue
[2023-10-27 14:24:32,119] {logging_mixin.py:115} INFO - [2023-10-27 14:24:32,119] {dagbag.py:507} INFO - Filling up the DagBag from /home/airflow/.local/lib/python3.7/site-packages/airflow/example_dags/example_branch_python_dop_operator_3.py
[2023-10-27 14:24:32,130] {processor.py:651} INFO - DAG(s) dict_keys(['example_branch_dop_operator_v3']) retrieved from /home/airflow/.local/lib/python3.7/site-packages/airflow/example_dags/example_branch_python_dop_operator_3.py
[2023-10-27 14:24:32,163] {logging_mixin.py:115} INFO - [2023-10-27 14:24:32,163] {dag.py:2371} INFO - Sync 1 DAGs
[2023-10-27 14:24:32,430] {logging_mixin.py:115} INFO - [2023-10-27 14:24:32,429] {dag.py:2919} INFO - Setting next_dagrun for example_branch_dop_operator_v3 to 2023-10-27T14:23:00+00:00, run_after=2023-10-27T14:24:00+00:00
[2023-10-27 14:24:32,443] {processor.py:161} INFO - Processing /home/airflow/.local/lib/python3.7/site-packages/airflow/example_dags/example_branch_python_dop_operator_3.py took 0.327 seconds
[2023-10-27 14:25:02,614] {processor.py:153} INFO - Started process (PID=647) to work on /home/airflow/.local/lib/python3.7/site-packages/airflow/example_dags/example_branch_python_dop_operator_3.py
[2023-10-27 14:25:02,615] {processor.py:641} INFO - Processing file /home/airflow/.local/lib/python3.7/site-packages/airflow/example_dags/example_branch_python_dop_operator_3.py for tasks to queue
[2023-10-27 14:25:02,616] {logging_mixin.py:115} INFO - [2023-10-27 14:25:02,616] {dagbag.py:507} INFO - Filling up the DagBag from /home/airflow/.local/lib/python3.7/site-packages/airflow/example_dags/example_branch_python_dop_operator_3.py
[2023-10-27 14:25:02,625] {processor.py:651} INFO - DAG(s) dict_keys(['example_branch_dop_operator_v3']) retrieved from /home/airflow/.local/lib/python3.7/site-packages/airflow/example_dags/example_branch_python_dop_operator_3.py
[2023-10-27 14:25:02,664] {logging_mixin.py:115} INFO - [2023-10-27 14:25:02,664] {dag.py:2371} INFO - Sync 1 DAGs
[2023-10-27 14:25:02,855] {logging_mixin.py:115} INFO - [2023-10-27 14:25:02,855] {dag.py:2919} INFO - Setting next_dagrun for example_branch_dop_operator_v3 to 2023-10-27T14:24:00+00:00, run_after=2023-10-27T14:25:00+00:00
[2023-10-27 14:25:02,869] {processor.py:161} INFO - Processing /home/airflow/.local/lib/python3.7/site-packages/airflow/example_dags/example_branch_python_dop_operator_3.py took 0.258 seconds
[2023-10-27 14:25:33,772] {processor.py:153} INFO - Started process (PID=708) to work on /home/airflow/.local/lib/python3.7/site-packages/airflow/example_dags/example_branch_python_dop_operator_3.py
[2023-10-27 14:25:33,773] {processor.py:641} INFO - Processing file /home/airflow/.local/lib/python3.7/site-packages/airflow/example_dags/example_branch_python_dop_operator_3.py for tasks to queue
[2023-10-27 14:25:33,774] {logging_mixin.py:115} INFO - [2023-10-27 14:25:33,774] {dagbag.py:507} INFO - Filling up the DagBag from /home/airflow/.local/lib/python3.7/site-packages/airflow/example_dags/example_branch_python_dop_operator_3.py
[2023-10-27 14:25:33,790] {processor.py:651} INFO - DAG(s) dict_keys(['example_branch_dop_operator_v3']) retrieved from /home/airflow/.local/lib/python3.7/site-packages/airflow/example_dags/example_branch_python_dop_operator_3.py
[2023-10-27 14:25:33,822] {logging_mixin.py:115} INFO - [2023-10-27 14:25:33,822] {dag.py:2371} INFO - Sync 1 DAGs
[2023-10-27 14:25:34,066] {logging_mixin.py:115} INFO - [2023-10-27 14:25:34,066] {dag.py:2919} INFO - Setting next_dagrun for example_branch_dop_operator_v3 to 2023-10-27T14:24:00+00:00, run_after=2023-10-27T14:25:00+00:00
[2023-10-27 14:25:34,081] {processor.py:161} INFO - Processing /home/airflow/.local/lib/python3.7/site-packages/airflow/example_dags/example_branch_python_dop_operator_3.py took 0.312 seconds
[2023-10-27 14:26:04,319] {processor.py:153} INFO - Started process (PID=760) to work on /home/airflow/.local/lib/python3.7/site-packages/airflow/example_dags/example_branch_python_dop_operator_3.py
[2023-10-27 14:26:04,320] {processor.py:641} INFO - Processing file /home/airflow/.local/lib/python3.7/site-packages/airflow/example_dags/example_branch_python_dop_operator_3.py for tasks to queue
[2023-10-27 14:26:04,321] {logging_mixin.py:115} INFO - [2023-10-27 14:26:04,321] {dagbag.py:507} INFO - Filling up the DagBag from /home/airflow/.local/lib/python3.7/site-packages/airflow/example_dags/example_branch_python_dop_operator_3.py
[2023-10-27 14:26:04,336] {processor.py:651} INFO - DAG(s) dict_keys(['example_branch_dop_operator_v3']) retrieved from /home/airflow/.local/lib/python3.7/site-packages/airflow/example_dags/example_branch_python_dop_operator_3.py
[2023-10-27 14:26:04,372] {logging_mixin.py:115} INFO - [2023-10-27 14:26:04,372] {dag.py:2371} INFO - Sync 1 DAGs
[2023-10-27 14:26:04,725] {logging_mixin.py:115} INFO - [2023-10-27 14:26:04,725] {dag.py:2919} INFO - Setting next_dagrun for example_branch_dop_operator_v3 to 2023-10-27T14:25:00+00:00, run_after=2023-10-27T14:26:00+00:00
[2023-10-27 14:26:04,770] {processor.py:161} INFO - Processing /home/airflow/.local/lib/python3.7/site-packages/airflow/example_dags/example_branch_python_dop_operator_3.py took 0.454 seconds
[2023-10-27 14:26:35,366] {processor.py:153} INFO - Started process (PID=821) to work on /home/airflow/.local/lib/python3.7/site-packages/airflow/example_dags/example_branch_python_dop_operator_3.py
[2023-10-27 14:26:35,367] {processor.py:641} INFO - Processing file /home/airflow/.local/lib/python3.7/site-packages/airflow/example_dags/example_branch_python_dop_operator_3.py for tasks to queue
[2023-10-27 14:26:35,367] {logging_mixin.py:115} INFO - [2023-10-27 14:26:35,367] {dagbag.py:507} INFO - Filling up the DagBag from /home/airflow/.local/lib/python3.7/site-packages/airflow/example_dags/example_branch_python_dop_operator_3.py
[2023-10-27 14:26:35,381] {processor.py:651} INFO - DAG(s) dict_keys(['example_branch_dop_operator_v3']) retrieved from /home/airflow/.local/lib/python3.7/site-packages/airflow/example_dags/example_branch_python_dop_operator_3.py
[2023-10-27 14:26:35,418] {logging_mixin.py:115} INFO - [2023-10-27 14:26:35,418] {dag.py:2371} INFO - Sync 1 DAGs
[2023-10-27 14:26:35,846] {logging_mixin.py:115} INFO - [2023-10-27 14:26:35,846] {dag.py:2919} INFO - Setting next_dagrun for example_branch_dop_operator_v3 to 2023-10-27T14:25:00+00:00, run_after=2023-10-27T14:26:00+00:00
[2023-10-27 14:26:35,913] {processor.py:161} INFO - Processing /home/airflow/.local/lib/python3.7/site-packages/airflow/example_dags/example_branch_python_dop_operator_3.py took 0.550 seconds
[2023-10-27 14:27:06,103] {processor.py:153} INFO - Started process (PID=873) to work on /home/airflow/.local/lib/python3.7/site-packages/airflow/example_dags/example_branch_python_dop_operator_3.py
[2023-10-27 14:27:06,104] {processor.py:641} INFO - Processing file /home/airflow/.local/lib/python3.7/site-packages/airflow/example_dags/example_branch_python_dop_operator_3.py for tasks to queue
[2023-10-27 14:27:06,105] {logging_mixin.py:115} INFO - [2023-10-27 14:27:06,104] {dagbag.py:507} INFO - Filling up the DagBag from /home/airflow/.local/lib/python3.7/site-packages/airflow/example_dags/example_branch_python_dop_operator_3.py
[2023-10-27 14:27:06,122] {processor.py:651} INFO - DAG(s) dict_keys(['example_branch_dop_operator_v3']) retrieved from /home/airflow/.local/lib/python3.7/site-packages/airflow/example_dags/example_branch_python_dop_operator_3.py
[2023-10-27 14:27:06,153] {logging_mixin.py:115} INFO - [2023-10-27 14:27:06,153] {dag.py:2371} INFO - Sync 1 DAGs
[2023-10-27 14:27:06,335] {logging_mixin.py:115} INFO - [2023-10-27 14:27:06,335] {dag.py:2919} INFO - Setting next_dagrun for example_branch_dop_operator_v3 to 2023-10-27T14:26:00+00:00, run_after=2023-10-27T14:27:00+00:00
[2023-10-27 14:27:06,348] {processor.py:161} INFO - Processing /home/airflow/.local/lib/python3.7/site-packages/airflow/example_dags/example_branch_python_dop_operator_3.py took 0.249 seconds
[2023-10-27 14:27:36,797] {processor.py:153} INFO - Started process (PID=934) to work on /home/airflow/.local/lib/python3.7/site-packages/airflow/example_dags/example_branch_python_dop_operator_3.py
[2023-10-27 14:27:36,798] {processor.py:641} INFO - Processing file /home/airflow/.local/lib/python3.7/site-packages/airflow/example_dags/example_branch_python_dop_operator_3.py for tasks to queue
[2023-10-27 14:27:36,799] {logging_mixin.py:115} INFO - [2023-10-27 14:27:36,799] {dagbag.py:507} INFO - Filling up the DagBag from /home/airflow/.local/lib/python3.7/site-packages/airflow/example_dags/example_branch_python_dop_operator_3.py
[2023-10-27 14:27:36,819] {processor.py:651} INFO - DAG(s) dict_keys(['example_branch_dop_operator_v3']) retrieved from /home/airflow/.local/lib/python3.7/site-packages/airflow/example_dags/example_branch_python_dop_operator_3.py
[2023-10-27 14:27:36,878] {logging_mixin.py:115} INFO - [2023-10-27 14:27:36,877] {dag.py:2371} INFO - Sync 1 DAGs
[2023-10-27 14:27:37,082] {logging_mixin.py:115} INFO - [2023-10-27 14:27:37,081] {dag.py:2919} INFO - Setting next_dagrun for example_branch_dop_operator_v3 to 2023-10-27T14:26:00+00:00, run_after=2023-10-27T14:27:00+00:00
[2023-10-27 14:27:37,095] {processor.py:161} INFO - Processing /home/airflow/.local/lib/python3.7/site-packages/airflow/example_dags/example_branch_python_dop_operator_3.py took 0.300 seconds
[2023-10-27 14:28:07,586] {processor.py:153} INFO - Started process (PID=986) to work on /home/airflow/.local/lib/python3.7/site-packages/airflow/example_dags/example_branch_python_dop_operator_3.py
[2023-10-27 14:28:07,587] {processor.py:641} INFO - Processing file /home/airflow/.local/lib/python3.7/site-packages/airflow/example_dags/example_branch_python_dop_operator_3.py for tasks to queue
[2023-10-27 14:28:07,588] {logging_mixin.py:115} INFO - [2023-10-27 14:28:07,588] {dagbag.py:507} INFO - Filling up the DagBag from /home/airflow/.local/lib/python3.7/site-packages/airflow/example_dags/example_branch_python_dop_operator_3.py
[2023-10-27 14:28:07,607] {processor.py:651} INFO - DAG(s) dict_keys(['example_branch_dop_operator_v3']) retrieved from /home/airflow/.local/lib/python3.7/site-packages/airflow/example_dags/example_branch_python_dop_operator_3.py
[2023-10-27 14:28:07,656] {logging_mixin.py:115} INFO - [2023-10-27 14:28:07,656] {dag.py:2371} INFO - Sync 1 DAGs
[2023-10-27 14:28:07,836] {logging_mixin.py:115} INFO - [2023-10-27 14:28:07,836] {dag.py:2919} INFO - Setting next_dagrun for example_branch_dop_operator_v3 to 2023-10-27T14:27:00+00:00, run_after=2023-10-27T14:28:00+00:00
[2023-10-27 14:28:07,852] {processor.py:161} INFO - Processing /home/airflow/.local/lib/python3.7/site-packages/airflow/example_dags/example_branch_python_dop_operator_3.py took 0.268 seconds
[2023-10-27 14:28:38,664] {processor.py:153} INFO - Started process (PID=1048) to work on /home/airflow/.local/lib/python3.7/site-packages/airflow/example_dags/example_branch_python_dop_operator_3.py
[2023-10-27 14:28:38,665] {processor.py:641} INFO - Processing file /home/airflow/.local/lib/python3.7/site-packages/airflow/example_dags/example_branch_python_dop_operator_3.py for tasks to queue
[2023-10-27 14:28:38,666] {logging_mixin.py:115} INFO - [2023-10-27 14:28:38,666] {dagbag.py:507} INFO - Filling up the DagBag from /home/airflow/.local/lib/python3.7/site-packages/airflow/example_dags/example_branch_python_dop_operator_3.py
[2023-10-27 14:28:38,684] {processor.py:651} INFO - DAG(s) dict_keys(['example_branch_dop_operator_v3']) retrieved from /home/airflow/.local/lib/python3.7/site-packages/airflow/example_dags/example_branch_python_dop_operator_3.py
[2023-10-27 14:28:38,717] {logging_mixin.py:115} INFO - [2023-10-27 14:28:38,717] {dag.py:2371} INFO - Sync 1 DAGs
[2023-10-27 14:28:38,894] {logging_mixin.py:115} INFO - [2023-10-27 14:28:38,893] {dag.py:2919} INFO - Setting next_dagrun for example_branch_dop_operator_v3 to 2023-10-27T14:27:00+00:00, run_after=2023-10-27T14:28:00+00:00
[2023-10-27 14:28:38,904] {processor.py:161} INFO - Processing /home/airflow/.local/lib/python3.7/site-packages/airflow/example_dags/example_branch_python_dop_operator_3.py took 0.247 seconds
[2023-10-27 14:29:09,603] {processor.py:153} INFO - Started process (PID=1100) to work on /home/airflow/.local/lib/python3.7/site-packages/airflow/example_dags/example_branch_python_dop_operator_3.py
[2023-10-27 14:29:09,605] {processor.py:641} INFO - Processing file /home/airflow/.local/lib/python3.7/site-packages/airflow/example_dags/example_branch_python_dop_operator_3.py for tasks to queue
[2023-10-27 14:29:09,605] {logging_mixin.py:115} INFO - [2023-10-27 14:29:09,605] {dagbag.py:507} INFO - Filling up the DagBag from /home/airflow/.local/lib/python3.7/site-packages/airflow/example_dags/example_branch_python_dop_operator_3.py
[2023-10-27 14:29:09,617] {processor.py:651} INFO - DAG(s) dict_keys(['example_branch_dop_operator_v3']) retrieved from /home/airflow/.local/lib/python3.7/site-packages/airflow/example_dags/example_branch_python_dop_operator_3.py
[2023-10-27 14:29:09,648] {logging_mixin.py:115} INFO - [2023-10-27 14:29:09,648] {dag.py:2371} INFO - Sync 1 DAGs
[2023-10-27 14:29:09,791] {logging_mixin.py:115} INFO - [2023-10-27 14:29:09,791] {dag.py:2919} INFO - Setting next_dagrun for example_branch_dop_operator_v3 to 2023-10-27T14:28:00+00:00, run_after=2023-10-27T14:29:00+00:00
[2023-10-27 14:29:09,802] {processor.py:161} INFO - Processing /home/airflow/.local/lib/python3.7/site-packages/airflow/example_dags/example_branch_python_dop_operator_3.py took 0.202 seconds
[2023-10-27 14:29:40,120] {processor.py:153} INFO - Started process (PID=1162) to work on /home/airflow/.local/lib/python3.7/site-packages/airflow/example_dags/example_branch_python_dop_operator_3.py
[2023-10-27 14:29:40,121] {processor.py:641} INFO - Processing file /home/airflow/.local/lib/python3.7/site-packages/airflow/example_dags/example_branch_python_dop_operator_3.py for tasks to queue
[2023-10-27 14:29:40,122] {logging_mixin.py:115} INFO - [2023-10-27 14:29:40,122] {dagbag.py:507} INFO - Filling up the DagBag from /home/airflow/.local/lib/python3.7/site-packages/airflow/example_dags/example_branch_python_dop_operator_3.py
[2023-10-27 14:29:40,134] {processor.py:651} INFO - DAG(s) dict_keys(['example_branch_dop_operator_v3']) retrieved from /home/airflow/.local/lib/python3.7/site-packages/airflow/example_dags/example_branch_python_dop_operator_3.py
[2023-10-27 14:29:40,165] {logging_mixin.py:115} INFO - [2023-10-27 14:29:40,165] {dag.py:2371} INFO - Sync 1 DAGs
[2023-10-27 14:29:40,199] {logging_mixin.py:115} INFO - [2023-10-27 14:29:40,199] {dag.py:2919} INFO - Setting next_dagrun for example_branch_dop_operator_v3 to 2023-10-27T14:28:00+00:00, run_after=2023-10-27T14:29:00+00:00
[2023-10-27 14:29:40,215] {processor.py:161} INFO - Processing /home/airflow/.local/lib/python3.7/site-packages/airflow/example_dags/example_branch_python_dop_operator_3.py took 0.099 seconds
[2023-10-27 14:30:10,482] {processor.py:153} INFO - Started process (PID=1214) to work on /home/airflow/.local/lib/python3.7/site-packages/airflow/example_dags/example_branch_python_dop_operator_3.py
[2023-10-27 14:30:10,483] {processor.py:641} INFO - Processing file /home/airflow/.local/lib/python3.7/site-packages/airflow/example_dags/example_branch_python_dop_operator_3.py for tasks to queue
[2023-10-27 14:30:10,483] {logging_mixin.py:115} INFO - [2023-10-27 14:30:10,483] {dagbag.py:507} INFO - Filling up the DagBag from /home/airflow/.local/lib/python3.7/site-packages/airflow/example_dags/example_branch_python_dop_operator_3.py
[2023-10-27 14:30:10,495] {processor.py:651} INFO - DAG(s) dict_keys(['example_branch_dop_operator_v3']) retrieved from /home/airflow/.local/lib/python3.7/site-packages/airflow/example_dags/example_branch_python_dop_operator_3.py
[2023-10-27 14:30:10,525] {logging_mixin.py:115} INFO - [2023-10-27 14:30:10,525] {dag.py:2371} INFO - Sync 1 DAGs
[2023-10-27 14:30:10,548] {logging_mixin.py:115} INFO - [2023-10-27 14:30:10,547] {dag.py:2919} INFO - Setting next_dagrun for example_branch_dop_operator_v3 to 2023-10-27T14:29:00+00:00, run_after=2023-10-27T14:30:00+00:00
[2023-10-27 14:30:10,561] {processor.py:161} INFO - Processing /home/airflow/.local/lib/python3.7/site-packages/airflow/example_dags/example_branch_python_dop_operator_3.py took 0.082 seconds
[2023-10-27 14:30:41,399] {processor.py:153} INFO - Started process (PID=1275) to work on /home/airflow/.local/lib/python3.7/site-packages/airflow/example_dags/example_branch_python_dop_operator_3.py
[2023-10-27 14:30:41,401] {processor.py:641} INFO - Processing file /home/airflow/.local/lib/python3.7/site-packages/airflow/example_dags/example_branch_python_dop_operator_3.py for tasks to queue
[2023-10-27 14:30:41,401] {logging_mixin.py:115} INFO - [2023-10-27 14:30:41,401] {dagbag.py:507} INFO - Filling up the DagBag from /home/airflow/.local/lib/python3.7/site-packages/airflow/example_dags/example_branch_python_dop_operator_3.py
[2023-10-27 14:30:41,418] {processor.py:651} INFO - DAG(s) dict_keys(['example_branch_dop_operator_v3']) retrieved from /home/airflow/.local/lib/python3.7/site-packages/airflow/example_dags/example_branch_python_dop_operator_3.py
[2023-10-27 14:30:41,445] {logging_mixin.py:115} INFO - [2023-10-27 14:30:41,445] {dag.py:2371} INFO - Sync 1 DAGs
[2023-10-27 14:30:41,471] {logging_mixin.py:115} INFO - [2023-10-27 14:30:41,471] {dag.py:2919} INFO - Setting next_dagrun for example_branch_dop_operator_v3 to 2023-10-27T14:29:00+00:00, run_after=2023-10-27T14:30:00+00:00
[2023-10-27 14:30:41,486] {processor.py:161} INFO - Processing /home/airflow/.local/lib/python3.7/site-packages/airflow/example_dags/example_branch_python_dop_operator_3.py took 0.089 seconds
[2023-10-27 14:31:12,361] {processor.py:153} INFO - Started process (PID=1336) to work on /home/airflow/.local/lib/python3.7/site-packages/airflow/example_dags/example_branch_python_dop_operator_3.py
[2023-10-27 14:31:12,362] {processor.py:641} INFO - Processing file /home/airflow/.local/lib/python3.7/site-packages/airflow/example_dags/example_branch_python_dop_operator_3.py for tasks to queue
[2023-10-27 14:31:12,362] {logging_mixin.py:115} INFO - [2023-10-27 14:31:12,362] {dagbag.py:507} INFO - Filling up the DagBag from /home/airflow/.local/lib/python3.7/site-packages/airflow/example_dags/example_branch_python_dop_operator_3.py
[2023-10-27 14:31:12,375] {processor.py:651} INFO - DAG(s) dict_keys(['example_branch_dop_operator_v3']) retrieved from /home/airflow/.local/lib/python3.7/site-packages/airflow/example_dags/example_branch_python_dop_operator_3.py
[2023-10-27 14:31:12,404] {logging_mixin.py:115} INFO - [2023-10-27 14:31:12,404] {dag.py:2371} INFO - Sync 1 DAGs
[2023-10-27 14:31:12,435] {logging_mixin.py:115} INFO - [2023-10-27 14:31:12,434] {dag.py:2919} INFO - Setting next_dagrun for example_branch_dop_operator_v3 to 2023-10-27T14:30:00+00:00, run_after=2023-10-27T14:31:00+00:00
[2023-10-27 14:31:12,449] {processor.py:161} INFO - Processing /home/airflow/.local/lib/python3.7/site-packages/airflow/example_dags/example_branch_python_dop_operator_3.py took 0.091 seconds
[2023-10-27 14:31:42,496] {processor.py:153} INFO - Started process (PID=1387) to work on /home/airflow/.local/lib/python3.7/site-packages/airflow/example_dags/example_branch_python_dop_operator_3.py
[2023-10-27 14:31:42,499] {processor.py:641} INFO - Processing file /home/airflow/.local/lib/python3.7/site-packages/airflow/example_dags/example_branch_python_dop_operator_3.py for tasks to queue
[2023-10-27 14:31:42,501] {logging_mixin.py:115} INFO - [2023-10-27 14:31:42,500] {dagbag.py:507} INFO - Filling up the DagBag from /home/airflow/.local/lib/python3.7/site-packages/airflow/example_dags/example_branch_python_dop_operator_3.py
[2023-10-27 14:31:42,517] {processor.py:651} INFO - DAG(s) dict_keys(['example_branch_dop_operator_v3']) retrieved from /home/airflow/.local/lib/python3.7/site-packages/airflow/example_dags/example_branch_python_dop_operator_3.py
[2023-10-27 14:31:42,546] {logging_mixin.py:115} INFO - [2023-10-27 14:31:42,546] {dag.py:2371} INFO - Sync 1 DAGs
[2023-10-27 14:31:42,573] {logging_mixin.py:115} INFO - [2023-10-27 14:31:42,573] {dag.py:2919} INFO - Setting next_dagrun for example_branch_dop_operator_v3 to 2023-10-27T14:30:00+00:00, run_after=2023-10-27T14:31:00+00:00
[2023-10-27 14:31:42,586] {processor.py:161} INFO - Processing /home/airflow/.local/lib/python3.7/site-packages/airflow/example_dags/example_branch_python_dop_operator_3.py took 0.097 seconds
