[2023-10-27 14:19:44,693] {processor.py:153} INFO - Started process (PID=57) to work on /home/airflow/.local/lib/python3.7/site-packages/airflow/example_dags/example_skip_dag.py
[2023-10-27 14:19:44,695] {processor.py:641} INFO - Processing file /home/airflow/.local/lib/python3.7/site-packages/airflow/example_dags/example_skip_dag.py for tasks to queue
[2023-10-27 14:19:44,698] {logging_mixin.py:115} INFO - [2023-10-27 14:19:44,697] {dagbag.py:507} INFO - Filling up the DagBag from /home/airflow/.local/lib/python3.7/site-packages/airflow/example_dags/example_skip_dag.py
[2023-10-27 14:19:44,714] {processor.py:651} INFO - DAG(s) dict_keys(['example_skip_dag']) retrieved from /home/airflow/.local/lib/python3.7/site-packages/airflow/example_dags/example_skip_dag.py
[2023-10-27 14:19:45,425] {logging_mixin.py:115} INFO - [2023-10-27 14:19:45,425] {manager.py:508} INFO - Created Permission View: can delete on DAG:example_skip_dag
[2023-10-27 14:19:45,440] {logging_mixin.py:115} INFO - [2023-10-27 14:19:45,440] {manager.py:508} INFO - Created Permission View: can edit on DAG:example_skip_dag
[2023-10-27 14:19:45,452] {logging_mixin.py:115} INFO - [2023-10-27 14:19:45,452] {manager.py:508} INFO - Created Permission View: can read on DAG:example_skip_dag
[2023-10-27 14:19:45,452] {logging_mixin.py:115} INFO - [2023-10-27 14:19:45,452] {dag.py:2371} INFO - Sync 1 DAGs
[2023-10-27 14:19:45,469] {logging_mixin.py:115} INFO - [2023-10-27 14:19:45,469] {dag.py:2390} INFO - Creating ORM DAG for example_skip_dag
[2023-10-27 14:19:45,482] {logging_mixin.py:115} INFO - [2023-10-27 14:19:45,482] {dag.py:2919} INFO - Setting next_dagrun for example_skip_dag to 2023-10-26T14:19:45.482351+00:00, run_after=2023-10-27T14:19:45.482351+00:00
[2023-10-27 14:19:45,501] {processor.py:161} INFO - Processing /home/airflow/.local/lib/python3.7/site-packages/airflow/example_dags/example_skip_dag.py took 0.814 seconds
[2023-10-27 14:20:16,006] {processor.py:153} INFO - Started process (PID=109) to work on /home/airflow/.local/lib/python3.7/site-packages/airflow/example_dags/example_skip_dag.py
[2023-10-27 14:20:16,007] {processor.py:641} INFO - Processing file /home/airflow/.local/lib/python3.7/site-packages/airflow/example_dags/example_skip_dag.py for tasks to queue
[2023-10-27 14:20:16,007] {logging_mixin.py:115} INFO - [2023-10-27 14:20:16,007] {dagbag.py:507} INFO - Filling up the DagBag from /home/airflow/.local/lib/python3.7/site-packages/airflow/example_dags/example_skip_dag.py
[2023-10-27 14:20:16,017] {processor.py:651} INFO - DAG(s) dict_keys(['example_skip_dag']) retrieved from /home/airflow/.local/lib/python3.7/site-packages/airflow/example_dags/example_skip_dag.py
[2023-10-27 14:20:16,051] {logging_mixin.py:115} INFO - [2023-10-27 14:20:16,051] {dag.py:2371} INFO - Sync 1 DAGs
[2023-10-27 14:20:16,220] {logging_mixin.py:115} INFO - [2023-10-27 14:20:16,220] {dag.py:2919} INFO - Setting next_dagrun for example_skip_dag to 2023-10-26T14:20:16.219905+00:00, run_after=2023-10-27T14:20:16.219905+00:00
[2023-10-27 14:20:16,232] {processor.py:161} INFO - Processing /home/airflow/.local/lib/python3.7/site-packages/airflow/example_dags/example_skip_dag.py took 0.230 seconds
[2023-10-27 14:20:46,341] {processor.py:153} INFO - Started process (PID=170) to work on /home/airflow/.local/lib/python3.7/site-packages/airflow/example_dags/example_skip_dag.py
[2023-10-27 14:20:46,343] {processor.py:641} INFO - Processing file /home/airflow/.local/lib/python3.7/site-packages/airflow/example_dags/example_skip_dag.py for tasks to queue
[2023-10-27 14:20:46,343] {logging_mixin.py:115} INFO - [2023-10-27 14:20:46,343] {dagbag.py:507} INFO - Filling up the DagBag from /home/airflow/.local/lib/python3.7/site-packages/airflow/example_dags/example_skip_dag.py
[2023-10-27 14:20:46,349] {processor.py:651} INFO - DAG(s) dict_keys(['example_skip_dag']) retrieved from /home/airflow/.local/lib/python3.7/site-packages/airflow/example_dags/example_skip_dag.py
[2023-10-27 14:20:46,380] {logging_mixin.py:115} INFO - [2023-10-27 14:20:46,380] {dag.py:2371} INFO - Sync 1 DAGs
[2023-10-27 14:20:46,558] {logging_mixin.py:115} INFO - [2023-10-27 14:20:46,558] {dag.py:2919} INFO - Setting next_dagrun for example_skip_dag to 2023-10-26T14:20:46.558524+00:00, run_after=2023-10-27T14:20:46.558524+00:00
[2023-10-27 14:20:46,575] {processor.py:161} INFO - Processing /home/airflow/.local/lib/python3.7/site-packages/airflow/example_dags/example_skip_dag.py took 0.237 seconds
[2023-10-27 14:21:16,826] {processor.py:153} INFO - Started process (PID=231) to work on /home/airflow/.local/lib/python3.7/site-packages/airflow/example_dags/example_skip_dag.py
[2023-10-27 14:21:16,827] {processor.py:641} INFO - Processing file /home/airflow/.local/lib/python3.7/site-packages/airflow/example_dags/example_skip_dag.py for tasks to queue
[2023-10-27 14:21:16,828] {logging_mixin.py:115} INFO - [2023-10-27 14:21:16,828] {dagbag.py:507} INFO - Filling up the DagBag from /home/airflow/.local/lib/python3.7/site-packages/airflow/example_dags/example_skip_dag.py
[2023-10-27 14:21:16,834] {processor.py:651} INFO - DAG(s) dict_keys(['example_skip_dag']) retrieved from /home/airflow/.local/lib/python3.7/site-packages/airflow/example_dags/example_skip_dag.py
[2023-10-27 14:21:16,870] {logging_mixin.py:115} INFO - [2023-10-27 14:21:16,870] {dag.py:2371} INFO - Sync 1 DAGs
[2023-10-27 14:21:17,043] {logging_mixin.py:115} INFO - [2023-10-27 14:21:17,043] {dag.py:2919} INFO - Setting next_dagrun for example_skip_dag to 2023-10-26T14:21:17.043209+00:00, run_after=2023-10-27T14:21:17.043209+00:00
[2023-10-27 14:21:17,056] {processor.py:161} INFO - Processing /home/airflow/.local/lib/python3.7/site-packages/airflow/example_dags/example_skip_dag.py took 0.232 seconds
[2023-10-27 14:21:47,514] {processor.py:153} INFO - Started process (PID=284) to work on /home/airflow/.local/lib/python3.7/site-packages/airflow/example_dags/example_skip_dag.py
[2023-10-27 14:21:47,516] {processor.py:641} INFO - Processing file /home/airflow/.local/lib/python3.7/site-packages/airflow/example_dags/example_skip_dag.py for tasks to queue
[2023-10-27 14:21:47,517] {logging_mixin.py:115} INFO - [2023-10-27 14:21:47,517] {dagbag.py:507} INFO - Filling up the DagBag from /home/airflow/.local/lib/python3.7/site-packages/airflow/example_dags/example_skip_dag.py
[2023-10-27 14:21:47,524] {processor.py:651} INFO - DAG(s) dict_keys(['example_skip_dag']) retrieved from /home/airflow/.local/lib/python3.7/site-packages/airflow/example_dags/example_skip_dag.py
[2023-10-27 14:21:47,551] {logging_mixin.py:115} INFO - [2023-10-27 14:21:47,551] {dag.py:2371} INFO - Sync 1 DAGs
[2023-10-27 14:21:47,718] {logging_mixin.py:115} INFO - [2023-10-27 14:21:47,718] {dag.py:2919} INFO - Setting next_dagrun for example_skip_dag to 2023-10-26T14:21:47.718676+00:00, run_after=2023-10-27T14:21:47.718676+00:00
[2023-10-27 14:21:47,731] {processor.py:161} INFO - Processing /home/airflow/.local/lib/python3.7/site-packages/airflow/example_dags/example_skip_dag.py took 0.221 seconds
[2023-10-27 14:22:17,967] {processor.py:153} INFO - Started process (PID=336) to work on /home/airflow/.local/lib/python3.7/site-packages/airflow/example_dags/example_skip_dag.py
[2023-10-27 14:22:17,969] {processor.py:641} INFO - Processing file /home/airflow/.local/lib/python3.7/site-packages/airflow/example_dags/example_skip_dag.py for tasks to queue
[2023-10-27 14:22:17,969] {logging_mixin.py:115} INFO - [2023-10-27 14:22:17,969] {dagbag.py:507} INFO - Filling up the DagBag from /home/airflow/.local/lib/python3.7/site-packages/airflow/example_dags/example_skip_dag.py
[2023-10-27 14:22:17,978] {processor.py:651} INFO - DAG(s) dict_keys(['example_skip_dag']) retrieved from /home/airflow/.local/lib/python3.7/site-packages/airflow/example_dags/example_skip_dag.py
[2023-10-27 14:22:18,006] {logging_mixin.py:115} INFO - [2023-10-27 14:22:18,006] {dag.py:2371} INFO - Sync 1 DAGs
[2023-10-27 14:22:18,177] {logging_mixin.py:115} INFO - [2023-10-27 14:22:18,177] {dag.py:2919} INFO - Setting next_dagrun for example_skip_dag to 2023-10-26T14:22:18.177676+00:00, run_after=2023-10-27T14:22:18.177676+00:00
[2023-10-27 14:22:18,193] {processor.py:161} INFO - Processing /home/airflow/.local/lib/python3.7/site-packages/airflow/example_dags/example_skip_dag.py took 0.230 seconds
[2023-10-27 14:22:48,502] {processor.py:153} INFO - Started process (PID=397) to work on /home/airflow/.local/lib/python3.7/site-packages/airflow/example_dags/example_skip_dag.py
[2023-10-27 14:22:48,503] {processor.py:641} INFO - Processing file /home/airflow/.local/lib/python3.7/site-packages/airflow/example_dags/example_skip_dag.py for tasks to queue
[2023-10-27 14:22:48,504] {logging_mixin.py:115} INFO - [2023-10-27 14:22:48,504] {dagbag.py:507} INFO - Filling up the DagBag from /home/airflow/.local/lib/python3.7/site-packages/airflow/example_dags/example_skip_dag.py
[2023-10-27 14:22:48,515] {processor.py:651} INFO - DAG(s) dict_keys(['example_skip_dag']) retrieved from /home/airflow/.local/lib/python3.7/site-packages/airflow/example_dags/example_skip_dag.py
[2023-10-27 14:22:48,546] {logging_mixin.py:115} INFO - [2023-10-27 14:22:48,546] {dag.py:2371} INFO - Sync 1 DAGs
[2023-10-27 14:22:48,710] {logging_mixin.py:115} INFO - [2023-10-27 14:22:48,710] {dag.py:2919} INFO - Setting next_dagrun for example_skip_dag to 2023-10-26T14:22:48.710323+00:00, run_after=2023-10-27T14:22:48.710323+00:00
[2023-10-27 14:22:48,723] {processor.py:161} INFO - Processing /home/airflow/.local/lib/python3.7/site-packages/airflow/example_dags/example_skip_dag.py took 0.224 seconds
[2023-10-27 14:23:19,063] {processor.py:153} INFO - Started process (PID=459) to work on /home/airflow/.local/lib/python3.7/site-packages/airflow/example_dags/example_skip_dag.py
[2023-10-27 14:23:19,066] {processor.py:641} INFO - Processing file /home/airflow/.local/lib/python3.7/site-packages/airflow/example_dags/example_skip_dag.py for tasks to queue
[2023-10-27 14:23:19,066] {logging_mixin.py:115} INFO - [2023-10-27 14:23:19,066] {dagbag.py:507} INFO - Filling up the DagBag from /home/airflow/.local/lib/python3.7/site-packages/airflow/example_dags/example_skip_dag.py
[2023-10-27 14:23:19,077] {processor.py:651} INFO - DAG(s) dict_keys(['example_skip_dag']) retrieved from /home/airflow/.local/lib/python3.7/site-packages/airflow/example_dags/example_skip_dag.py
[2023-10-27 14:23:19,106] {logging_mixin.py:115} INFO - [2023-10-27 14:23:19,105] {dag.py:2371} INFO - Sync 1 DAGs
[2023-10-27 14:23:19,292] {logging_mixin.py:115} INFO - [2023-10-27 14:23:19,291] {dag.py:2919} INFO - Setting next_dagrun for example_skip_dag to 2023-10-26T14:23:19.291720+00:00, run_after=2023-10-27T14:23:19.291720+00:00
[2023-10-27 14:23:19,304] {processor.py:161} INFO - Processing /home/airflow/.local/lib/python3.7/site-packages/airflow/example_dags/example_skip_dag.py took 0.243 seconds
[2023-10-27 14:23:49,677] {processor.py:153} INFO - Started process (PID=511) to work on /home/airflow/.local/lib/python3.7/site-packages/airflow/example_dags/example_skip_dag.py
[2023-10-27 14:23:49,678] {processor.py:641} INFO - Processing file /home/airflow/.local/lib/python3.7/site-packages/airflow/example_dags/example_skip_dag.py for tasks to queue
[2023-10-27 14:23:49,679] {logging_mixin.py:115} INFO - [2023-10-27 14:23:49,679] {dagbag.py:507} INFO - Filling up the DagBag from /home/airflow/.local/lib/python3.7/site-packages/airflow/example_dags/example_skip_dag.py
[2023-10-27 14:23:49,684] {processor.py:651} INFO - DAG(s) dict_keys(['example_skip_dag']) retrieved from /home/airflow/.local/lib/python3.7/site-packages/airflow/example_dags/example_skip_dag.py
[2023-10-27 14:23:49,715] {logging_mixin.py:115} INFO - [2023-10-27 14:23:49,715] {dag.py:2371} INFO - Sync 1 DAGs
[2023-10-27 14:23:49,871] {logging_mixin.py:115} INFO - [2023-10-27 14:23:49,871] {dag.py:2919} INFO - Setting next_dagrun for example_skip_dag to 2023-10-26T14:23:49.871471+00:00, run_after=2023-10-27T14:23:49.871471+00:00
[2023-10-27 14:23:49,883] {processor.py:161} INFO - Processing /home/airflow/.local/lib/python3.7/site-packages/airflow/example_dags/example_skip_dag.py took 0.208 seconds
[2023-10-27 14:24:20,425] {processor.py:153} INFO - Started process (PID=572) to work on /home/airflow/.local/lib/python3.7/site-packages/airflow/example_dags/example_skip_dag.py
[2023-10-27 14:24:20,425] {processor.py:641} INFO - Processing file /home/airflow/.local/lib/python3.7/site-packages/airflow/example_dags/example_skip_dag.py for tasks to queue
[2023-10-27 14:24:20,426] {logging_mixin.py:115} INFO - [2023-10-27 14:24:20,426] {dagbag.py:507} INFO - Filling up the DagBag from /home/airflow/.local/lib/python3.7/site-packages/airflow/example_dags/example_skip_dag.py
[2023-10-27 14:24:20,433] {processor.py:651} INFO - DAG(s) dict_keys(['example_skip_dag']) retrieved from /home/airflow/.local/lib/python3.7/site-packages/airflow/example_dags/example_skip_dag.py
[2023-10-27 14:24:20,477] {logging_mixin.py:115} INFO - [2023-10-27 14:24:20,476] {dag.py:2371} INFO - Sync 1 DAGs
[2023-10-27 14:24:20,667] {logging_mixin.py:115} INFO - [2023-10-27 14:24:20,667] {dag.py:2919} INFO - Setting next_dagrun for example_skip_dag to 2023-10-26T14:24:20.667514+00:00, run_after=2023-10-27T14:24:20.667514+00:00
[2023-10-27 14:24:20,677] {processor.py:161} INFO - Processing /home/airflow/.local/lib/python3.7/site-packages/airflow/example_dags/example_skip_dag.py took 0.255 seconds
[2023-10-27 14:24:51,101] {processor.py:153} INFO - Started process (PID=624) to work on /home/airflow/.local/lib/python3.7/site-packages/airflow/example_dags/example_skip_dag.py
[2023-10-27 14:24:51,102] {processor.py:641} INFO - Processing file /home/airflow/.local/lib/python3.7/site-packages/airflow/example_dags/example_skip_dag.py for tasks to queue
[2023-10-27 14:24:51,104] {logging_mixin.py:115} INFO - [2023-10-27 14:24:51,103] {dagbag.py:507} INFO - Filling up the DagBag from /home/airflow/.local/lib/python3.7/site-packages/airflow/example_dags/example_skip_dag.py
[2023-10-27 14:24:51,115] {processor.py:651} INFO - DAG(s) dict_keys(['example_skip_dag']) retrieved from /home/airflow/.local/lib/python3.7/site-packages/airflow/example_dags/example_skip_dag.py
[2023-10-27 14:24:51,192] {logging_mixin.py:115} INFO - [2023-10-27 14:24:51,192] {dag.py:2371} INFO - Sync 1 DAGs
[2023-10-27 14:24:51,486] {logging_mixin.py:115} INFO - [2023-10-27 14:24:51,486] {dag.py:2919} INFO - Setting next_dagrun for example_skip_dag to 2023-10-26T14:24:51.485943+00:00, run_after=2023-10-27T14:24:51.485943+00:00
[2023-10-27 14:24:51,499] {processor.py:161} INFO - Processing /home/airflow/.local/lib/python3.7/site-packages/airflow/example_dags/example_skip_dag.py took 0.409 seconds
[2023-10-27 14:25:22,174] {processor.py:153} INFO - Started process (PID=685) to work on /home/airflow/.local/lib/python3.7/site-packages/airflow/example_dags/example_skip_dag.py
[2023-10-27 14:25:22,177] {processor.py:641} INFO - Processing file /home/airflow/.local/lib/python3.7/site-packages/airflow/example_dags/example_skip_dag.py for tasks to queue
[2023-10-27 14:25:22,178] {logging_mixin.py:115} INFO - [2023-10-27 14:25:22,178] {dagbag.py:507} INFO - Filling up the DagBag from /home/airflow/.local/lib/python3.7/site-packages/airflow/example_dags/example_skip_dag.py
[2023-10-27 14:25:22,204] {processor.py:651} INFO - DAG(s) dict_keys(['example_skip_dag']) retrieved from /home/airflow/.local/lib/python3.7/site-packages/airflow/example_dags/example_skip_dag.py
[2023-10-27 14:25:22,291] {logging_mixin.py:115} INFO - [2023-10-27 14:25:22,290] {dag.py:2371} INFO - Sync 1 DAGs
[2023-10-27 14:25:22,472] {logging_mixin.py:115} INFO - [2023-10-27 14:25:22,470] {dag.py:2919} INFO - Setting next_dagrun for example_skip_dag to 2023-10-26T14:25:22.469629+00:00, run_after=2023-10-27T14:25:22.469629+00:00
[2023-10-27 14:25:22,488] {processor.py:161} INFO - Processing /home/airflow/.local/lib/python3.7/site-packages/airflow/example_dags/example_skip_dag.py took 0.345 seconds
[2023-10-27 14:25:52,806] {processor.py:153} INFO - Started process (PID=737) to work on /home/airflow/.local/lib/python3.7/site-packages/airflow/example_dags/example_skip_dag.py
[2023-10-27 14:25:52,811] {processor.py:641} INFO - Processing file /home/airflow/.local/lib/python3.7/site-packages/airflow/example_dags/example_skip_dag.py for tasks to queue
[2023-10-27 14:25:52,812] {logging_mixin.py:115} INFO - [2023-10-27 14:25:52,812] {dagbag.py:507} INFO - Filling up the DagBag from /home/airflow/.local/lib/python3.7/site-packages/airflow/example_dags/example_skip_dag.py
[2023-10-27 14:25:52,833] {processor.py:651} INFO - DAG(s) dict_keys(['example_skip_dag']) retrieved from /home/airflow/.local/lib/python3.7/site-packages/airflow/example_dags/example_skip_dag.py
[2023-10-27 14:25:52,939] {logging_mixin.py:115} INFO - [2023-10-27 14:25:52,939] {dag.py:2371} INFO - Sync 1 DAGs
[2023-10-27 14:25:53,172] {logging_mixin.py:115} INFO - [2023-10-27 14:25:53,172] {dag.py:2919} INFO - Setting next_dagrun for example_skip_dag to 2023-10-26T14:25:53.172384+00:00, run_after=2023-10-27T14:25:53.172384+00:00
[2023-10-27 14:25:53,202] {processor.py:161} INFO - Processing /home/airflow/.local/lib/python3.7/site-packages/airflow/example_dags/example_skip_dag.py took 0.407 seconds
[2023-10-27 14:26:24,118] {processor.py:153} INFO - Started process (PID=798) to work on /home/airflow/.local/lib/python3.7/site-packages/airflow/example_dags/example_skip_dag.py
[2023-10-27 14:26:24,121] {processor.py:641} INFO - Processing file /home/airflow/.local/lib/python3.7/site-packages/airflow/example_dags/example_skip_dag.py for tasks to queue
[2023-10-27 14:26:24,121] {logging_mixin.py:115} INFO - [2023-10-27 14:26:24,121] {dagbag.py:507} INFO - Filling up the DagBag from /home/airflow/.local/lib/python3.7/site-packages/airflow/example_dags/example_skip_dag.py
[2023-10-27 14:26:24,127] {processor.py:651} INFO - DAG(s) dict_keys(['example_skip_dag']) retrieved from /home/airflow/.local/lib/python3.7/site-packages/airflow/example_dags/example_skip_dag.py
[2023-10-27 14:26:24,162] {logging_mixin.py:115} INFO - [2023-10-27 14:26:24,162] {dag.py:2371} INFO - Sync 1 DAGs
[2023-10-27 14:26:24,340] {logging_mixin.py:115} INFO - [2023-10-27 14:26:24,340] {dag.py:2919} INFO - Setting next_dagrun for example_skip_dag to 2023-10-26T14:26:24.339864+00:00, run_after=2023-10-27T14:26:24.339864+00:00
[2023-10-27 14:26:24,350] {processor.py:161} INFO - Processing /home/airflow/.local/lib/python3.7/site-packages/airflow/example_dags/example_skip_dag.py took 0.235 seconds
[2023-10-27 14:26:54,554] {processor.py:153} INFO - Started process (PID=850) to work on /home/airflow/.local/lib/python3.7/site-packages/airflow/example_dags/example_skip_dag.py
[2023-10-27 14:26:54,557] {processor.py:641} INFO - Processing file /home/airflow/.local/lib/python3.7/site-packages/airflow/example_dags/example_skip_dag.py for tasks to queue
[2023-10-27 14:26:54,557] {logging_mixin.py:115} INFO - [2023-10-27 14:26:54,557] {dagbag.py:507} INFO - Filling up the DagBag from /home/airflow/.local/lib/python3.7/site-packages/airflow/example_dags/example_skip_dag.py
[2023-10-27 14:26:54,563] {processor.py:651} INFO - DAG(s) dict_keys(['example_skip_dag']) retrieved from /home/airflow/.local/lib/python3.7/site-packages/airflow/example_dags/example_skip_dag.py
[2023-10-27 14:26:54,595] {logging_mixin.py:115} INFO - [2023-10-27 14:26:54,595] {dag.py:2371} INFO - Sync 1 DAGs
[2023-10-27 14:26:54,754] {logging_mixin.py:115} INFO - [2023-10-27 14:26:54,754] {dag.py:2919} INFO - Setting next_dagrun for example_skip_dag to 2023-10-26T14:26:54.754134+00:00, run_after=2023-10-27T14:26:54.754134+00:00
[2023-10-27 14:26:54,765] {processor.py:161} INFO - Processing /home/airflow/.local/lib/python3.7/site-packages/airflow/example_dags/example_skip_dag.py took 0.214 seconds
[2023-10-27 14:27:24,804] {processor.py:153} INFO - Started process (PID=911) to work on /home/airflow/.local/lib/python3.7/site-packages/airflow/example_dags/example_skip_dag.py
[2023-10-27 14:27:24,806] {processor.py:641} INFO - Processing file /home/airflow/.local/lib/python3.7/site-packages/airflow/example_dags/example_skip_dag.py for tasks to queue
[2023-10-27 14:27:24,806] {logging_mixin.py:115} INFO - [2023-10-27 14:27:24,806] {dagbag.py:507} INFO - Filling up the DagBag from /home/airflow/.local/lib/python3.7/site-packages/airflow/example_dags/example_skip_dag.py
[2023-10-27 14:27:24,813] {processor.py:651} INFO - DAG(s) dict_keys(['example_skip_dag']) retrieved from /home/airflow/.local/lib/python3.7/site-packages/airflow/example_dags/example_skip_dag.py
[2023-10-27 14:27:24,847] {logging_mixin.py:115} INFO - [2023-10-27 14:27:24,847] {dag.py:2371} INFO - Sync 1 DAGs
[2023-10-27 14:27:25,010] {logging_mixin.py:115} INFO - [2023-10-27 14:27:25,010] {dag.py:2919} INFO - Setting next_dagrun for example_skip_dag to 2023-10-26T14:27:25.010172+00:00, run_after=2023-10-27T14:27:25.010172+00:00
[2023-10-27 14:27:25,027] {processor.py:161} INFO - Processing /home/airflow/.local/lib/python3.7/site-packages/airflow/example_dags/example_skip_dag.py took 0.225 seconds
[2023-10-27 14:27:55,264] {processor.py:153} INFO - Started process (PID=963) to work on /home/airflow/.local/lib/python3.7/site-packages/airflow/example_dags/example_skip_dag.py
[2023-10-27 14:27:55,266] {processor.py:641} INFO - Processing file /home/airflow/.local/lib/python3.7/site-packages/airflow/example_dags/example_skip_dag.py for tasks to queue
[2023-10-27 14:27:55,266] {logging_mixin.py:115} INFO - [2023-10-27 14:27:55,266] {dagbag.py:507} INFO - Filling up the DagBag from /home/airflow/.local/lib/python3.7/site-packages/airflow/example_dags/example_skip_dag.py
[2023-10-27 14:27:55,274] {processor.py:651} INFO - DAG(s) dict_keys(['example_skip_dag']) retrieved from /home/airflow/.local/lib/python3.7/site-packages/airflow/example_dags/example_skip_dag.py
[2023-10-27 14:27:55,316] {logging_mixin.py:115} INFO - [2023-10-27 14:27:55,316] {dag.py:2371} INFO - Sync 1 DAGs
[2023-10-27 14:27:55,475] {logging_mixin.py:115} INFO - [2023-10-27 14:27:55,475] {dag.py:2919} INFO - Setting next_dagrun for example_skip_dag to 2023-10-26T14:27:55.475375+00:00, run_after=2023-10-27T14:27:55.475375+00:00
[2023-10-27 14:27:55,489] {processor.py:161} INFO - Processing /home/airflow/.local/lib/python3.7/site-packages/airflow/example_dags/example_skip_dag.py took 0.231 seconds
[2023-10-27 14:28:26,145] {processor.py:153} INFO - Started process (PID=1024) to work on /home/airflow/.local/lib/python3.7/site-packages/airflow/example_dags/example_skip_dag.py
[2023-10-27 14:28:26,147] {processor.py:641} INFO - Processing file /home/airflow/.local/lib/python3.7/site-packages/airflow/example_dags/example_skip_dag.py for tasks to queue
[2023-10-27 14:28:26,147] {logging_mixin.py:115} INFO - [2023-10-27 14:28:26,147] {dagbag.py:507} INFO - Filling up the DagBag from /home/airflow/.local/lib/python3.7/site-packages/airflow/example_dags/example_skip_dag.py
[2023-10-27 14:28:26,154] {processor.py:651} INFO - DAG(s) dict_keys(['example_skip_dag']) retrieved from /home/airflow/.local/lib/python3.7/site-packages/airflow/example_dags/example_skip_dag.py
[2023-10-27 14:28:26,191] {logging_mixin.py:115} INFO - [2023-10-27 14:28:26,191] {dag.py:2371} INFO - Sync 1 DAGs
[2023-10-27 14:28:26,347] {logging_mixin.py:115} INFO - [2023-10-27 14:28:26,347] {dag.py:2919} INFO - Setting next_dagrun for example_skip_dag to 2023-10-26T14:28:26.347228+00:00, run_after=2023-10-27T14:28:26.347228+00:00
[2023-10-27 14:28:26,359] {processor.py:161} INFO - Processing /home/airflow/.local/lib/python3.7/site-packages/airflow/example_dags/example_skip_dag.py took 0.217 seconds
[2023-10-27 14:28:56,652] {processor.py:153} INFO - Started process (PID=1077) to work on /home/airflow/.local/lib/python3.7/site-packages/airflow/example_dags/example_skip_dag.py
[2023-10-27 14:28:56,654] {processor.py:641} INFO - Processing file /home/airflow/.local/lib/python3.7/site-packages/airflow/example_dags/example_skip_dag.py for tasks to queue
[2023-10-27 14:28:56,655] {logging_mixin.py:115} INFO - [2023-10-27 14:28:56,655] {dagbag.py:507} INFO - Filling up the DagBag from /home/airflow/.local/lib/python3.7/site-packages/airflow/example_dags/example_skip_dag.py
[2023-10-27 14:28:56,661] {processor.py:651} INFO - DAG(s) dict_keys(['example_skip_dag']) retrieved from /home/airflow/.local/lib/python3.7/site-packages/airflow/example_dags/example_skip_dag.py
[2023-10-27 14:28:56,695] {logging_mixin.py:115} INFO - [2023-10-27 14:28:56,695] {dag.py:2371} INFO - Sync 1 DAGs
[2023-10-27 14:28:56,846] {logging_mixin.py:115} INFO - [2023-10-27 14:28:56,846] {dag.py:2919} INFO - Setting next_dagrun for example_skip_dag to 2023-10-26T14:28:56.846413+00:00, run_after=2023-10-27T14:28:56.846413+00:00
[2023-10-27 14:28:56,859] {processor.py:161} INFO - Processing /home/airflow/.local/lib/python3.7/site-packages/airflow/example_dags/example_skip_dag.py took 0.210 seconds
[2023-10-27 14:29:27,182] {processor.py:153} INFO - Started process (PID=1138) to work on /home/airflow/.local/lib/python3.7/site-packages/airflow/example_dags/example_skip_dag.py
[2023-10-27 14:29:27,185] {processor.py:641} INFO - Processing file /home/airflow/.local/lib/python3.7/site-packages/airflow/example_dags/example_skip_dag.py for tasks to queue
[2023-10-27 14:29:27,186] {logging_mixin.py:115} INFO - [2023-10-27 14:29:27,186] {dagbag.py:507} INFO - Filling up the DagBag from /home/airflow/.local/lib/python3.7/site-packages/airflow/example_dags/example_skip_dag.py
[2023-10-27 14:29:27,191] {processor.py:651} INFO - DAG(s) dict_keys(['example_skip_dag']) retrieved from /home/airflow/.local/lib/python3.7/site-packages/airflow/example_dags/example_skip_dag.py
[2023-10-27 14:29:27,230] {logging_mixin.py:115} INFO - [2023-10-27 14:29:27,230] {dag.py:2371} INFO - Sync 1 DAGs
[2023-10-27 14:29:27,421] {logging_mixin.py:115} INFO - [2023-10-27 14:29:27,421] {dag.py:2919} INFO - Setting next_dagrun for example_skip_dag to 2023-10-26T14:29:27.421497+00:00, run_after=2023-10-27T14:29:27.421497+00:00
[2023-10-27 14:29:27,437] {processor.py:161} INFO - Processing /home/airflow/.local/lib/python3.7/site-packages/airflow/example_dags/example_skip_dag.py took 0.258 seconds
[2023-10-27 14:29:58,408] {processor.py:153} INFO - Started process (PID=1191) to work on /home/airflow/.local/lib/python3.7/site-packages/airflow/example_dags/example_skip_dag.py
[2023-10-27 14:29:58,411] {processor.py:641} INFO - Processing file /home/airflow/.local/lib/python3.7/site-packages/airflow/example_dags/example_skip_dag.py for tasks to queue
[2023-10-27 14:29:58,411] {logging_mixin.py:115} INFO - [2023-10-27 14:29:58,411] {dagbag.py:507} INFO - Filling up the DagBag from /home/airflow/.local/lib/python3.7/site-packages/airflow/example_dags/example_skip_dag.py
[2023-10-27 14:29:58,416] {processor.py:651} INFO - DAG(s) dict_keys(['example_skip_dag']) retrieved from /home/airflow/.local/lib/python3.7/site-packages/airflow/example_dags/example_skip_dag.py
[2023-10-27 14:29:58,459] {logging_mixin.py:115} INFO - [2023-10-27 14:29:58,459] {dag.py:2371} INFO - Sync 1 DAGs
[2023-10-27 14:29:58,482] {logging_mixin.py:115} INFO - [2023-10-27 14:29:58,482] {dag.py:2919} INFO - Setting next_dagrun for example_skip_dag to 2023-10-26T14:29:58.481816+00:00, run_after=2023-10-27T14:29:58.481816+00:00
[2023-10-27 14:29:58,496] {processor.py:161} INFO - Processing /home/airflow/.local/lib/python3.7/site-packages/airflow/example_dags/example_skip_dag.py took 0.090 seconds
[2023-10-27 14:30:28,726] {processor.py:153} INFO - Started process (PID=1252) to work on /home/airflow/.local/lib/python3.7/site-packages/airflow/example_dags/example_skip_dag.py
[2023-10-27 14:30:28,729] {processor.py:641} INFO - Processing file /home/airflow/.local/lib/python3.7/site-packages/airflow/example_dags/example_skip_dag.py for tasks to queue
[2023-10-27 14:30:28,730] {logging_mixin.py:115} INFO - [2023-10-27 14:30:28,729] {dagbag.py:507} INFO - Filling up the DagBag from /home/airflow/.local/lib/python3.7/site-packages/airflow/example_dags/example_skip_dag.py
[2023-10-27 14:30:28,739] {processor.py:651} INFO - DAG(s) dict_keys(['example_skip_dag']) retrieved from /home/airflow/.local/lib/python3.7/site-packages/airflow/example_dags/example_skip_dag.py
[2023-10-27 14:30:28,769] {logging_mixin.py:115} INFO - [2023-10-27 14:30:28,769] {dag.py:2371} INFO - Sync 1 DAGs
[2023-10-27 14:30:28,791] {logging_mixin.py:115} INFO - [2023-10-27 14:30:28,791] {dag.py:2919} INFO - Setting next_dagrun for example_skip_dag to 2023-10-26T14:30:28.791443+00:00, run_after=2023-10-27T14:30:28.791443+00:00
[2023-10-27 14:30:28,805] {processor.py:161} INFO - Processing /home/airflow/.local/lib/python3.7/site-packages/airflow/example_dags/example_skip_dag.py took 0.081 seconds
[2023-10-27 14:30:59,628] {processor.py:153} INFO - Started process (PID=1313) to work on /home/airflow/.local/lib/python3.7/site-packages/airflow/example_dags/example_skip_dag.py
[2023-10-27 14:30:59,630] {processor.py:641} INFO - Processing file /home/airflow/.local/lib/python3.7/site-packages/airflow/example_dags/example_skip_dag.py for tasks to queue
[2023-10-27 14:30:59,631] {logging_mixin.py:115} INFO - [2023-10-27 14:30:59,630] {dagbag.py:507} INFO - Filling up the DagBag from /home/airflow/.local/lib/python3.7/site-packages/airflow/example_dags/example_skip_dag.py
[2023-10-27 14:30:59,638] {processor.py:651} INFO - DAG(s) dict_keys(['example_skip_dag']) retrieved from /home/airflow/.local/lib/python3.7/site-packages/airflow/example_dags/example_skip_dag.py
[2023-10-27 14:30:59,676] {logging_mixin.py:115} INFO - [2023-10-27 14:30:59,676] {dag.py:2371} INFO - Sync 1 DAGs
[2023-10-27 14:30:59,698] {logging_mixin.py:115} INFO - [2023-10-27 14:30:59,698] {dag.py:2919} INFO - Setting next_dagrun for example_skip_dag to 2023-10-26T14:30:59.697968+00:00, run_after=2023-10-27T14:30:59.697968+00:00
[2023-10-27 14:30:59,716] {processor.py:161} INFO - Processing /home/airflow/.local/lib/python3.7/site-packages/airflow/example_dags/example_skip_dag.py took 0.092 seconds
[2023-10-27 14:31:29,740] {processor.py:153} INFO - Started process (PID=1365) to work on /home/airflow/.local/lib/python3.7/site-packages/airflow/example_dags/example_skip_dag.py
[2023-10-27 14:31:29,742] {processor.py:641} INFO - Processing file /home/airflow/.local/lib/python3.7/site-packages/airflow/example_dags/example_skip_dag.py for tasks to queue
[2023-10-27 14:31:29,743] {logging_mixin.py:115} INFO - [2023-10-27 14:31:29,743] {dagbag.py:507} INFO - Filling up the DagBag from /home/airflow/.local/lib/python3.7/site-packages/airflow/example_dags/example_skip_dag.py
[2023-10-27 14:31:29,748] {processor.py:651} INFO - DAG(s) dict_keys(['example_skip_dag']) retrieved from /home/airflow/.local/lib/python3.7/site-packages/airflow/example_dags/example_skip_dag.py
[2023-10-27 14:31:29,780] {logging_mixin.py:115} INFO - [2023-10-27 14:31:29,780] {dag.py:2371} INFO - Sync 1 DAGs
[2023-10-27 14:31:29,799] {logging_mixin.py:115} INFO - [2023-10-27 14:31:29,799] {dag.py:2919} INFO - Setting next_dagrun for example_skip_dag to 2023-10-26T14:31:29.799505+00:00, run_after=2023-10-27T14:31:29.799505+00:00
[2023-10-27 14:31:29,811] {processor.py:161} INFO - Processing /home/airflow/.local/lib/python3.7/site-packages/airflow/example_dags/example_skip_dag.py took 0.073 seconds
