[2023-10-27 14:19:43,069] {processor.py:153} INFO - Started process (PID=55) to work on /home/airflow/.local/lib/python3.7/site-packages/airflow/example_dags/example_complex.py
[2023-10-27 14:19:43,069] {processor.py:641} INFO - Processing file /home/airflow/.local/lib/python3.7/site-packages/airflow/example_dags/example_complex.py for tasks to queue
[2023-10-27 14:19:43,070] {logging_mixin.py:115} INFO - [2023-10-27 14:19:43,070] {dagbag.py:507} INFO - Filling up the DagBag from /home/airflow/.local/lib/python3.7/site-packages/airflow/example_dags/example_complex.py
[2023-10-27 14:19:43,104] {processor.py:651} INFO - DAG(s) dict_keys(['example_complex']) retrieved from /home/airflow/.local/lib/python3.7/site-packages/airflow/example_dags/example_complex.py
[2023-10-27 14:19:44,544] {logging_mixin.py:115} INFO - [2023-10-27 14:19:44,544] {manager.py:508} INFO - Created Permission View: can delete on DAG:example_complex
[2023-10-27 14:19:44,567] {logging_mixin.py:115} INFO - [2023-10-27 14:19:44,567] {manager.py:508} INFO - Created Permission View: can edit on DAG:example_complex
[2023-10-27 14:19:44,579] {logging_mixin.py:115} INFO - [2023-10-27 14:19:44,579] {manager.py:508} INFO - Created Permission View: can read on DAG:example_complex
[2023-10-27 14:19:44,579] {logging_mixin.py:115} INFO - [2023-10-27 14:19:44,579] {dag.py:2371} INFO - Sync 1 DAGs
[2023-10-27 14:19:44,592] {logging_mixin.py:115} INFO - [2023-10-27 14:19:44,592] {dag.py:2390} INFO - Creating ORM DAG for example_complex
[2023-10-27 14:19:44,611] {logging_mixin.py:115} INFO - [2023-10-27 14:19:44,611] {dag.py:2919} INFO - Setting next_dagrun for example_complex to None, run_after=None
[2023-10-27 14:19:44,645] {processor.py:161} INFO - Processing /home/airflow/.local/lib/python3.7/site-packages/airflow/example_dags/example_complex.py took 1.579 seconds
[2023-10-27 14:20:14,758] {processor.py:153} INFO - Started process (PID=107) to work on /home/airflow/.local/lib/python3.7/site-packages/airflow/example_dags/example_complex.py
[2023-10-27 14:20:14,759] {processor.py:641} INFO - Processing file /home/airflow/.local/lib/python3.7/site-packages/airflow/example_dags/example_complex.py for tasks to queue
[2023-10-27 14:20:14,759] {logging_mixin.py:115} INFO - [2023-10-27 14:20:14,759] {dagbag.py:507} INFO - Filling up the DagBag from /home/airflow/.local/lib/python3.7/site-packages/airflow/example_dags/example_complex.py
[2023-10-27 14:20:14,776] {processor.py:651} INFO - DAG(s) dict_keys(['example_complex']) retrieved from /home/airflow/.local/lib/python3.7/site-packages/airflow/example_dags/example_complex.py
[2023-10-27 14:20:14,816] {logging_mixin.py:115} INFO - [2023-10-27 14:20:14,816] {dag.py:2371} INFO - Sync 1 DAGs
[2023-10-27 14:20:14,963] {logging_mixin.py:115} INFO - [2023-10-27 14:20:14,963] {dag.py:2919} INFO - Setting next_dagrun for example_complex to None, run_after=None
[2023-10-27 14:20:14,979] {processor.py:161} INFO - Processing /home/airflow/.local/lib/python3.7/site-packages/airflow/example_dags/example_complex.py took 0.226 seconds
[2023-10-27 14:20:45,061] {processor.py:153} INFO - Started process (PID=168) to work on /home/airflow/.local/lib/python3.7/site-packages/airflow/example_dags/example_complex.py
[2023-10-27 14:20:45,062] {processor.py:641} INFO - Processing file /home/airflow/.local/lib/python3.7/site-packages/airflow/example_dags/example_complex.py for tasks to queue
[2023-10-27 14:20:45,062] {logging_mixin.py:115} INFO - [2023-10-27 14:20:45,062] {dagbag.py:507} INFO - Filling up the DagBag from /home/airflow/.local/lib/python3.7/site-packages/airflow/example_dags/example_complex.py
[2023-10-27 14:20:45,075] {processor.py:651} INFO - DAG(s) dict_keys(['example_complex']) retrieved from /home/airflow/.local/lib/python3.7/site-packages/airflow/example_dags/example_complex.py
[2023-10-27 14:20:45,111] {logging_mixin.py:115} INFO - [2023-10-27 14:20:45,110] {dag.py:2371} INFO - Sync 1 DAGs
[2023-10-27 14:20:45,251] {logging_mixin.py:115} INFO - [2023-10-27 14:20:45,250] {dag.py:2919} INFO - Setting next_dagrun for example_complex to None, run_after=None
[2023-10-27 14:20:45,265] {processor.py:161} INFO - Processing /home/airflow/.local/lib/python3.7/site-packages/airflow/example_dags/example_complex.py took 0.207 seconds
[2023-10-27 14:21:15,527] {processor.py:153} INFO - Started process (PID=229) to work on /home/airflow/.local/lib/python3.7/site-packages/airflow/example_dags/example_complex.py
[2023-10-27 14:21:15,528] {processor.py:641} INFO - Processing file /home/airflow/.local/lib/python3.7/site-packages/airflow/example_dags/example_complex.py for tasks to queue
[2023-10-27 14:21:15,529] {logging_mixin.py:115} INFO - [2023-10-27 14:21:15,529] {dagbag.py:507} INFO - Filling up the DagBag from /home/airflow/.local/lib/python3.7/site-packages/airflow/example_dags/example_complex.py
[2023-10-27 14:21:15,545] {processor.py:651} INFO - DAG(s) dict_keys(['example_complex']) retrieved from /home/airflow/.local/lib/python3.7/site-packages/airflow/example_dags/example_complex.py
[2023-10-27 14:21:15,578] {logging_mixin.py:115} INFO - [2023-10-27 14:21:15,577] {dag.py:2371} INFO - Sync 1 DAGs
[2023-10-27 14:21:15,749] {logging_mixin.py:115} INFO - [2023-10-27 14:21:15,749] {dag.py:2919} INFO - Setting next_dagrun for example_complex to None, run_after=None
[2023-10-27 14:21:15,760] {processor.py:161} INFO - Processing /home/airflow/.local/lib/python3.7/site-packages/airflow/example_dags/example_complex.py took 0.235 seconds
[2023-10-27 14:21:46,244] {processor.py:153} INFO - Started process (PID=282) to work on /home/airflow/.local/lib/python3.7/site-packages/airflow/example_dags/example_complex.py
[2023-10-27 14:21:46,245] {processor.py:641} INFO - Processing file /home/airflow/.local/lib/python3.7/site-packages/airflow/example_dags/example_complex.py for tasks to queue
[2023-10-27 14:21:46,245] {logging_mixin.py:115} INFO - [2023-10-27 14:21:46,245] {dagbag.py:507} INFO - Filling up the DagBag from /home/airflow/.local/lib/python3.7/site-packages/airflow/example_dags/example_complex.py
[2023-10-27 14:21:46,261] {processor.py:651} INFO - DAG(s) dict_keys(['example_complex']) retrieved from /home/airflow/.local/lib/python3.7/site-packages/airflow/example_dags/example_complex.py
[2023-10-27 14:21:46,309] {logging_mixin.py:115} INFO - [2023-10-27 14:21:46,309] {dag.py:2371} INFO - Sync 1 DAGs
[2023-10-27 14:21:46,474] {logging_mixin.py:115} INFO - [2023-10-27 14:21:46,474] {dag.py:2919} INFO - Setting next_dagrun for example_complex to None, run_after=None
[2023-10-27 14:21:46,487] {processor.py:161} INFO - Processing /home/airflow/.local/lib/python3.7/site-packages/airflow/example_dags/example_complex.py took 0.245 seconds
[2023-10-27 14:22:16,638] {processor.py:153} INFO - Started process (PID=334) to work on /home/airflow/.local/lib/python3.7/site-packages/airflow/example_dags/example_complex.py
[2023-10-27 14:22:16,640] {processor.py:641} INFO - Processing file /home/airflow/.local/lib/python3.7/site-packages/airflow/example_dags/example_complex.py for tasks to queue
[2023-10-27 14:22:16,642] {logging_mixin.py:115} INFO - [2023-10-27 14:22:16,642] {dagbag.py:507} INFO - Filling up the DagBag from /home/airflow/.local/lib/python3.7/site-packages/airflow/example_dags/example_complex.py
[2023-10-27 14:22:16,654] {processor.py:651} INFO - DAG(s) dict_keys(['example_complex']) retrieved from /home/airflow/.local/lib/python3.7/site-packages/airflow/example_dags/example_complex.py
[2023-10-27 14:22:16,728] {logging_mixin.py:115} INFO - [2023-10-27 14:22:16,728] {dag.py:2371} INFO - Sync 1 DAGs
[2023-10-27 14:22:16,910] {logging_mixin.py:115} INFO - [2023-10-27 14:22:16,909] {dag.py:2919} INFO - Setting next_dagrun for example_complex to None, run_after=None
[2023-10-27 14:22:16,928] {processor.py:161} INFO - Processing /home/airflow/.local/lib/python3.7/site-packages/airflow/example_dags/example_complex.py took 0.294 seconds
[2023-10-27 14:22:47,265] {processor.py:153} INFO - Started process (PID=395) to work on /home/airflow/.local/lib/python3.7/site-packages/airflow/example_dags/example_complex.py
[2023-10-27 14:22:47,267] {processor.py:641} INFO - Processing file /home/airflow/.local/lib/python3.7/site-packages/airflow/example_dags/example_complex.py for tasks to queue
[2023-10-27 14:22:47,267] {logging_mixin.py:115} INFO - [2023-10-27 14:22:47,267] {dagbag.py:507} INFO - Filling up the DagBag from /home/airflow/.local/lib/python3.7/site-packages/airflow/example_dags/example_complex.py
[2023-10-27 14:22:47,282] {processor.py:651} INFO - DAG(s) dict_keys(['example_complex']) retrieved from /home/airflow/.local/lib/python3.7/site-packages/airflow/example_dags/example_complex.py
[2023-10-27 14:22:47,318] {logging_mixin.py:115} INFO - [2023-10-27 14:22:47,318] {dag.py:2371} INFO - Sync 1 DAGs
[2023-10-27 14:22:47,469] {logging_mixin.py:115} INFO - [2023-10-27 14:22:47,469] {dag.py:2919} INFO - Setting next_dagrun for example_complex to None, run_after=None
[2023-10-27 14:22:47,482] {processor.py:161} INFO - Processing /home/airflow/.local/lib/python3.7/site-packages/airflow/example_dags/example_complex.py took 0.219 seconds
[2023-10-27 14:23:17,805] {processor.py:153} INFO - Started process (PID=457) to work on /home/airflow/.local/lib/python3.7/site-packages/airflow/example_dags/example_complex.py
[2023-10-27 14:23:17,806] {processor.py:641} INFO - Processing file /home/airflow/.local/lib/python3.7/site-packages/airflow/example_dags/example_complex.py for tasks to queue
[2023-10-27 14:23:17,806] {logging_mixin.py:115} INFO - [2023-10-27 14:23:17,806] {dagbag.py:507} INFO - Filling up the DagBag from /home/airflow/.local/lib/python3.7/site-packages/airflow/example_dags/example_complex.py
[2023-10-27 14:23:17,821] {processor.py:651} INFO - DAG(s) dict_keys(['example_complex']) retrieved from /home/airflow/.local/lib/python3.7/site-packages/airflow/example_dags/example_complex.py
[2023-10-27 14:23:17,865] {logging_mixin.py:115} INFO - [2023-10-27 14:23:17,865] {dag.py:2371} INFO - Sync 1 DAGs
[2023-10-27 14:23:18,028] {logging_mixin.py:115} INFO - [2023-10-27 14:23:18,028] {dag.py:2919} INFO - Setting next_dagrun for example_complex to None, run_after=None
[2023-10-27 14:23:18,042] {processor.py:161} INFO - Processing /home/airflow/.local/lib/python3.7/site-packages/airflow/example_dags/example_complex.py took 0.240 seconds
[2023-10-27 14:23:48,401] {processor.py:153} INFO - Started process (PID=509) to work on /home/airflow/.local/lib/python3.7/site-packages/airflow/example_dags/example_complex.py
[2023-10-27 14:23:48,402] {processor.py:641} INFO - Processing file /home/airflow/.local/lib/python3.7/site-packages/airflow/example_dags/example_complex.py for tasks to queue
[2023-10-27 14:23:48,402] {logging_mixin.py:115} INFO - [2023-10-27 14:23:48,402] {dagbag.py:507} INFO - Filling up the DagBag from /home/airflow/.local/lib/python3.7/site-packages/airflow/example_dags/example_complex.py
[2023-10-27 14:23:48,418] {processor.py:651} INFO - DAG(s) dict_keys(['example_complex']) retrieved from /home/airflow/.local/lib/python3.7/site-packages/airflow/example_dags/example_complex.py
[2023-10-27 14:23:48,471] {logging_mixin.py:115} INFO - [2023-10-27 14:23:48,471] {dag.py:2371} INFO - Sync 1 DAGs
[2023-10-27 14:23:48,631] {logging_mixin.py:115} INFO - [2023-10-27 14:23:48,630] {dag.py:2919} INFO - Setting next_dagrun for example_complex to None, run_after=None
[2023-10-27 14:23:48,647] {processor.py:161} INFO - Processing /home/airflow/.local/lib/python3.7/site-packages/airflow/example_dags/example_complex.py took 0.249 seconds
[2023-10-27 14:24:19,412] {processor.py:153} INFO - Started process (PID=570) to work on /home/airflow/.local/lib/python3.7/site-packages/airflow/example_dags/example_complex.py
[2023-10-27 14:24:19,413] {processor.py:641} INFO - Processing file /home/airflow/.local/lib/python3.7/site-packages/airflow/example_dags/example_complex.py for tasks to queue
[2023-10-27 14:24:19,414] {logging_mixin.py:115} INFO - [2023-10-27 14:24:19,414] {dagbag.py:507} INFO - Filling up the DagBag from /home/airflow/.local/lib/python3.7/site-packages/airflow/example_dags/example_complex.py
[2023-10-27 14:24:19,432] {processor.py:651} INFO - DAG(s) dict_keys(['example_complex']) retrieved from /home/airflow/.local/lib/python3.7/site-packages/airflow/example_dags/example_complex.py
[2023-10-27 14:24:19,478] {logging_mixin.py:115} INFO - [2023-10-27 14:24:19,477] {dag.py:2371} INFO - Sync 1 DAGs
[2023-10-27 14:24:19,825] {logging_mixin.py:115} INFO - [2023-10-27 14:24:19,825] {dag.py:2919} INFO - Setting next_dagrun for example_complex to None, run_after=None
[2023-10-27 14:24:19,846] {processor.py:161} INFO - Processing /home/airflow/.local/lib/python3.7/site-packages/airflow/example_dags/example_complex.py took 0.439 seconds
[2023-10-27 14:24:50,583] {processor.py:153} INFO - Started process (PID=622) to work on /home/airflow/.local/lib/python3.7/site-packages/airflow/example_dags/example_complex.py
[2023-10-27 14:24:50,584] {processor.py:641} INFO - Processing file /home/airflow/.local/lib/python3.7/site-packages/airflow/example_dags/example_complex.py for tasks to queue
[2023-10-27 14:24:50,584] {logging_mixin.py:115} INFO - [2023-10-27 14:24:50,584] {dagbag.py:507} INFO - Filling up the DagBag from /home/airflow/.local/lib/python3.7/site-packages/airflow/example_dags/example_complex.py
[2023-10-27 14:24:50,609] {processor.py:651} INFO - DAG(s) dict_keys(['example_complex']) retrieved from /home/airflow/.local/lib/python3.7/site-packages/airflow/example_dags/example_complex.py
[2023-10-27 14:24:50,665] {logging_mixin.py:115} INFO - [2023-10-27 14:24:50,665] {dag.py:2371} INFO - Sync 1 DAGs
[2023-10-27 14:24:51,025] {logging_mixin.py:115} INFO - [2023-10-27 14:24:51,025] {dag.py:2919} INFO - Setting next_dagrun for example_complex to None, run_after=None
[2023-10-27 14:24:51,083] {processor.py:161} INFO - Processing /home/airflow/.local/lib/python3.7/site-packages/airflow/example_dags/example_complex.py took 0.503 seconds
[2023-10-27 14:25:21,653] {processor.py:153} INFO - Started process (PID=683) to work on /home/airflow/.local/lib/python3.7/site-packages/airflow/example_dags/example_complex.py
[2023-10-27 14:25:21,655] {processor.py:641} INFO - Processing file /home/airflow/.local/lib/python3.7/site-packages/airflow/example_dags/example_complex.py for tasks to queue
[2023-10-27 14:25:21,656] {logging_mixin.py:115} INFO - [2023-10-27 14:25:21,656] {dagbag.py:507} INFO - Filling up the DagBag from /home/airflow/.local/lib/python3.7/site-packages/airflow/example_dags/example_complex.py
[2023-10-27 14:25:21,671] {processor.py:651} INFO - DAG(s) dict_keys(['example_complex']) retrieved from /home/airflow/.local/lib/python3.7/site-packages/airflow/example_dags/example_complex.py
[2023-10-27 14:25:21,715] {logging_mixin.py:115} INFO - [2023-10-27 14:25:21,715] {dag.py:2371} INFO - Sync 1 DAGs
[2023-10-27 14:25:22,054] {logging_mixin.py:115} INFO - [2023-10-27 14:25:22,053] {dag.py:2919} INFO - Setting next_dagrun for example_complex to None, run_after=None
[2023-10-27 14:25:22,124] {processor.py:161} INFO - Processing /home/airflow/.local/lib/python3.7/site-packages/airflow/example_dags/example_complex.py took 0.473 seconds
[2023-10-27 14:25:52,487] {processor.py:153} INFO - Started process (PID=735) to work on /home/airflow/.local/lib/python3.7/site-packages/airflow/example_dags/example_complex.py
[2023-10-27 14:25:52,489] {processor.py:641} INFO - Processing file /home/airflow/.local/lib/python3.7/site-packages/airflow/example_dags/example_complex.py for tasks to queue
[2023-10-27 14:25:52,494] {logging_mixin.py:115} INFO - [2023-10-27 14:25:52,493] {dagbag.py:507} INFO - Filling up the DagBag from /home/airflow/.local/lib/python3.7/site-packages/airflow/example_dags/example_complex.py
[2023-10-27 14:25:52,516] {processor.py:651} INFO - DAG(s) dict_keys(['example_complex']) retrieved from /home/airflow/.local/lib/python3.7/site-packages/airflow/example_dags/example_complex.py
[2023-10-27 14:25:52,586] {logging_mixin.py:115} INFO - [2023-10-27 14:25:52,586] {dag.py:2371} INFO - Sync 1 DAGs
[2023-10-27 14:25:52,761] {logging_mixin.py:115} INFO - [2023-10-27 14:25:52,761] {dag.py:2919} INFO - Setting next_dagrun for example_complex to None, run_after=None
[2023-10-27 14:25:52,776] {processor.py:161} INFO - Processing /home/airflow/.local/lib/python3.7/site-packages/airflow/example_dags/example_complex.py took 0.292 seconds
[2023-10-27 14:26:22,868] {processor.py:153} INFO - Started process (PID=796) to work on /home/airflow/.local/lib/python3.7/site-packages/airflow/example_dags/example_complex.py
[2023-10-27 14:26:22,870] {processor.py:641} INFO - Processing file /home/airflow/.local/lib/python3.7/site-packages/airflow/example_dags/example_complex.py for tasks to queue
[2023-10-27 14:26:22,870] {logging_mixin.py:115} INFO - [2023-10-27 14:26:22,870] {dagbag.py:507} INFO - Filling up the DagBag from /home/airflow/.local/lib/python3.7/site-packages/airflow/example_dags/example_complex.py
[2023-10-27 14:26:22,882] {processor.py:651} INFO - DAG(s) dict_keys(['example_complex']) retrieved from /home/airflow/.local/lib/python3.7/site-packages/airflow/example_dags/example_complex.py
[2023-10-27 14:26:22,920] {logging_mixin.py:115} INFO - [2023-10-27 14:26:22,920] {dag.py:2371} INFO - Sync 1 DAGs
[2023-10-27 14:26:23,090] {logging_mixin.py:115} INFO - [2023-10-27 14:26:23,090] {dag.py:2919} INFO - Setting next_dagrun for example_complex to None, run_after=None
[2023-10-27 14:26:23,105] {processor.py:161} INFO - Processing /home/airflow/.local/lib/python3.7/site-packages/airflow/example_dags/example_complex.py took 0.240 seconds
[2023-10-27 14:26:53,212] {processor.py:153} INFO - Started process (PID=848) to work on /home/airflow/.local/lib/python3.7/site-packages/airflow/example_dags/example_complex.py
[2023-10-27 14:26:53,213] {processor.py:641} INFO - Processing file /home/airflow/.local/lib/python3.7/site-packages/airflow/example_dags/example_complex.py for tasks to queue
[2023-10-27 14:26:53,214] {logging_mixin.py:115} INFO - [2023-10-27 14:26:53,214] {dagbag.py:507} INFO - Filling up the DagBag from /home/airflow/.local/lib/python3.7/site-packages/airflow/example_dags/example_complex.py
[2023-10-27 14:26:53,228] {processor.py:651} INFO - DAG(s) dict_keys(['example_complex']) retrieved from /home/airflow/.local/lib/python3.7/site-packages/airflow/example_dags/example_complex.py
[2023-10-27 14:26:53,264] {logging_mixin.py:115} INFO - [2023-10-27 14:26:53,264] {dag.py:2371} INFO - Sync 1 DAGs
[2023-10-27 14:26:53,494] {logging_mixin.py:115} INFO - [2023-10-27 14:26:53,494] {dag.py:2919} INFO - Setting next_dagrun for example_complex to None, run_after=None
[2023-10-27 14:26:53,526] {processor.py:161} INFO - Processing /home/airflow/.local/lib/python3.7/site-packages/airflow/example_dags/example_complex.py took 0.316 seconds
[2023-10-27 14:27:23,790] {processor.py:153} INFO - Started process (PID=910) to work on /home/airflow/.local/lib/python3.7/site-packages/airflow/example_dags/example_complex.py
[2023-10-27 14:27:23,791] {processor.py:641} INFO - Processing file /home/airflow/.local/lib/python3.7/site-packages/airflow/example_dags/example_complex.py for tasks to queue
[2023-10-27 14:27:23,791] {logging_mixin.py:115} INFO - [2023-10-27 14:27:23,791] {dagbag.py:507} INFO - Filling up the DagBag from /home/airflow/.local/lib/python3.7/site-packages/airflow/example_dags/example_complex.py
[2023-10-27 14:27:23,806] {processor.py:651} INFO - DAG(s) dict_keys(['example_complex']) retrieved from /home/airflow/.local/lib/python3.7/site-packages/airflow/example_dags/example_complex.py
[2023-10-27 14:27:23,857] {logging_mixin.py:115} INFO - [2023-10-27 14:27:23,857] {dag.py:2371} INFO - Sync 1 DAGs
[2023-10-27 14:27:24,079] {logging_mixin.py:115} INFO - [2023-10-27 14:27:24,079] {dag.py:2919} INFO - Setting next_dagrun for example_complex to None, run_after=None
[2023-10-27 14:27:24,092] {processor.py:161} INFO - Processing /home/airflow/.local/lib/python3.7/site-packages/airflow/example_dags/example_complex.py took 0.306 seconds
[2023-10-27 14:27:54,244] {processor.py:153} INFO - Started process (PID=961) to work on /home/airflow/.local/lib/python3.7/site-packages/airflow/example_dags/example_complex.py
[2023-10-27 14:27:54,247] {processor.py:641} INFO - Processing file /home/airflow/.local/lib/python3.7/site-packages/airflow/example_dags/example_complex.py for tasks to queue
[2023-10-27 14:27:54,249] {logging_mixin.py:115} INFO - [2023-10-27 14:27:54,249] {dagbag.py:507} INFO - Filling up the DagBag from /home/airflow/.local/lib/python3.7/site-packages/airflow/example_dags/example_complex.py
[2023-10-27 14:27:54,264] {processor.py:651} INFO - DAG(s) dict_keys(['example_complex']) retrieved from /home/airflow/.local/lib/python3.7/site-packages/airflow/example_dags/example_complex.py
[2023-10-27 14:27:54,301] {logging_mixin.py:115} INFO - [2023-10-27 14:27:54,301] {dag.py:2371} INFO - Sync 1 DAGs
[2023-10-27 14:27:54,493] {logging_mixin.py:115} INFO - [2023-10-27 14:27:54,493] {dag.py:2919} INFO - Setting next_dagrun for example_complex to None, run_after=None
[2023-10-27 14:27:54,506] {processor.py:161} INFO - Processing /home/airflow/.local/lib/python3.7/site-packages/airflow/example_dags/example_complex.py took 0.266 seconds
[2023-10-27 14:28:24,888] {processor.py:153} INFO - Started process (PID=1022) to work on /home/airflow/.local/lib/python3.7/site-packages/airflow/example_dags/example_complex.py
[2023-10-27 14:28:24,890] {processor.py:641} INFO - Processing file /home/airflow/.local/lib/python3.7/site-packages/airflow/example_dags/example_complex.py for tasks to queue
[2023-10-27 14:28:24,890] {logging_mixin.py:115} INFO - [2023-10-27 14:28:24,890] {dagbag.py:507} INFO - Filling up the DagBag from /home/airflow/.local/lib/python3.7/site-packages/airflow/example_dags/example_complex.py
[2023-10-27 14:28:24,906] {processor.py:651} INFO - DAG(s) dict_keys(['example_complex']) retrieved from /home/airflow/.local/lib/python3.7/site-packages/airflow/example_dags/example_complex.py
[2023-10-27 14:28:24,943] {logging_mixin.py:115} INFO - [2023-10-27 14:28:24,943] {dag.py:2371} INFO - Sync 1 DAGs
[2023-10-27 14:28:25,106] {logging_mixin.py:115} INFO - [2023-10-27 14:28:25,106] {dag.py:2919} INFO - Setting next_dagrun for example_complex to None, run_after=None
[2023-10-27 14:28:25,126] {processor.py:161} INFO - Processing /home/airflow/.local/lib/python3.7/site-packages/airflow/example_dags/example_complex.py took 0.240 seconds
[2023-10-27 14:28:55,409] {processor.py:153} INFO - Started process (PID=1075) to work on /home/airflow/.local/lib/python3.7/site-packages/airflow/example_dags/example_complex.py
[2023-10-27 14:28:55,411] {processor.py:641} INFO - Processing file /home/airflow/.local/lib/python3.7/site-packages/airflow/example_dags/example_complex.py for tasks to queue
[2023-10-27 14:28:55,412] {logging_mixin.py:115} INFO - [2023-10-27 14:28:55,411] {dagbag.py:507} INFO - Filling up the DagBag from /home/airflow/.local/lib/python3.7/site-packages/airflow/example_dags/example_complex.py
[2023-10-27 14:28:55,424] {processor.py:651} INFO - DAG(s) dict_keys(['example_complex']) retrieved from /home/airflow/.local/lib/python3.7/site-packages/airflow/example_dags/example_complex.py
[2023-10-27 14:28:55,465] {logging_mixin.py:115} INFO - [2023-10-27 14:28:55,465] {dag.py:2371} INFO - Sync 1 DAGs
[2023-10-27 14:28:55,618] {logging_mixin.py:115} INFO - [2023-10-27 14:28:55,617] {dag.py:2919} INFO - Setting next_dagrun for example_complex to None, run_after=None
[2023-10-27 14:28:55,632] {processor.py:161} INFO - Processing /home/airflow/.local/lib/python3.7/site-packages/airflow/example_dags/example_complex.py took 0.226 seconds
[2023-10-27 14:29:25,909] {processor.py:153} INFO - Started process (PID=1136) to work on /home/airflow/.local/lib/python3.7/site-packages/airflow/example_dags/example_complex.py
[2023-10-27 14:29:25,910] {processor.py:641} INFO - Processing file /home/airflow/.local/lib/python3.7/site-packages/airflow/example_dags/example_complex.py for tasks to queue
[2023-10-27 14:29:25,911] {logging_mixin.py:115} INFO - [2023-10-27 14:29:25,911] {dagbag.py:507} INFO - Filling up the DagBag from /home/airflow/.local/lib/python3.7/site-packages/airflow/example_dags/example_complex.py
[2023-10-27 14:29:25,926] {processor.py:651} INFO - DAG(s) dict_keys(['example_complex']) retrieved from /home/airflow/.local/lib/python3.7/site-packages/airflow/example_dags/example_complex.py
[2023-10-27 14:29:25,968] {logging_mixin.py:115} INFO - [2023-10-27 14:29:25,967] {dag.py:2371} INFO - Sync 1 DAGs
[2023-10-27 14:29:26,150] {logging_mixin.py:115} INFO - [2023-10-27 14:29:26,150] {dag.py:2919} INFO - Setting next_dagrun for example_complex to None, run_after=None
[2023-10-27 14:29:26,162] {processor.py:161} INFO - Processing /home/airflow/.local/lib/python3.7/site-packages/airflow/example_dags/example_complex.py took 0.257 seconds
[2023-10-27 14:29:56,303] {processor.py:153} INFO - Started process (PID=1189) to work on /home/airflow/.local/lib/python3.7/site-packages/airflow/example_dags/example_complex.py
[2023-10-27 14:29:56,305] {processor.py:641} INFO - Processing file /home/airflow/.local/lib/python3.7/site-packages/airflow/example_dags/example_complex.py for tasks to queue
[2023-10-27 14:29:56,306] {logging_mixin.py:115} INFO - [2023-10-27 14:29:56,306] {dagbag.py:507} INFO - Filling up the DagBag from /home/airflow/.local/lib/python3.7/site-packages/airflow/example_dags/example_complex.py
[2023-10-27 14:29:56,320] {processor.py:651} INFO - DAG(s) dict_keys(['example_complex']) retrieved from /home/airflow/.local/lib/python3.7/site-packages/airflow/example_dags/example_complex.py
[2023-10-27 14:29:56,352] {logging_mixin.py:115} INFO - [2023-10-27 14:29:56,352] {dag.py:2371} INFO - Sync 1 DAGs
[2023-10-27 14:29:56,371] {logging_mixin.py:115} INFO - [2023-10-27 14:29:56,371] {dag.py:2919} INFO - Setting next_dagrun for example_complex to None, run_after=None
[2023-10-27 14:29:56,388] {processor.py:161} INFO - Processing /home/airflow/.local/lib/python3.7/site-packages/airflow/example_dags/example_complex.py took 0.087 seconds
[2023-10-27 14:30:26,609] {processor.py:153} INFO - Started process (PID=1250) to work on /home/airflow/.local/lib/python3.7/site-packages/airflow/example_dags/example_complex.py
[2023-10-27 14:30:26,611] {processor.py:641} INFO - Processing file /home/airflow/.local/lib/python3.7/site-packages/airflow/example_dags/example_complex.py for tasks to queue
[2023-10-27 14:30:26,611] {logging_mixin.py:115} INFO - [2023-10-27 14:30:26,611] {dagbag.py:507} INFO - Filling up the DagBag from /home/airflow/.local/lib/python3.7/site-packages/airflow/example_dags/example_complex.py
[2023-10-27 14:30:26,628] {processor.py:651} INFO - DAG(s) dict_keys(['example_complex']) retrieved from /home/airflow/.local/lib/python3.7/site-packages/airflow/example_dags/example_complex.py
[2023-10-27 14:30:26,672] {logging_mixin.py:115} INFO - [2023-10-27 14:30:26,672] {dag.py:2371} INFO - Sync 1 DAGs
[2023-10-27 14:30:26,691] {logging_mixin.py:115} INFO - [2023-10-27 14:30:26,690] {dag.py:2919} INFO - Setting next_dagrun for example_complex to None, run_after=None
[2023-10-27 14:30:26,708] {processor.py:161} INFO - Processing /home/airflow/.local/lib/python3.7/site-packages/airflow/example_dags/example_complex.py took 0.101 seconds
[2023-10-27 14:30:57,514] {processor.py:153} INFO - Started process (PID=1302) to work on /home/airflow/.local/lib/python3.7/site-packages/airflow/example_dags/example_complex.py
[2023-10-27 14:30:57,517] {processor.py:641} INFO - Processing file /home/airflow/.local/lib/python3.7/site-packages/airflow/example_dags/example_complex.py for tasks to queue
[2023-10-27 14:30:57,517] {logging_mixin.py:115} INFO - [2023-10-27 14:30:57,517] {dagbag.py:507} INFO - Filling up the DagBag from /home/airflow/.local/lib/python3.7/site-packages/airflow/example_dags/example_complex.py
[2023-10-27 14:30:57,538] {processor.py:651} INFO - DAG(s) dict_keys(['example_complex']) retrieved from /home/airflow/.local/lib/python3.7/site-packages/airflow/example_dags/example_complex.py
[2023-10-27 14:30:57,573] {logging_mixin.py:115} INFO - [2023-10-27 14:30:57,573] {dag.py:2371} INFO - Sync 1 DAGs
[2023-10-27 14:30:57,592] {logging_mixin.py:115} INFO - [2023-10-27 14:30:57,592] {dag.py:2919} INFO - Setting next_dagrun for example_complex to None, run_after=None
[2023-10-27 14:30:57,610] {processor.py:161} INFO - Processing /home/airflow/.local/lib/python3.7/site-packages/airflow/example_dags/example_complex.py took 0.098 seconds
[2023-10-27 14:31:27,637] {processor.py:153} INFO - Started process (PID=1363) to work on /home/airflow/.local/lib/python3.7/site-packages/airflow/example_dags/example_complex.py
[2023-10-27 14:31:27,638] {processor.py:641} INFO - Processing file /home/airflow/.local/lib/python3.7/site-packages/airflow/example_dags/example_complex.py for tasks to queue
[2023-10-27 14:31:27,638] {logging_mixin.py:115} INFO - [2023-10-27 14:31:27,638] {dagbag.py:507} INFO - Filling up the DagBag from /home/airflow/.local/lib/python3.7/site-packages/airflow/example_dags/example_complex.py
[2023-10-27 14:31:27,653] {processor.py:651} INFO - DAG(s) dict_keys(['example_complex']) retrieved from /home/airflow/.local/lib/python3.7/site-packages/airflow/example_dags/example_complex.py
[2023-10-27 14:31:27,686] {logging_mixin.py:115} INFO - [2023-10-27 14:31:27,685] {dag.py:2371} INFO - Sync 1 DAGs
[2023-10-27 14:31:27,705] {logging_mixin.py:115} INFO - [2023-10-27 14:31:27,705] {dag.py:2919} INFO - Setting next_dagrun for example_complex to None, run_after=None
[2023-10-27 14:31:27,719] {processor.py:161} INFO - Processing /home/airflow/.local/lib/python3.7/site-packages/airflow/example_dags/example_complex.py took 0.085 seconds
