[2023-10-27 14:19:41,277] {processor.py:153} INFO - Started process (PID=52) to work on /home/airflow/.local/lib/python3.7/site-packages/airflow/example_dags/example_branch_operator_decorator.py
[2023-10-27 14:19:41,278] {processor.py:641} INFO - Processing file /home/airflow/.local/lib/python3.7/site-packages/airflow/example_dags/example_branch_operator_decorator.py for tasks to queue
[2023-10-27 14:19:41,279] {logging_mixin.py:115} INFO - [2023-10-27 14:19:41,279] {dagbag.py:507} INFO - Filling up the DagBag from /home/airflow/.local/lib/python3.7/site-packages/airflow/example_dags/example_branch_operator_decorator.py
[2023-10-27 14:19:41,318] {processor.py:651} INFO - DAG(s) dict_keys(['example_branch_python_operator_decorator']) retrieved from /home/airflow/.local/lib/python3.7/site-packages/airflow/example_dags/example_branch_operator_decorator.py
[2023-10-27 14:19:41,972] {logging_mixin.py:115} INFO - [2023-10-27 14:19:41,972] {manager.py:508} INFO - Created Permission View: can delete on DAG:example_branch_python_operator_decorator
[2023-10-27 14:19:41,983] {logging_mixin.py:115} INFO - [2023-10-27 14:19:41,983] {manager.py:508} INFO - Created Permission View: can edit on DAG:example_branch_python_operator_decorator
[2023-10-27 14:19:41,991] {logging_mixin.py:115} INFO - [2023-10-27 14:19:41,991] {manager.py:508} INFO - Created Permission View: can read on DAG:example_branch_python_operator_decorator
[2023-10-27 14:19:41,992] {logging_mixin.py:115} INFO - [2023-10-27 14:19:41,991] {dag.py:2371} INFO - Sync 1 DAGs
[2023-10-27 14:19:42,005] {logging_mixin.py:115} INFO - [2023-10-27 14:19:42,005] {dag.py:2390} INFO - Creating ORM DAG for example_branch_python_operator_decorator
[2023-10-27 14:19:42,024] {logging_mixin.py:115} INFO - [2023-10-27 14:19:42,024] {dag.py:2919} INFO - Setting next_dagrun for example_branch_python_operator_decorator to 2023-10-26T00:00:00+00:00, run_after=2023-10-27T00:00:00+00:00
[2023-10-27 14:19:42,057] {processor.py:161} INFO - Processing /home/airflow/.local/lib/python3.7/site-packages/airflow/example_dags/example_branch_operator_decorator.py took 0.784 seconds
[2023-10-27 14:20:12,260] {processor.py:153} INFO - Started process (PID=104) to work on /home/airflow/.local/lib/python3.7/site-packages/airflow/example_dags/example_branch_operator_decorator.py
[2023-10-27 14:20:12,261] {processor.py:641} INFO - Processing file /home/airflow/.local/lib/python3.7/site-packages/airflow/example_dags/example_branch_operator_decorator.py for tasks to queue
[2023-10-27 14:20:12,262] {logging_mixin.py:115} INFO - [2023-10-27 14:20:12,262] {dagbag.py:507} INFO - Filling up the DagBag from /home/airflow/.local/lib/python3.7/site-packages/airflow/example_dags/example_branch_operator_decorator.py
[2023-10-27 14:20:12,283] {processor.py:651} INFO - DAG(s) dict_keys(['example_branch_python_operator_decorator']) retrieved from /home/airflow/.local/lib/python3.7/site-packages/airflow/example_dags/example_branch_operator_decorator.py
[2023-10-27 14:20:12,310] {logging_mixin.py:115} INFO - [2023-10-27 14:20:12,310] {dag.py:2371} INFO - Sync 1 DAGs
[2023-10-27 14:20:12,444] {logging_mixin.py:115} INFO - [2023-10-27 14:20:12,444] {dag.py:2919} INFO - Setting next_dagrun for example_branch_python_operator_decorator to 2023-10-26T00:00:00+00:00, run_after=2023-10-27T00:00:00+00:00
[2023-10-27 14:20:12,455] {processor.py:161} INFO - Processing /home/airflow/.local/lib/python3.7/site-packages/airflow/example_dags/example_branch_operator_decorator.py took 0.198 seconds
[2023-10-27 14:20:42,598] {processor.py:153} INFO - Started process (PID=165) to work on /home/airflow/.local/lib/python3.7/site-packages/airflow/example_dags/example_branch_operator_decorator.py
[2023-10-27 14:20:42,600] {processor.py:641} INFO - Processing file /home/airflow/.local/lib/python3.7/site-packages/airflow/example_dags/example_branch_operator_decorator.py for tasks to queue
[2023-10-27 14:20:42,602] {logging_mixin.py:115} INFO - [2023-10-27 14:20:42,602] {dagbag.py:507} INFO - Filling up the DagBag from /home/airflow/.local/lib/python3.7/site-packages/airflow/example_dags/example_branch_operator_decorator.py
[2023-10-27 14:20:42,622] {processor.py:651} INFO - DAG(s) dict_keys(['example_branch_python_operator_decorator']) retrieved from /home/airflow/.local/lib/python3.7/site-packages/airflow/example_dags/example_branch_operator_decorator.py
[2023-10-27 14:20:42,657] {logging_mixin.py:115} INFO - [2023-10-27 14:20:42,657] {dag.py:2371} INFO - Sync 1 DAGs
[2023-10-27 14:20:42,816] {logging_mixin.py:115} INFO - [2023-10-27 14:20:42,816] {dag.py:2919} INFO - Setting next_dagrun for example_branch_python_operator_decorator to 2023-10-26T00:00:00+00:00, run_after=2023-10-27T00:00:00+00:00
[2023-10-27 14:20:42,828] {processor.py:161} INFO - Processing /home/airflow/.local/lib/python3.7/site-packages/airflow/example_dags/example_branch_operator_decorator.py took 0.235 seconds
[2023-10-27 14:21:13,050] {processor.py:153} INFO - Started process (PID=217) to work on /home/airflow/.local/lib/python3.7/site-packages/airflow/example_dags/example_branch_operator_decorator.py
[2023-10-27 14:21:13,051] {processor.py:641} INFO - Processing file /home/airflow/.local/lib/python3.7/site-packages/airflow/example_dags/example_branch_operator_decorator.py for tasks to queue
[2023-10-27 14:21:13,052] {logging_mixin.py:115} INFO - [2023-10-27 14:21:13,052] {dagbag.py:507} INFO - Filling up the DagBag from /home/airflow/.local/lib/python3.7/site-packages/airflow/example_dags/example_branch_operator_decorator.py
[2023-10-27 14:21:13,074] {processor.py:651} INFO - DAG(s) dict_keys(['example_branch_python_operator_decorator']) retrieved from /home/airflow/.local/lib/python3.7/site-packages/airflow/example_dags/example_branch_operator_decorator.py
[2023-10-27 14:21:13,103] {logging_mixin.py:115} INFO - [2023-10-27 14:21:13,103] {dag.py:2371} INFO - Sync 1 DAGs
[2023-10-27 14:21:13,258] {logging_mixin.py:115} INFO - [2023-10-27 14:21:13,258] {dag.py:2919} INFO - Setting next_dagrun for example_branch_python_operator_decorator to 2023-10-26T00:00:00+00:00, run_after=2023-10-27T00:00:00+00:00
[2023-10-27 14:21:13,272] {processor.py:161} INFO - Processing /home/airflow/.local/lib/python3.7/site-packages/airflow/example_dags/example_branch_operator_decorator.py took 0.224 seconds
[2023-10-27 14:21:43,892] {processor.py:153} INFO - Started process (PID=279) to work on /home/airflow/.local/lib/python3.7/site-packages/airflow/example_dags/example_branch_operator_decorator.py
[2023-10-27 14:21:43,893] {processor.py:641} INFO - Processing file /home/airflow/.local/lib/python3.7/site-packages/airflow/example_dags/example_branch_operator_decorator.py for tasks to queue
[2023-10-27 14:21:43,894] {logging_mixin.py:115} INFO - [2023-10-27 14:21:43,894] {dagbag.py:507} INFO - Filling up the DagBag from /home/airflow/.local/lib/python3.7/site-packages/airflow/example_dags/example_branch_operator_decorator.py
[2023-10-27 14:21:43,920] {processor.py:651} INFO - DAG(s) dict_keys(['example_branch_python_operator_decorator']) retrieved from /home/airflow/.local/lib/python3.7/site-packages/airflow/example_dags/example_branch_operator_decorator.py
[2023-10-27 14:21:43,972] {logging_mixin.py:115} INFO - [2023-10-27 14:21:43,972] {dag.py:2371} INFO - Sync 1 DAGs
[2023-10-27 14:21:44,197] {logging_mixin.py:115} INFO - [2023-10-27 14:21:44,196] {dag.py:2919} INFO - Setting next_dagrun for example_branch_python_operator_decorator to 2023-10-26T00:00:00+00:00, run_after=2023-10-27T00:00:00+00:00
[2023-10-27 14:21:44,213] {processor.py:161} INFO - Processing /home/airflow/.local/lib/python3.7/site-packages/airflow/example_dags/example_branch_operator_decorator.py took 0.325 seconds
[2023-10-27 14:22:14,399] {processor.py:153} INFO - Started process (PID=331) to work on /home/airflow/.local/lib/python3.7/site-packages/airflow/example_dags/example_branch_operator_decorator.py
[2023-10-27 14:22:14,401] {processor.py:641} INFO - Processing file /home/airflow/.local/lib/python3.7/site-packages/airflow/example_dags/example_branch_operator_decorator.py for tasks to queue
[2023-10-27 14:22:14,401] {logging_mixin.py:115} INFO - [2023-10-27 14:22:14,401] {dagbag.py:507} INFO - Filling up the DagBag from /home/airflow/.local/lib/python3.7/site-packages/airflow/example_dags/example_branch_operator_decorator.py
[2023-10-27 14:22:14,417] {processor.py:651} INFO - DAG(s) dict_keys(['example_branch_python_operator_decorator']) retrieved from /home/airflow/.local/lib/python3.7/site-packages/airflow/example_dags/example_branch_operator_decorator.py
[2023-10-27 14:22:14,448] {logging_mixin.py:115} INFO - [2023-10-27 14:22:14,448] {dag.py:2371} INFO - Sync 1 DAGs
[2023-10-27 14:22:14,582] {logging_mixin.py:115} INFO - [2023-10-27 14:22:14,582] {dag.py:2919} INFO - Setting next_dagrun for example_branch_python_operator_decorator to 2023-10-26T00:00:00+00:00, run_after=2023-10-27T00:00:00+00:00
[2023-10-27 14:22:14,594] {processor.py:161} INFO - Processing /home/airflow/.local/lib/python3.7/site-packages/airflow/example_dags/example_branch_operator_decorator.py took 0.198 seconds
[2023-10-27 14:22:44,998] {processor.py:153} INFO - Started process (PID=392) to work on /home/airflow/.local/lib/python3.7/site-packages/airflow/example_dags/example_branch_operator_decorator.py
[2023-10-27 14:22:45,001] {processor.py:641} INFO - Processing file /home/airflow/.local/lib/python3.7/site-packages/airflow/example_dags/example_branch_operator_decorator.py for tasks to queue
[2023-10-27 14:22:45,002] {logging_mixin.py:115} INFO - [2023-10-27 14:22:45,002] {dagbag.py:507} INFO - Filling up the DagBag from /home/airflow/.local/lib/python3.7/site-packages/airflow/example_dags/example_branch_operator_decorator.py
[2023-10-27 14:22:45,020] {processor.py:651} INFO - DAG(s) dict_keys(['example_branch_python_operator_decorator']) retrieved from /home/airflow/.local/lib/python3.7/site-packages/airflow/example_dags/example_branch_operator_decorator.py
[2023-10-27 14:22:45,054] {logging_mixin.py:115} INFO - [2023-10-27 14:22:45,054] {dag.py:2371} INFO - Sync 1 DAGs
[2023-10-27 14:22:45,222] {logging_mixin.py:115} INFO - [2023-10-27 14:22:45,222] {dag.py:2919} INFO - Setting next_dagrun for example_branch_python_operator_decorator to 2023-10-26T00:00:00+00:00, run_after=2023-10-27T00:00:00+00:00
[2023-10-27 14:22:45,237] {processor.py:161} INFO - Processing /home/airflow/.local/lib/python3.7/site-packages/airflow/example_dags/example_branch_operator_decorator.py took 0.242 seconds
[2023-10-27 14:23:15,527] {processor.py:153} INFO - Started process (PID=444) to work on /home/airflow/.local/lib/python3.7/site-packages/airflow/example_dags/example_branch_operator_decorator.py
[2023-10-27 14:23:15,528] {processor.py:641} INFO - Processing file /home/airflow/.local/lib/python3.7/site-packages/airflow/example_dags/example_branch_operator_decorator.py for tasks to queue
[2023-10-27 14:23:15,529] {logging_mixin.py:115} INFO - [2023-10-27 14:23:15,528] {dagbag.py:507} INFO - Filling up the DagBag from /home/airflow/.local/lib/python3.7/site-packages/airflow/example_dags/example_branch_operator_decorator.py
[2023-10-27 14:23:15,551] {processor.py:651} INFO - DAG(s) dict_keys(['example_branch_python_operator_decorator']) retrieved from /home/airflow/.local/lib/python3.7/site-packages/airflow/example_dags/example_branch_operator_decorator.py
[2023-10-27 14:23:15,580] {logging_mixin.py:115} INFO - [2023-10-27 14:23:15,580] {dag.py:2371} INFO - Sync 1 DAGs
[2023-10-27 14:23:15,753] {logging_mixin.py:115} INFO - [2023-10-27 14:23:15,753] {dag.py:2919} INFO - Setting next_dagrun for example_branch_python_operator_decorator to 2023-10-26T00:00:00+00:00, run_after=2023-10-27T00:00:00+00:00
[2023-10-27 14:23:15,772] {processor.py:161} INFO - Processing /home/airflow/.local/lib/python3.7/site-packages/airflow/example_dags/example_branch_operator_decorator.py took 0.247 seconds
[2023-10-27 14:23:46,145] {processor.py:153} INFO - Started process (PID=506) to work on /home/airflow/.local/lib/python3.7/site-packages/airflow/example_dags/example_branch_operator_decorator.py
[2023-10-27 14:23:46,146] {processor.py:641} INFO - Processing file /home/airflow/.local/lib/python3.7/site-packages/airflow/example_dags/example_branch_operator_decorator.py for tasks to queue
[2023-10-27 14:23:46,147] {logging_mixin.py:115} INFO - [2023-10-27 14:23:46,147] {dagbag.py:507} INFO - Filling up the DagBag from /home/airflow/.local/lib/python3.7/site-packages/airflow/example_dags/example_branch_operator_decorator.py
[2023-10-27 14:23:46,171] {processor.py:651} INFO - DAG(s) dict_keys(['example_branch_python_operator_decorator']) retrieved from /home/airflow/.local/lib/python3.7/site-packages/airflow/example_dags/example_branch_operator_decorator.py
[2023-10-27 14:23:46,206] {logging_mixin.py:115} INFO - [2023-10-27 14:23:46,206] {dag.py:2371} INFO - Sync 1 DAGs
[2023-10-27 14:23:46,357] {logging_mixin.py:115} INFO - [2023-10-27 14:23:46,357] {dag.py:2919} INFO - Setting next_dagrun for example_branch_python_operator_decorator to 2023-10-26T00:00:00+00:00, run_after=2023-10-27T00:00:00+00:00
[2023-10-27 14:23:46,369] {processor.py:161} INFO - Processing /home/airflow/.local/lib/python3.7/site-packages/airflow/example_dags/example_branch_operator_decorator.py took 0.227 seconds
[2023-10-27 14:24:17,148] {processor.py:153} INFO - Started process (PID=567) to work on /home/airflow/.local/lib/python3.7/site-packages/airflow/example_dags/example_branch_operator_decorator.py
[2023-10-27 14:24:17,149] {processor.py:641} INFO - Processing file /home/airflow/.local/lib/python3.7/site-packages/airflow/example_dags/example_branch_operator_decorator.py for tasks to queue
[2023-10-27 14:24:17,149] {logging_mixin.py:115} INFO - [2023-10-27 14:24:17,149] {dagbag.py:507} INFO - Filling up the DagBag from /home/airflow/.local/lib/python3.7/site-packages/airflow/example_dags/example_branch_operator_decorator.py
[2023-10-27 14:24:17,188] {processor.py:651} INFO - DAG(s) dict_keys(['example_branch_python_operator_decorator']) retrieved from /home/airflow/.local/lib/python3.7/site-packages/airflow/example_dags/example_branch_operator_decorator.py
[2023-10-27 14:24:17,258] {logging_mixin.py:115} INFO - [2023-10-27 14:24:17,258] {dag.py:2371} INFO - Sync 1 DAGs
[2023-10-27 14:24:17,679] {logging_mixin.py:115} INFO - [2023-10-27 14:24:17,679] {dag.py:2919} INFO - Setting next_dagrun for example_branch_python_operator_decorator to 2023-10-26T00:00:00+00:00, run_after=2023-10-27T00:00:00+00:00
[2023-10-27 14:24:17,796] {processor.py:161} INFO - Processing /home/airflow/.local/lib/python3.7/site-packages/airflow/example_dags/example_branch_operator_decorator.py took 0.651 seconds
[2023-10-27 14:24:47,957] {processor.py:153} INFO - Started process (PID=619) to work on /home/airflow/.local/lib/python3.7/site-packages/airflow/example_dags/example_branch_operator_decorator.py
[2023-10-27 14:24:47,958] {processor.py:641} INFO - Processing file /home/airflow/.local/lib/python3.7/site-packages/airflow/example_dags/example_branch_operator_decorator.py for tasks to queue
[2023-10-27 14:24:47,959] {logging_mixin.py:115} INFO - [2023-10-27 14:24:47,959] {dagbag.py:507} INFO - Filling up the DagBag from /home/airflow/.local/lib/python3.7/site-packages/airflow/example_dags/example_branch_operator_decorator.py
[2023-10-27 14:24:47,984] {processor.py:651} INFO - DAG(s) dict_keys(['example_branch_python_operator_decorator']) retrieved from /home/airflow/.local/lib/python3.7/site-packages/airflow/example_dags/example_branch_operator_decorator.py
[2023-10-27 14:24:48,158] {logging_mixin.py:115} INFO - [2023-10-27 14:24:48,158] {dag.py:2371} INFO - Sync 1 DAGs
[2023-10-27 14:24:48,177] {logging_mixin.py:115} INFO - [2023-10-27 14:24:48,177] {dag.py:2919} INFO - Setting next_dagrun for example_branch_python_operator_decorator to 2023-10-26T00:00:00+00:00, run_after=2023-10-27T00:00:00+00:00
[2023-10-27 14:24:48,188] {processor.py:161} INFO - Processing /home/airflow/.local/lib/python3.7/site-packages/airflow/example_dags/example_branch_operator_decorator.py took 0.235 seconds
[2023-10-27 14:25:18,549] {processor.py:153} INFO - Started process (PID=671) to work on /home/airflow/.local/lib/python3.7/site-packages/airflow/example_dags/example_branch_operator_decorator.py
[2023-10-27 14:25:18,550] {processor.py:641} INFO - Processing file /home/airflow/.local/lib/python3.7/site-packages/airflow/example_dags/example_branch_operator_decorator.py for tasks to queue
[2023-10-27 14:25:18,551] {logging_mixin.py:115} INFO - [2023-10-27 14:25:18,550] {dagbag.py:507} INFO - Filling up the DagBag from /home/airflow/.local/lib/python3.7/site-packages/airflow/example_dags/example_branch_operator_decorator.py
[2023-10-27 14:25:18,580] {processor.py:651} INFO - DAG(s) dict_keys(['example_branch_python_operator_decorator']) retrieved from /home/airflow/.local/lib/python3.7/site-packages/airflow/example_dags/example_branch_operator_decorator.py
[2023-10-27 14:25:18,807] {logging_mixin.py:115} INFO - [2023-10-27 14:25:18,807] {dag.py:2371} INFO - Sync 1 DAGs
[2023-10-27 14:25:18,847] {logging_mixin.py:115} INFO - [2023-10-27 14:25:18,846] {dag.py:2919} INFO - Setting next_dagrun for example_branch_python_operator_decorator to 2023-10-26T00:00:00+00:00, run_after=2023-10-27T00:00:00+00:00
[2023-10-27 14:25:18,875] {processor.py:161} INFO - Processing /home/airflow/.local/lib/python3.7/site-packages/airflow/example_dags/example_branch_operator_decorator.py took 0.328 seconds
[2023-10-27 14:25:48,963] {processor.py:153} INFO - Started process (PID=732) to work on /home/airflow/.local/lib/python3.7/site-packages/airflow/example_dags/example_branch_operator_decorator.py
[2023-10-27 14:25:48,964] {processor.py:641} INFO - Processing file /home/airflow/.local/lib/python3.7/site-packages/airflow/example_dags/example_branch_operator_decorator.py for tasks to queue
[2023-10-27 14:25:48,964] {logging_mixin.py:115} INFO - [2023-10-27 14:25:48,964] {dagbag.py:507} INFO - Filling up the DagBag from /home/airflow/.local/lib/python3.7/site-packages/airflow/example_dags/example_branch_operator_decorator.py
[2023-10-27 14:25:48,984] {processor.py:651} INFO - DAG(s) dict_keys(['example_branch_python_operator_decorator']) retrieved from /home/airflow/.local/lib/python3.7/site-packages/airflow/example_dags/example_branch_operator_decorator.py
[2023-10-27 14:25:49,155] {logging_mixin.py:115} INFO - [2023-10-27 14:25:49,155] {dag.py:2371} INFO - Sync 1 DAGs
[2023-10-27 14:25:49,173] {logging_mixin.py:115} INFO - [2023-10-27 14:25:49,173] {dag.py:2919} INFO - Setting next_dagrun for example_branch_python_operator_decorator to 2023-10-26T00:00:00+00:00, run_after=2023-10-27T00:00:00+00:00
[2023-10-27 14:25:49,185] {processor.py:161} INFO - Processing /home/airflow/.local/lib/python3.7/site-packages/airflow/example_dags/example_branch_operator_decorator.py took 0.224 seconds
[2023-10-27 14:26:19,386] {processor.py:153} INFO - Started process (PID=784) to work on /home/airflow/.local/lib/python3.7/site-packages/airflow/example_dags/example_branch_operator_decorator.py
[2023-10-27 14:26:19,390] {processor.py:641} INFO - Processing file /home/airflow/.local/lib/python3.7/site-packages/airflow/example_dags/example_branch_operator_decorator.py for tasks to queue
[2023-10-27 14:26:19,391] {logging_mixin.py:115} INFO - [2023-10-27 14:26:19,391] {dagbag.py:507} INFO - Filling up the DagBag from /home/airflow/.local/lib/python3.7/site-packages/airflow/example_dags/example_branch_operator_decorator.py
[2023-10-27 14:26:19,412] {processor.py:651} INFO - DAG(s) dict_keys(['example_branch_python_operator_decorator']) retrieved from /home/airflow/.local/lib/python3.7/site-packages/airflow/example_dags/example_branch_operator_decorator.py
[2023-10-27 14:26:19,551] {logging_mixin.py:115} INFO - [2023-10-27 14:26:19,551] {dag.py:2371} INFO - Sync 1 DAGs
[2023-10-27 14:26:19,567] {logging_mixin.py:115} INFO - [2023-10-27 14:26:19,567] {dag.py:2919} INFO - Setting next_dagrun for example_branch_python_operator_decorator to 2023-10-26T00:00:00+00:00, run_after=2023-10-27T00:00:00+00:00
[2023-10-27 14:26:19,584] {processor.py:161} INFO - Processing /home/airflow/.local/lib/python3.7/site-packages/airflow/example_dags/example_branch_operator_decorator.py took 0.201 seconds
[2023-10-27 14:26:49,789] {processor.py:153} INFO - Started process (PID=845) to work on /home/airflow/.local/lib/python3.7/site-packages/airflow/example_dags/example_branch_operator_decorator.py
[2023-10-27 14:26:49,790] {processor.py:641} INFO - Processing file /home/airflow/.local/lib/python3.7/site-packages/airflow/example_dags/example_branch_operator_decorator.py for tasks to queue
[2023-10-27 14:26:49,791] {logging_mixin.py:115} INFO - [2023-10-27 14:26:49,791] {dagbag.py:507} INFO - Filling up the DagBag from /home/airflow/.local/lib/python3.7/site-packages/airflow/example_dags/example_branch_operator_decorator.py
[2023-10-27 14:26:49,871] {processor.py:651} INFO - DAG(s) dict_keys(['example_branch_python_operator_decorator']) retrieved from /home/airflow/.local/lib/python3.7/site-packages/airflow/example_dags/example_branch_operator_decorator.py
[2023-10-27 14:26:50,140] {logging_mixin.py:115} INFO - [2023-10-27 14:26:50,140] {dag.py:2371} INFO - Sync 1 DAGs
[2023-10-27 14:26:50,160] {logging_mixin.py:115} INFO - [2023-10-27 14:26:50,160] {dag.py:2919} INFO - Setting next_dagrun for example_branch_python_operator_decorator to 2023-10-26T00:00:00+00:00, run_after=2023-10-27T00:00:00+00:00
[2023-10-27 14:26:50,173] {processor.py:161} INFO - Processing /home/airflow/.local/lib/python3.7/site-packages/airflow/example_dags/example_branch_operator_decorator.py took 0.388 seconds
[2023-10-27 14:27:21,042] {processor.py:153} INFO - Started process (PID=897) to work on /home/airflow/.local/lib/python3.7/site-packages/airflow/example_dags/example_branch_operator_decorator.py
[2023-10-27 14:27:21,043] {processor.py:641} INFO - Processing file /home/airflow/.local/lib/python3.7/site-packages/airflow/example_dags/example_branch_operator_decorator.py for tasks to queue
[2023-10-27 14:27:21,043] {logging_mixin.py:115} INFO - [2023-10-27 14:27:21,043] {dagbag.py:507} INFO - Filling up the DagBag from /home/airflow/.local/lib/python3.7/site-packages/airflow/example_dags/example_branch_operator_decorator.py
[2023-10-27 14:27:21,071] {processor.py:651} INFO - DAG(s) dict_keys(['example_branch_python_operator_decorator']) retrieved from /home/airflow/.local/lib/python3.7/site-packages/airflow/example_dags/example_branch_operator_decorator.py
[2023-10-27 14:27:21,230] {logging_mixin.py:115} INFO - [2023-10-27 14:27:21,230] {dag.py:2371} INFO - Sync 1 DAGs
[2023-10-27 14:27:21,250] {logging_mixin.py:115} INFO - [2023-10-27 14:27:21,250] {dag.py:2919} INFO - Setting next_dagrun for example_branch_python_operator_decorator to 2023-10-26T00:00:00+00:00, run_after=2023-10-27T00:00:00+00:00
[2023-10-27 14:27:21,262] {processor.py:161} INFO - Processing /home/airflow/.local/lib/python3.7/site-packages/airflow/example_dags/example_branch_operator_decorator.py took 0.223 seconds
[2023-10-27 14:27:51,708] {processor.py:153} INFO - Started process (PID=958) to work on /home/airflow/.local/lib/python3.7/site-packages/airflow/example_dags/example_branch_operator_decorator.py
[2023-10-27 14:27:51,709] {processor.py:641} INFO - Processing file /home/airflow/.local/lib/python3.7/site-packages/airflow/example_dags/example_branch_operator_decorator.py for tasks to queue
[2023-10-27 14:27:51,709] {logging_mixin.py:115} INFO - [2023-10-27 14:27:51,709] {dagbag.py:507} INFO - Filling up the DagBag from /home/airflow/.local/lib/python3.7/site-packages/airflow/example_dags/example_branch_operator_decorator.py
[2023-10-27 14:27:51,732] {processor.py:651} INFO - DAG(s) dict_keys(['example_branch_python_operator_decorator']) retrieved from /home/airflow/.local/lib/python3.7/site-packages/airflow/example_dags/example_branch_operator_decorator.py
[2023-10-27 14:27:51,920] {logging_mixin.py:115} INFO - [2023-10-27 14:27:51,920] {dag.py:2371} INFO - Sync 1 DAGs
[2023-10-27 14:27:51,946] {logging_mixin.py:115} INFO - [2023-10-27 14:27:51,946] {dag.py:2919} INFO - Setting next_dagrun for example_branch_python_operator_decorator to 2023-10-26T00:00:00+00:00, run_after=2023-10-27T00:00:00+00:00
[2023-10-27 14:27:51,964] {processor.py:161} INFO - Processing /home/airflow/.local/lib/python3.7/site-packages/airflow/example_dags/example_branch_operator_decorator.py took 0.260 seconds
[2023-10-27 14:28:22,186] {processor.py:153} INFO - Started process (PID=1016) to work on /home/airflow/.local/lib/python3.7/site-packages/airflow/example_dags/example_branch_operator_decorator.py
[2023-10-27 14:28:22,188] {processor.py:641} INFO - Processing file /home/airflow/.local/lib/python3.7/site-packages/airflow/example_dags/example_branch_operator_decorator.py for tasks to queue
[2023-10-27 14:28:22,190] {logging_mixin.py:115} INFO - [2023-10-27 14:28:22,190] {dagbag.py:507} INFO - Filling up the DagBag from /home/airflow/.local/lib/python3.7/site-packages/airflow/example_dags/example_branch_operator_decorator.py
[2023-10-27 14:28:22,217] {processor.py:651} INFO - DAG(s) dict_keys(['example_branch_python_operator_decorator']) retrieved from /home/airflow/.local/lib/python3.7/site-packages/airflow/example_dags/example_branch_operator_decorator.py
[2023-10-27 14:28:22,442] {logging_mixin.py:115} INFO - [2023-10-27 14:28:22,442] {dag.py:2371} INFO - Sync 1 DAGs
[2023-10-27 14:28:22,464] {logging_mixin.py:115} INFO - [2023-10-27 14:28:22,464] {dag.py:2919} INFO - Setting next_dagrun for example_branch_python_operator_decorator to 2023-10-26T00:00:00+00:00, run_after=2023-10-27T00:00:00+00:00
[2023-10-27 14:28:22,476] {processor.py:161} INFO - Processing /home/airflow/.local/lib/python3.7/site-packages/airflow/example_dags/example_branch_operator_decorator.py took 0.294 seconds
[2023-10-27 14:28:52,879] {processor.py:153} INFO - Started process (PID=1072) to work on /home/airflow/.local/lib/python3.7/site-packages/airflow/example_dags/example_branch_operator_decorator.py
[2023-10-27 14:28:52,881] {processor.py:641} INFO - Processing file /home/airflow/.local/lib/python3.7/site-packages/airflow/example_dags/example_branch_operator_decorator.py for tasks to queue
[2023-10-27 14:28:52,881] {logging_mixin.py:115} INFO - [2023-10-27 14:28:52,881] {dagbag.py:507} INFO - Filling up the DagBag from /home/airflow/.local/lib/python3.7/site-packages/airflow/example_dags/example_branch_operator_decorator.py
[2023-10-27 14:28:52,904] {processor.py:651} INFO - DAG(s) dict_keys(['example_branch_python_operator_decorator']) retrieved from /home/airflow/.local/lib/python3.7/site-packages/airflow/example_dags/example_branch_operator_decorator.py
[2023-10-27 14:28:53,084] {logging_mixin.py:115} INFO - [2023-10-27 14:28:53,084] {dag.py:2371} INFO - Sync 1 DAGs
[2023-10-27 14:28:53,114] {logging_mixin.py:115} INFO - [2023-10-27 14:28:53,113] {dag.py:2919} INFO - Setting next_dagrun for example_branch_python_operator_decorator to 2023-10-26T00:00:00+00:00, run_after=2023-10-27T00:00:00+00:00
[2023-10-27 14:28:53,128] {processor.py:161} INFO - Processing /home/airflow/.local/lib/python3.7/site-packages/airflow/example_dags/example_branch_operator_decorator.py took 0.252 seconds
[2023-10-27 14:29:23,286] {processor.py:153} INFO - Started process (PID=1124) to work on /home/airflow/.local/lib/python3.7/site-packages/airflow/example_dags/example_branch_operator_decorator.py
[2023-10-27 14:29:23,288] {processor.py:641} INFO - Processing file /home/airflow/.local/lib/python3.7/site-packages/airflow/example_dags/example_branch_operator_decorator.py for tasks to queue
[2023-10-27 14:29:23,290] {logging_mixin.py:115} INFO - [2023-10-27 14:29:23,290] {dagbag.py:507} INFO - Filling up the DagBag from /home/airflow/.local/lib/python3.7/site-packages/airflow/example_dags/example_branch_operator_decorator.py
[2023-10-27 14:29:23,311] {processor.py:651} INFO - DAG(s) dict_keys(['example_branch_python_operator_decorator']) retrieved from /home/airflow/.local/lib/python3.7/site-packages/airflow/example_dags/example_branch_operator_decorator.py
[2023-10-27 14:29:23,497] {logging_mixin.py:115} INFO - [2023-10-27 14:29:23,497] {dag.py:2371} INFO - Sync 1 DAGs
[2023-10-27 14:29:23,515] {logging_mixin.py:115} INFO - [2023-10-27 14:29:23,515] {dag.py:2919} INFO - Setting next_dagrun for example_branch_python_operator_decorator to 2023-10-26T00:00:00+00:00, run_after=2023-10-27T00:00:00+00:00
[2023-10-27 14:29:23,527] {processor.py:161} INFO - Processing /home/airflow/.local/lib/python3.7/site-packages/airflow/example_dags/example_branch_operator_decorator.py took 0.245 seconds
[2023-10-27 14:29:53,942] {processor.py:153} INFO - Started process (PID=1186) to work on /home/airflow/.local/lib/python3.7/site-packages/airflow/example_dags/example_branch_operator_decorator.py
[2023-10-27 14:29:53,943] {processor.py:641} INFO - Processing file /home/airflow/.local/lib/python3.7/site-packages/airflow/example_dags/example_branch_operator_decorator.py for tasks to queue
[2023-10-27 14:29:53,944] {logging_mixin.py:115} INFO - [2023-10-27 14:29:53,944] {dagbag.py:507} INFO - Filling up the DagBag from /home/airflow/.local/lib/python3.7/site-packages/airflow/example_dags/example_branch_operator_decorator.py
[2023-10-27 14:29:53,970] {processor.py:651} INFO - DAG(s) dict_keys(['example_branch_python_operator_decorator']) retrieved from /home/airflow/.local/lib/python3.7/site-packages/airflow/example_dags/example_branch_operator_decorator.py
[2023-10-27 14:29:53,995] {logging_mixin.py:115} INFO - [2023-10-27 14:29:53,995] {dag.py:2371} INFO - Sync 1 DAGs
[2023-10-27 14:29:54,018] {logging_mixin.py:115} INFO - [2023-10-27 14:29:54,018] {dag.py:2919} INFO - Setting next_dagrun for example_branch_python_operator_decorator to 2023-10-26T00:00:00+00:00, run_after=2023-10-27T00:00:00+00:00
[2023-10-27 14:29:54,034] {processor.py:161} INFO - Processing /home/airflow/.local/lib/python3.7/site-packages/airflow/example_dags/example_branch_operator_decorator.py took 0.095 seconds
[2023-10-27 14:30:24,312] {processor.py:153} INFO - Started process (PID=1247) to work on /home/airflow/.local/lib/python3.7/site-packages/airflow/example_dags/example_branch_operator_decorator.py
[2023-10-27 14:30:24,312] {processor.py:641} INFO - Processing file /home/airflow/.local/lib/python3.7/site-packages/airflow/example_dags/example_branch_operator_decorator.py for tasks to queue
[2023-10-27 14:30:24,313] {logging_mixin.py:115} INFO - [2023-10-27 14:30:24,313] {dagbag.py:507} INFO - Filling up the DagBag from /home/airflow/.local/lib/python3.7/site-packages/airflow/example_dags/example_branch_operator_decorator.py
[2023-10-27 14:30:24,343] {processor.py:651} INFO - DAG(s) dict_keys(['example_branch_python_operator_decorator']) retrieved from /home/airflow/.local/lib/python3.7/site-packages/airflow/example_dags/example_branch_operator_decorator.py
[2023-10-27 14:30:24,377] {logging_mixin.py:115} INFO - [2023-10-27 14:30:24,377] {dag.py:2371} INFO - Sync 1 DAGs
[2023-10-27 14:30:24,410] {logging_mixin.py:115} INFO - [2023-10-27 14:30:24,410] {dag.py:2919} INFO - Setting next_dagrun for example_branch_python_operator_decorator to 2023-10-26T00:00:00+00:00, run_after=2023-10-27T00:00:00+00:00
[2023-10-27 14:30:24,423] {processor.py:161} INFO - Processing /home/airflow/.local/lib/python3.7/site-packages/airflow/example_dags/example_branch_operator_decorator.py took 0.115 seconds
[2023-10-27 14:30:55,315] {processor.py:153} INFO - Started process (PID=1299) to work on /home/airflow/.local/lib/python3.7/site-packages/airflow/example_dags/example_branch_operator_decorator.py
[2023-10-27 14:30:55,317] {processor.py:641} INFO - Processing file /home/airflow/.local/lib/python3.7/site-packages/airflow/example_dags/example_branch_operator_decorator.py for tasks to queue
[2023-10-27 14:30:55,317] {logging_mixin.py:115} INFO - [2023-10-27 14:30:55,317] {dagbag.py:507} INFO - Filling up the DagBag from /home/airflow/.local/lib/python3.7/site-packages/airflow/example_dags/example_branch_operator_decorator.py
[2023-10-27 14:30:55,342] {processor.py:651} INFO - DAG(s) dict_keys(['example_branch_python_operator_decorator']) retrieved from /home/airflow/.local/lib/python3.7/site-packages/airflow/example_dags/example_branch_operator_decorator.py
[2023-10-27 14:30:55,369] {logging_mixin.py:115} INFO - [2023-10-27 14:30:55,369] {dag.py:2371} INFO - Sync 1 DAGs
[2023-10-27 14:30:55,394] {logging_mixin.py:115} INFO - [2023-10-27 14:30:55,394] {dag.py:2919} INFO - Setting next_dagrun for example_branch_python_operator_decorator to 2023-10-26T00:00:00+00:00, run_after=2023-10-27T00:00:00+00:00
[2023-10-27 14:30:55,407] {processor.py:161} INFO - Processing /home/airflow/.local/lib/python3.7/site-packages/airflow/example_dags/example_branch_operator_decorator.py took 0.095 seconds
[2023-10-27 14:31:26,271] {processor.py:153} INFO - Started process (PID=1360) to work on /home/airflow/.local/lib/python3.7/site-packages/airflow/example_dags/example_branch_operator_decorator.py
[2023-10-27 14:31:26,272] {processor.py:641} INFO - Processing file /home/airflow/.local/lib/python3.7/site-packages/airflow/example_dags/example_branch_operator_decorator.py for tasks to queue
[2023-10-27 14:31:26,272] {logging_mixin.py:115} INFO - [2023-10-27 14:31:26,272] {dagbag.py:507} INFO - Filling up the DagBag from /home/airflow/.local/lib/python3.7/site-packages/airflow/example_dags/example_branch_operator_decorator.py
[2023-10-27 14:31:26,291] {processor.py:651} INFO - DAG(s) dict_keys(['example_branch_python_operator_decorator']) retrieved from /home/airflow/.local/lib/python3.7/site-packages/airflow/example_dags/example_branch_operator_decorator.py
[2023-10-27 14:31:26,323] {logging_mixin.py:115} INFO - [2023-10-27 14:31:26,323] {dag.py:2371} INFO - Sync 1 DAGs
[2023-10-27 14:31:26,343] {logging_mixin.py:115} INFO - [2023-10-27 14:31:26,343] {dag.py:2919} INFO - Setting next_dagrun for example_branch_python_operator_decorator to 2023-10-26T00:00:00+00:00, run_after=2023-10-27T00:00:00+00:00
[2023-10-27 14:31:26,356] {processor.py:161} INFO - Processing /home/airflow/.local/lib/python3.7/site-packages/airflow/example_dags/example_branch_operator_decorator.py took 0.088 seconds
