[2023-10-27 14:19:41,661] {processor.py:153} INFO - Started process (PID=53) to work on /home/airflow/.local/lib/python3.7/site-packages/airflow/example_dags/example_dag_decorator.py
[2023-10-27 14:19:41,663] {processor.py:641} INFO - Processing file /home/airflow/.local/lib/python3.7/site-packages/airflow/example_dags/example_dag_decorator.py for tasks to queue
[2023-10-27 14:19:41,671] {logging_mixin.py:115} INFO - [2023-10-27 14:19:41,671] {dagbag.py:507} INFO - Filling up the DagBag from /home/airflow/.local/lib/python3.7/site-packages/airflow/example_dags/example_dag_decorator.py
[2023-10-27 14:19:41,739] {processor.py:651} INFO - DAG(s) dict_keys(['example_dag_decorator']) retrieved from /home/airflow/.local/lib/python3.7/site-packages/airflow/example_dags/example_dag_decorator.py
[2023-10-27 14:19:42,771] {logging_mixin.py:115} INFO - [2023-10-27 14:19:42,771] {manager.py:508} INFO - Created Permission View: can delete on DAG:example_dag_decorator
[2023-10-27 14:19:42,785] {logging_mixin.py:115} INFO - [2023-10-27 14:19:42,785] {manager.py:508} INFO - Created Permission View: can edit on DAG:example_dag_decorator
[2023-10-27 14:19:42,796] {logging_mixin.py:115} INFO - [2023-10-27 14:19:42,795] {manager.py:508} INFO - Created Permission View: can read on DAG:example_dag_decorator
[2023-10-27 14:19:42,796] {logging_mixin.py:115} INFO - [2023-10-27 14:19:42,796] {dag.py:2371} INFO - Sync 1 DAGs
[2023-10-27 14:19:42,813] {logging_mixin.py:115} INFO - [2023-10-27 14:19:42,813] {dag.py:2390} INFO - Creating ORM DAG for example_dag_decorator
[2023-10-27 14:19:42,833] {logging_mixin.py:115} INFO - [2023-10-27 14:19:42,833] {dag.py:2919} INFO - Setting next_dagrun for example_dag_decorator to None, run_after=None
[2023-10-27 14:19:42,947] {processor.py:161} INFO - Processing /home/airflow/.local/lib/python3.7/site-packages/airflow/example_dags/example_dag_decorator.py took 1.289 seconds
[2023-10-27 14:20:13,275] {processor.py:153} INFO - Started process (PID=105) to work on /home/airflow/.local/lib/python3.7/site-packages/airflow/example_dags/example_dag_decorator.py
[2023-10-27 14:20:13,277] {processor.py:641} INFO - Processing file /home/airflow/.local/lib/python3.7/site-packages/airflow/example_dags/example_dag_decorator.py for tasks to queue
[2023-10-27 14:20:13,277] {logging_mixin.py:115} INFO - [2023-10-27 14:20:13,277] {dagbag.py:507} INFO - Filling up the DagBag from /home/airflow/.local/lib/python3.7/site-packages/airflow/example_dags/example_dag_decorator.py
[2023-10-27 14:20:13,306] {processor.py:651} INFO - DAG(s) dict_keys(['example_dag_decorator']) retrieved from /home/airflow/.local/lib/python3.7/site-packages/airflow/example_dags/example_dag_decorator.py
[2023-10-27 14:20:13,477] {logging_mixin.py:115} INFO - [2023-10-27 14:20:13,477] {dag.py:2371} INFO - Sync 1 DAGs
[2023-10-27 14:20:13,491] {logging_mixin.py:115} INFO - [2023-10-27 14:20:13,491] {dag.py:2919} INFO - Setting next_dagrun for example_dag_decorator to None, run_after=None
[2023-10-27 14:20:13,504] {processor.py:161} INFO - Processing /home/airflow/.local/lib/python3.7/site-packages/airflow/example_dags/example_dag_decorator.py took 0.235 seconds
[2023-10-27 14:20:43,819] {processor.py:153} INFO - Started process (PID=166) to work on /home/airflow/.local/lib/python3.7/site-packages/airflow/example_dags/example_dag_decorator.py
[2023-10-27 14:20:43,820] {processor.py:641} INFO - Processing file /home/airflow/.local/lib/python3.7/site-packages/airflow/example_dags/example_dag_decorator.py for tasks to queue
[2023-10-27 14:20:43,821] {logging_mixin.py:115} INFO - [2023-10-27 14:20:43,821] {dagbag.py:507} INFO - Filling up the DagBag from /home/airflow/.local/lib/python3.7/site-packages/airflow/example_dags/example_dag_decorator.py
[2023-10-27 14:20:43,851] {processor.py:651} INFO - DAG(s) dict_keys(['example_dag_decorator']) retrieved from /home/airflow/.local/lib/python3.7/site-packages/airflow/example_dags/example_dag_decorator.py
[2023-10-27 14:20:44,018] {logging_mixin.py:115} INFO - [2023-10-27 14:20:44,018] {dag.py:2371} INFO - Sync 1 DAGs
[2023-10-27 14:20:44,034] {logging_mixin.py:115} INFO - [2023-10-27 14:20:44,034] {dag.py:2919} INFO - Setting next_dagrun for example_dag_decorator to None, run_after=None
[2023-10-27 14:20:44,051] {processor.py:161} INFO - Processing /home/airflow/.local/lib/python3.7/site-packages/airflow/example_dags/example_dag_decorator.py took 0.234 seconds
[2023-10-27 14:21:14,282] {processor.py:153} INFO - Started process (PID=218) to work on /home/airflow/.local/lib/python3.7/site-packages/airflow/example_dags/example_dag_decorator.py
[2023-10-27 14:21:14,283] {processor.py:641} INFO - Processing file /home/airflow/.local/lib/python3.7/site-packages/airflow/example_dags/example_dag_decorator.py for tasks to queue
[2023-10-27 14:21:14,283] {logging_mixin.py:115} INFO - [2023-10-27 14:21:14,283] {dagbag.py:507} INFO - Filling up the DagBag from /home/airflow/.local/lib/python3.7/site-packages/airflow/example_dags/example_dag_decorator.py
[2023-10-27 14:21:14,311] {processor.py:651} INFO - DAG(s) dict_keys(['example_dag_decorator']) retrieved from /home/airflow/.local/lib/python3.7/site-packages/airflow/example_dags/example_dag_decorator.py
[2023-10-27 14:21:14,481] {logging_mixin.py:115} INFO - [2023-10-27 14:21:14,481] {dag.py:2371} INFO - Sync 1 DAGs
[2023-10-27 14:21:14,495] {logging_mixin.py:115} INFO - [2023-10-27 14:21:14,495] {dag.py:2919} INFO - Setting next_dagrun for example_dag_decorator to None, run_after=None
[2023-10-27 14:21:14,512] {processor.py:161} INFO - Processing /home/airflow/.local/lib/python3.7/site-packages/airflow/example_dags/example_dag_decorator.py took 0.233 seconds
[2023-10-27 14:21:45,202] {processor.py:153} INFO - Started process (PID=280) to work on /home/airflow/.local/lib/python3.7/site-packages/airflow/example_dags/example_dag_decorator.py
[2023-10-27 14:21:45,203] {processor.py:641} INFO - Processing file /home/airflow/.local/lib/python3.7/site-packages/airflow/example_dags/example_dag_decorator.py for tasks to queue
[2023-10-27 14:21:45,204] {logging_mixin.py:115} INFO - [2023-10-27 14:21:45,204] {dagbag.py:507} INFO - Filling up the DagBag from /home/airflow/.local/lib/python3.7/site-packages/airflow/example_dags/example_dag_decorator.py
[2023-10-27 14:21:45,233] {processor.py:651} INFO - DAG(s) dict_keys(['example_dag_decorator']) retrieved from /home/airflow/.local/lib/python3.7/site-packages/airflow/example_dags/example_dag_decorator.py
[2023-10-27 14:21:45,437] {logging_mixin.py:115} INFO - [2023-10-27 14:21:45,437] {dag.py:2371} INFO - Sync 1 DAGs
[2023-10-27 14:21:45,452] {logging_mixin.py:115} INFO - [2023-10-27 14:21:45,452] {dag.py:2919} INFO - Setting next_dagrun for example_dag_decorator to None, run_after=None
[2023-10-27 14:21:45,464] {processor.py:161} INFO - Processing /home/airflow/.local/lib/python3.7/site-packages/airflow/example_dags/example_dag_decorator.py took 0.268 seconds
[2023-10-27 14:22:15,618] {processor.py:153} INFO - Started process (PID=332) to work on /home/airflow/.local/lib/python3.7/site-packages/airflow/example_dags/example_dag_decorator.py
[2023-10-27 14:22:15,620] {processor.py:641} INFO - Processing file /home/airflow/.local/lib/python3.7/site-packages/airflow/example_dags/example_dag_decorator.py for tasks to queue
[2023-10-27 14:22:15,620] {logging_mixin.py:115} INFO - [2023-10-27 14:22:15,620] {dagbag.py:507} INFO - Filling up the DagBag from /home/airflow/.local/lib/python3.7/site-packages/airflow/example_dags/example_dag_decorator.py
[2023-10-27 14:22:15,644] {processor.py:651} INFO - DAG(s) dict_keys(['example_dag_decorator']) retrieved from /home/airflow/.local/lib/python3.7/site-packages/airflow/example_dags/example_dag_decorator.py
[2023-10-27 14:22:15,816] {logging_mixin.py:115} INFO - [2023-10-27 14:22:15,816] {dag.py:2371} INFO - Sync 1 DAGs
[2023-10-27 14:22:15,830] {logging_mixin.py:115} INFO - [2023-10-27 14:22:15,830] {dag.py:2919} INFO - Setting next_dagrun for example_dag_decorator to None, run_after=None
[2023-10-27 14:22:15,847] {processor.py:161} INFO - Processing /home/airflow/.local/lib/python3.7/site-packages/airflow/example_dags/example_dag_decorator.py took 0.232 seconds
[2023-10-27 14:22:46,237] {processor.py:153} INFO - Started process (PID=393) to work on /home/airflow/.local/lib/python3.7/site-packages/airflow/example_dags/example_dag_decorator.py
[2023-10-27 14:22:46,239] {processor.py:641} INFO - Processing file /home/airflow/.local/lib/python3.7/site-packages/airflow/example_dags/example_dag_decorator.py for tasks to queue
[2023-10-27 14:22:46,239] {logging_mixin.py:115} INFO - [2023-10-27 14:22:46,239] {dagbag.py:507} INFO - Filling up the DagBag from /home/airflow/.local/lib/python3.7/site-packages/airflow/example_dags/example_dag_decorator.py
[2023-10-27 14:22:46,268] {processor.py:651} INFO - DAG(s) dict_keys(['example_dag_decorator']) retrieved from /home/airflow/.local/lib/python3.7/site-packages/airflow/example_dags/example_dag_decorator.py
[2023-10-27 14:22:46,462] {logging_mixin.py:115} INFO - [2023-10-27 14:22:46,462] {dag.py:2371} INFO - Sync 1 DAGs
[2023-10-27 14:22:46,476] {logging_mixin.py:115} INFO - [2023-10-27 14:22:46,476] {dag.py:2919} INFO - Setting next_dagrun for example_dag_decorator to None, run_after=None
[2023-10-27 14:22:46,495] {processor.py:161} INFO - Processing /home/airflow/.local/lib/python3.7/site-packages/airflow/example_dags/example_dag_decorator.py took 0.261 seconds
[2023-10-27 14:23:16,751] {processor.py:153} INFO - Started process (PID=455) to work on /home/airflow/.local/lib/python3.7/site-packages/airflow/example_dags/example_dag_decorator.py
[2023-10-27 14:23:16,752] {processor.py:641} INFO - Processing file /home/airflow/.local/lib/python3.7/site-packages/airflow/example_dags/example_dag_decorator.py for tasks to queue
[2023-10-27 14:23:16,753] {logging_mixin.py:115} INFO - [2023-10-27 14:23:16,752] {dagbag.py:507} INFO - Filling up the DagBag from /home/airflow/.local/lib/python3.7/site-packages/airflow/example_dags/example_dag_decorator.py
[2023-10-27 14:23:16,784] {processor.py:651} INFO - DAG(s) dict_keys(['example_dag_decorator']) retrieved from /home/airflow/.local/lib/python3.7/site-packages/airflow/example_dags/example_dag_decorator.py
[2023-10-27 14:23:17,035] {logging_mixin.py:115} INFO - [2023-10-27 14:23:17,035] {dag.py:2371} INFO - Sync 1 DAGs
[2023-10-27 14:23:17,054] {logging_mixin.py:115} INFO - [2023-10-27 14:23:17,054] {dag.py:2919} INFO - Setting next_dagrun for example_dag_decorator to None, run_after=None
[2023-10-27 14:23:17,066] {processor.py:161} INFO - Processing /home/airflow/.local/lib/python3.7/site-packages/airflow/example_dags/example_dag_decorator.py took 0.318 seconds
[2023-10-27 14:23:47,362] {processor.py:153} INFO - Started process (PID=507) to work on /home/airflow/.local/lib/python3.7/site-packages/airflow/example_dags/example_dag_decorator.py
[2023-10-27 14:23:47,363] {processor.py:641} INFO - Processing file /home/airflow/.local/lib/python3.7/site-packages/airflow/example_dags/example_dag_decorator.py for tasks to queue
[2023-10-27 14:23:47,364] {logging_mixin.py:115} INFO - [2023-10-27 14:23:47,364] {dagbag.py:507} INFO - Filling up the DagBag from /home/airflow/.local/lib/python3.7/site-packages/airflow/example_dags/example_dag_decorator.py
[2023-10-27 14:23:47,398] {processor.py:651} INFO - DAG(s) dict_keys(['example_dag_decorator']) retrieved from /home/airflow/.local/lib/python3.7/site-packages/airflow/example_dags/example_dag_decorator.py
[2023-10-27 14:23:47,573] {logging_mixin.py:115} INFO - [2023-10-27 14:23:47,573] {dag.py:2371} INFO - Sync 1 DAGs
[2023-10-27 14:23:47,593] {logging_mixin.py:115} INFO - [2023-10-27 14:23:47,593] {dag.py:2919} INFO - Setting next_dagrun for example_dag_decorator to None, run_after=None
[2023-10-27 14:23:47,608] {processor.py:161} INFO - Processing /home/airflow/.local/lib/python3.7/site-packages/airflow/example_dags/example_dag_decorator.py took 0.253 seconds
[2023-10-27 14:24:17,981] {processor.py:153} INFO - Started process (PID=568) to work on /home/airflow/.local/lib/python3.7/site-packages/airflow/example_dags/example_dag_decorator.py
[2023-10-27 14:24:17,990] {processor.py:641} INFO - Processing file /home/airflow/.local/lib/python3.7/site-packages/airflow/example_dags/example_dag_decorator.py for tasks to queue
[2023-10-27 14:24:17,995] {logging_mixin.py:115} INFO - [2023-10-27 14:24:17,995] {dagbag.py:507} INFO - Filling up the DagBag from /home/airflow/.local/lib/python3.7/site-packages/airflow/example_dags/example_dag_decorator.py
[2023-10-27 14:24:18,184] {processor.py:651} INFO - DAG(s) dict_keys(['example_dag_decorator']) retrieved from /home/airflow/.local/lib/python3.7/site-packages/airflow/example_dags/example_dag_decorator.py
[2023-10-27 14:24:18,867] {logging_mixin.py:115} INFO - [2023-10-27 14:24:18,867] {dag.py:2371} INFO - Sync 1 DAGs
[2023-10-27 14:24:18,901] {logging_mixin.py:115} INFO - [2023-10-27 14:24:18,901] {dag.py:2919} INFO - Setting next_dagrun for example_dag_decorator to None, run_after=None
[2023-10-27 14:24:18,913] {processor.py:161} INFO - Processing /home/airflow/.local/lib/python3.7/site-packages/airflow/example_dags/example_dag_decorator.py took 0.969 seconds
[2023-10-27 14:24:49,166] {processor.py:153} INFO - Started process (PID=620) to work on /home/airflow/.local/lib/python3.7/site-packages/airflow/example_dags/example_dag_decorator.py
[2023-10-27 14:24:49,168] {processor.py:641} INFO - Processing file /home/airflow/.local/lib/python3.7/site-packages/airflow/example_dags/example_dag_decorator.py for tasks to queue
[2023-10-27 14:24:49,168] {logging_mixin.py:115} INFO - [2023-10-27 14:24:49,168] {dagbag.py:507} INFO - Filling up the DagBag from /home/airflow/.local/lib/python3.7/site-packages/airflow/example_dags/example_dag_decorator.py
[2023-10-27 14:24:49,364] {processor.py:651} INFO - DAG(s) dict_keys(['example_dag_decorator']) retrieved from /home/airflow/.local/lib/python3.7/site-packages/airflow/example_dags/example_dag_decorator.py
[2023-10-27 14:24:49,484] {logging_mixin.py:115} INFO - [2023-10-27 14:24:49,484] {dag.py:2371} INFO - Sync 1 DAGs
[2023-10-27 14:24:49,505] {logging_mixin.py:115} INFO - [2023-10-27 14:24:49,505] {dag.py:2919} INFO - Setting next_dagrun for example_dag_decorator to None, run_after=None
[2023-10-27 14:24:49,525] {processor.py:161} INFO - Processing /home/airflow/.local/lib/python3.7/site-packages/airflow/example_dags/example_dag_decorator.py took 0.362 seconds
[2023-10-27 14:25:19,569] {processor.py:153} INFO - Started process (PID=672) to work on /home/airflow/.local/lib/python3.7/site-packages/airflow/example_dags/example_dag_decorator.py
[2023-10-27 14:25:19,570] {processor.py:641} INFO - Processing file /home/airflow/.local/lib/python3.7/site-packages/airflow/example_dags/example_dag_decorator.py for tasks to queue
[2023-10-27 14:25:19,571] {logging_mixin.py:115} INFO - [2023-10-27 14:25:19,571] {dagbag.py:507} INFO - Filling up the DagBag from /home/airflow/.local/lib/python3.7/site-packages/airflow/example_dags/example_dag_decorator.py
[2023-10-27 14:25:19,768] {processor.py:651} INFO - DAG(s) dict_keys(['example_dag_decorator']) retrieved from /home/airflow/.local/lib/python3.7/site-packages/airflow/example_dags/example_dag_decorator.py
[2023-10-27 14:25:19,831] {logging_mixin.py:115} INFO - [2023-10-27 14:25:19,831] {dag.py:2371} INFO - Sync 1 DAGs
[2023-10-27 14:25:19,906] {logging_mixin.py:115} INFO - [2023-10-27 14:25:19,904] {dag.py:2919} INFO - Setting next_dagrun for example_dag_decorator to None, run_after=None
[2023-10-27 14:25:19,939] {processor.py:161} INFO - Processing /home/airflow/.local/lib/python3.7/site-packages/airflow/example_dags/example_dag_decorator.py took 0.373 seconds
[2023-10-27 14:25:50,210] {processor.py:153} INFO - Started process (PID=733) to work on /home/airflow/.local/lib/python3.7/site-packages/airflow/example_dags/example_dag_decorator.py
[2023-10-27 14:25:50,211] {processor.py:641} INFO - Processing file /home/airflow/.local/lib/python3.7/site-packages/airflow/example_dags/example_dag_decorator.py for tasks to queue
[2023-10-27 14:25:50,211] {logging_mixin.py:115} INFO - [2023-10-27 14:25:50,211] {dagbag.py:507} INFO - Filling up the DagBag from /home/airflow/.local/lib/python3.7/site-packages/airflow/example_dags/example_dag_decorator.py
[2023-10-27 14:25:50,388] {processor.py:651} INFO - DAG(s) dict_keys(['example_dag_decorator']) retrieved from /home/airflow/.local/lib/python3.7/site-packages/airflow/example_dags/example_dag_decorator.py
[2023-10-27 14:25:50,416] {logging_mixin.py:115} INFO - [2023-10-27 14:25:50,415] {dag.py:2371} INFO - Sync 1 DAGs
[2023-10-27 14:25:50,437] {logging_mixin.py:115} INFO - [2023-10-27 14:25:50,437] {dag.py:2919} INFO - Setting next_dagrun for example_dag_decorator to None, run_after=None
[2023-10-27 14:25:50,450] {processor.py:161} INFO - Processing /home/airflow/.local/lib/python3.7/site-packages/airflow/example_dags/example_dag_decorator.py took 0.244 seconds
[2023-10-27 14:26:20,608] {processor.py:153} INFO - Started process (PID=785) to work on /home/airflow/.local/lib/python3.7/site-packages/airflow/example_dags/example_dag_decorator.py
[2023-10-27 14:26:20,615] {processor.py:641} INFO - Processing file /home/airflow/.local/lib/python3.7/site-packages/airflow/example_dags/example_dag_decorator.py for tasks to queue
[2023-10-27 14:26:20,621] {logging_mixin.py:115} INFO - [2023-10-27 14:26:20,620] {dagbag.py:507} INFO - Filling up the DagBag from /home/airflow/.local/lib/python3.7/site-packages/airflow/example_dags/example_dag_decorator.py
[2023-10-27 14:26:20,914] {processor.py:651} INFO - DAG(s) dict_keys(['example_dag_decorator']) retrieved from /home/airflow/.local/lib/python3.7/site-packages/airflow/example_dags/example_dag_decorator.py
[2023-10-27 14:26:20,990] {logging_mixin.py:115} INFO - [2023-10-27 14:26:20,990] {dag.py:2371} INFO - Sync 1 DAGs
[2023-10-27 14:26:21,012] {logging_mixin.py:115} INFO - [2023-10-27 14:26:21,012] {dag.py:2919} INFO - Setting next_dagrun for example_dag_decorator to None, run_after=None
[2023-10-27 14:26:21,029] {processor.py:161} INFO - Processing /home/airflow/.local/lib/python3.7/site-packages/airflow/example_dags/example_dag_decorator.py took 0.427 seconds
[2023-10-27 14:26:51,175] {processor.py:153} INFO - Started process (PID=846) to work on /home/airflow/.local/lib/python3.7/site-packages/airflow/example_dags/example_dag_decorator.py
[2023-10-27 14:26:51,180] {processor.py:641} INFO - Processing file /home/airflow/.local/lib/python3.7/site-packages/airflow/example_dags/example_dag_decorator.py for tasks to queue
[2023-10-27 14:26:51,184] {logging_mixin.py:115} INFO - [2023-10-27 14:26:51,183] {dagbag.py:507} INFO - Filling up the DagBag from /home/airflow/.local/lib/python3.7/site-packages/airflow/example_dags/example_dag_decorator.py
[2023-10-27 14:26:51,356] {processor.py:651} INFO - DAG(s) dict_keys(['example_dag_decorator']) retrieved from /home/airflow/.local/lib/python3.7/site-packages/airflow/example_dags/example_dag_decorator.py
[2023-10-27 14:26:51,384] {logging_mixin.py:115} INFO - [2023-10-27 14:26:51,384] {dag.py:2371} INFO - Sync 1 DAGs
[2023-10-27 14:26:51,402] {logging_mixin.py:115} INFO - [2023-10-27 14:26:51,402] {dag.py:2919} INFO - Setting next_dagrun for example_dag_decorator to None, run_after=None
[2023-10-27 14:26:51,418] {processor.py:161} INFO - Processing /home/airflow/.local/lib/python3.7/site-packages/airflow/example_dags/example_dag_decorator.py took 0.253 seconds
[2023-10-27 14:27:22,270] {processor.py:153} INFO - Started process (PID=898) to work on /home/airflow/.local/lib/python3.7/site-packages/airflow/example_dags/example_dag_decorator.py
[2023-10-27 14:27:22,272] {processor.py:641} INFO - Processing file /home/airflow/.local/lib/python3.7/site-packages/airflow/example_dags/example_dag_decorator.py for tasks to queue
[2023-10-27 14:27:22,273] {logging_mixin.py:115} INFO - [2023-10-27 14:27:22,273] {dagbag.py:507} INFO - Filling up the DagBag from /home/airflow/.local/lib/python3.7/site-packages/airflow/example_dags/example_dag_decorator.py
[2023-10-27 14:27:22,418] {processor.py:651} INFO - DAG(s) dict_keys(['example_dag_decorator']) retrieved from /home/airflow/.local/lib/python3.7/site-packages/airflow/example_dags/example_dag_decorator.py
[2023-10-27 14:27:22,441] {logging_mixin.py:115} INFO - [2023-10-27 14:27:22,441] {dag.py:2371} INFO - Sync 1 DAGs
[2023-10-27 14:27:22,456] {logging_mixin.py:115} INFO - [2023-10-27 14:27:22,456] {dag.py:2919} INFO - Setting next_dagrun for example_dag_decorator to None, run_after=None
[2023-10-27 14:27:22,475] {processor.py:161} INFO - Processing /home/airflow/.local/lib/python3.7/site-packages/airflow/example_dags/example_dag_decorator.py took 0.207 seconds
[2023-10-27 14:27:52,963] {processor.py:153} INFO - Started process (PID=959) to work on /home/airflow/.local/lib/python3.7/site-packages/airflow/example_dags/example_dag_decorator.py
[2023-10-27 14:27:52,964] {processor.py:641} INFO - Processing file /home/airflow/.local/lib/python3.7/site-packages/airflow/example_dags/example_dag_decorator.py for tasks to queue
[2023-10-27 14:27:52,964] {logging_mixin.py:115} INFO - [2023-10-27 14:27:52,964] {dagbag.py:507} INFO - Filling up the DagBag from /home/airflow/.local/lib/python3.7/site-packages/airflow/example_dags/example_dag_decorator.py
[2023-10-27 14:27:53,162] {processor.py:651} INFO - DAG(s) dict_keys(['example_dag_decorator']) retrieved from /home/airflow/.local/lib/python3.7/site-packages/airflow/example_dags/example_dag_decorator.py
[2023-10-27 14:27:53,188] {logging_mixin.py:115} INFO - [2023-10-27 14:27:53,188] {dag.py:2371} INFO - Sync 1 DAGs
[2023-10-27 14:27:53,210] {logging_mixin.py:115} INFO - [2023-10-27 14:27:53,210] {dag.py:2919} INFO - Setting next_dagrun for example_dag_decorator to None, run_after=None
[2023-10-27 14:27:53,227] {processor.py:161} INFO - Processing /home/airflow/.local/lib/python3.7/site-packages/airflow/example_dags/example_dag_decorator.py took 0.267 seconds
[2023-10-27 14:28:23,532] {processor.py:153} INFO - Started process (PID=1020) to work on /home/airflow/.local/lib/python3.7/site-packages/airflow/example_dags/example_dag_decorator.py
[2023-10-27 14:28:23,535] {processor.py:641} INFO - Processing file /home/airflow/.local/lib/python3.7/site-packages/airflow/example_dags/example_dag_decorator.py for tasks to queue
[2023-10-27 14:28:23,536] {logging_mixin.py:115} INFO - [2023-10-27 14:28:23,536] {dagbag.py:507} INFO - Filling up the DagBag from /home/airflow/.local/lib/python3.7/site-packages/airflow/example_dags/example_dag_decorator.py
[2023-10-27 14:28:23,782] {processor.py:651} INFO - DAG(s) dict_keys(['example_dag_decorator']) retrieved from /home/airflow/.local/lib/python3.7/site-packages/airflow/example_dags/example_dag_decorator.py
[2023-10-27 14:28:23,834] {logging_mixin.py:115} INFO - [2023-10-27 14:28:23,834] {dag.py:2371} INFO - Sync 1 DAGs
[2023-10-27 14:28:23,873] {logging_mixin.py:115} INFO - [2023-10-27 14:28:23,873] {dag.py:2919} INFO - Setting next_dagrun for example_dag_decorator to None, run_after=None
[2023-10-27 14:28:23,892] {processor.py:161} INFO - Processing /home/airflow/.local/lib/python3.7/site-packages/airflow/example_dags/example_dag_decorator.py took 0.363 seconds
[2023-10-27 14:28:54,144] {processor.py:153} INFO - Started process (PID=1073) to work on /home/airflow/.local/lib/python3.7/site-packages/airflow/example_dags/example_dag_decorator.py
[2023-10-27 14:28:54,145] {processor.py:641} INFO - Processing file /home/airflow/.local/lib/python3.7/site-packages/airflow/example_dags/example_dag_decorator.py for tasks to queue
[2023-10-27 14:28:54,146] {logging_mixin.py:115} INFO - [2023-10-27 14:28:54,146] {dagbag.py:507} INFO - Filling up the DagBag from /home/airflow/.local/lib/python3.7/site-packages/airflow/example_dags/example_dag_decorator.py
[2023-10-27 14:28:54,335] {processor.py:651} INFO - DAG(s) dict_keys(['example_dag_decorator']) retrieved from /home/airflow/.local/lib/python3.7/site-packages/airflow/example_dags/example_dag_decorator.py
[2023-10-27 14:28:54,361] {logging_mixin.py:115} INFO - [2023-10-27 14:28:54,361] {dag.py:2371} INFO - Sync 1 DAGs
[2023-10-27 14:28:54,377] {logging_mixin.py:115} INFO - [2023-10-27 14:28:54,377] {dag.py:2919} INFO - Setting next_dagrun for example_dag_decorator to None, run_after=None
[2023-10-27 14:28:54,391] {processor.py:161} INFO - Processing /home/airflow/.local/lib/python3.7/site-packages/airflow/example_dags/example_dag_decorator.py took 0.252 seconds
[2023-10-27 14:29:24,542] {processor.py:153} INFO - Started process (PID=1125) to work on /home/airflow/.local/lib/python3.7/site-packages/airflow/example_dags/example_dag_decorator.py
[2023-10-27 14:29:24,544] {processor.py:641} INFO - Processing file /home/airflow/.local/lib/python3.7/site-packages/airflow/example_dags/example_dag_decorator.py for tasks to queue
[2023-10-27 14:29:24,544] {logging_mixin.py:115} INFO - [2023-10-27 14:29:24,544] {dagbag.py:507} INFO - Filling up the DagBag from /home/airflow/.local/lib/python3.7/site-packages/airflow/example_dags/example_dag_decorator.py
[2023-10-27 14:29:24,761] {processor.py:651} INFO - DAG(s) dict_keys(['example_dag_decorator']) retrieved from /home/airflow/.local/lib/python3.7/site-packages/airflow/example_dags/example_dag_decorator.py
[2023-10-27 14:29:24,811] {logging_mixin.py:115} INFO - [2023-10-27 14:29:24,811] {dag.py:2371} INFO - Sync 1 DAGs
[2023-10-27 14:29:24,846] {logging_mixin.py:115} INFO - [2023-10-27 14:29:24,846] {dag.py:2919} INFO - Setting next_dagrun for example_dag_decorator to None, run_after=None
[2023-10-27 14:29:24,870] {processor.py:161} INFO - Processing /home/airflow/.local/lib/python3.7/site-packages/airflow/example_dags/example_dag_decorator.py took 0.331 seconds
[2023-10-27 14:29:55,031] {processor.py:153} INFO - Started process (PID=1187) to work on /home/airflow/.local/lib/python3.7/site-packages/airflow/example_dags/example_dag_decorator.py
[2023-10-27 14:29:55,034] {processor.py:641} INFO - Processing file /home/airflow/.local/lib/python3.7/site-packages/airflow/example_dags/example_dag_decorator.py for tasks to queue
[2023-10-27 14:29:55,034] {logging_mixin.py:115} INFO - [2023-10-27 14:29:55,034] {dagbag.py:507} INFO - Filling up the DagBag from /home/airflow/.local/lib/python3.7/site-packages/airflow/example_dags/example_dag_decorator.py
[2023-10-27 14:29:55,066] {processor.py:651} INFO - DAG(s) dict_keys(['example_dag_decorator']) retrieved from /home/airflow/.local/lib/python3.7/site-packages/airflow/example_dags/example_dag_decorator.py
[2023-10-27 14:29:55,128] {logging_mixin.py:115} INFO - [2023-10-27 14:29:55,128] {dag.py:2371} INFO - Sync 1 DAGs
[2023-10-27 14:29:55,144] {logging_mixin.py:115} INFO - [2023-10-27 14:29:55,144] {dag.py:2919} INFO - Setting next_dagrun for example_dag_decorator to None, run_after=None
[2023-10-27 14:29:55,279] {processor.py:161} INFO - Processing /home/airflow/.local/lib/python3.7/site-packages/airflow/example_dags/example_dag_decorator.py took 0.251 seconds
[2023-10-27 14:30:25,426] {processor.py:153} INFO - Started process (PID=1248) to work on /home/airflow/.local/lib/python3.7/site-packages/airflow/example_dags/example_dag_decorator.py
[2023-10-27 14:30:25,427] {processor.py:641} INFO - Processing file /home/airflow/.local/lib/python3.7/site-packages/airflow/example_dags/example_dag_decorator.py for tasks to queue
[2023-10-27 14:30:25,427] {logging_mixin.py:115} INFO - [2023-10-27 14:30:25,427] {dagbag.py:507} INFO - Filling up the DagBag from /home/airflow/.local/lib/python3.7/site-packages/airflow/example_dags/example_dag_decorator.py
[2023-10-27 14:30:25,494] {processor.py:651} INFO - DAG(s) dict_keys(['example_dag_decorator']) retrieved from /home/airflow/.local/lib/python3.7/site-packages/airflow/example_dags/example_dag_decorator.py
[2023-10-27 14:30:25,598] {logging_mixin.py:115} INFO - [2023-10-27 14:30:25,598] {dag.py:2371} INFO - Sync 1 DAGs
[2023-10-27 14:30:25,617] {logging_mixin.py:115} INFO - [2023-10-27 14:30:25,617] {dag.py:2919} INFO - Setting next_dagrun for example_dag_decorator to None, run_after=None
[2023-10-27 14:30:25,783] {processor.py:161} INFO - Processing /home/airflow/.local/lib/python3.7/site-packages/airflow/example_dags/example_dag_decorator.py took 0.362 seconds
[2023-10-27 14:30:56,413] {processor.py:153} INFO - Started process (PID=1300) to work on /home/airflow/.local/lib/python3.7/site-packages/airflow/example_dags/example_dag_decorator.py
[2023-10-27 14:30:56,416] {processor.py:641} INFO - Processing file /home/airflow/.local/lib/python3.7/site-packages/airflow/example_dags/example_dag_decorator.py for tasks to queue
[2023-10-27 14:30:56,416] {logging_mixin.py:115} INFO - [2023-10-27 14:30:56,416] {dagbag.py:507} INFO - Filling up the DagBag from /home/airflow/.local/lib/python3.7/site-packages/airflow/example_dags/example_dag_decorator.py
[2023-10-27 14:30:56,446] {processor.py:651} INFO - DAG(s) dict_keys(['example_dag_decorator']) retrieved from /home/airflow/.local/lib/python3.7/site-packages/airflow/example_dags/example_dag_decorator.py
[2023-10-27 14:30:56,512] {logging_mixin.py:115} INFO - [2023-10-27 14:30:56,512] {dag.py:2371} INFO - Sync 1 DAGs
[2023-10-27 14:30:56,533] {logging_mixin.py:115} INFO - [2023-10-27 14:30:56,533] {dag.py:2919} INFO - Setting next_dagrun for example_dag_decorator to None, run_after=None
[2023-10-27 14:30:56,662] {processor.py:161} INFO - Processing /home/airflow/.local/lib/python3.7/site-packages/airflow/example_dags/example_dag_decorator.py took 0.252 seconds
[2023-10-27 14:31:27,364] {processor.py:153} INFO - Started process (PID=1361) to work on /home/airflow/.local/lib/python3.7/site-packages/airflow/example_dags/example_dag_decorator.py
[2023-10-27 14:31:27,367] {processor.py:641} INFO - Processing file /home/airflow/.local/lib/python3.7/site-packages/airflow/example_dags/example_dag_decorator.py for tasks to queue
[2023-10-27 14:31:27,367] {logging_mixin.py:115} INFO - [2023-10-27 14:31:27,367] {dagbag.py:507} INFO - Filling up the DagBag from /home/airflow/.local/lib/python3.7/site-packages/airflow/example_dags/example_dag_decorator.py
[2023-10-27 14:31:27,395] {processor.py:651} INFO - DAG(s) dict_keys(['example_dag_decorator']) retrieved from /home/airflow/.local/lib/python3.7/site-packages/airflow/example_dags/example_dag_decorator.py
[2023-10-27 14:31:27,458] {logging_mixin.py:115} INFO - [2023-10-27 14:31:27,457] {dag.py:2371} INFO - Sync 1 DAGs
[2023-10-27 14:31:27,485] {logging_mixin.py:115} INFO - [2023-10-27 14:31:27,485] {dag.py:2919} INFO - Setting next_dagrun for example_dag_decorator to None, run_after=None
[2023-10-27 14:31:27,615] {processor.py:161} INFO - Processing /home/airflow/.local/lib/python3.7/site-packages/airflow/example_dags/example_dag_decorator.py took 0.254 seconds
