[2023-10-27 14:19:43,656] {processor.py:153} INFO - Started process (PID=56) to work on /home/airflow/.local/lib/python3.7/site-packages/airflow/example_dags/tutorial_etl_dag.py
[2023-10-27 14:19:43,656] {processor.py:641} INFO - Processing file /home/airflow/.local/lib/python3.7/site-packages/airflow/example_dags/tutorial_etl_dag.py for tasks to queue
[2023-10-27 14:19:43,657] {logging_mixin.py:115} INFO - [2023-10-27 14:19:43,657] {dagbag.py:507} INFO - Filling up the DagBag from /home/airflow/.local/lib/python3.7/site-packages/airflow/example_dags/tutorial_etl_dag.py
[2023-10-27 14:19:43,682] {processor.py:651} INFO - DAG(s) dict_keys(['tutorial_etl_dag']) retrieved from /home/airflow/.local/lib/python3.7/site-packages/airflow/example_dags/tutorial_etl_dag.py
[2023-10-27 14:19:44,867] {logging_mixin.py:115} INFO - [2023-10-27 14:19:44,867] {manager.py:508} INFO - Created Permission View: can delete on DAG:tutorial_etl_dag
[2023-10-27 14:19:44,881] {logging_mixin.py:115} INFO - [2023-10-27 14:19:44,881] {manager.py:508} INFO - Created Permission View: can edit on DAG:tutorial_etl_dag
[2023-10-27 14:19:44,889] {logging_mixin.py:115} INFO - [2023-10-27 14:19:44,889] {manager.py:508} INFO - Created Permission View: can read on DAG:tutorial_etl_dag
[2023-10-27 14:19:44,889] {logging_mixin.py:115} INFO - [2023-10-27 14:19:44,889] {dag.py:2371} INFO - Sync 1 DAGs
[2023-10-27 14:19:44,900] {logging_mixin.py:115} INFO - [2023-10-27 14:19:44,900] {dag.py:2390} INFO - Creating ORM DAG for tutorial_etl_dag
[2023-10-27 14:19:44,915] {logging_mixin.py:115} INFO - [2023-10-27 14:19:44,915] {dag.py:2919} INFO - Setting next_dagrun for tutorial_etl_dag to None, run_after=None
[2023-10-27 14:19:44,942] {processor.py:161} INFO - Processing /home/airflow/.local/lib/python3.7/site-packages/airflow/example_dags/tutorial_etl_dag.py took 1.294 seconds
[2023-10-27 14:20:14,999] {processor.py:153} INFO - Started process (PID=108) to work on /home/airflow/.local/lib/python3.7/site-packages/airflow/example_dags/tutorial_etl_dag.py
[2023-10-27 14:20:15,000] {processor.py:641} INFO - Processing file /home/airflow/.local/lib/python3.7/site-packages/airflow/example_dags/tutorial_etl_dag.py for tasks to queue
[2023-10-27 14:20:15,000] {logging_mixin.py:115} INFO - [2023-10-27 14:20:15,000] {dagbag.py:507} INFO - Filling up the DagBag from /home/airflow/.local/lib/python3.7/site-packages/airflow/example_dags/tutorial_etl_dag.py
[2023-10-27 14:20:15,013] {processor.py:651} INFO - DAG(s) dict_keys(['tutorial_etl_dag']) retrieved from /home/airflow/.local/lib/python3.7/site-packages/airflow/example_dags/tutorial_etl_dag.py
[2023-10-27 14:20:15,045] {logging_mixin.py:115} INFO - [2023-10-27 14:20:15,045] {dag.py:2371} INFO - Sync 1 DAGs
[2023-10-27 14:20:15,184] {logging_mixin.py:115} INFO - [2023-10-27 14:20:15,184] {dag.py:2919} INFO - Setting next_dagrun for tutorial_etl_dag to None, run_after=None
[2023-10-27 14:20:15,196] {processor.py:161} INFO - Processing /home/airflow/.local/lib/python3.7/site-packages/airflow/example_dags/tutorial_etl_dag.py took 0.201 seconds
[2023-10-27 14:20:45,332] {processor.py:153} INFO - Started process (PID=169) to work on /home/airflow/.local/lib/python3.7/site-packages/airflow/example_dags/tutorial_etl_dag.py
[2023-10-27 14:20:45,332] {processor.py:641} INFO - Processing file /home/airflow/.local/lib/python3.7/site-packages/airflow/example_dags/tutorial_etl_dag.py for tasks to queue
[2023-10-27 14:20:45,333] {logging_mixin.py:115} INFO - [2023-10-27 14:20:45,333] {dagbag.py:507} INFO - Filling up the DagBag from /home/airflow/.local/lib/python3.7/site-packages/airflow/example_dags/tutorial_etl_dag.py
[2023-10-27 14:20:45,341] {processor.py:651} INFO - DAG(s) dict_keys(['tutorial_etl_dag']) retrieved from /home/airflow/.local/lib/python3.7/site-packages/airflow/example_dags/tutorial_etl_dag.py
[2023-10-27 14:20:45,385] {logging_mixin.py:115} INFO - [2023-10-27 14:20:45,385] {dag.py:2371} INFO - Sync 1 DAGs
[2023-10-27 14:20:45,538] {logging_mixin.py:115} INFO - [2023-10-27 14:20:45,538] {dag.py:2919} INFO - Setting next_dagrun for tutorial_etl_dag to None, run_after=None
[2023-10-27 14:20:45,553] {processor.py:161} INFO - Processing /home/airflow/.local/lib/python3.7/site-packages/airflow/example_dags/tutorial_etl_dag.py took 0.225 seconds
[2023-10-27 14:21:15,824] {processor.py:153} INFO - Started process (PID=230) to work on /home/airflow/.local/lib/python3.7/site-packages/airflow/example_dags/tutorial_etl_dag.py
[2023-10-27 14:21:15,825] {processor.py:641} INFO - Processing file /home/airflow/.local/lib/python3.7/site-packages/airflow/example_dags/tutorial_etl_dag.py for tasks to queue
[2023-10-27 14:21:15,826] {logging_mixin.py:115} INFO - [2023-10-27 14:21:15,825] {dagbag.py:507} INFO - Filling up the DagBag from /home/airflow/.local/lib/python3.7/site-packages/airflow/example_dags/tutorial_etl_dag.py
[2023-10-27 14:21:15,838] {processor.py:651} INFO - DAG(s) dict_keys(['tutorial_etl_dag']) retrieved from /home/airflow/.local/lib/python3.7/site-packages/airflow/example_dags/tutorial_etl_dag.py
[2023-10-27 14:21:15,877] {logging_mixin.py:115} INFO - [2023-10-27 14:21:15,877] {dag.py:2371} INFO - Sync 1 DAGs
[2023-10-27 14:21:16,043] {logging_mixin.py:115} INFO - [2023-10-27 14:21:16,043] {dag.py:2919} INFO - Setting next_dagrun for tutorial_etl_dag to None, run_after=None
[2023-10-27 14:21:16,056] {processor.py:161} INFO - Processing /home/airflow/.local/lib/python3.7/site-packages/airflow/example_dags/tutorial_etl_dag.py took 0.236 seconds
[2023-10-27 14:21:46,488] {processor.py:153} INFO - Started process (PID=283) to work on /home/airflow/.local/lib/python3.7/site-packages/airflow/example_dags/tutorial_etl_dag.py
[2023-10-27 14:21:46,489] {processor.py:641} INFO - Processing file /home/airflow/.local/lib/python3.7/site-packages/airflow/example_dags/tutorial_etl_dag.py for tasks to queue
[2023-10-27 14:21:46,490] {logging_mixin.py:115} INFO - [2023-10-27 14:21:46,490] {dagbag.py:507} INFO - Filling up the DagBag from /home/airflow/.local/lib/python3.7/site-packages/airflow/example_dags/tutorial_etl_dag.py
[2023-10-27 14:21:46,498] {processor.py:651} INFO - DAG(s) dict_keys(['tutorial_etl_dag']) retrieved from /home/airflow/.local/lib/python3.7/site-packages/airflow/example_dags/tutorial_etl_dag.py
[2023-10-27 14:21:46,525] {logging_mixin.py:115} INFO - [2023-10-27 14:21:46,525] {dag.py:2371} INFO - Sync 1 DAGs
[2023-10-27 14:21:46,664] {logging_mixin.py:115} INFO - [2023-10-27 14:21:46,664] {dag.py:2919} INFO - Setting next_dagrun for tutorial_etl_dag to None, run_after=None
[2023-10-27 14:21:46,677] {processor.py:161} INFO - Processing /home/airflow/.local/lib/python3.7/site-packages/airflow/example_dags/tutorial_etl_dag.py took 0.191 seconds
[2023-10-27 14:22:16,949] {processor.py:153} INFO - Started process (PID=335) to work on /home/airflow/.local/lib/python3.7/site-packages/airflow/example_dags/tutorial_etl_dag.py
[2023-10-27 14:22:16,950] {processor.py:641} INFO - Processing file /home/airflow/.local/lib/python3.7/site-packages/airflow/example_dags/tutorial_etl_dag.py for tasks to queue
[2023-10-27 14:22:16,951] {logging_mixin.py:115} INFO - [2023-10-27 14:22:16,950] {dagbag.py:507} INFO - Filling up the DagBag from /home/airflow/.local/lib/python3.7/site-packages/airflow/example_dags/tutorial_etl_dag.py
[2023-10-27 14:22:16,957] {processor.py:651} INFO - DAG(s) dict_keys(['tutorial_etl_dag']) retrieved from /home/airflow/.local/lib/python3.7/site-packages/airflow/example_dags/tutorial_etl_dag.py
[2023-10-27 14:22:16,985] {logging_mixin.py:115} INFO - [2023-10-27 14:22:16,985] {dag.py:2371} INFO - Sync 1 DAGs
[2023-10-27 14:22:17,126] {logging_mixin.py:115} INFO - [2023-10-27 14:22:17,126] {dag.py:2919} INFO - Setting next_dagrun for tutorial_etl_dag to None, run_after=None
[2023-10-27 14:22:17,137] {processor.py:161} INFO - Processing /home/airflow/.local/lib/python3.7/site-packages/airflow/example_dags/tutorial_etl_dag.py took 0.192 seconds
[2023-10-27 14:22:47,493] {processor.py:153} INFO - Started process (PID=396) to work on /home/airflow/.local/lib/python3.7/site-packages/airflow/example_dags/tutorial_etl_dag.py
[2023-10-27 14:22:47,496] {processor.py:641} INFO - Processing file /home/airflow/.local/lib/python3.7/site-packages/airflow/example_dags/tutorial_etl_dag.py for tasks to queue
[2023-10-27 14:22:47,497] {logging_mixin.py:115} INFO - [2023-10-27 14:22:47,497] {dagbag.py:507} INFO - Filling up the DagBag from /home/airflow/.local/lib/python3.7/site-packages/airflow/example_dags/tutorial_etl_dag.py
[2023-10-27 14:22:47,505] {processor.py:651} INFO - DAG(s) dict_keys(['tutorial_etl_dag']) retrieved from /home/airflow/.local/lib/python3.7/site-packages/airflow/example_dags/tutorial_etl_dag.py
[2023-10-27 14:22:47,529] {logging_mixin.py:115} INFO - [2023-10-27 14:22:47,529] {dag.py:2371} INFO - Sync 1 DAGs
[2023-10-27 14:22:47,667] {logging_mixin.py:115} INFO - [2023-10-27 14:22:47,666] {dag.py:2919} INFO - Setting next_dagrun for tutorial_etl_dag to None, run_after=None
[2023-10-27 14:22:47,683] {processor.py:161} INFO - Processing /home/airflow/.local/lib/python3.7/site-packages/airflow/example_dags/tutorial_etl_dag.py took 0.193 seconds
[2023-10-27 14:23:18,045] {processor.py:153} INFO - Started process (PID=458) to work on /home/airflow/.local/lib/python3.7/site-packages/airflow/example_dags/tutorial_etl_dag.py
[2023-10-27 14:23:18,046] {processor.py:641} INFO - Processing file /home/airflow/.local/lib/python3.7/site-packages/airflow/example_dags/tutorial_etl_dag.py for tasks to queue
[2023-10-27 14:23:18,047] {logging_mixin.py:115} INFO - [2023-10-27 14:23:18,046] {dagbag.py:507} INFO - Filling up the DagBag from /home/airflow/.local/lib/python3.7/site-packages/airflow/example_dags/tutorial_etl_dag.py
[2023-10-27 14:23:18,054] {processor.py:651} INFO - DAG(s) dict_keys(['tutorial_etl_dag']) retrieved from /home/airflow/.local/lib/python3.7/site-packages/airflow/example_dags/tutorial_etl_dag.py
[2023-10-27 14:23:18,083] {logging_mixin.py:115} INFO - [2023-10-27 14:23:18,083] {dag.py:2371} INFO - Sync 1 DAGs
[2023-10-27 14:23:18,214] {logging_mixin.py:115} INFO - [2023-10-27 14:23:18,214] {dag.py:2919} INFO - Setting next_dagrun for tutorial_etl_dag to None, run_after=None
[2023-10-27 14:23:18,231] {processor.py:161} INFO - Processing /home/airflow/.local/lib/python3.7/site-packages/airflow/example_dags/tutorial_etl_dag.py took 0.189 seconds
[2023-10-27 14:23:48,667] {processor.py:153} INFO - Started process (PID=510) to work on /home/airflow/.local/lib/python3.7/site-packages/airflow/example_dags/tutorial_etl_dag.py
[2023-10-27 14:23:48,668] {processor.py:641} INFO - Processing file /home/airflow/.local/lib/python3.7/site-packages/airflow/example_dags/tutorial_etl_dag.py for tasks to queue
[2023-10-27 14:23:48,669] {logging_mixin.py:115} INFO - [2023-10-27 14:23:48,669] {dagbag.py:507} INFO - Filling up the DagBag from /home/airflow/.local/lib/python3.7/site-packages/airflow/example_dags/tutorial_etl_dag.py
[2023-10-27 14:23:48,679] {processor.py:651} INFO - DAG(s) dict_keys(['tutorial_etl_dag']) retrieved from /home/airflow/.local/lib/python3.7/site-packages/airflow/example_dags/tutorial_etl_dag.py
[2023-10-27 14:23:48,716] {logging_mixin.py:115} INFO - [2023-10-27 14:23:48,716] {dag.py:2371} INFO - Sync 1 DAGs
[2023-10-27 14:23:48,864] {logging_mixin.py:115} INFO - [2023-10-27 14:23:48,863] {dag.py:2919} INFO - Setting next_dagrun for tutorial_etl_dag to None, run_after=None
[2023-10-27 14:23:48,873] {processor.py:161} INFO - Processing /home/airflow/.local/lib/python3.7/site-packages/airflow/example_dags/tutorial_etl_dag.py took 0.212 seconds
[2023-10-27 14:24:19,422] {processor.py:153} INFO - Started process (PID=571) to work on /home/airflow/.local/lib/python3.7/site-packages/airflow/example_dags/tutorial_etl_dag.py
[2023-10-27 14:24:19,423] {processor.py:641} INFO - Processing file /home/airflow/.local/lib/python3.7/site-packages/airflow/example_dags/tutorial_etl_dag.py for tasks to queue
[2023-10-27 14:24:19,424] {logging_mixin.py:115} INFO - [2023-10-27 14:24:19,424] {dagbag.py:507} INFO - Filling up the DagBag from /home/airflow/.local/lib/python3.7/site-packages/airflow/example_dags/tutorial_etl_dag.py
[2023-10-27 14:24:19,435] {processor.py:651} INFO - DAG(s) dict_keys(['tutorial_etl_dag']) retrieved from /home/airflow/.local/lib/python3.7/site-packages/airflow/example_dags/tutorial_etl_dag.py
[2023-10-27 14:24:19,471] {logging_mixin.py:115} INFO - [2023-10-27 14:24:19,471] {dag.py:2371} INFO - Sync 1 DAGs
[2023-10-27 14:24:19,818] {logging_mixin.py:115} INFO - [2023-10-27 14:24:19,817] {dag.py:2919} INFO - Setting next_dagrun for tutorial_etl_dag to None, run_after=None
[2023-10-27 14:24:19,845] {processor.py:161} INFO - Processing /home/airflow/.local/lib/python3.7/site-packages/airflow/example_dags/tutorial_etl_dag.py took 0.430 seconds
[2023-10-27 14:24:50,587] {processor.py:153} INFO - Started process (PID=623) to work on /home/airflow/.local/lib/python3.7/site-packages/airflow/example_dags/tutorial_etl_dag.py
[2023-10-27 14:24:50,588] {processor.py:641} INFO - Processing file /home/airflow/.local/lib/python3.7/site-packages/airflow/example_dags/tutorial_etl_dag.py for tasks to queue
[2023-10-27 14:24:50,589] {logging_mixin.py:115} INFO - [2023-10-27 14:24:50,589] {dagbag.py:507} INFO - Filling up the DagBag from /home/airflow/.local/lib/python3.7/site-packages/airflow/example_dags/tutorial_etl_dag.py
[2023-10-27 14:24:50,610] {processor.py:651} INFO - DAG(s) dict_keys(['tutorial_etl_dag']) retrieved from /home/airflow/.local/lib/python3.7/site-packages/airflow/example_dags/tutorial_etl_dag.py
[2023-10-27 14:24:50,666] {logging_mixin.py:115} INFO - [2023-10-27 14:24:50,666] {dag.py:2371} INFO - Sync 1 DAGs
[2023-10-27 14:24:50,984] {logging_mixin.py:115} INFO - [2023-10-27 14:24:50,984] {dag.py:2919} INFO - Setting next_dagrun for tutorial_etl_dag to None, run_after=None
[2023-10-27 14:24:51,028] {processor.py:161} INFO - Processing /home/airflow/.local/lib/python3.7/site-packages/airflow/example_dags/tutorial_etl_dag.py took 0.443 seconds
[2023-10-27 14:25:21,659] {processor.py:153} INFO - Started process (PID=684) to work on /home/airflow/.local/lib/python3.7/site-packages/airflow/example_dags/tutorial_etl_dag.py
[2023-10-27 14:25:21,660] {processor.py:641} INFO - Processing file /home/airflow/.local/lib/python3.7/site-packages/airflow/example_dags/tutorial_etl_dag.py for tasks to queue
[2023-10-27 14:25:21,660] {logging_mixin.py:115} INFO - [2023-10-27 14:25:21,660] {dagbag.py:507} INFO - Filling up the DagBag from /home/airflow/.local/lib/python3.7/site-packages/airflow/example_dags/tutorial_etl_dag.py
[2023-10-27 14:25:21,670] {processor.py:651} INFO - DAG(s) dict_keys(['tutorial_etl_dag']) retrieved from /home/airflow/.local/lib/python3.7/site-packages/airflow/example_dags/tutorial_etl_dag.py
[2023-10-27 14:25:21,704] {logging_mixin.py:115} INFO - [2023-10-27 14:25:21,704] {dag.py:2371} INFO - Sync 1 DAGs
[2023-10-27 14:25:22,002] {logging_mixin.py:115} INFO - [2023-10-27 14:25:22,002] {dag.py:2919} INFO - Setting next_dagrun for tutorial_etl_dag to None, run_after=None
[2023-10-27 14:25:22,060] {processor.py:161} INFO - Processing /home/airflow/.local/lib/python3.7/site-packages/airflow/example_dags/tutorial_etl_dag.py took 0.404 seconds
[2023-10-27 14:25:52,498] {processor.py:153} INFO - Started process (PID=736) to work on /home/airflow/.local/lib/python3.7/site-packages/airflow/example_dags/tutorial_etl_dag.py
[2023-10-27 14:25:52,499] {processor.py:641} INFO - Processing file /home/airflow/.local/lib/python3.7/site-packages/airflow/example_dags/tutorial_etl_dag.py for tasks to queue
[2023-10-27 14:25:52,499] {logging_mixin.py:115} INFO - [2023-10-27 14:25:52,499] {dagbag.py:507} INFO - Filling up the DagBag from /home/airflow/.local/lib/python3.7/site-packages/airflow/example_dags/tutorial_etl_dag.py
[2023-10-27 14:25:52,512] {processor.py:651} INFO - DAG(s) dict_keys(['tutorial_etl_dag']) retrieved from /home/airflow/.local/lib/python3.7/site-packages/airflow/example_dags/tutorial_etl_dag.py
[2023-10-27 14:25:52,578] {logging_mixin.py:115} INFO - [2023-10-27 14:25:52,578] {dag.py:2371} INFO - Sync 1 DAGs
[2023-10-27 14:25:52,756] {logging_mixin.py:115} INFO - [2023-10-27 14:25:52,756] {dag.py:2919} INFO - Setting next_dagrun for tutorial_etl_dag to None, run_after=None
[2023-10-27 14:25:52,770] {processor.py:161} INFO - Processing /home/airflow/.local/lib/python3.7/site-packages/airflow/example_dags/tutorial_etl_dag.py took 0.279 seconds
[2023-10-27 14:26:22,872] {processor.py:153} INFO - Started process (PID=797) to work on /home/airflow/.local/lib/python3.7/site-packages/airflow/example_dags/tutorial_etl_dag.py
[2023-10-27 14:26:22,873] {processor.py:641} INFO - Processing file /home/airflow/.local/lib/python3.7/site-packages/airflow/example_dags/tutorial_etl_dag.py for tasks to queue
[2023-10-27 14:26:22,874] {logging_mixin.py:115} INFO - [2023-10-27 14:26:22,874] {dagbag.py:507} INFO - Filling up the DagBag from /home/airflow/.local/lib/python3.7/site-packages/airflow/example_dags/tutorial_etl_dag.py
[2023-10-27 14:26:22,880] {processor.py:651} INFO - DAG(s) dict_keys(['tutorial_etl_dag']) retrieved from /home/airflow/.local/lib/python3.7/site-packages/airflow/example_dags/tutorial_etl_dag.py
[2023-10-27 14:26:22,914] {logging_mixin.py:115} INFO - [2023-10-27 14:26:22,914] {dag.py:2371} INFO - Sync 1 DAGs
[2023-10-27 14:26:23,078] {logging_mixin.py:115} INFO - [2023-10-27 14:26:23,078] {dag.py:2919} INFO - Setting next_dagrun for tutorial_etl_dag to None, run_after=None
[2023-10-27 14:26:23,091] {processor.py:161} INFO - Processing /home/airflow/.local/lib/python3.7/site-packages/airflow/example_dags/tutorial_etl_dag.py took 0.222 seconds
[2023-10-27 14:26:53,214] {processor.py:153} INFO - Started process (PID=849) to work on /home/airflow/.local/lib/python3.7/site-packages/airflow/example_dags/tutorial_etl_dag.py
[2023-10-27 14:26:53,215] {processor.py:641} INFO - Processing file /home/airflow/.local/lib/python3.7/site-packages/airflow/example_dags/tutorial_etl_dag.py for tasks to queue
[2023-10-27 14:26:53,216] {logging_mixin.py:115} INFO - [2023-10-27 14:26:53,216] {dagbag.py:507} INFO - Filling up the DagBag from /home/airflow/.local/lib/python3.7/site-packages/airflow/example_dags/tutorial_etl_dag.py
[2023-10-27 14:26:53,224] {processor.py:651} INFO - DAG(s) dict_keys(['tutorial_etl_dag']) retrieved from /home/airflow/.local/lib/python3.7/site-packages/airflow/example_dags/tutorial_etl_dag.py
[2023-10-27 14:26:53,258] {logging_mixin.py:115} INFO - [2023-10-27 14:26:53,258] {dag.py:2371} INFO - Sync 1 DAGs
[2023-10-27 14:26:53,471] {logging_mixin.py:115} INFO - [2023-10-27 14:26:53,471] {dag.py:2919} INFO - Setting next_dagrun for tutorial_etl_dag to None, run_after=None
[2023-10-27 14:26:53,516] {processor.py:161} INFO - Processing /home/airflow/.local/lib/python3.7/site-packages/airflow/example_dags/tutorial_etl_dag.py took 0.305 seconds
[2023-10-27 14:27:23,549] {processor.py:153} INFO - Started process (PID=909) to work on /home/airflow/.local/lib/python3.7/site-packages/airflow/example_dags/tutorial_etl_dag.py
[2023-10-27 14:27:23,550] {processor.py:641} INFO - Processing file /home/airflow/.local/lib/python3.7/site-packages/airflow/example_dags/tutorial_etl_dag.py for tasks to queue
[2023-10-27 14:27:23,551] {logging_mixin.py:115} INFO - [2023-10-27 14:27:23,551] {dagbag.py:507} INFO - Filling up the DagBag from /home/airflow/.local/lib/python3.7/site-packages/airflow/example_dags/tutorial_etl_dag.py
[2023-10-27 14:27:23,558] {processor.py:651} INFO - DAG(s) dict_keys(['tutorial_etl_dag']) retrieved from /home/airflow/.local/lib/python3.7/site-packages/airflow/example_dags/tutorial_etl_dag.py
[2023-10-27 14:27:23,590] {logging_mixin.py:115} INFO - [2023-10-27 14:27:23,590] {dag.py:2371} INFO - Sync 1 DAGs
[2023-10-27 14:27:23,771] {logging_mixin.py:115} INFO - [2023-10-27 14:27:23,771] {dag.py:2919} INFO - Setting next_dagrun for tutorial_etl_dag to None, run_after=None
[2023-10-27 14:27:23,783] {processor.py:161} INFO - Processing /home/airflow/.local/lib/python3.7/site-packages/airflow/example_dags/tutorial_etl_dag.py took 0.237 seconds
[2023-10-27 14:27:54,252] {processor.py:153} INFO - Started process (PID=962) to work on /home/airflow/.local/lib/python3.7/site-packages/airflow/example_dags/tutorial_etl_dag.py
[2023-10-27 14:27:54,253] {processor.py:641} INFO - Processing file /home/airflow/.local/lib/python3.7/site-packages/airflow/example_dags/tutorial_etl_dag.py for tasks to queue
[2023-10-27 14:27:54,253] {logging_mixin.py:115} INFO - [2023-10-27 14:27:54,253] {dagbag.py:507} INFO - Filling up the DagBag from /home/airflow/.local/lib/python3.7/site-packages/airflow/example_dags/tutorial_etl_dag.py
[2023-10-27 14:27:54,262] {processor.py:651} INFO - DAG(s) dict_keys(['tutorial_etl_dag']) retrieved from /home/airflow/.local/lib/python3.7/site-packages/airflow/example_dags/tutorial_etl_dag.py
[2023-10-27 14:27:54,295] {logging_mixin.py:115} INFO - [2023-10-27 14:27:54,294] {dag.py:2371} INFO - Sync 1 DAGs
[2023-10-27 14:27:54,493] {logging_mixin.py:115} INFO - [2023-10-27 14:27:54,493] {dag.py:2919} INFO - Setting next_dagrun for tutorial_etl_dag to None, run_after=None
[2023-10-27 14:27:54,506] {processor.py:161} INFO - Processing /home/airflow/.local/lib/python3.7/site-packages/airflow/example_dags/tutorial_etl_dag.py took 0.258 seconds
[2023-10-27 14:28:24,889] {processor.py:153} INFO - Started process (PID=1023) to work on /home/airflow/.local/lib/python3.7/site-packages/airflow/example_dags/tutorial_etl_dag.py
[2023-10-27 14:28:24,890] {processor.py:641} INFO - Processing file /home/airflow/.local/lib/python3.7/site-packages/airflow/example_dags/tutorial_etl_dag.py for tasks to queue
[2023-10-27 14:28:24,891] {logging_mixin.py:115} INFO - [2023-10-27 14:28:24,891] {dagbag.py:507} INFO - Filling up the DagBag from /home/airflow/.local/lib/python3.7/site-packages/airflow/example_dags/tutorial_etl_dag.py
[2023-10-27 14:28:24,900] {processor.py:651} INFO - DAG(s) dict_keys(['tutorial_etl_dag']) retrieved from /home/airflow/.local/lib/python3.7/site-packages/airflow/example_dags/tutorial_etl_dag.py
[2023-10-27 14:28:24,935] {logging_mixin.py:115} INFO - [2023-10-27 14:28:24,935] {dag.py:2371} INFO - Sync 1 DAGs
[2023-10-27 14:28:25,101] {logging_mixin.py:115} INFO - [2023-10-27 14:28:25,101] {dag.py:2919} INFO - Setting next_dagrun for tutorial_etl_dag to None, run_after=None
[2023-10-27 14:28:25,114] {processor.py:161} INFO - Processing /home/airflow/.local/lib/python3.7/site-packages/airflow/example_dags/tutorial_etl_dag.py took 0.228 seconds
[2023-10-27 14:28:55,413] {processor.py:153} INFO - Started process (PID=1076) to work on /home/airflow/.local/lib/python3.7/site-packages/airflow/example_dags/tutorial_etl_dag.py
[2023-10-27 14:28:55,414] {processor.py:641} INFO - Processing file /home/airflow/.local/lib/python3.7/site-packages/airflow/example_dags/tutorial_etl_dag.py for tasks to queue
[2023-10-27 14:28:55,414] {logging_mixin.py:115} INFO - [2023-10-27 14:28:55,414] {dagbag.py:507} INFO - Filling up the DagBag from /home/airflow/.local/lib/python3.7/site-packages/airflow/example_dags/tutorial_etl_dag.py
[2023-10-27 14:28:55,421] {processor.py:651} INFO - DAG(s) dict_keys(['tutorial_etl_dag']) retrieved from /home/airflow/.local/lib/python3.7/site-packages/airflow/example_dags/tutorial_etl_dag.py
[2023-10-27 14:28:55,453] {logging_mixin.py:115} INFO - [2023-10-27 14:28:55,453] {dag.py:2371} INFO - Sync 1 DAGs
[2023-10-27 14:28:55,613] {logging_mixin.py:115} INFO - [2023-10-27 14:28:55,612] {dag.py:2919} INFO - Setting next_dagrun for tutorial_etl_dag to None, run_after=None
[2023-10-27 14:28:55,626] {processor.py:161} INFO - Processing /home/airflow/.local/lib/python3.7/site-packages/airflow/example_dags/tutorial_etl_dag.py took 0.216 seconds
[2023-10-27 14:29:25,914] {processor.py:153} INFO - Started process (PID=1137) to work on /home/airflow/.local/lib/python3.7/site-packages/airflow/example_dags/tutorial_etl_dag.py
[2023-10-27 14:29:25,915] {processor.py:641} INFO - Processing file /home/airflow/.local/lib/python3.7/site-packages/airflow/example_dags/tutorial_etl_dag.py for tasks to queue
[2023-10-27 14:29:25,915] {logging_mixin.py:115} INFO - [2023-10-27 14:29:25,915] {dagbag.py:507} INFO - Filling up the DagBag from /home/airflow/.local/lib/python3.7/site-packages/airflow/example_dags/tutorial_etl_dag.py
[2023-10-27 14:29:25,923] {processor.py:651} INFO - DAG(s) dict_keys(['tutorial_etl_dag']) retrieved from /home/airflow/.local/lib/python3.7/site-packages/airflow/example_dags/tutorial_etl_dag.py
[2023-10-27 14:29:25,958] {logging_mixin.py:115} INFO - [2023-10-27 14:29:25,958] {dag.py:2371} INFO - Sync 1 DAGs
[2023-10-27 14:29:26,145] {logging_mixin.py:115} INFO - [2023-10-27 14:29:26,144] {dag.py:2919} INFO - Setting next_dagrun for tutorial_etl_dag to None, run_after=None
[2023-10-27 14:29:26,157] {processor.py:161} INFO - Processing /home/airflow/.local/lib/python3.7/site-packages/airflow/example_dags/tutorial_etl_dag.py took 0.247 seconds
[2023-10-27 14:29:56,307] {processor.py:153} INFO - Started process (PID=1190) to work on /home/airflow/.local/lib/python3.7/site-packages/airflow/example_dags/tutorial_etl_dag.py
[2023-10-27 14:29:56,309] {processor.py:641} INFO - Processing file /home/airflow/.local/lib/python3.7/site-packages/airflow/example_dags/tutorial_etl_dag.py for tasks to queue
[2023-10-27 14:29:56,309] {logging_mixin.py:115} INFO - [2023-10-27 14:29:56,309] {dagbag.py:507} INFO - Filling up the DagBag from /home/airflow/.local/lib/python3.7/site-packages/airflow/example_dags/tutorial_etl_dag.py
[2023-10-27 14:29:56,317] {processor.py:651} INFO - DAG(s) dict_keys(['tutorial_etl_dag']) retrieved from /home/airflow/.local/lib/python3.7/site-packages/airflow/example_dags/tutorial_etl_dag.py
[2023-10-27 14:29:56,346] {logging_mixin.py:115} INFO - [2023-10-27 14:29:56,346] {dag.py:2371} INFO - Sync 1 DAGs
[2023-10-27 14:29:56,366] {logging_mixin.py:115} INFO - [2023-10-27 14:29:56,366] {dag.py:2919} INFO - Setting next_dagrun for tutorial_etl_dag to None, run_after=None
[2023-10-27 14:29:56,384] {processor.py:161} INFO - Processing /home/airflow/.local/lib/python3.7/site-packages/airflow/example_dags/tutorial_etl_dag.py took 0.080 seconds
[2023-10-27 14:30:26,613] {processor.py:153} INFO - Started process (PID=1251) to work on /home/airflow/.local/lib/python3.7/site-packages/airflow/example_dags/tutorial_etl_dag.py
[2023-10-27 14:30:26,614] {processor.py:641} INFO - Processing file /home/airflow/.local/lib/python3.7/site-packages/airflow/example_dags/tutorial_etl_dag.py for tasks to queue
[2023-10-27 14:30:26,614] {logging_mixin.py:115} INFO - [2023-10-27 14:30:26,614] {dagbag.py:507} INFO - Filling up the DagBag from /home/airflow/.local/lib/python3.7/site-packages/airflow/example_dags/tutorial_etl_dag.py
[2023-10-27 14:30:26,627] {processor.py:651} INFO - DAG(s) dict_keys(['tutorial_etl_dag']) retrieved from /home/airflow/.local/lib/python3.7/site-packages/airflow/example_dags/tutorial_etl_dag.py
[2023-10-27 14:30:26,668] {logging_mixin.py:115} INFO - [2023-10-27 14:30:26,668] {dag.py:2371} INFO - Sync 1 DAGs
[2023-10-27 14:30:26,686] {logging_mixin.py:115} INFO - [2023-10-27 14:30:26,686] {dag.py:2919} INFO - Setting next_dagrun for tutorial_etl_dag to None, run_after=None
[2023-10-27 14:30:26,699] {processor.py:161} INFO - Processing /home/airflow/.local/lib/python3.7/site-packages/airflow/example_dags/tutorial_etl_dag.py took 0.090 seconds
[2023-10-27 14:30:57,518] {processor.py:153} INFO - Started process (PID=1303) to work on /home/airflow/.local/lib/python3.7/site-packages/airflow/example_dags/tutorial_etl_dag.py
[2023-10-27 14:30:57,519] {processor.py:641} INFO - Processing file /home/airflow/.local/lib/python3.7/site-packages/airflow/example_dags/tutorial_etl_dag.py for tasks to queue
[2023-10-27 14:30:57,520] {logging_mixin.py:115} INFO - [2023-10-27 14:30:57,520] {dagbag.py:507} INFO - Filling up the DagBag from /home/airflow/.local/lib/python3.7/site-packages/airflow/example_dags/tutorial_etl_dag.py
[2023-10-27 14:30:57,534] {processor.py:651} INFO - DAG(s) dict_keys(['tutorial_etl_dag']) retrieved from /home/airflow/.local/lib/python3.7/site-packages/airflow/example_dags/tutorial_etl_dag.py
[2023-10-27 14:30:57,565] {logging_mixin.py:115} INFO - [2023-10-27 14:30:57,565] {dag.py:2371} INFO - Sync 1 DAGs
[2023-10-27 14:30:57,584] {logging_mixin.py:115} INFO - [2023-10-27 14:30:57,584] {dag.py:2919} INFO - Setting next_dagrun for tutorial_etl_dag to None, run_after=None
[2023-10-27 14:30:57,601] {processor.py:161} INFO - Processing /home/airflow/.local/lib/python3.7/site-packages/airflow/example_dags/tutorial_etl_dag.py took 0.086 seconds
[2023-10-27 14:31:27,641] {processor.py:153} INFO - Started process (PID=1364) to work on /home/airflow/.local/lib/python3.7/site-packages/airflow/example_dags/tutorial_etl_dag.py
[2023-10-27 14:31:27,642] {processor.py:641} INFO - Processing file /home/airflow/.local/lib/python3.7/site-packages/airflow/example_dags/tutorial_etl_dag.py for tasks to queue
[2023-10-27 14:31:27,642] {logging_mixin.py:115} INFO - [2023-10-27 14:31:27,642] {dagbag.py:507} INFO - Filling up the DagBag from /home/airflow/.local/lib/python3.7/site-packages/airflow/example_dags/tutorial_etl_dag.py
[2023-10-27 14:31:27,652] {processor.py:651} INFO - DAG(s) dict_keys(['tutorial_etl_dag']) retrieved from /home/airflow/.local/lib/python3.7/site-packages/airflow/example_dags/tutorial_etl_dag.py
[2023-10-27 14:31:27,681] {logging_mixin.py:115} INFO - [2023-10-27 14:31:27,681] {dag.py:2371} INFO - Sync 1 DAGs
[2023-10-27 14:31:27,699] {logging_mixin.py:115} INFO - [2023-10-27 14:31:27,699] {dag.py:2919} INFO - Setting next_dagrun for tutorial_etl_dag to None, run_after=None
[2023-10-27 14:31:27,712] {processor.py:161} INFO - Processing /home/airflow/.local/lib/python3.7/site-packages/airflow/example_dags/tutorial_etl_dag.py took 0.074 seconds
