[2023-10-27 14:19:44,973] {processor.py:153} INFO - Started process (PID=58) to work on /home/airflow/.local/lib/python3.7/site-packages/airflow/example_dags/tutorial_taskflow_api_etl.py
[2023-10-27 14:19:45,006] {processor.py:641} INFO - Processing file /home/airflow/.local/lib/python3.7/site-packages/airflow/example_dags/tutorial_taskflow_api_etl.py for tasks to queue
[2023-10-27 14:19:45,008] {logging_mixin.py:115} INFO - [2023-10-27 14:19:45,007] {dagbag.py:507} INFO - Filling up the DagBag from /home/airflow/.local/lib/python3.7/site-packages/airflow/example_dags/tutorial_taskflow_api_etl.py
[2023-10-27 14:19:45,055] {processor.py:651} INFO - DAG(s) dict_keys(['tutorial_taskflow_api_etl']) retrieved from /home/airflow/.local/lib/python3.7/site-packages/airflow/example_dags/tutorial_taskflow_api_etl.py
[2023-10-27 14:19:45,828] {logging_mixin.py:115} INFO - [2023-10-27 14:19:45,828] {manager.py:508} INFO - Created Permission View: can delete on DAG:tutorial_taskflow_api_etl
[2023-10-27 14:19:45,845] {logging_mixin.py:115} INFO - [2023-10-27 14:19:45,845] {manager.py:508} INFO - Created Permission View: can edit on DAG:tutorial_taskflow_api_etl
[2023-10-27 14:19:45,865] {logging_mixin.py:115} INFO - [2023-10-27 14:19:45,865] {manager.py:508} INFO - Created Permission View: can read on DAG:tutorial_taskflow_api_etl
[2023-10-27 14:19:45,866] {logging_mixin.py:115} INFO - [2023-10-27 14:19:45,866] {dag.py:2371} INFO - Sync 1 DAGs
[2023-10-27 14:19:45,880] {logging_mixin.py:115} INFO - [2023-10-27 14:19:45,880] {dag.py:2390} INFO - Creating ORM DAG for tutorial_taskflow_api_etl
[2023-10-27 14:19:45,897] {logging_mixin.py:115} INFO - [2023-10-27 14:19:45,897] {dag.py:2919} INFO - Setting next_dagrun for tutorial_taskflow_api_etl to None, run_after=None
[2023-10-27 14:19:45,932] {processor.py:161} INFO - Processing /home/airflow/.local/lib/python3.7/site-packages/airflow/example_dags/tutorial_taskflow_api_etl.py took 0.963 seconds
[2023-10-27 14:20:16,010] {processor.py:153} INFO - Started process (PID=110) to work on /home/airflow/.local/lib/python3.7/site-packages/airflow/example_dags/tutorial_taskflow_api_etl.py
[2023-10-27 14:20:16,011] {processor.py:641} INFO - Processing file /home/airflow/.local/lib/python3.7/site-packages/airflow/example_dags/tutorial_taskflow_api_etl.py for tasks to queue
[2023-10-27 14:20:16,012] {logging_mixin.py:115} INFO - [2023-10-27 14:20:16,012] {dagbag.py:507} INFO - Filling up the DagBag from /home/airflow/.local/lib/python3.7/site-packages/airflow/example_dags/tutorial_taskflow_api_etl.py
[2023-10-27 14:20:16,038] {processor.py:651} INFO - DAG(s) dict_keys(['tutorial_taskflow_api_etl']) retrieved from /home/airflow/.local/lib/python3.7/site-packages/airflow/example_dags/tutorial_taskflow_api_etl.py
[2023-10-27 14:20:16,235] {logging_mixin.py:115} INFO - [2023-10-27 14:20:16,235] {dag.py:2371} INFO - Sync 1 DAGs
[2023-10-27 14:20:16,251] {logging_mixin.py:115} INFO - [2023-10-27 14:20:16,251] {dag.py:2919} INFO - Setting next_dagrun for tutorial_taskflow_api_etl to None, run_after=None
[2023-10-27 14:20:16,266] {processor.py:161} INFO - Processing /home/airflow/.local/lib/python3.7/site-packages/airflow/example_dags/tutorial_taskflow_api_etl.py took 0.259 seconds
[2023-10-27 14:20:46,345] {processor.py:153} INFO - Started process (PID=171) to work on /home/airflow/.local/lib/python3.7/site-packages/airflow/example_dags/tutorial_taskflow_api_etl.py
[2023-10-27 14:20:46,346] {processor.py:641} INFO - Processing file /home/airflow/.local/lib/python3.7/site-packages/airflow/example_dags/tutorial_taskflow_api_etl.py for tasks to queue
[2023-10-27 14:20:46,346] {logging_mixin.py:115} INFO - [2023-10-27 14:20:46,346] {dagbag.py:507} INFO - Filling up the DagBag from /home/airflow/.local/lib/python3.7/site-packages/airflow/example_dags/tutorial_taskflow_api_etl.py
[2023-10-27 14:20:46,365] {processor.py:651} INFO - DAG(s) dict_keys(['tutorial_taskflow_api_etl']) retrieved from /home/airflow/.local/lib/python3.7/site-packages/airflow/example_dags/tutorial_taskflow_api_etl.py
[2023-10-27 14:20:46,586] {logging_mixin.py:115} INFO - [2023-10-27 14:20:46,586] {dag.py:2371} INFO - Sync 1 DAGs
[2023-10-27 14:20:46,601] {logging_mixin.py:115} INFO - [2023-10-27 14:20:46,601] {dag.py:2919} INFO - Setting next_dagrun for tutorial_taskflow_api_etl to None, run_after=None
[2023-10-27 14:20:46,619] {processor.py:161} INFO - Processing /home/airflow/.local/lib/python3.7/site-packages/airflow/example_dags/tutorial_taskflow_api_etl.py took 0.277 seconds
[2023-10-27 14:21:16,830] {processor.py:153} INFO - Started process (PID=232) to work on /home/airflow/.local/lib/python3.7/site-packages/airflow/example_dags/tutorial_taskflow_api_etl.py
[2023-10-27 14:21:16,831] {processor.py:641} INFO - Processing file /home/airflow/.local/lib/python3.7/site-packages/airflow/example_dags/tutorial_taskflow_api_etl.py for tasks to queue
[2023-10-27 14:21:16,832] {logging_mixin.py:115} INFO - [2023-10-27 14:21:16,831] {dagbag.py:507} INFO - Filling up the DagBag from /home/airflow/.local/lib/python3.7/site-packages/airflow/example_dags/tutorial_taskflow_api_etl.py
[2023-10-27 14:21:16,855] {processor.py:651} INFO - DAG(s) dict_keys(['tutorial_taskflow_api_etl']) retrieved from /home/airflow/.local/lib/python3.7/site-packages/airflow/example_dags/tutorial_taskflow_api_etl.py
[2023-10-27 14:21:17,072] {logging_mixin.py:115} INFO - [2023-10-27 14:21:17,072] {dag.py:2371} INFO - Sync 1 DAGs
[2023-10-27 14:21:17,092] {logging_mixin.py:115} INFO - [2023-10-27 14:21:17,092] {dag.py:2919} INFO - Setting next_dagrun for tutorial_taskflow_api_etl to None, run_after=None
[2023-10-27 14:21:17,105] {processor.py:161} INFO - Processing /home/airflow/.local/lib/python3.7/site-packages/airflow/example_dags/tutorial_taskflow_api_etl.py took 0.278 seconds
[2023-10-27 14:21:47,520] {processor.py:153} INFO - Started process (PID=285) to work on /home/airflow/.local/lib/python3.7/site-packages/airflow/example_dags/tutorial_taskflow_api_etl.py
[2023-10-27 14:21:47,520] {processor.py:641} INFO - Processing file /home/airflow/.local/lib/python3.7/site-packages/airflow/example_dags/tutorial_taskflow_api_etl.py for tasks to queue
[2023-10-27 14:21:47,521] {logging_mixin.py:115} INFO - [2023-10-27 14:21:47,521] {dagbag.py:507} INFO - Filling up the DagBag from /home/airflow/.local/lib/python3.7/site-packages/airflow/example_dags/tutorial_taskflow_api_etl.py
[2023-10-27 14:21:47,536] {processor.py:651} INFO - DAG(s) dict_keys(['tutorial_taskflow_api_etl']) retrieved from /home/airflow/.local/lib/python3.7/site-packages/airflow/example_dags/tutorial_taskflow_api_etl.py
[2023-10-27 14:21:47,739] {logging_mixin.py:115} INFO - [2023-10-27 14:21:47,739] {dag.py:2371} INFO - Sync 1 DAGs
[2023-10-27 14:21:47,758] {logging_mixin.py:115} INFO - [2023-10-27 14:21:47,757] {dag.py:2919} INFO - Setting next_dagrun for tutorial_taskflow_api_etl to None, run_after=None
[2023-10-27 14:21:47,769] {processor.py:161} INFO - Processing /home/airflow/.local/lib/python3.7/site-packages/airflow/example_dags/tutorial_taskflow_api_etl.py took 0.252 seconds
[2023-10-27 14:22:17,972] {processor.py:153} INFO - Started process (PID=337) to work on /home/airflow/.local/lib/python3.7/site-packages/airflow/example_dags/tutorial_taskflow_api_etl.py
[2023-10-27 14:22:17,976] {processor.py:641} INFO - Processing file /home/airflow/.local/lib/python3.7/site-packages/airflow/example_dags/tutorial_taskflow_api_etl.py for tasks to queue
[2023-10-27 14:22:17,976] {logging_mixin.py:115} INFO - [2023-10-27 14:22:17,976] {dagbag.py:507} INFO - Filling up the DagBag from /home/airflow/.local/lib/python3.7/site-packages/airflow/example_dags/tutorial_taskflow_api_etl.py
[2023-10-27 14:22:17,993] {processor.py:651} INFO - DAG(s) dict_keys(['tutorial_taskflow_api_etl']) retrieved from /home/airflow/.local/lib/python3.7/site-packages/airflow/example_dags/tutorial_taskflow_api_etl.py
[2023-10-27 14:22:18,020] {logging_mixin.py:115} INFO - [2023-10-27 14:22:18,020] {dag.py:2371} INFO - Sync 1 DAGs
[2023-10-27 14:22:18,188] {logging_mixin.py:115} INFO - [2023-10-27 14:22:18,188] {dag.py:2919} INFO - Setting next_dagrun for tutorial_taskflow_api_etl to None, run_after=None
[2023-10-27 14:22:18,202] {processor.py:161} INFO - Processing /home/airflow/.local/lib/python3.7/site-packages/airflow/example_dags/tutorial_taskflow_api_etl.py took 0.233 seconds
[2023-10-27 14:22:48,508] {processor.py:153} INFO - Started process (PID=398) to work on /home/airflow/.local/lib/python3.7/site-packages/airflow/example_dags/tutorial_taskflow_api_etl.py
[2023-10-27 14:22:48,509] {processor.py:641} INFO - Processing file /home/airflow/.local/lib/python3.7/site-packages/airflow/example_dags/tutorial_taskflow_api_etl.py for tasks to queue
[2023-10-27 14:22:48,511] {logging_mixin.py:115} INFO - [2023-10-27 14:22:48,510] {dagbag.py:507} INFO - Filling up the DagBag from /home/airflow/.local/lib/python3.7/site-packages/airflow/example_dags/tutorial_taskflow_api_etl.py
[2023-10-27 14:22:48,532] {processor.py:651} INFO - DAG(s) dict_keys(['tutorial_taskflow_api_etl']) retrieved from /home/airflow/.local/lib/python3.7/site-packages/airflow/example_dags/tutorial_taskflow_api_etl.py
[2023-10-27 14:22:48,737] {logging_mixin.py:115} INFO - [2023-10-27 14:22:48,737] {dag.py:2371} INFO - Sync 1 DAGs
[2023-10-27 14:22:48,751] {logging_mixin.py:115} INFO - [2023-10-27 14:22:48,751] {dag.py:2919} INFO - Setting next_dagrun for tutorial_taskflow_api_etl to None, run_after=None
[2023-10-27 14:22:48,766] {processor.py:161} INFO - Processing /home/airflow/.local/lib/python3.7/site-packages/airflow/example_dags/tutorial_taskflow_api_etl.py took 0.262 seconds
[2023-10-27 14:23:19,069] {processor.py:153} INFO - Started process (PID=460) to work on /home/airflow/.local/lib/python3.7/site-packages/airflow/example_dags/tutorial_taskflow_api_etl.py
[2023-10-27 14:23:19,071] {processor.py:641} INFO - Processing file /home/airflow/.local/lib/python3.7/site-packages/airflow/example_dags/tutorial_taskflow_api_etl.py for tasks to queue
[2023-10-27 14:23:19,074] {logging_mixin.py:115} INFO - [2023-10-27 14:23:19,073] {dagbag.py:507} INFO - Filling up the DagBag from /home/airflow/.local/lib/python3.7/site-packages/airflow/example_dags/tutorial_taskflow_api_etl.py
[2023-10-27 14:23:19,090] {processor.py:651} INFO - DAG(s) dict_keys(['tutorial_taskflow_api_etl']) retrieved from /home/airflow/.local/lib/python3.7/site-packages/airflow/example_dags/tutorial_taskflow_api_etl.py
[2023-10-27 14:23:19,304] {logging_mixin.py:115} INFO - [2023-10-27 14:23:19,304] {dag.py:2371} INFO - Sync 1 DAGs
[2023-10-27 14:23:19,324] {logging_mixin.py:115} INFO - [2023-10-27 14:23:19,324] {dag.py:2919} INFO - Setting next_dagrun for tutorial_taskflow_api_etl to None, run_after=None
[2023-10-27 14:23:19,337] {processor.py:161} INFO - Processing /home/airflow/.local/lib/python3.7/site-packages/airflow/example_dags/tutorial_taskflow_api_etl.py took 0.272 seconds
[2023-10-27 14:23:49,681] {processor.py:153} INFO - Started process (PID=512) to work on /home/airflow/.local/lib/python3.7/site-packages/airflow/example_dags/tutorial_taskflow_api_etl.py
[2023-10-27 14:23:49,682] {processor.py:641} INFO - Processing file /home/airflow/.local/lib/python3.7/site-packages/airflow/example_dags/tutorial_taskflow_api_etl.py for tasks to queue
[2023-10-27 14:23:49,682] {logging_mixin.py:115} INFO - [2023-10-27 14:23:49,682] {dagbag.py:507} INFO - Filling up the DagBag from /home/airflow/.local/lib/python3.7/site-packages/airflow/example_dags/tutorial_taskflow_api_etl.py
[2023-10-27 14:23:49,701] {processor.py:651} INFO - DAG(s) dict_keys(['tutorial_taskflow_api_etl']) retrieved from /home/airflow/.local/lib/python3.7/site-packages/airflow/example_dags/tutorial_taskflow_api_etl.py
[2023-10-27 14:23:49,897] {logging_mixin.py:115} INFO - [2023-10-27 14:23:49,897] {dag.py:2371} INFO - Sync 1 DAGs
[2023-10-27 14:23:49,912] {logging_mixin.py:115} INFO - [2023-10-27 14:23:49,912] {dag.py:2919} INFO - Setting next_dagrun for tutorial_taskflow_api_etl to None, run_after=None
[2023-10-27 14:23:49,924] {processor.py:161} INFO - Processing /home/airflow/.local/lib/python3.7/site-packages/airflow/example_dags/tutorial_taskflow_api_etl.py took 0.246 seconds
[2023-10-27 14:24:20,428] {processor.py:153} INFO - Started process (PID=573) to work on /home/airflow/.local/lib/python3.7/site-packages/airflow/example_dags/tutorial_taskflow_api_etl.py
[2023-10-27 14:24:20,428] {processor.py:641} INFO - Processing file /home/airflow/.local/lib/python3.7/site-packages/airflow/example_dags/tutorial_taskflow_api_etl.py for tasks to queue
[2023-10-27 14:24:20,429] {logging_mixin.py:115} INFO - [2023-10-27 14:24:20,429] {dagbag.py:507} INFO - Filling up the DagBag from /home/airflow/.local/lib/python3.7/site-packages/airflow/example_dags/tutorial_taskflow_api_etl.py
[2023-10-27 14:24:20,445] {processor.py:651} INFO - DAG(s) dict_keys(['tutorial_taskflow_api_etl']) retrieved from /home/airflow/.local/lib/python3.7/site-packages/airflow/example_dags/tutorial_taskflow_api_etl.py
[2023-10-27 14:24:20,690] {logging_mixin.py:115} INFO - [2023-10-27 14:24:20,690] {dag.py:2371} INFO - Sync 1 DAGs
[2023-10-27 14:24:20,709] {logging_mixin.py:115} INFO - [2023-10-27 14:24:20,709] {dag.py:2919} INFO - Setting next_dagrun for tutorial_taskflow_api_etl to None, run_after=None
[2023-10-27 14:24:20,723] {processor.py:161} INFO - Processing /home/airflow/.local/lib/python3.7/site-packages/airflow/example_dags/tutorial_taskflow_api_etl.py took 0.298 seconds
[2023-10-27 14:24:51,136] {processor.py:153} INFO - Started process (PID=625) to work on /home/airflow/.local/lib/python3.7/site-packages/airflow/example_dags/tutorial_taskflow_api_etl.py
[2023-10-27 14:24:51,137] {processor.py:641} INFO - Processing file /home/airflow/.local/lib/python3.7/site-packages/airflow/example_dags/tutorial_taskflow_api_etl.py for tasks to queue
[2023-10-27 14:24:51,138] {logging_mixin.py:115} INFO - [2023-10-27 14:24:51,137] {dagbag.py:507} INFO - Filling up the DagBag from /home/airflow/.local/lib/python3.7/site-packages/airflow/example_dags/tutorial_taskflow_api_etl.py
[2023-10-27 14:24:51,188] {processor.py:651} INFO - DAG(s) dict_keys(['tutorial_taskflow_api_etl']) retrieved from /home/airflow/.local/lib/python3.7/site-packages/airflow/example_dags/tutorial_taskflow_api_etl.py
[2023-10-27 14:24:51,519] {logging_mixin.py:115} INFO - [2023-10-27 14:24:51,519] {dag.py:2371} INFO - Sync 1 DAGs
[2023-10-27 14:24:51,542] {logging_mixin.py:115} INFO - [2023-10-27 14:24:51,542] {dag.py:2919} INFO - Setting next_dagrun for tutorial_taskflow_api_etl to None, run_after=None
[2023-10-27 14:24:51,558] {processor.py:161} INFO - Processing /home/airflow/.local/lib/python3.7/site-packages/airflow/example_dags/tutorial_taskflow_api_etl.py took 0.426 seconds
[2023-10-27 14:25:22,209] {processor.py:153} INFO - Started process (PID=686) to work on /home/airflow/.local/lib/python3.7/site-packages/airflow/example_dags/tutorial_taskflow_api_etl.py
[2023-10-27 14:25:22,210] {processor.py:641} INFO - Processing file /home/airflow/.local/lib/python3.7/site-packages/airflow/example_dags/tutorial_taskflow_api_etl.py for tasks to queue
[2023-10-27 14:25:22,211] {logging_mixin.py:115} INFO - [2023-10-27 14:25:22,210] {dagbag.py:507} INFO - Filling up the DagBag from /home/airflow/.local/lib/python3.7/site-packages/airflow/example_dags/tutorial_taskflow_api_etl.py
[2023-10-27 14:25:22,282] {processor.py:651} INFO - DAG(s) dict_keys(['tutorial_taskflow_api_etl']) retrieved from /home/airflow/.local/lib/python3.7/site-packages/airflow/example_dags/tutorial_taskflow_api_etl.py
[2023-10-27 14:25:22,591] {logging_mixin.py:115} INFO - [2023-10-27 14:25:22,591] {dag.py:2371} INFO - Sync 1 DAGs
[2023-10-27 14:25:22,608] {logging_mixin.py:115} INFO - [2023-10-27 14:25:22,608] {dag.py:2919} INFO - Setting next_dagrun for tutorial_taskflow_api_etl to None, run_after=None
[2023-10-27 14:25:22,624] {processor.py:161} INFO - Processing /home/airflow/.local/lib/python3.7/site-packages/airflow/example_dags/tutorial_taskflow_api_etl.py took 0.422 seconds
[2023-10-27 14:25:53,236] {processor.py:153} INFO - Started process (PID=738) to work on /home/airflow/.local/lib/python3.7/site-packages/airflow/example_dags/tutorial_taskflow_api_etl.py
[2023-10-27 14:25:53,237] {processor.py:641} INFO - Processing file /home/airflow/.local/lib/python3.7/site-packages/airflow/example_dags/tutorial_taskflow_api_etl.py for tasks to queue
[2023-10-27 14:25:53,238] {logging_mixin.py:115} INFO - [2023-10-27 14:25:53,237] {dagbag.py:507} INFO - Filling up the DagBag from /home/airflow/.local/lib/python3.7/site-packages/airflow/example_dags/tutorial_taskflow_api_etl.py
[2023-10-27 14:25:53,260] {processor.py:651} INFO - DAG(s) dict_keys(['tutorial_taskflow_api_etl']) retrieved from /home/airflow/.local/lib/python3.7/site-packages/airflow/example_dags/tutorial_taskflow_api_etl.py
[2023-10-27 14:25:53,452] {logging_mixin.py:115} INFO - [2023-10-27 14:25:53,452] {dag.py:2371} INFO - Sync 1 DAGs
[2023-10-27 14:25:53,484] {logging_mixin.py:115} INFO - [2023-10-27 14:25:53,484] {dag.py:2919} INFO - Setting next_dagrun for tutorial_taskflow_api_etl to None, run_after=None
[2023-10-27 14:25:53,535] {processor.py:161} INFO - Processing /home/airflow/.local/lib/python3.7/site-packages/airflow/example_dags/tutorial_taskflow_api_etl.py took 0.303 seconds
[2023-10-27 14:26:24,122] {processor.py:153} INFO - Started process (PID=799) to work on /home/airflow/.local/lib/python3.7/site-packages/airflow/example_dags/tutorial_taskflow_api_etl.py
[2023-10-27 14:26:24,123] {processor.py:641} INFO - Processing file /home/airflow/.local/lib/python3.7/site-packages/airflow/example_dags/tutorial_taskflow_api_etl.py for tasks to queue
[2023-10-27 14:26:24,123] {logging_mixin.py:115} INFO - [2023-10-27 14:26:24,123] {dagbag.py:507} INFO - Filling up the DagBag from /home/airflow/.local/lib/python3.7/site-packages/airflow/example_dags/tutorial_taskflow_api_etl.py
[2023-10-27 14:26:24,146] {processor.py:651} INFO - DAG(s) dict_keys(['tutorial_taskflow_api_etl']) retrieved from /home/airflow/.local/lib/python3.7/site-packages/airflow/example_dags/tutorial_taskflow_api_etl.py
[2023-10-27 14:26:24,357] {logging_mixin.py:115} INFO - [2023-10-27 14:26:24,356] {dag.py:2371} INFO - Sync 1 DAGs
[2023-10-27 14:26:24,376] {logging_mixin.py:115} INFO - [2023-10-27 14:26:24,376] {dag.py:2919} INFO - Setting next_dagrun for tutorial_taskflow_api_etl to None, run_after=None
[2023-10-27 14:26:24,388] {processor.py:161} INFO - Processing /home/airflow/.local/lib/python3.7/site-packages/airflow/example_dags/tutorial_taskflow_api_etl.py took 0.269 seconds
[2023-10-27 14:26:54,558] {processor.py:153} INFO - Started process (PID=851) to work on /home/airflow/.local/lib/python3.7/site-packages/airflow/example_dags/tutorial_taskflow_api_etl.py
[2023-10-27 14:26:54,560] {processor.py:641} INFO - Processing file /home/airflow/.local/lib/python3.7/site-packages/airflow/example_dags/tutorial_taskflow_api_etl.py for tasks to queue
[2023-10-27 14:26:54,560] {logging_mixin.py:115} INFO - [2023-10-27 14:26:54,560] {dagbag.py:507} INFO - Filling up the DagBag from /home/airflow/.local/lib/python3.7/site-packages/airflow/example_dags/tutorial_taskflow_api_etl.py
[2023-10-27 14:26:54,579] {processor.py:651} INFO - DAG(s) dict_keys(['tutorial_taskflow_api_etl']) retrieved from /home/airflow/.local/lib/python3.7/site-packages/airflow/example_dags/tutorial_taskflow_api_etl.py
[2023-10-27 14:26:54,745] {logging_mixin.py:115} INFO - [2023-10-27 14:26:54,745] {dag.py:2371} INFO - Sync 1 DAGs
[2023-10-27 14:26:54,761] {logging_mixin.py:115} INFO - [2023-10-27 14:26:54,761] {dag.py:2919} INFO - Setting next_dagrun for tutorial_taskflow_api_etl to None, run_after=None
[2023-10-27 14:26:54,773] {processor.py:161} INFO - Processing /home/airflow/.local/lib/python3.7/site-packages/airflow/example_dags/tutorial_taskflow_api_etl.py took 0.218 seconds
[2023-10-27 14:27:24,808] {processor.py:153} INFO - Started process (PID=912) to work on /home/airflow/.local/lib/python3.7/site-packages/airflow/example_dags/tutorial_taskflow_api_etl.py
[2023-10-27 14:27:24,809] {processor.py:641} INFO - Processing file /home/airflow/.local/lib/python3.7/site-packages/airflow/example_dags/tutorial_taskflow_api_etl.py for tasks to queue
[2023-10-27 14:27:24,810] {logging_mixin.py:115} INFO - [2023-10-27 14:27:24,809] {dagbag.py:507} INFO - Filling up the DagBag from /home/airflow/.local/lib/python3.7/site-packages/airflow/example_dags/tutorial_taskflow_api_etl.py
[2023-10-27 14:27:24,828] {processor.py:651} INFO - DAG(s) dict_keys(['tutorial_taskflow_api_etl']) retrieved from /home/airflow/.local/lib/python3.7/site-packages/airflow/example_dags/tutorial_taskflow_api_etl.py
[2023-10-27 14:27:25,003] {logging_mixin.py:115} INFO - [2023-10-27 14:27:25,003] {dag.py:2371} INFO - Sync 1 DAGs
[2023-10-27 14:27:25,025] {logging_mixin.py:115} INFO - [2023-10-27 14:27:25,025] {dag.py:2919} INFO - Setting next_dagrun for tutorial_taskflow_api_etl to None, run_after=None
[2023-10-27 14:27:25,037] {processor.py:161} INFO - Processing /home/airflow/.local/lib/python3.7/site-packages/airflow/example_dags/tutorial_taskflow_api_etl.py took 0.232 seconds
[2023-10-27 14:27:55,271] {processor.py:153} INFO - Started process (PID=964) to work on /home/airflow/.local/lib/python3.7/site-packages/airflow/example_dags/tutorial_taskflow_api_etl.py
[2023-10-27 14:27:55,273] {processor.py:641} INFO - Processing file /home/airflow/.local/lib/python3.7/site-packages/airflow/example_dags/tutorial_taskflow_api_etl.py for tasks to queue
[2023-10-27 14:27:55,274] {logging_mixin.py:115} INFO - [2023-10-27 14:27:55,273] {dagbag.py:507} INFO - Filling up the DagBag from /home/airflow/.local/lib/python3.7/site-packages/airflow/example_dags/tutorial_taskflow_api_etl.py
[2023-10-27 14:27:55,294] {processor.py:651} INFO - DAG(s) dict_keys(['tutorial_taskflow_api_etl']) retrieved from /home/airflow/.local/lib/python3.7/site-packages/airflow/example_dags/tutorial_taskflow_api_etl.py
[2023-10-27 14:27:55,466] {logging_mixin.py:115} INFO - [2023-10-27 14:27:55,466] {dag.py:2371} INFO - Sync 1 DAGs
[2023-10-27 14:27:55,483] {logging_mixin.py:115} INFO - [2023-10-27 14:27:55,483] {dag.py:2919} INFO - Setting next_dagrun for tutorial_taskflow_api_etl to None, run_after=None
[2023-10-27 14:27:55,495] {processor.py:161} INFO - Processing /home/airflow/.local/lib/python3.7/site-packages/airflow/example_dags/tutorial_taskflow_api_etl.py took 0.228 seconds
[2023-10-27 14:28:26,150] {processor.py:153} INFO - Started process (PID=1025) to work on /home/airflow/.local/lib/python3.7/site-packages/airflow/example_dags/tutorial_taskflow_api_etl.py
[2023-10-27 14:28:26,151] {processor.py:641} INFO - Processing file /home/airflow/.local/lib/python3.7/site-packages/airflow/example_dags/tutorial_taskflow_api_etl.py for tasks to queue
[2023-10-27 14:28:26,152] {logging_mixin.py:115} INFO - [2023-10-27 14:28:26,152] {dagbag.py:507} INFO - Filling up the DagBag from /home/airflow/.local/lib/python3.7/site-packages/airflow/example_dags/tutorial_taskflow_api_etl.py
[2023-10-27 14:28:26,178] {processor.py:651} INFO - DAG(s) dict_keys(['tutorial_taskflow_api_etl']) retrieved from /home/airflow/.local/lib/python3.7/site-packages/airflow/example_dags/tutorial_taskflow_api_etl.py
[2023-10-27 14:28:26,343] {logging_mixin.py:115} INFO - [2023-10-27 14:28:26,343] {dag.py:2371} INFO - Sync 1 DAGs
[2023-10-27 14:28:26,360] {logging_mixin.py:115} INFO - [2023-10-27 14:28:26,360] {dag.py:2919} INFO - Setting next_dagrun for tutorial_taskflow_api_etl to None, run_after=None
[2023-10-27 14:28:26,374] {processor.py:161} INFO - Processing /home/airflow/.local/lib/python3.7/site-packages/airflow/example_dags/tutorial_taskflow_api_etl.py took 0.227 seconds
[2023-10-27 14:28:56,656] {processor.py:153} INFO - Started process (PID=1078) to work on /home/airflow/.local/lib/python3.7/site-packages/airflow/example_dags/tutorial_taskflow_api_etl.py
[2023-10-27 14:28:56,658] {processor.py:641} INFO - Processing file /home/airflow/.local/lib/python3.7/site-packages/airflow/example_dags/tutorial_taskflow_api_etl.py for tasks to queue
[2023-10-27 14:28:56,658] {logging_mixin.py:115} INFO - [2023-10-27 14:28:56,658] {dagbag.py:507} INFO - Filling up the DagBag from /home/airflow/.local/lib/python3.7/site-packages/airflow/example_dags/tutorial_taskflow_api_etl.py
[2023-10-27 14:28:56,681] {processor.py:651} INFO - DAG(s) dict_keys(['tutorial_taskflow_api_etl']) retrieved from /home/airflow/.local/lib/python3.7/site-packages/airflow/example_dags/tutorial_taskflow_api_etl.py
[2023-10-27 14:28:56,840] {logging_mixin.py:115} INFO - [2023-10-27 14:28:56,840] {dag.py:2371} INFO - Sync 1 DAGs
[2023-10-27 14:28:56,857] {logging_mixin.py:115} INFO - [2023-10-27 14:28:56,857] {dag.py:2919} INFO - Setting next_dagrun for tutorial_taskflow_api_etl to None, run_after=None
[2023-10-27 14:28:56,869] {processor.py:161} INFO - Processing /home/airflow/.local/lib/python3.7/site-packages/airflow/example_dags/tutorial_taskflow_api_etl.py took 0.216 seconds
[2023-10-27 14:29:27,186] {processor.py:153} INFO - Started process (PID=1139) to work on /home/airflow/.local/lib/python3.7/site-packages/airflow/example_dags/tutorial_taskflow_api_etl.py
[2023-10-27 14:29:27,188] {processor.py:641} INFO - Processing file /home/airflow/.local/lib/python3.7/site-packages/airflow/example_dags/tutorial_taskflow_api_etl.py for tasks to queue
[2023-10-27 14:29:27,188] {logging_mixin.py:115} INFO - [2023-10-27 14:29:27,188] {dagbag.py:507} INFO - Filling up the DagBag from /home/airflow/.local/lib/python3.7/site-packages/airflow/example_dags/tutorial_taskflow_api_etl.py
[2023-10-27 14:29:27,220] {processor.py:651} INFO - DAG(s) dict_keys(['tutorial_taskflow_api_etl']) retrieved from /home/airflow/.local/lib/python3.7/site-packages/airflow/example_dags/tutorial_taskflow_api_etl.py
[2023-10-27 14:29:27,410] {logging_mixin.py:115} INFO - [2023-10-27 14:29:27,409] {dag.py:2371} INFO - Sync 1 DAGs
[2023-10-27 14:29:27,430] {logging_mixin.py:115} INFO - [2023-10-27 14:29:27,430] {dag.py:2919} INFO - Setting next_dagrun for tutorial_taskflow_api_etl to None, run_after=None
[2023-10-27 14:29:27,446] {processor.py:161} INFO - Processing /home/airflow/.local/lib/python3.7/site-packages/airflow/example_dags/tutorial_taskflow_api_etl.py took 0.262 seconds
[2023-10-27 14:29:58,412] {processor.py:153} INFO - Started process (PID=1192) to work on /home/airflow/.local/lib/python3.7/site-packages/airflow/example_dags/tutorial_taskflow_api_etl.py
[2023-10-27 14:29:58,413] {processor.py:641} INFO - Processing file /home/airflow/.local/lib/python3.7/site-packages/airflow/example_dags/tutorial_taskflow_api_etl.py for tasks to queue
[2023-10-27 14:29:58,413] {logging_mixin.py:115} INFO - [2023-10-27 14:29:58,413] {dagbag.py:507} INFO - Filling up the DagBag from /home/airflow/.local/lib/python3.7/site-packages/airflow/example_dags/tutorial_taskflow_api_etl.py
[2023-10-27 14:29:58,439] {processor.py:651} INFO - DAG(s) dict_keys(['tutorial_taskflow_api_etl']) retrieved from /home/airflow/.local/lib/python3.7/site-packages/airflow/example_dags/tutorial_taskflow_api_etl.py
[2023-10-27 14:29:58,513] {logging_mixin.py:115} INFO - [2023-10-27 14:29:58,513] {dag.py:2371} INFO - Sync 1 DAGs
[2023-10-27 14:29:58,538] {logging_mixin.py:115} INFO - [2023-10-27 14:29:58,538] {dag.py:2919} INFO - Setting next_dagrun for tutorial_taskflow_api_etl to None, run_after=None
[2023-10-27 14:29:58,562] {processor.py:161} INFO - Processing /home/airflow/.local/lib/python3.7/site-packages/airflow/example_dags/tutorial_taskflow_api_etl.py took 0.153 seconds
[2023-10-27 14:30:28,730] {processor.py:153} INFO - Started process (PID=1253) to work on /home/airflow/.local/lib/python3.7/site-packages/airflow/example_dags/tutorial_taskflow_api_etl.py
[2023-10-27 14:30:28,731] {processor.py:641} INFO - Processing file /home/airflow/.local/lib/python3.7/site-packages/airflow/example_dags/tutorial_taskflow_api_etl.py for tasks to queue
[2023-10-27 14:30:28,732] {logging_mixin.py:115} INFO - [2023-10-27 14:30:28,732] {dagbag.py:507} INFO - Filling up the DagBag from /home/airflow/.local/lib/python3.7/site-packages/airflow/example_dags/tutorial_taskflow_api_etl.py
[2023-10-27 14:30:28,755] {processor.py:651} INFO - DAG(s) dict_keys(['tutorial_taskflow_api_etl']) retrieved from /home/airflow/.local/lib/python3.7/site-packages/airflow/example_dags/tutorial_taskflow_api_etl.py
[2023-10-27 14:30:28,815] {logging_mixin.py:115} INFO - [2023-10-27 14:30:28,815] {dag.py:2371} INFO - Sync 1 DAGs
[2023-10-27 14:30:28,832] {logging_mixin.py:115} INFO - [2023-10-27 14:30:28,832] {dag.py:2919} INFO - Setting next_dagrun for tutorial_taskflow_api_etl to None, run_after=None
[2023-10-27 14:30:28,851] {processor.py:161} INFO - Processing /home/airflow/.local/lib/python3.7/site-packages/airflow/example_dags/tutorial_taskflow_api_etl.py took 0.124 seconds
[2023-10-27 14:30:59,631] {processor.py:153} INFO - Started process (PID=1314) to work on /home/airflow/.local/lib/python3.7/site-packages/airflow/example_dags/tutorial_taskflow_api_etl.py
[2023-10-27 14:30:59,632] {processor.py:641} INFO - Processing file /home/airflow/.local/lib/python3.7/site-packages/airflow/example_dags/tutorial_taskflow_api_etl.py for tasks to queue
[2023-10-27 14:30:59,632] {logging_mixin.py:115} INFO - [2023-10-27 14:30:59,632] {dagbag.py:507} INFO - Filling up the DagBag from /home/airflow/.local/lib/python3.7/site-packages/airflow/example_dags/tutorial_taskflow_api_etl.py
[2023-10-27 14:30:59,660] {processor.py:651} INFO - DAG(s) dict_keys(['tutorial_taskflow_api_etl']) retrieved from /home/airflow/.local/lib/python3.7/site-packages/airflow/example_dags/tutorial_taskflow_api_etl.py
[2023-10-27 14:30:59,735] {logging_mixin.py:115} INFO - [2023-10-27 14:30:59,735] {dag.py:2371} INFO - Sync 1 DAGs
[2023-10-27 14:30:59,757] {logging_mixin.py:115} INFO - [2023-10-27 14:30:59,757] {dag.py:2919} INFO - Setting next_dagrun for tutorial_taskflow_api_etl to None, run_after=None
[2023-10-27 14:30:59,776] {processor.py:161} INFO - Processing /home/airflow/.local/lib/python3.7/site-packages/airflow/example_dags/tutorial_taskflow_api_etl.py took 0.147 seconds
[2023-10-27 14:31:29,829] {processor.py:153} INFO - Started process (PID=1366) to work on /home/airflow/.local/lib/python3.7/site-packages/airflow/example_dags/tutorial_taskflow_api_etl.py
[2023-10-27 14:31:29,830] {processor.py:641} INFO - Processing file /home/airflow/.local/lib/python3.7/site-packages/airflow/example_dags/tutorial_taskflow_api_etl.py for tasks to queue
[2023-10-27 14:31:29,831] {logging_mixin.py:115} INFO - [2023-10-27 14:31:29,831] {dagbag.py:507} INFO - Filling up the DagBag from /home/airflow/.local/lib/python3.7/site-packages/airflow/example_dags/tutorial_taskflow_api_etl.py
[2023-10-27 14:31:29,846] {processor.py:651} INFO - DAG(s) dict_keys(['tutorial_taskflow_api_etl']) retrieved from /home/airflow/.local/lib/python3.7/site-packages/airflow/example_dags/tutorial_taskflow_api_etl.py
[2023-10-27 14:31:29,906] {logging_mixin.py:115} INFO - [2023-10-27 14:31:29,906] {dag.py:2371} INFO - Sync 1 DAGs
[2023-10-27 14:31:29,923] {logging_mixin.py:115} INFO - [2023-10-27 14:31:29,923] {dag.py:2919} INFO - Setting next_dagrun for tutorial_taskflow_api_etl to None, run_after=None
[2023-10-27 14:31:29,939] {processor.py:161} INFO - Processing /home/airflow/.local/lib/python3.7/site-packages/airflow/example_dags/tutorial_taskflow_api_etl.py took 0.113 seconds
